{"obj": {"type": "AssignString", "path": ["sys", "name"], "value": "Untitled"}, "version": 1}
{"obj": {"type": "AssignString", "path": ["sys", "description"], "value": ""}, "version": 2}
{"obj": {"type": "AssignString", "path": ["sys", "hostname"], "value": "ALTAFKOP202"}, "version": 3}
{"obj": {"type": "AssignBool", "path": ["sys", "failed"], "value": false}, "version": 4}
{"obj": {"type": "ClearStringLog", "path": ["monitoring", "stdout"]}, "version": 5}
{"obj": {"type": "ClearStringLog", "path": ["monitoring", "stderr"]}, "version": 6}
{"obj": {"type": "AssignString", "path": ["source_code", "entrypoint"], "value": "train.py"}, "version": 7}
{"obj": {"type": "UploadFileSet", "path": ["source_code", "files"], "file_globs": ["C:\\Users\\RuturajMane\\Desktop\\MNIST_CNN\\mnist-ruturaj\\src\\train.py"], "reset": "False"}, "version": 8}
{"obj": {"type": "LogStrings", "path": ["monitoring", "stderr"], "values": [{"value": "Info (NVML): NVML Shared Library Not Found. GPU usage metrics may not be reported. For more information, see https://docs.neptune.ai/you-should-know/what-can-you-log-and-display#hardware-consumption\n", "step": null, "ts": 1661344066.2559404}]}, "version": 9}
{"obj": {"type": "ConfigFloatSeries", "path": ["monitoring", "cpu"], "min": 0.0, "max": 100.0, "unit": "%"}, "version": 10}
{"obj": {"type": "ClearFloatLog", "path": ["monitoring", "cpu"]}, "version": 11}
{"obj": {"type": "ConfigFloatSeries", "path": ["monitoring", "memory"], "min": 0.0, "max": 15.878307342529297, "unit": "GB"}, "version": 12}
{"obj": {"type": "ClearFloatLog", "path": ["monitoring", "memory"]}, "version": 13}
{"obj": {"type": "LogFloats", "path": ["monitoring", "cpu"], "values": [{"value": 9.1, "step": null, "ts": 1661344066.2559404}]}, "version": 14}
{"obj": {"type": "LogFloats", "path": ["monitoring", "memory"], "values": [{"value": 9.96957015991211, "step": null, "ts": 1661344066.2559404}]}, "version": 15}
{"obj": {"type": "AssignFloat", "path": ["Parameters", "learning_rate"], "value": 0.0001}, "version": 16}
{"obj": {"type": "AssignString", "path": ["Parameters", "Optimizer"], "value": "Adam"}, "version": 17}
{"obj": {"type": "AssignInt", "path": ["Parameters", "Batch_size"], "value": 50}, "version": 18}
{"obj": {"type": "AssignInt", "path": ["Parameters", "Epochs"], "value": 2}, "version": 19}
{"obj": {"type": "AssignString", "path": ["Parameters", "Loss_fn"], "value": "cross_entropy"}, "version": 20}
{"obj": {"type": "LogFloats", "path": ["monitoring", "cpu"], "values": [{"value": 56.5, "step": null, "ts": 1661344076.2739813}]}, "version": 21}
{"obj": {"type": "LogFloats", "path": ["monitoring", "memory"], "values": [{"value": 9.98984146118164, "step": null, "ts": 1661344076.2739813}]}, "version": 22}
{"obj": {"type": "LogFloats", "path": ["monitoring", "cpu"], "values": [{"value": 60.4, "step": null, "ts": 1661344086.283633}]}, "version": 23}
{"obj": {"type": "LogFloats", "path": ["monitoring", "memory"], "values": [{"value": 10.018539428710938, "step": null, "ts": 1661344086.283633}]}, "version": 24}
{"obj": {"type": "LogFloats", "path": ["monitoring", "cpu"], "values": [{"value": 55.2, "step": null, "ts": 1661344096.3005226}]}, "version": 25}
{"obj": {"type": "LogFloats", "path": ["monitoring", "memory"], "values": [{"value": 10.021049499511719, "step": null, "ts": 1661344096.3005226}]}, "version": 26}
{"obj": {"type": "LogStrings", "path": ["monitoring", "stdout"], "values": [{"value": "[6, 8, 3, 4, 3, 1, 1, 3, 9, 5, 1, 3, 2, 2, 9, 6, 5, 9, 9, 7, 3, 9, 1, 7, 2, 7, 3, 9, 2, 1, 5, 1, 0, 6, 0, 5, 8, 8, 3, 3, 1, 5, 7, 7, 3, 0, 9, 1, 7, 7]", "step": null, "ts": 1661344099.8590329}]}, "version": 27}
{"obj": {"type": "LogStrings", "path": ["monitoring", "stdout"], "values": [{"value": "\n", "step": null, "ts": 1661344099.8590329}]}, "version": 28}
{"obj": {"type": "LogStrings", "path": ["monitoring", "stdout"], "values": [{"value": "[6, 8, 3, 4, 6, 1, 1, 3, 9, 4, 1, 3, 2, 2, 9, 6, 5, 0, 9, 7, 3, 4, 1, 7, 2, 7, 3, 9, 2, 1, 5, 1, 0, 6, 0, 5, 8, 8, 3, 3, 1, 5, 9, 7, 3, 0, 9, 1, 7, 9]", "step": null, "ts": 1661344099.8590329}]}, "version": 29}
{"obj": {"type": "LogStrings", "path": ["monitoring", "stdout"], "values": [{"value": "\n", "step": null, "ts": 1661344099.861062}]}, "version": 30}
{"obj": {"type": "LogStrings", "path": ["monitoring", "stdout"], "values": [{"value": "Accuracy of epoch 1, is 0.88", "step": null, "ts": 1661344099.861062}]}, "version": 31}
{"obj": {"type": "LogStrings", "path": ["monitoring", "stdout"], "values": [{"value": "\n", "step": null, "ts": 1661344099.861062}]}, "version": 32}
{"obj": {"type": "LogStrings", "path": ["monitoring", "stdout"], "values": [{"value": "Loss of epoch 1, is 0.49890145659446716", "step": null, "ts": 1661344099.861062}]}, "version": 33}
{"obj": {"type": "LogStrings", "path": ["monitoring", "stdout"], "values": [{"value": "\n", "step": null, "ts": 1661344099.861062}]}, "version": 34}
{"obj": {"type": "LogFloats", "path": ["Val", "accu"], "values": [{"value": 0.88, "step": null, "ts": 1661344099.861062}]}, "version": 35}
{"obj": {"type": "LogFloats", "path": ["Val", "loss"], "values": [{"value": 0.49890145659446716, "step": null, "ts": 1661344099.861062}]}, "version": 36}
{"obj": {"type": "LogStrings", "path": ["monitoring", "stdout"], "values": [{"value": "[6, 8, 3, 4, 3, 1, 1, 3, 9, 5, 1, 3, 2, 2, 9, 6, 5, 9, 9, 7, 3, 9, 1, 7, 2, 7, 3, 9, 2, 1, 5, 1, 0, 6, 0, 5, 8, 8, 3, 3, 1, 5, 7, 7, 3, 0, 9, 1, 7, 7]", "step": null, "ts": 1661344099.861062}]}, "version": 37}
{"obj": {"type": "LogStrings", "path": ["monitoring", "stdout"], "values": [{"value": "\n", "step": null, "ts": 1661344099.861062}]}, "version": 38}
{"obj": {"type": "LogStrings", "path": ["monitoring", "stdout"], "values": [{"value": "[6, 8, 3, 4, 6, 1, 1, 3, 9, 4, 1, 3, 2, 2, 9, 6, 5, 0, 9, 7, 3, 4, 1, 7, 2, 7, 3, 9, 2, 1, 5, 1, 0, 6, 0, 5, 8, 8, 3, 3, 1, 5, 9, 7, 3, 0, 9, 1, 7, 9]", "step": null, "ts": 1661344099.861062}]}, "version": 39}
{"obj": {"type": "LogStrings", "path": ["monitoring", "stdout"], "values": [{"value": "\n", "step": null, "ts": 1661344099.861062}]}, "version": 40}
{"obj": {"type": "LogStrings", "path": ["monitoring", "traceback"], "values": [{"value": "An uncaught exception occurred while run was active on worker ALTAFKOP202.", "step": null, "ts": 1661344099.8711472}, {"value": "Marking run as failed", "step": null, "ts": 1661344099.8711472}, {"value": "Traceback:", "step": null, "ts": 1661344099.8711472}, {"value": "  File \"C:\\Users\\RuturajMane\\Desktop\\MNIST_CNN\\mnist-ruturaj\\src\\train.py\", line 186, in <module>\n    dl, da = fit(epochs, lr, train_loader, val_loader, loss_fn, optm)\n", "step": null, "ts": 1661344099.8711472}, {"value": "  File \"C:\\Users\\RuturajMane\\Desktop\\MNIST_CNN\\mnist-ruturaj\\src\\train.py\", line 119, in fit\n    df = pd.DataFrame([epoch,sum(precision)/len(precision),sum(recall)/len(recall),sum(fscore)/len(fscore),sum(support)/len(support) ], columns=['epochs', 'precision', 'recall', 'fscore', 'support'])\n", "step": null, "ts": 1661344099.8711472}, {"value": "  File \"C:\\Users\\RuturajMane\\AppData\\Local\\Programs\\Python\\Python310\\lib\\site-packages\\pandas\\core\\frame.py\", line 737, in __init__\n    mgr = ndarray_to_mgr(\n", "step": null, "ts": 1661344099.8711472}, {"value": "  File \"C:\\Users\\RuturajMane\\AppData\\Local\\Programs\\Python\\Python310\\lib\\site-packages\\pandas\\core\\internals\\construction.py\", line 351, in ndarray_to_mgr\n    _check_values_indices_shape_match(values, index, columns)\n", "step": null, "ts": 1661344099.8711472}, {"value": "  File \"C:\\Users\\RuturajMane\\AppData\\Local\\Programs\\Python\\Python310\\lib\\site-packages\\pandas\\core\\internals\\construction.py\", line 422, in _check_values_indices_shape_match\n    raise ValueError(f\"Shape of passed values is {passed}, indices imply {implied}\")\n", "step": null, "ts": 1661344099.8711472}, {"value": "Shape of passed values is (5, 1), indices imply (5, 5)", "step": null, "ts": 1661344099.8711472}]}, "version": 41}
{"obj": {"type": "AssignBool", "path": ["sys", "failed"], "value": true}, "version": 42}
{"obj": {"type": "LogStrings", "path": ["monitoring", "stderr"], "values": [{"value": "Traceback (most recent call last):\n", "step": null, "ts": 1661344099.8711472}]}, "version": 43}
{"obj": {"type": "LogStrings", "path": ["monitoring", "stderr"], "values": [{"value": "  File \"C:\\Users\\RuturajMane\\Desktop\\MNIST_CNN\\mnist-ruturaj\\src\\train.py\", line 186, in <module>\n", "step": null, "ts": 1661344099.8711472}]}, "version": 44}
{"obj": {"type": "LogStrings", "path": ["monitoring", "stderr"], "values": [{"value": "    ", "step": null, "ts": 1661344099.8711472}]}, "version": 45}
{"obj": {"type": "LogStrings", "path": ["monitoring", "stderr"], "values": [{"value": "dl, da = fit(epochs, lr, train_loader, val_loader, loss_fn, optm)", "step": null, "ts": 1661344099.8711472}]}, "version": 46}
{"obj": {"type": "LogStrings", "path": ["monitoring", "stderr"], "values": [{"value": "\n", "step": null, "ts": 1661344099.8711472}]}, "version": 47}
{"obj": {"type": "LogStrings", "path": ["monitoring", "stderr"], "values": [{"value": "  File \"C:\\Users\\RuturajMane\\Desktop\\MNIST_CNN\\mnist-ruturaj\\src\\train.py\", line 119, in fit\n", "step": null, "ts": 1661344099.8711472}]}, "version": 48}
{"obj": {"type": "LogStrings", "path": ["monitoring", "stderr"], "values": [{"value": "    ", "step": null, "ts": 1661344099.8791904}]}, "version": 49}
{"obj": {"type": "LogStrings", "path": ["monitoring", "stderr"], "values": [{"value": "df = pd.DataFrame([epoch,sum(precision)/len(precision),sum(recall)/len(recall),sum(fscore)/len(fscore),sum(support)/len(support) ], columns=['epochs', 'precision', 'recall', 'fscore', 'support'])", "step": null, "ts": 1661344099.8791904}]}, "version": 50}
{"obj": {"type": "LogStrings", "path": ["monitoring", "stderr"], "values": [{"value": "\n", "step": null, "ts": 1661344099.8791904}]}, "version": 51}
{"obj": {"type": "LogStrings", "path": ["monitoring", "stderr"], "values": [{"value": "  File \"C:\\Users\\RuturajMane\\AppData\\Local\\Programs\\Python\\Python310\\lib\\site-packages\\pandas\\core\\frame.py\", line 737, in __init__\n", "step": null, "ts": 1661344099.8812249}]}, "version": 52}
{"obj": {"type": "LogStrings", "path": ["monitoring", "stderr"], "values": [{"value": "    ", "step": null, "ts": 1661344099.8812249}]}, "version": 53}
{"obj": {"type": "LogStrings", "path": ["monitoring", "stderr"], "values": [{"value": "mgr = ndarray_to_mgr(", "step": null, "ts": 1661344099.8812249}]}, "version": 54}
{"obj": {"type": "LogStrings", "path": ["monitoring", "stderr"], "values": [{"value": "\n", "step": null, "ts": 1661344099.8812249}]}, "version": 55}
{"obj": {"type": "LogStrings", "path": ["monitoring", "stderr"], "values": [{"value": "  File \"C:\\Users\\RuturajMane\\AppData\\Local\\Programs\\Python\\Python310\\lib\\site-packages\\pandas\\core\\internals\\construction.py\", line 351, in ndarray_to_mgr\n", "step": null, "ts": 1661344099.8812249}]}, "version": 56}
{"obj": {"type": "LogStrings", "path": ["monitoring", "stderr"], "values": [{"value": "    ", "step": null, "ts": 1661344099.8812249}]}, "version": 57}
{"obj": {"type": "LogStrings", "path": ["monitoring", "stderr"], "values": [{"value": "_check_values_indices_shape_match(values, index, columns)", "step": null, "ts": 1661344099.8812249}]}, "version": 58}
{"obj": {"type": "LogStrings", "path": ["monitoring", "stderr"], "values": [{"value": "\n", "step": null, "ts": 1661344099.8812249}]}, "version": 59}
{"obj": {"type": "LogStrings", "path": ["monitoring", "stderr"], "values": [{"value": "  File \"C:\\Users\\RuturajMane\\AppData\\Local\\Programs\\Python\\Python310\\lib\\site-packages\\pandas\\core\\internals\\construction.py\", line 422, in _check_values_indices_shape_match\n", "step": null, "ts": 1661344099.8812249}]}, "version": 60}
{"obj": {"type": "LogStrings", "path": ["monitoring", "stderr"], "values": [{"value": "    ", "step": null, "ts": 1661344099.8812249}]}, "version": 61}
{"obj": {"type": "LogStrings", "path": ["monitoring", "stderr"], "values": [{"value": "raise ValueError(f\"Shape of passed values is {passed}, indices imply {implied}\")", "step": null, "ts": 1661344099.8812249}]}, "version": 62}
{"obj": {"type": "LogStrings", "path": ["monitoring", "stderr"], "values": [{"value": "\n", "step": null, "ts": 1661344099.8812249}]}, "version": 63}
{"obj": {"type": "LogStrings", "path": ["monitoring", "stderr"], "values": [{"value": "ValueError", "step": null, "ts": 1661344099.8812249}]}, "version": 64}
{"obj": {"type": "LogStrings", "path": ["monitoring", "stderr"], "values": [{"value": ": ", "step": null, "ts": 1661344099.8812249}]}, "version": 65}
{"obj": {"type": "LogStrings", "path": ["monitoring", "stderr"], "values": [{"value": "Shape of passed values is (5, 1), indices imply (5, 5)", "step": null, "ts": 1661344099.8812249}]}, "version": 66}
{"obj": {"type": "LogStrings", "path": ["monitoring", "stderr"], "values": [{"value": "\n", "step": null, "ts": 1661344099.8913484}]}, "version": 67}
{"obj": {"type": "LogStrings", "path": ["monitoring", "stdout"], "values": [{"value": "Shutting down background jobs, please wait a moment...\n", "step": null, "ts": 1661344099.8913484}]}, "version": 68}
