{"obj": {"type": "AssignString", "path": ["sys", "name"], "value": "Untitled"}, "version": 1}
{"obj": {"type": "AssignString", "path": ["sys", "description"], "value": ""}, "version": 2}
{"obj": {"type": "AssignString", "path": ["sys", "hostname"], "value": "ALTAFKOP202"}, "version": 3}
{"obj": {"type": "AssignBool", "path": ["sys", "failed"], "value": false}, "version": 4}
{"obj": {"type": "ClearStringLog", "path": ["monitoring", "stdout"]}, "version": 5}
{"obj": {"type": "ClearStringLog", "path": ["monitoring", "stderr"]}, "version": 6}
{"obj": {"type": "AssignString", "path": ["source_code", "entrypoint"], "value": "train.py"}, "version": 7}
{"obj": {"type": "UploadFileSet", "path": ["source_code", "files"], "file_globs": ["C:\\Users\\RuturajMane\\Desktop\\public-projects\\mnist-ruturaj\\src\\train.py"], "reset": "False"}, "version": 8}
{"obj": {"type": "LogStrings", "path": ["monitoring", "stderr"], "values": [{"value": "Info (NVML): NVML Shared Library Not Found. GPU usage metrics may not be reported. For more information, see https://docs.neptune.ai/you-should-know/what-can-you-log-and-display#hardware-consumption\n", "step": null, "ts": 1658488743.7809563}]}, "version": 9}
{"obj": {"type": "ConfigFloatSeries", "path": ["monitoring", "cpu"], "min": 0.0, "max": 100.0, "unit": "%"}, "version": 10}
{"obj": {"type": "ClearFloatLog", "path": ["monitoring", "cpu"]}, "version": 11}
{"obj": {"type": "ConfigFloatSeries", "path": ["monitoring", "memory"], "min": 0.0, "max": 15.878307342529297, "unit": "GB"}, "version": 12}
{"obj": {"type": "ClearFloatLog", "path": ["monitoring", "memory"]}, "version": 13}
{"obj": {"type": "LogFloats", "path": ["monitoring", "cpu"], "values": [{"value": 35.0, "step": null, "ts": 1658488743.7953627}]}, "version": 14}
{"obj": {"type": "LogFloats", "path": ["monitoring", "memory"], "values": [{"value": 11.084548950195312, "step": null, "ts": 1658488743.7953627}]}, "version": 15}
{"obj": {"type": "AssignFloat", "path": ["Parameters", "learning_rate"], "value": 0.5}, "version": 16}
{"obj": {"type": "AssignString", "path": ["Parameters", "Optimizer"], "value": "SGD"}, "version": 17}
{"obj": {"type": "AssignInt", "path": ["Parameters", "Batch_size"], "value": 128}, "version": 18}
{"obj": {"type": "AssignInt", "path": ["Parameters", "Epochs"], "value": 30}, "version": 19}
{"obj": {"type": "AssignString", "path": ["Parameters", "Loss_fn"], "value": "cross_entropy"}, "version": 20}
{"obj": {"type": "LogStrings", "path": ["monitoring", "stdout"], "values": [{"value": "Accuracy of epoch 1, is 0.8524525316455697", "step": null, "ts": 1658488751.5050185}]}, "version": 21}
{"obj": {"type": "LogStrings", "path": ["monitoring", "stdout"], "values": [{"value": "\n", "step": null, "ts": 1658488751.5050185}]}, "version": 22}
{"obj": {"type": "LogStrings", "path": ["monitoring", "stdout"], "values": [{"value": "Loss of epoch 1, is 1.6005597114562988", "step": null, "ts": 1658488751.5060387}]}, "version": 23}
{"obj": {"type": "LogStrings", "path": ["monitoring", "stdout"], "values": [{"value": "\n", "step": null, "ts": 1658488751.5060387}]}, "version": 24}
{"obj": {"type": "LogFloats", "path": ["Val", "accu"], "values": [{"value": 0.8524525316455697, "step": null, "ts": 1658488751.5060387}]}, "version": 25}
{"obj": {"type": "LogFloats", "path": ["Val", "loss"], "values": [{"value": 1.6005597114562988, "step": null, "ts": 1658488751.5070171}]}, "version": 26}
{"obj": {"type": "LogFloats", "path": ["monitoring", "cpu"], "values": [{"value": 61.5, "step": null, "ts": 1658488753.8055491}]}, "version": 27}
{"obj": {"type": "LogFloats", "path": ["monitoring", "memory"], "values": [{"value": 11.121742248535156, "step": null, "ts": 1658488753.8055491}]}, "version": 28}
{"obj": {"type": "LogStrings", "path": ["monitoring", "stdout"], "values": [{"value": "Accuracy of epoch 2, is 0.8932950949367089", "step": null, "ts": 1658488758.9516735}]}, "version": 29}
{"obj": {"type": "LogStrings", "path": ["monitoring", "stdout"], "values": [{"value": "\n", "step": null, "ts": 1658488758.9516735}]}, "version": 30}
{"obj": {"type": "LogStrings", "path": ["monitoring", "stdout"], "values": [{"value": "Loss of epoch 2, is 1.5720100402832031", "step": null, "ts": 1658488758.9529428}]}, "version": 31}
{"obj": {"type": "LogStrings", "path": ["monitoring", "stdout"], "values": [{"value": "\n", "step": null, "ts": 1658488758.9529428}]}, "version": 32}
{"obj": {"type": "LogFloats", "path": ["Val", "accu"], "values": [{"value": 0.8932950949367089, "step": null, "ts": 1658488758.9529428}]}, "version": 33}
{"obj": {"type": "LogFloats", "path": ["Val", "loss"], "values": [{"value": 1.5720100402832031, "step": null, "ts": 1658488758.9539433}]}, "version": 34}
{"obj": {"type": "LogFloats", "path": ["monitoring", "cpu"], "values": [{"value": 58.3, "step": null, "ts": 1658488763.8225253}]}, "version": 35}
{"obj": {"type": "LogFloats", "path": ["monitoring", "memory"], "values": [{"value": 11.145988464355469, "step": null, "ts": 1658488763.8225253}]}, "version": 36}
{"obj": {"type": "LogStrings", "path": ["monitoring", "stdout"], "values": [{"value": "Accuracy of epoch 3, is 0.9113924050632911", "step": null, "ts": 1658488766.574413}]}, "version": 37}
{"obj": {"type": "LogStrings", "path": ["monitoring", "stdout"], "values": [{"value": "\n", "step": null, "ts": 1658488766.5773342}]}, "version": 38}
{"obj": {"type": "LogStrings", "path": ["monitoring", "stdout"], "values": [{"value": "Loss of epoch 3, is 1.5552419424057007", "step": null, "ts": 1658488766.578334}]}, "version": 39}
{"obj": {"type": "LogStrings", "path": ["monitoring", "stdout"], "values": [{"value": "\n", "step": null, "ts": 1658488766.578334}]}, "version": 40}
{"obj": {"type": "LogFloats", "path": ["Val", "accu"], "values": [{"value": 0.9113924050632911, "step": null, "ts": 1658488766.578334}]}, "version": 41}
{"obj": {"type": "LogFloats", "path": ["Val", "loss"], "values": [{"value": 1.5552419424057007, "step": null, "ts": 1658488766.578334}]}, "version": 42}
{"obj": {"type": "LogFloats", "path": ["monitoring", "cpu"], "values": [{"value": 59.7, "step": null, "ts": 1658488773.8297093}]}, "version": 43}
{"obj": {"type": "LogFloats", "path": ["monitoring", "memory"], "values": [{"value": 11.228618621826172, "step": null, "ts": 1658488773.8297093}]}, "version": 44}
{"obj": {"type": "LogStrings", "path": ["monitoring", "stdout"], "values": [{"value": "Accuracy of epoch 4, is 0.9180181962025317", "step": null, "ts": 1658488774.6081195}]}, "version": 45}
{"obj": {"type": "LogStrings", "path": ["monitoring", "stdout"], "values": [{"value": "\n", "step": null, "ts": 1658488774.6081195}]}, "version": 46}
{"obj": {"type": "LogStrings", "path": ["monitoring", "stdout"], "values": [{"value": "Loss of epoch 4, is 1.5456935167312622", "step": null, "ts": 1658488774.6081195}]}, "version": 47}
{"obj": {"type": "LogStrings", "path": ["monitoring", "stdout"], "values": [{"value": "\n", "step": null, "ts": 1658488774.6081195}]}, "version": 48}
{"obj": {"type": "LogFloats", "path": ["Val", "accu"], "values": [{"value": 0.9180181962025317, "step": null, "ts": 1658488774.6081195}]}, "version": 49}
{"obj": {"type": "LogFloats", "path": ["Val", "loss"], "values": [{"value": 1.5456935167312622, "step": null, "ts": 1658488774.6081195}]}, "version": 50}
{"obj": {"type": "LogStrings", "path": ["monitoring", "stdout"], "values": [{"value": "Accuracy of epoch 5, is 0.9246439873417721", "step": null, "ts": 1658488782.2379549}]}, "version": 51}
{"obj": {"type": "LogStrings", "path": ["monitoring", "stdout"], "values": [{"value": "\n", "step": null, "ts": 1658488782.2379549}]}, "version": 52}
{"obj": {"type": "LogStrings", "path": ["monitoring", "stdout"], "values": [{"value": "Loss of epoch 5, is 1.5393438339233398", "step": null, "ts": 1658488782.2379549}]}, "version": 53}
{"obj": {"type": "LogStrings", "path": ["monitoring", "stdout"], "values": [{"value": "\n", "step": null, "ts": 1658488782.2379549}]}, "version": 54}
{"obj": {"type": "LogFloats", "path": ["Val", "accu"], "values": [{"value": 0.9246439873417721, "step": null, "ts": 1658488782.2379549}]}, "version": 55}
{"obj": {"type": "LogFloats", "path": ["Val", "loss"], "values": [{"value": 1.5393438339233398, "step": null, "ts": 1658488782.2379549}]}, "version": 56}
{"obj": {"type": "LogFloats", "path": ["monitoring", "cpu"], "values": [{"value": 56.1, "step": null, "ts": 1658488783.8378682}]}, "version": 57}
{"obj": {"type": "LogFloats", "path": ["monitoring", "memory"], "values": [{"value": 11.197376251220703, "step": null, "ts": 1658488783.8378682}]}, "version": 58}
{"obj": {"type": "LogStrings", "path": ["monitoring", "stdout"], "values": [{"value": "Accuracy of epoch 6, is 0.9279074367088608", "step": null, "ts": 1658488793.213873}]}, "version": 59}
{"obj": {"type": "LogStrings", "path": ["monitoring", "stdout"], "values": [{"value": "\n", "step": null, "ts": 1658488793.213873}]}, "version": 60}
{"obj": {"type": "LogStrings", "path": ["monitoring", "stdout"], "values": [{"value": "Loss of epoch 6, is 1.534606695175171", "step": null, "ts": 1658488793.2148714}]}, "version": 61}
{"obj": {"type": "LogStrings", "path": ["monitoring", "stdout"], "values": [{"value": "\n", "step": null, "ts": 1658488793.2148714}]}, "version": 62}
{"obj": {"type": "LogFloats", "path": ["Val", "accu"], "values": [{"value": 0.9279074367088608, "step": null, "ts": 1658488793.2148714}]}, "version": 63}
{"obj": {"type": "LogFloats", "path": ["Val", "loss"], "values": [{"value": 1.534606695175171, "step": null, "ts": 1658488793.2158701}]}, "version": 64}
{"obj": {"type": "LogFloats", "path": ["monitoring", "cpu"], "values": [{"value": 70.6, "step": null, "ts": 1658488793.8516073}]}, "version": 65}
{"obj": {"type": "LogFloats", "path": ["monitoring", "memory"], "values": [{"value": 11.306243896484375, "step": null, "ts": 1658488793.8516073}]}, "version": 66}
{"obj": {"type": "LogStrings", "path": ["monitoring", "stdout"], "values": [{"value": "Accuracy of epoch 7, is 0.9307753164556962", "step": null, "ts": 1658488801.4078827}]}, "version": 67}
{"obj": {"type": "LogStrings", "path": ["monitoring", "stdout"], "values": [{"value": "\n", "step": null, "ts": 1658488801.4078827}]}, "version": 68}
{"obj": {"type": "LogStrings", "path": ["monitoring", "stdout"], "values": [{"value": "Loss of epoch 7, is 1.5314712524414062", "step": null, "ts": 1658488801.4078827}]}, "version": 69}
{"obj": {"type": "LogStrings", "path": ["monitoring", "stdout"], "values": [{"value": "\n", "step": null, "ts": 1658488801.4078827}]}, "version": 70}
{"obj": {"type": "LogFloats", "path": ["Val", "accu"], "values": [{"value": 0.9307753164556962, "step": null, "ts": 1658488801.4078827}]}, "version": 71}
{"obj": {"type": "LogFloats", "path": ["Val", "loss"], "values": [{"value": 1.5314712524414062, "step": null, "ts": 1658488801.4078827}]}, "version": 72}
{"obj": {"type": "LogFloats", "path": ["monitoring", "cpu"], "values": [{"value": 54.3, "step": null, "ts": 1658488803.856511}]}, "version": 73}
{"obj": {"type": "LogFloats", "path": ["monitoring", "memory"], "values": [{"value": 11.336933135986328, "step": null, "ts": 1658488803.856511}]}, "version": 74}
{"obj": {"type": "LogStrings", "path": ["monitoring", "stdout"], "values": [{"value": "Accuracy of epoch 8, is 0.9329509493670886", "step": null, "ts": 1658488810.214313}]}, "version": 75}
{"obj": {"type": "LogStrings", "path": ["monitoring", "stdout"], "values": [{"value": "\n", "step": null, "ts": 1658488810.214313}]}, "version": 76}
{"obj": {"type": "LogStrings", "path": ["monitoring", "stdout"], "values": [{"value": "Loss of epoch 8, is 1.5279109477996826", "step": null, "ts": 1658488810.2152994}]}, "version": 77}
{"obj": {"type": "LogStrings", "path": ["monitoring", "stdout"], "values": [{"value": "\n", "step": null, "ts": 1658488810.2162983}]}, "version": 78}
{"obj": {"type": "LogFloats", "path": ["Val", "accu"], "values": [{"value": 0.9329509493670886, "step": null, "ts": 1658488810.2162983}]}, "version": 79}
{"obj": {"type": "LogFloats", "path": ["Val", "loss"], "values": [{"value": 1.5279109477996826, "step": null, "ts": 1658488810.2172966}]}, "version": 80}
{"obj": {"type": "LogFloats", "path": ["monitoring", "cpu"], "values": [{"value": 62.1, "step": null, "ts": 1658488813.8688035}]}, "version": 81}
{"obj": {"type": "LogFloats", "path": ["monitoring", "memory"], "values": [{"value": 11.441749572753906, "step": null, "ts": 1658488813.8688035}]}, "version": 82}
{"obj": {"type": "LogStrings", "path": ["monitoring", "stdout"], "values": [{"value": "Accuracy of epoch 9, is 0.9372033227848101", "step": null, "ts": 1658488819.3826716}]}, "version": 83}
{"obj": {"type": "LogStrings", "path": ["monitoring", "stdout"], "values": [{"value": "\n", "step": null, "ts": 1658488819.3836722}]}, "version": 84}
{"obj": {"type": "LogStrings", "path": ["monitoring", "stdout"], "values": [{"value": "Loss of epoch 9, is 1.5253170728683472", "step": null, "ts": 1658488819.3836722}]}, "version": 85}
{"obj": {"type": "LogStrings", "path": ["monitoring", "stdout"], "values": [{"value": "\n", "step": null, "ts": 1658488819.3846738}]}, "version": 86}
{"obj": {"type": "LogFloats", "path": ["Val", "accu"], "values": [{"value": 0.9372033227848101, "step": null, "ts": 1658488819.3846738}]}, "version": 87}
{"obj": {"type": "LogFloats", "path": ["Val", "loss"], "values": [{"value": 1.5253170728683472, "step": null, "ts": 1658488819.3846738}]}, "version": 88}
{"obj": {"type": "LogFloats", "path": ["monitoring", "cpu"], "values": [{"value": 60.7, "step": null, "ts": 1658488823.8731043}]}, "version": 89}
{"obj": {"type": "LogFloats", "path": ["monitoring", "memory"], "values": [{"value": 11.41455078125, "step": null, "ts": 1658488823.8731043}]}, "version": 90}
{"obj": {"type": "LogStrings", "path": ["monitoring", "stdout"], "values": [{"value": "Accuracy of epoch 10, is 0.9385878164556962", "step": null, "ts": 1658488828.9014173}]}, "version": 91}
{"obj": {"type": "LogStrings", "path": ["monitoring", "stdout"], "values": [{"value": "\n", "step": null, "ts": 1658488828.9014173}]}, "version": 92}
{"obj": {"type": "LogStrings", "path": ["monitoring", "stdout"], "values": [{"value": "Loss of epoch 10, is 1.5228503942489624", "step": null, "ts": 1658488828.9024198}]}, "version": 93}
{"obj": {"type": "LogStrings", "path": ["monitoring", "stdout"], "values": [{"value": "\n", "step": null, "ts": 1658488828.9034178}]}, "version": 94}
{"obj": {"type": "LogFloats", "path": ["Val", "accu"], "values": [{"value": 0.9385878164556962, "step": null, "ts": 1658488828.9034178}]}, "version": 95}
{"obj": {"type": "LogFloats", "path": ["Val", "loss"], "values": [{"value": 1.5228503942489624, "step": null, "ts": 1658488828.9044185}]}, "version": 96}
{"obj": {"type": "LogFloats", "path": ["monitoring", "cpu"], "values": [{"value": 60.0, "step": null, "ts": 1658488833.8741386}]}, "version": 97}
{"obj": {"type": "LogFloats", "path": ["monitoring", "memory"], "values": [{"value": 11.439254760742188, "step": null, "ts": 1658488833.8741386}]}, "version": 98}
{"obj": {"type": "LogStrings", "path": ["monitoring", "stdout"], "values": [{"value": "Accuracy of epoch 11, is 0.9383900316455697", "step": null, "ts": 1658488838.2700922}]}, "version": 99}
{"obj": {"type": "LogStrings", "path": ["monitoring", "stdout"], "values": [{"value": "\n", "step": null, "ts": 1658488838.2700922}]}, "version": 100}
{"obj": {"type": "LogStrings", "path": ["monitoring", "stdout"], "values": [{"value": "Loss of epoch 11, is 1.5217806100845337", "step": null, "ts": 1658488838.2700922}]}, "version": 101}
{"obj": {"type": "LogStrings", "path": ["monitoring", "stdout"], "values": [{"value": "\n", "step": null, "ts": 1658488838.2700922}]}, "version": 102}
{"obj": {"type": "LogFloats", "path": ["Val", "accu"], "values": [{"value": 0.9383900316455697, "step": null, "ts": 1658488838.2700922}]}, "version": 103}
{"obj": {"type": "LogFloats", "path": ["Val", "loss"], "values": [{"value": 1.5217806100845337, "step": null, "ts": 1658488838.2700922}]}, "version": 104}
{"obj": {"type": "LogFloats", "path": ["monitoring", "cpu"], "values": [{"value": 60.3, "step": null, "ts": 1658488843.8808482}]}, "version": 105}
{"obj": {"type": "LogFloats", "path": ["monitoring", "memory"], "values": [{"value": 11.444965362548828, "step": null, "ts": 1658488843.8808482}]}, "version": 106}
{"obj": {"type": "LogStrings", "path": ["monitoring", "stdout"], "values": [{"value": "Accuracy of epoch 12, is 0.9384889240506329", "step": null, "ts": 1658488847.690818}]}, "version": 107}
{"obj": {"type": "LogStrings", "path": ["monitoring", "stdout"], "values": [{"value": "\n", "step": null, "ts": 1658488847.690818}]}, "version": 108}
{"obj": {"type": "LogStrings", "path": ["monitoring", "stdout"], "values": [{"value": "Loss of epoch 12, is 1.5206807851791382", "step": null, "ts": 1658488847.6918192}]}, "version": 109}
{"obj": {"type": "LogStrings", "path": ["monitoring", "stdout"], "values": [{"value": "\n", "step": null, "ts": 1658488847.6928196}]}, "version": 110}
{"obj": {"type": "LogFloats", "path": ["Val", "accu"], "values": [{"value": 0.9384889240506329, "step": null, "ts": 1658488847.6928196}]}, "version": 111}
{"obj": {"type": "LogFloats", "path": ["Val", "loss"], "values": [{"value": 1.5206807851791382, "step": null, "ts": 1658488847.6938186}]}, "version": 112}
{"obj": {"type": "LogFloats", "path": ["monitoring", "cpu"], "values": [{"value": 59.3, "step": null, "ts": 1658488853.8960183}]}, "version": 113}
{"obj": {"type": "LogFloats", "path": ["monitoring", "memory"], "values": [{"value": 11.378456115722656, "step": null, "ts": 1658488853.8960183}]}, "version": 114}
{"obj": {"type": "LogStrings", "path": ["monitoring", "stdout"], "values": [{"value": "Accuracy of epoch 13, is 0.9417523734177216", "step": null, "ts": 1658488856.8883157}]}, "version": 115}
{"obj": {"type": "LogStrings", "path": ["monitoring", "stdout"], "values": [{"value": "\n", "step": null, "ts": 1658488856.8893168}]}, "version": 116}
{"obj": {"type": "LogStrings", "path": ["monitoring", "stdout"], "values": [{"value": "Loss of epoch 13, is 1.5186352729797363", "step": null, "ts": 1658488856.8903167}]}, "version": 117}
{"obj": {"type": "LogStrings", "path": ["monitoring", "stdout"], "values": [{"value": "\n", "step": null, "ts": 1658488856.8903167}]}, "version": 118}
{"obj": {"type": "LogFloats", "path": ["Val", "accu"], "values": [{"value": 0.9417523734177216, "step": null, "ts": 1658488856.8903167}]}, "version": 119}
{"obj": {"type": "LogFloats", "path": ["Val", "loss"], "values": [{"value": 1.5186352729797363, "step": null, "ts": 1658488856.8913155}]}, "version": 120}
{"obj": {"type": "LogFloats", "path": ["monitoring", "cpu"], "values": [{"value": 57.0, "step": null, "ts": 1658488863.9000604}]}, "version": 121}
{"obj": {"type": "LogFloats", "path": ["monitoring", "memory"], "values": [{"value": 11.394168853759766, "step": null, "ts": 1658488863.9000604}]}, "version": 122}
{"obj": {"type": "LogStrings", "path": ["monitoring", "stdout"], "values": [{"value": "Accuracy of epoch 14, is 0.9428401898734177", "step": null, "ts": 1658488866.0498424}]}, "version": 123}
{"obj": {"type": "LogStrings", "path": ["monitoring", "stdout"], "values": [{"value": "\n", "step": null, "ts": 1658488866.0498424}]}, "version": 124}
{"obj": {"type": "LogStrings", "path": ["monitoring", "stdout"], "values": [{"value": "Loss of epoch 14, is 1.5167490243911743", "step": null, "ts": 1658488866.0508425}]}, "version": 125}
{"obj": {"type": "LogStrings", "path": ["monitoring", "stdout"], "values": [{"value": "\n", "step": null, "ts": 1658488866.0508425}]}, "version": 126}
{"obj": {"type": "LogFloats", "path": ["Val", "accu"], "values": [{"value": 0.9428401898734177, "step": null, "ts": 1658488866.0518465}]}, "version": 127}
{"obj": {"type": "LogFloats", "path": ["Val", "loss"], "values": [{"value": 1.5167490243911743, "step": null, "ts": 1658488866.0518465}]}, "version": 128}
{"obj": {"type": "LogFloats", "path": ["monitoring", "cpu"], "values": [{"value": 56.8, "step": null, "ts": 1658488873.912447}]}, "version": 129}
{"obj": {"type": "LogFloats", "path": ["monitoring", "memory"], "values": [{"value": 11.431182861328125, "step": null, "ts": 1658488873.912447}]}, "version": 130}
{"obj": {"type": "LogStrings", "path": ["monitoring", "stdout"], "values": [{"value": "Accuracy of epoch 15, is 0.9425435126582279", "step": null, "ts": 1658488875.4165576}]}, "version": 131}
{"obj": {"type": "LogStrings", "path": ["monitoring", "stdout"], "values": [{"value": "\n", "step": null, "ts": 1658488875.4175577}]}, "version": 132}
{"obj": {"type": "LogStrings", "path": ["monitoring", "stdout"], "values": [{"value": "Loss of epoch 15, is 1.5166901350021362", "step": null, "ts": 1658488875.4185572}]}, "version": 133}
{"obj": {"type": "LogStrings", "path": ["monitoring", "stdout"], "values": [{"value": "\n", "step": null, "ts": 1658488875.4185572}]}, "version": 134}
{"obj": {"type": "LogFloats", "path": ["Val", "accu"], "values": [{"value": 0.9425435126582279, "step": null, "ts": 1658488875.4185572}]}, "version": 135}
{"obj": {"type": "LogFloats", "path": ["Val", "loss"], "values": [{"value": 1.5166901350021362, "step": null, "ts": 1658488875.419559}]}, "version": 136}
{"obj": {"type": "LogFloats", "path": ["monitoring", "cpu"], "values": [{"value": 59.0, "step": null, "ts": 1658488883.922698}]}, "version": 137}
{"obj": {"type": "LogFloats", "path": ["monitoring", "memory"], "values": [{"value": 11.461223602294922, "step": null, "ts": 1658488883.922698}]}, "version": 138}
{"obj": {"type": "LogStrings", "path": ["monitoring", "stdout"], "values": [{"value": "Accuracy of epoch 16, is 0.946004746835443", "step": null, "ts": 1658488885.0020478}]}, "version": 139}
{"obj": {"type": "LogStrings", "path": ["monitoring", "stdout"], "values": [{"value": "\n", "step": null, "ts": 1658488885.0020478}]}, "version": 140}
{"obj": {"type": "LogStrings", "path": ["monitoring", "stdout"], "values": [{"value": "Loss of epoch 16, is 1.514543056488037", "step": null, "ts": 1658488885.0030477}]}, "version": 141}
{"obj": {"type": "LogStrings", "path": ["monitoring", "stdout"], "values": [{"value": "\n", "step": null, "ts": 1658488885.0030477}]}, "version": 142}
{"obj": {"type": "LogFloats", "path": ["Val", "accu"], "values": [{"value": 0.946004746835443, "step": null, "ts": 1658488885.0030477}]}, "version": 143}
{"obj": {"type": "LogFloats", "path": ["Val", "loss"], "values": [{"value": 1.514543056488037, "step": null, "ts": 1658488885.0040476}]}, "version": 144}
{"obj": {"type": "LogFloats", "path": ["monitoring", "cpu"], "values": [{"value": 56.7, "step": null, "ts": 1658488893.9266872}]}, "version": 145}
{"obj": {"type": "LogFloats", "path": ["monitoring", "memory"], "values": [{"value": 11.502273559570312, "step": null, "ts": 1658488893.9266872}]}, "version": 146}
{"obj": {"type": "LogStrings", "path": ["monitoring", "stdout"], "values": [{"value": "Accuracy of epoch 17, is 0.9451147151898734", "step": null, "ts": 1658488894.4201102}]}, "version": 147}
{"obj": {"type": "LogStrings", "path": ["monitoring", "stdout"], "values": [{"value": "\n", "step": null, "ts": 1658488894.4211109}]}, "version": 148}
{"obj": {"type": "LogStrings", "path": ["monitoring", "stdout"], "values": [{"value": "Loss of epoch 17, is 1.514278769493103", "step": null, "ts": 1658488894.4221103}]}, "version": 149}
{"obj": {"type": "LogStrings", "path": ["monitoring", "stdout"], "values": [{"value": "\n", "step": null, "ts": 1658488894.4221103}]}, "version": 150}
{"obj": {"type": "LogFloats", "path": ["Val", "accu"], "values": [{"value": 0.9451147151898734, "step": null, "ts": 1658488894.4221103}]}, "version": 151}
{"obj": {"type": "LogFloats", "path": ["Val", "loss"], "values": [{"value": 1.514278769493103, "step": null, "ts": 1658488894.4231107}]}, "version": 152}
{"obj": {"type": "LogFloats", "path": ["monitoring", "cpu"], "values": [{"value": 55.6, "step": null, "ts": 1658488903.938947}]}, "version": 153}
{"obj": {"type": "LogFloats", "path": ["monitoring", "memory"], "values": [{"value": 11.554248809814453, "step": null, "ts": 1658488903.938947}]}, "version": 154}
{"obj": {"type": "LogStrings", "path": ["monitoring", "stdout"], "values": [{"value": "Accuracy of epoch 18, is 0.9472903481012658", "step": null, "ts": 1658488904.021251}]}, "version": 155}
{"obj": {"type": "LogStrings", "path": ["monitoring", "stdout"], "values": [{"value": "\n", "step": null, "ts": 1658488904.021251}]}, "version": 156}
{"obj": {"type": "LogStrings", "path": ["monitoring", "stdout"], "values": [{"value": "Loss of epoch 18, is 1.5133416652679443", "step": null, "ts": 1658488904.0222497}]}, "version": 157}
{"obj": {"type": "LogStrings", "path": ["monitoring", "stdout"], "values": [{"value": "\n", "step": null, "ts": 1658488904.0222497}]}, "version": 158}
{"obj": {"type": "LogFloats", "path": ["Val", "accu"], "values": [{"value": 0.9472903481012658, "step": null, "ts": 1658488904.0222497}]}, "version": 159}
{"obj": {"type": "LogFloats", "path": ["Val", "loss"], "values": [{"value": 1.5133416652679443, "step": null, "ts": 1658488904.0232499}]}, "version": 160}
{"obj": {"type": "LogFloats", "path": ["monitoring", "cpu"], "values": [{"value": 62.1, "step": null, "ts": 1658488913.9456115}]}, "version": 161}
{"obj": {"type": "LogFloats", "path": ["monitoring", "memory"], "values": [{"value": 11.654590606689453, "step": null, "ts": 1658488913.9456115}]}, "version": 162}
{"obj": {"type": "LogStrings", "path": ["monitoring", "stdout"], "values": [{"value": "Accuracy of epoch 19, is 0.9470925632911392", "step": null, "ts": 1658488914.1882217}]}, "version": 163}
{"obj": {"type": "LogStrings", "path": ["monitoring", "stdout"], "values": [{"value": "\n", "step": null, "ts": 1658488914.1882217}]}, "version": 164}
{"obj": {"type": "LogStrings", "path": ["monitoring", "stdout"], "values": [{"value": "Loss of epoch 19, is 1.512128472328186", "step": null, "ts": 1658488914.1892219}]}, "version": 165}
{"obj": {"type": "LogStrings", "path": ["monitoring", "stdout"], "values": [{"value": "\n", "step": null, "ts": 1658488914.1892219}]}, "version": 166}
{"obj": {"type": "LogFloats", "path": ["Val", "accu"], "values": [{"value": 0.9470925632911392, "step": null, "ts": 1658488914.1892219}]}, "version": 167}
{"obj": {"type": "LogFloats", "path": ["Val", "loss"], "values": [{"value": 1.512128472328186, "step": null, "ts": 1658488914.1902235}]}, "version": 168}
{"obj": {"type": "LogFloats", "path": ["monitoring", "cpu"], "values": [{"value": 60.2, "step": null, "ts": 1658488923.9593513}]}, "version": 169}
{"obj": {"type": "LogFloats", "path": ["monitoring", "memory"], "values": [{"value": 11.622760772705078, "step": null, "ts": 1658488923.9593513}]}, "version": 170}
{"obj": {"type": "LogStrings", "path": ["monitoring", "stdout"], "values": [{"value": "Accuracy of epoch 20, is 0.9481803797468354", "step": null, "ts": 1658488924.123894}]}, "version": 171}
{"obj": {"type": "LogStrings", "path": ["monitoring", "stdout"], "values": [{"value": "\n", "step": null, "ts": 1658488924.1248934}]}, "version": 172}
{"obj": {"type": "LogStrings", "path": ["monitoring", "stdout"], "values": [{"value": "Loss of epoch 20, is 1.5118451118469238", "step": null, "ts": 1658488924.1259923}]}, "version": 173}
{"obj": {"type": "LogStrings", "path": ["monitoring", "stdout"], "values": [{"value": "\n", "step": null, "ts": 1658488924.1259923}]}, "version": 174}
{"obj": {"type": "LogFloats", "path": ["Val", "accu"], "values": [{"value": 0.9481803797468354, "step": null, "ts": 1658488924.1259923}]}, "version": 175}
{"obj": {"type": "LogFloats", "path": ["Val", "loss"], "values": [{"value": 1.5118451118469238, "step": null, "ts": 1658488924.1275182}]}, "version": 176}
{"obj": {"type": "LogFloats", "path": ["monitoring", "cpu"], "values": [{"value": 65.3, "step": null, "ts": 1658488933.9643898}]}, "version": 177}
{"obj": {"type": "LogFloats", "path": ["monitoring", "memory"], "values": [{"value": 12.047855377197266, "step": null, "ts": 1658488933.9643898}]}, "version": 178}
{"obj": {"type": "LogStrings", "path": ["monitoring", "stdout"], "values": [{"value": "Accuracy of epoch 21, is 0.9477848101265823", "step": null, "ts": 1658488935.1660078}]}, "version": 179}
{"obj": {"type": "LogStrings", "path": ["monitoring", "stdout"], "values": [{"value": "\n", "step": null, "ts": 1658488935.1662357}]}, "version": 180}
{"obj": {"type": "LogStrings", "path": ["monitoring", "stdout"], "values": [{"value": "Loss of epoch 21, is 1.5113660097122192", "step": null, "ts": 1658488935.167989}]}, "version": 181}
{"obj": {"type": "LogStrings", "path": ["monitoring", "stdout"], "values": [{"value": "\n", "step": null, "ts": 1658488935.167989}]}, "version": 182}
{"obj": {"type": "LogFloats", "path": ["Val", "accu"], "values": [{"value": 0.9477848101265823, "step": null, "ts": 1658488935.1685302}]}, "version": 183}
{"obj": {"type": "LogFloats", "path": ["Val", "loss"], "values": [{"value": 1.5113660097122192, "step": null, "ts": 1658488935.1695852}]}, "version": 184}
{"obj": {"type": "LogFloats", "path": ["monitoring", "cpu"], "values": [{"value": 67.8, "step": null, "ts": 1658488943.9694884}]}, "version": 185}
{"obj": {"type": "LogFloats", "path": ["monitoring", "memory"], "values": [{"value": 11.84945297241211, "step": null, "ts": 1658488943.9694884}]}, "version": 186}
{"obj": {"type": "LogStrings", "path": ["monitoring", "stdout"], "values": [{"value": "Accuracy of epoch 22, is 0.9490704113924051", "step": null, "ts": 1658488946.082148}]}, "version": 187}
{"obj": {"type": "LogStrings", "path": ["monitoring", "stdout"], "values": [{"value": "\n", "step": null, "ts": 1658488946.082148}]}, "version": 188}
{"obj": {"type": "LogStrings", "path": ["monitoring", "stdout"], "values": [{"value": "Loss of epoch 22, is 1.51035737991333", "step": null, "ts": 1658488946.0831492}]}, "version": 189}
{"obj": {"type": "LogStrings", "path": ["monitoring", "stdout"], "values": [{"value": "\n", "step": null, "ts": 1658488946.0831492}]}, "version": 190}
{"obj": {"type": "LogFloats", "path": ["Val", "accu"], "values": [{"value": 0.9490704113924051, "step": null, "ts": 1658488946.084147}]}, "version": 191}
{"obj": {"type": "LogFloats", "path": ["Val", "loss"], "values": [{"value": 1.51035737991333, "step": null, "ts": 1658488946.084147}]}, "version": 192}
{"obj": {"type": "LogFloats", "path": ["monitoring", "cpu"], "values": [{"value": 58.6, "step": null, "ts": 1658488953.98142}]}, "version": 193}
{"obj": {"type": "LogFloats", "path": ["monitoring", "memory"], "values": [{"value": 11.832389831542969, "step": null, "ts": 1658488953.98142}]}, "version": 194}
{"obj": {"type": "LogStrings", "path": ["monitoring", "stdout"], "values": [{"value": "Accuracy of epoch 23, is 0.9487737341772152", "step": null, "ts": 1658488955.7834651}]}, "version": 195}
{"obj": {"type": "LogStrings", "path": ["monitoring", "stdout"], "values": [{"value": "\n", "step": null, "ts": 1658488955.7834651}]}, "version": 196}
{"obj": {"type": "LogStrings", "path": ["monitoring", "stdout"], "values": [{"value": "Loss of epoch 23, is 1.5103791952133179", "step": null, "ts": 1658488955.7844665}]}, "version": 197}
{"obj": {"type": "LogStrings", "path": ["monitoring", "stdout"], "values": [{"value": "\n", "step": null, "ts": 1658488955.7854657}]}, "version": 198}
{"obj": {"type": "LogFloats", "path": ["Val", "accu"], "values": [{"value": 0.9487737341772152, "step": null, "ts": 1658488955.7854657}]}, "version": 199}
{"obj": {"type": "LogFloats", "path": ["Val", "loss"], "values": [{"value": 1.5103791952133179, "step": null, "ts": 1658488955.7864642}]}, "version": 200}
{"obj": {"type": "LogFloats", "path": ["monitoring", "cpu"], "values": [{"value": 57.3, "step": null, "ts": 1658488963.9916394}]}, "version": 201}
{"obj": {"type": "LogFloats", "path": ["monitoring", "memory"], "values": [{"value": 11.83468246459961, "step": null, "ts": 1658488963.9916394}]}, "version": 202}
{"obj": {"type": "LogStrings", "path": ["monitoring", "stdout"], "values": [{"value": "Accuracy of epoch 24, is 0.950059335443038", "step": null, "ts": 1658488965.6397934}]}, "version": 203}
{"obj": {"type": "LogStrings", "path": ["monitoring", "stdout"], "values": [{"value": "\n", "step": null, "ts": 1658488965.6397934}]}, "version": 204}
{"obj": {"type": "LogStrings", "path": ["monitoring", "stdout"], "values": [{"value": "Loss of epoch 24, is 1.5092741250991821", "step": null, "ts": 1658488965.6417954}]}, "version": 205}
{"obj": {"type": "LogStrings", "path": ["monitoring", "stdout"], "values": [{"value": "\n", "step": null, "ts": 1658488965.6417954}]}, "version": 206}
{"obj": {"type": "LogFloats", "path": ["Val", "accu"], "values": [{"value": 0.950059335443038, "step": null, "ts": 1658488965.6417954}]}, "version": 207}
{"obj": {"type": "LogFloats", "path": ["Val", "loss"], "values": [{"value": 1.5092741250991821, "step": null, "ts": 1658488965.6427946}]}, "version": 208}
{"obj": {"type": "LogFloats", "path": ["monitoring", "cpu"], "values": [{"value": 55.5, "step": null, "ts": 1658488974.0036092}]}, "version": 209}
{"obj": {"type": "LogFloats", "path": ["monitoring", "memory"], "values": [{"value": 11.856735229492188, "step": null, "ts": 1658488974.0036092}]}, "version": 210}
{"obj": {"type": "LogStrings", "path": ["monitoring", "stdout"], "values": [{"value": "Accuracy of epoch 25, is 0.9504549050632911", "step": null, "ts": 1658488975.543056}]}, "version": 211}
{"obj": {"type": "LogStrings", "path": ["monitoring", "stdout"], "values": [{"value": "\n", "step": null, "ts": 1658488975.5440538}]}, "version": 212}
{"obj": {"type": "LogStrings", "path": ["monitoring", "stdout"], "values": [{"value": "Loss of epoch 25, is 1.5088859796524048", "step": null, "ts": 1658488975.545845}]}, "version": 213}
{"obj": {"type": "LogStrings", "path": ["monitoring", "stdout"], "values": [{"value": "\n", "step": null, "ts": 1658488975.545845}]}, "version": 214}
{"obj": {"type": "LogFloats", "path": ["Val", "accu"], "values": [{"value": 0.9504549050632911, "step": null, "ts": 1658488975.545845}]}, "version": 215}
{"obj": {"type": "LogFloats", "path": ["Val", "loss"], "values": [{"value": 1.5088859796524048, "step": null, "ts": 1658488975.5468438}]}, "version": 216}
{"obj": {"type": "LogFloats", "path": ["monitoring", "cpu"], "values": [{"value": 58.0, "step": null, "ts": 1658488984.0187025}]}, "version": 217}
{"obj": {"type": "LogFloats", "path": ["monitoring", "memory"], "values": [{"value": 11.884529113769531, "step": null, "ts": 1658488984.0187025}]}, "version": 218}
{"obj": {"type": "LogStrings", "path": ["monitoring", "stdout"], "values": [{"value": "Accuracy of epoch 26, is 0.9515427215189873", "step": null, "ts": 1658488985.453169}]}, "version": 219}
{"obj": {"type": "LogStrings", "path": ["monitoring", "stdout"], "values": [{"value": "\n", "step": null, "ts": 1658488985.4541707}]}, "version": 220}
{"obj": {"type": "LogStrings", "path": ["monitoring", "stdout"], "values": [{"value": "Loss of epoch 26, is 1.509238362312317", "step": null, "ts": 1658488985.4561677}]}, "version": 221}
{"obj": {"type": "LogStrings", "path": ["monitoring", "stdout"], "values": [{"value": "\n", "step": null, "ts": 1658488985.4561677}]}, "version": 222}
{"obj": {"type": "LogFloats", "path": ["Val", "accu"], "values": [{"value": 0.9515427215189873, "step": null, "ts": 1658488985.4561677}]}, "version": 223}
{"obj": {"type": "LogFloats", "path": ["Val", "loss"], "values": [{"value": 1.509238362312317, "step": null, "ts": 1658488985.4581685}]}, "version": 224}
{"obj": {"type": "LogFloats", "path": ["monitoring", "cpu"], "values": [{"value": 58.1, "step": null, "ts": 1658488994.0218778}]}, "version": 225}
{"obj": {"type": "LogFloats", "path": ["monitoring", "memory"], "values": [{"value": 11.934181213378906, "step": null, "ts": 1658488994.0218778}]}, "version": 226}
{"obj": {"type": "LogStrings", "path": ["monitoring", "stdout"], "values": [{"value": "Accuracy of epoch 27, is 0.9509493670886076", "step": null, "ts": 1658488995.5014749}]}, "version": 227}
{"obj": {"type": "LogStrings", "path": ["monitoring", "stdout"], "values": [{"value": "\n", "step": null, "ts": 1658488995.5014749}]}, "version": 228}
{"obj": {"type": "LogStrings", "path": ["monitoring", "stdout"], "values": [{"value": "Loss of epoch 27, is 1.508812427520752", "step": null, "ts": 1658488995.5034764}]}, "version": 229}
{"obj": {"type": "LogStrings", "path": ["monitoring", "stdout"], "values": [{"value": "\n", "step": null, "ts": 1658488995.5034764}]}, "version": 230}
{"obj": {"type": "LogFloats", "path": ["Val", "accu"], "values": [{"value": 0.9509493670886076, "step": null, "ts": 1658488995.5034764}]}, "version": 231}
{"obj": {"type": "LogFloats", "path": ["Val", "loss"], "values": [{"value": 1.508812427520752, "step": null, "ts": 1658488995.5044754}]}, "version": 232}
{"obj": {"type": "LogFloats", "path": ["monitoring", "cpu"], "values": [{"value": 57.1, "step": null, "ts": 1658489004.0232453}]}, "version": 233}
{"obj": {"type": "LogFloats", "path": ["monitoring", "memory"], "values": [{"value": 11.839263916015625, "step": null, "ts": 1658489004.0232453}]}, "version": 234}
{"obj": {"type": "LogStrings", "path": ["monitoring", "stdout"], "values": [{"value": "Accuracy of epoch 28, is 0.9519382911392406", "step": null, "ts": 1658489005.6909719}]}, "version": 235}
{"obj": {"type": "LogStrings", "path": ["monitoring", "stdout"], "values": [{"value": "\n", "step": null, "ts": 1658489005.6909719}]}, "version": 236}
{"obj": {"type": "LogStrings", "path": ["monitoring", "stdout"], "values": [{"value": "Loss of epoch 28, is 1.5077641010284424", "step": null, "ts": 1658489005.6929734}]}, "version": 237}
{"obj": {"type": "LogStrings", "path": ["monitoring", "stdout"], "values": [{"value": "\n", "step": null, "ts": 1658489005.6929734}]}, "version": 238}
{"obj": {"type": "LogFloats", "path": ["Val", "accu"], "values": [{"value": 0.9519382911392406, "step": null, "ts": 1658489005.6929734}]}, "version": 239}
{"obj": {"type": "LogFloats", "path": ["Val", "loss"], "values": [{"value": 1.5077641010284424, "step": null, "ts": 1658489005.693972}]}, "version": 240}
{"obj": {"type": "LogFloats", "path": ["monitoring", "cpu"], "values": [{"value": 56.0, "step": null, "ts": 1658489014.0254395}]}, "version": 241}
{"obj": {"type": "LogFloats", "path": ["monitoring", "memory"], "values": [{"value": 11.865745544433594, "step": null, "ts": 1658489014.0254395}]}, "version": 242}
{"obj": {"type": "LogStrings", "path": ["monitoring", "stdout"], "values": [{"value": "Accuracy of epoch 29, is 0.9519382911392406", "step": null, "ts": 1658489015.5979362}]}, "version": 243}
{"obj": {"type": "LogStrings", "path": ["monitoring", "stdout"], "values": [{"value": "\n", "step": null, "ts": 1658489015.5979362}]}, "version": 244}
{"obj": {"type": "LogStrings", "path": ["monitoring", "stdout"], "values": [{"value": "Loss of epoch 29, is 1.507962703704834", "step": null, "ts": 1658489015.5999331}]}, "version": 245}
{"obj": {"type": "LogStrings", "path": ["monitoring", "stdout"], "values": [{"value": "\n", "step": null, "ts": 1658489015.5999331}]}, "version": 246}
{"obj": {"type": "LogFloats", "path": ["Val", "accu"], "values": [{"value": 0.9519382911392406, "step": null, "ts": 1658489015.5999331}]}, "version": 247}
{"obj": {"type": "LogFloats", "path": ["Val", "loss"], "values": [{"value": 1.507962703704834, "step": null, "ts": 1658489015.6009338}]}, "version": 248}
{"obj": {"type": "LogFloats", "path": ["monitoring", "cpu"], "values": [{"value": 58.3, "step": null, "ts": 1658489024.0287282}]}, "version": 249}
{"obj": {"type": "LogFloats", "path": ["monitoring", "memory"], "values": [{"value": 11.903839111328125, "step": null, "ts": 1658489024.0287282}]}, "version": 250}
{"obj": {"type": "LogStrings", "path": ["monitoring", "stdout"], "values": [{"value": "Accuracy of epoch 30, is 0.9551028481012658", "step": null, "ts": 1658489025.5325925}]}, "version": 251}
{"obj": {"type": "LogStrings", "path": ["monitoring", "stdout"], "values": [{"value": "\n", "step": null, "ts": 1658489025.5325925}]}, "version": 252}
{"obj": {"type": "LogStrings", "path": ["monitoring", "stdout"], "values": [{"value": "Loss of epoch 30, is 1.5065029859542847", "step": null, "ts": 1658489025.533595}]}, "version": 253}
{"obj": {"type": "LogStrings", "path": ["monitoring", "stdout"], "values": [{"value": "\n", "step": null, "ts": 1658489025.5345962}]}, "version": 254}
{"obj": {"type": "LogFloats", "path": ["Val", "accu"], "values": [{"value": 0.9551028481012658, "step": null, "ts": 1658489025.5345962}]}, "version": 255}
{"obj": {"type": "LogFloats", "path": ["Val", "loss"], "values": [{"value": 1.5065029859542847, "step": null, "ts": 1658489025.5355935}]}, "version": 256}
{"obj": {"type": "LogStrings", "path": ["monitoring", "stderr"], "values": [{"value": "2022/07/22 16:53:45 WARNING mlflow.utils.git_utils: Failed to import Git (the Git executable is probably not on your PATH), so Git SHA is not available. Error: Failed to initialize: Bad git executable.\nThe git executable must be specified in one of the following ways:\n    - be included in your $PATH\n    - be set via $GIT_PYTHON_GIT_EXECUTABLE\n    - explicitly set via git.refresh()\n\nAll git commands will error until this is rectified.\n\nThis initial warning can be silenced or aggravated in the future by setting the\n$GIT_PYTHON_REFRESH environment variable. Use one of the following values:\n    - quiet|q|silence|s|none|n|0: for no warning or exception\n    - warn|w|warning|1: for a printed warning\n    - error|e|raise|r|2: for a raised exception\n\nExample:\n    export GIT_PYTHON_REFRESH=quiet\n\n", "step": null, "ts": 1658489025.5492463}]}, "version": 257}
{"obj": {"type": "LogStrings", "path": ["monitoring", "stdout"], "values": [{"value": "Shutting down background jobs, please wait a moment...\n", "step": null, "ts": 1658489025.6326}]}, "version": 258}
