{"obj": {"type": "AssignString", "path": ["sys", "name"], "value": "Untitled"}, "version": 1}
{"obj": {"type": "AssignString", "path": ["sys", "description"], "value": ""}, "version": 2}
{"obj": {"type": "AssignString", "path": ["sys", "hostname"], "value": "ALTAFKOP202"}, "version": 3}
{"obj": {"type": "AssignBool", "path": ["sys", "failed"], "value": false}, "version": 4}
{"obj": {"type": "ClearStringLog", "path": ["monitoring", "stdout"]}, "version": 5}
{"obj": {"type": "ClearStringLog", "path": ["monitoring", "stderr"]}, "version": 6}
{"obj": {"type": "AssignString", "path": ["source_code", "entrypoint"], "value": "train.py"}, "version": 7}
{"obj": {"type": "UploadFileSet", "path": ["source_code", "files"], "file_globs": ["C:\\Users\\RuturajMane\\Desktop\\public-projects\\mnist-ruturaj\\src\\train.py"], "reset": "False"}, "version": 8}
{"obj": {"type": "LogStrings", "path": ["monitoring", "stderr"], "values": [{"value": "Info (NVML): NVML Shared Library Not Found. GPU usage metrics may not be reported. For more information, see https://docs.neptune.ai/you-should-know/what-can-you-log-and-display#hardware-consumption\n", "step": null, "ts": 1658491160.9738662}]}, "version": 9}
{"obj": {"type": "ConfigFloatSeries", "path": ["monitoring", "cpu"], "min": 0.0, "max": 100.0, "unit": "%"}, "version": 10}
{"obj": {"type": "ClearFloatLog", "path": ["monitoring", "cpu"]}, "version": 11}
{"obj": {"type": "ConfigFloatSeries", "path": ["monitoring", "memory"], "min": 0.0, "max": 15.878307342529297, "unit": "GB"}, "version": 12}
{"obj": {"type": "ClearFloatLog", "path": ["monitoring", "memory"]}, "version": 13}
{"obj": {"type": "LogFloats", "path": ["monitoring", "cpu"], "values": [{"value": 8.0, "step": null, "ts": 1658491160.989541}]}, "version": 14}
{"obj": {"type": "LogFloats", "path": ["monitoring", "memory"], "values": [{"value": 11.616744995117188, "step": null, "ts": 1658491160.989541}]}, "version": 15}
{"obj": {"type": "AssignFloat", "path": ["Parameters", "learning_rate"], "value": 0.5}, "version": 16}
{"obj": {"type": "AssignString", "path": ["Parameters", "Optimizer"], "value": "SGD"}, "version": 17}
{"obj": {"type": "AssignInt", "path": ["Parameters", "Batch_size"], "value": 128}, "version": 18}
{"obj": {"type": "AssignInt", "path": ["Parameters", "Epochs"], "value": 30}, "version": 19}
{"obj": {"type": "AssignString", "path": ["Parameters", "Loss_fn"], "value": "cross_entropy"}, "version": 20}
{"obj": {"type": "LogStrings", "path": ["monitoring", "stdout"], "values": [{"value": "Accuracy of epoch 1, is 0.885878164556962", "step": null, "ts": 1658491168.0282774}]}, "version": 21}
{"obj": {"type": "LogStrings", "path": ["monitoring", "stdout"], "values": [{"value": "\n", "step": null, "ts": 1658491168.0282774}]}, "version": 22}
{"obj": {"type": "LogStrings", "path": ["monitoring", "stdout"], "values": [{"value": "Loss of epoch 1, is 1.605966329574585", "step": null, "ts": 1658491168.0282774}]}, "version": 23}
{"obj": {"type": "LogStrings", "path": ["monitoring", "stdout"], "values": [{"value": "\n", "step": null, "ts": 1658491168.0282774}]}, "version": 24}
{"obj": {"type": "LogFloats", "path": ["Val", "accu"], "values": [{"value": 0.885878164556962, "step": null, "ts": 1658491168.0282774}]}, "version": 25}
{"obj": {"type": "LogFloats", "path": ["Val", "loss"], "values": [{"value": 1.605966329574585, "step": null, "ts": 1658491168.0363035}]}, "version": 26}
{"obj": {"type": "LogFloats", "path": ["monitoring", "cpu"], "values": [{"value": 53.3, "step": null, "ts": 1658491170.9917889}]}, "version": 27}
{"obj": {"type": "LogFloats", "path": ["monitoring", "memory"], "values": [{"value": 11.649848937988281, "step": null, "ts": 1658491170.9917889}]}, "version": 28}
{"obj": {"type": "LogStrings", "path": ["monitoring", "stdout"], "values": [{"value": "Accuracy of epoch 2, is 0.9043710443037974", "step": null, "ts": 1658491175.2342682}]}, "version": 29}
{"obj": {"type": "LogStrings", "path": ["monitoring", "stdout"], "values": [{"value": "\n", "step": null, "ts": 1658491175.2342682}]}, "version": 30}
{"obj": {"type": "LogStrings", "path": ["monitoring", "stdout"], "values": [{"value": "Loss of epoch 2, is 1.5680441856384277", "step": null, "ts": 1658491175.2342682}]}, "version": 31}
{"obj": {"type": "LogStrings", "path": ["monitoring", "stdout"], "values": [{"value": "\n", "step": null, "ts": 1658491175.2342682}]}, "version": 32}
{"obj": {"type": "LogFloats", "path": ["Val", "accu"], "values": [{"value": 0.9043710443037974, "step": null, "ts": 1658491175.2342682}]}, "version": 33}
{"obj": {"type": "LogFloats", "path": ["Val", "loss"], "values": [{"value": 1.5680441856384277, "step": null, "ts": 1658491175.2342682}]}, "version": 34}
{"obj": {"type": "LogFloats", "path": ["monitoring", "cpu"], "values": [{"value": 53.9, "step": null, "ts": 1658491180.9971526}]}, "version": 35}
{"obj": {"type": "LogFloats", "path": ["monitoring", "memory"], "values": [{"value": 11.685100555419922, "step": null, "ts": 1658491180.9971526}]}, "version": 36}
{"obj": {"type": "LogStrings", "path": ["monitoring", "stdout"], "values": [{"value": "Accuracy of epoch 3, is 0.9139636075949367", "step": null, "ts": 1658491182.544938}]}, "version": 37}
{"obj": {"type": "LogStrings", "path": ["monitoring", "stdout"], "values": [{"value": "\n", "step": null, "ts": 1658491182.544938}]}, "version": 38}
{"obj": {"type": "LogStrings", "path": ["monitoring", "stdout"], "values": [{"value": "Loss of epoch 3, is 1.5535128116607666", "step": null, "ts": 1658491182.544938}]}, "version": 39}
{"obj": {"type": "LogStrings", "path": ["monitoring", "stdout"], "values": [{"value": "\n", "step": null, "ts": 1658491182.544938}]}, "version": 40}
{"obj": {"type": "LogFloats", "path": ["Val", "accu"], "values": [{"value": 0.9139636075949367, "step": null, "ts": 1658491182.544938}]}, "version": 41}
{"obj": {"type": "LogFloats", "path": ["Val", "loss"], "values": [{"value": 1.5535128116607666, "step": null, "ts": 1658491182.544938}]}, "version": 42}
{"obj": {"type": "LogStrings", "path": ["monitoring", "stdout"], "values": [{"value": "Accuracy of epoch 4, is 0.9186115506329114", "step": null, "ts": 1658491190.3939703}]}, "version": 43}
{"obj": {"type": "LogStrings", "path": ["monitoring", "stdout"], "values": [{"value": "\n", "step": null, "ts": 1658491190.3939703}]}, "version": 44}
{"obj": {"type": "LogStrings", "path": ["monitoring", "stdout"], "values": [{"value": "Loss of epoch 4, is 1.5456058979034424", "step": null, "ts": 1658491190.3939703}]}, "version": 45}
{"obj": {"type": "LogStrings", "path": ["monitoring", "stdout"], "values": [{"value": "\n", "step": null, "ts": 1658491190.3939703}]}, "version": 46}
{"obj": {"type": "LogFloats", "path": ["Val", "accu"], "values": [{"value": 0.9186115506329114, "step": null, "ts": 1658491190.3939703}]}, "version": 47}
{"obj": {"type": "LogFloats", "path": ["Val", "loss"], "values": [{"value": 1.5456058979034424, "step": null, "ts": 1658491190.3939703}]}, "version": 48}
{"obj": {"type": "LogFloats", "path": ["monitoring", "cpu"], "values": [{"value": 53.6, "step": null, "ts": 1658491191.0170038}]}, "version": 49}
{"obj": {"type": "LogFloats", "path": ["monitoring", "memory"], "values": [{"value": 11.750690460205078, "step": null, "ts": 1658491191.0170038}]}, "version": 50}
{"obj": {"type": "LogStrings", "path": ["monitoring", "stdout"], "values": [{"value": "Accuracy of epoch 5, is 0.923556170886076", "step": null, "ts": 1658491198.093659}]}, "version": 51}
{"obj": {"type": "LogStrings", "path": ["monitoring", "stdout"], "values": [{"value": "\n", "step": null, "ts": 1658491198.093659}]}, "version": 52}
{"obj": {"type": "LogStrings", "path": ["monitoring", "stdout"], "values": [{"value": "Loss of epoch 5, is 1.5401719808578491", "step": null, "ts": 1658491198.093659}]}, "version": 53}
{"obj": {"type": "LogStrings", "path": ["monitoring", "stdout"], "values": [{"value": "\n", "step": null, "ts": 1658491198.093659}]}, "version": 54}
{"obj": {"type": "LogFloats", "path": ["Val", "accu"], "values": [{"value": 0.923556170886076, "step": null, "ts": 1658491198.093659}]}, "version": 55}
{"obj": {"type": "LogFloats", "path": ["Val", "loss"], "values": [{"value": 1.5401719808578491, "step": null, "ts": 1658491198.093659}]}, "version": 56}
{"obj": {"type": "LogFloats", "path": ["monitoring", "cpu"], "values": [{"value": 54.5, "step": null, "ts": 1658491201.0275702}]}, "version": 57}
{"obj": {"type": "LogFloats", "path": ["monitoring", "memory"], "values": [{"value": 11.659076690673828, "step": null, "ts": 1658491201.0275702}]}, "version": 58}
{"obj": {"type": "LogStrings", "path": ["monitoring", "stdout"], "values": [{"value": "Accuracy of epoch 6, is 0.9262262658227848", "step": null, "ts": 1658491206.390951}]}, "version": 59}
{"obj": {"type": "LogStrings", "path": ["monitoring", "stdout"], "values": [{"value": "\n", "step": null, "ts": 1658491206.390951}]}, "version": 60}
{"obj": {"type": "LogStrings", "path": ["monitoring", "stdout"], "values": [{"value": "Loss of epoch 6, is 1.5349266529083252", "step": null, "ts": 1658491206.3929534}]}, "version": 61}
{"obj": {"type": "LogStrings", "path": ["monitoring", "stdout"], "values": [{"value": "\n", "step": null, "ts": 1658491206.3929534}]}, "version": 62}
{"obj": {"type": "LogFloats", "path": ["Val", "accu"], "values": [{"value": 0.9262262658227848, "step": null, "ts": 1658491206.393953}]}, "version": 63}
{"obj": {"type": "LogFloats", "path": ["Val", "loss"], "values": [{"value": 1.5349266529083252, "step": null, "ts": 1658491206.3949525}]}, "version": 64}
{"obj": {"type": "LogFloats", "path": ["monitoring", "cpu"], "values": [{"value": 57.8, "step": null, "ts": 1658491211.0361056}]}, "version": 65}
{"obj": {"type": "LogFloats", "path": ["monitoring", "memory"], "values": [{"value": 11.716697692871094, "step": null, "ts": 1658491211.0361056}]}, "version": 66}
{"obj": {"type": "LogStrings", "path": ["monitoring", "stdout"], "values": [{"value": "Accuracy of epoch 7, is 0.9288963607594937", "step": null, "ts": 1658491215.909597}]}, "version": 67}
{"obj": {"type": "LogStrings", "path": ["monitoring", "stdout"], "values": [{"value": "\n", "step": null, "ts": 1658491215.909597}]}, "version": 68}
{"obj": {"type": "LogStrings", "path": ["monitoring", "stdout"], "values": [{"value": "Loss of epoch 7, is 1.5312087535858154", "step": null, "ts": 1658491215.909597}]}, "version": 69}
{"obj": {"type": "LogStrings", "path": ["monitoring", "stdout"], "values": [{"value": "\n", "step": null, "ts": 1658491215.909597}]}, "version": 70}
{"obj": {"type": "LogFloats", "path": ["Val", "accu"], "values": [{"value": 0.9288963607594937, "step": null, "ts": 1658491215.909597}]}, "version": 71}
{"obj": {"type": "LogFloats", "path": ["Val", "loss"], "values": [{"value": 1.5312087535858154, "step": null, "ts": 1658491215.909597}]}, "version": 72}
{"obj": {"type": "LogFloats", "path": ["monitoring", "cpu"], "values": [{"value": 64.9, "step": null, "ts": 1658491221.0375316}]}, "version": 73}
{"obj": {"type": "LogFloats", "path": ["monitoring", "memory"], "values": [{"value": 11.875106811523438, "step": null, "ts": 1658491221.0375316}]}, "version": 74}
{"obj": {"type": "LogStrings", "path": ["monitoring", "stdout"], "values": [{"value": "Accuracy of epoch 8, is 0.9323575949367089", "step": null, "ts": 1658491226.0314848}]}, "version": 75}
{"obj": {"type": "LogStrings", "path": ["monitoring", "stdout"], "values": [{"value": "\n", "step": null, "ts": 1658491226.0335033}]}, "version": 76}
{"obj": {"type": "LogStrings", "path": ["monitoring", "stdout"], "values": [{"value": "Loss of epoch 8, is 1.528619647026062", "step": null, "ts": 1658491226.0335033}]}, "version": 77}
{"obj": {"type": "LogStrings", "path": ["monitoring", "stdout"], "values": [{"value": "\n", "step": null, "ts": 1658491226.0335033}]}, "version": 78}
{"obj": {"type": "LogFloats", "path": ["Val", "accu"], "values": [{"value": 0.9323575949367089, "step": null, "ts": 1658491226.0335033}]}, "version": 79}
{"obj": {"type": "LogFloats", "path": ["Val", "loss"], "values": [{"value": 1.528619647026062, "step": null, "ts": 1658491226.0335033}]}, "version": 80}
{"obj": {"type": "LogFloats", "path": ["monitoring", "cpu"], "values": [{"value": 62.3, "step": null, "ts": 1658491231.038799}]}, "version": 81}
{"obj": {"type": "LogFloats", "path": ["monitoring", "memory"], "values": [{"value": 11.908088684082031, "step": null, "ts": 1658491231.038799}]}, "version": 82}
{"obj": {"type": "LogStrings", "path": ["monitoring", "stdout"], "values": [{"value": "Accuracy of epoch 9, is 0.9336431962025317", "step": null, "ts": 1658491234.8755884}]}, "version": 83}
{"obj": {"type": "LogStrings", "path": ["monitoring", "stdout"], "values": [{"value": "\n", "step": null, "ts": 1658491234.8755884}]}, "version": 84}
{"obj": {"type": "LogStrings", "path": ["monitoring", "stdout"], "values": [{"value": "Loss of epoch 9, is 1.5264211893081665", "step": null, "ts": 1658491234.8755884}]}, "version": 85}
{"obj": {"type": "LogStrings", "path": ["monitoring", "stdout"], "values": [{"value": "\n", "step": null, "ts": 1658491234.8755884}]}, "version": 86}
{"obj": {"type": "LogFloats", "path": ["Val", "accu"], "values": [{"value": 0.9336431962025317, "step": null, "ts": 1658491234.8836515}]}, "version": 87}
{"obj": {"type": "LogFloats", "path": ["Val", "loss"], "values": [{"value": 1.5264211893081665, "step": null, "ts": 1658491234.8836515}]}, "version": 88}
{"obj": {"type": "LogFloats", "path": ["monitoring", "cpu"], "values": [{"value": 55.2, "step": null, "ts": 1658491241.0606546}]}, "version": 89}
{"obj": {"type": "LogFloats", "path": ["monitoring", "memory"], "values": [{"value": 11.878437042236328, "step": null, "ts": 1658491241.0606546}]}, "version": 90}
{"obj": {"type": "LogStrings", "path": ["monitoring", "stdout"], "values": [{"value": "Accuracy of epoch 10, is 0.9356210443037974", "step": null, "ts": 1658491243.4431694}]}, "version": 91}
{"obj": {"type": "LogStrings", "path": ["monitoring", "stdout"], "values": [{"value": "\n", "step": null, "ts": 1658491243.4431694}]}, "version": 92}
{"obj": {"type": "LogStrings", "path": ["monitoring", "stdout"], "values": [{"value": "Loss of epoch 10, is 1.5246716737747192", "step": null, "ts": 1658491243.4441674}]}, "version": 93}
{"obj": {"type": "LogStrings", "path": ["monitoring", "stdout"], "values": [{"value": "\n", "step": null, "ts": 1658491243.4441674}]}, "version": 94}
{"obj": {"type": "LogFloats", "path": ["Val", "accu"], "values": [{"value": 0.9356210443037974, "step": null, "ts": 1658491243.4451704}]}, "version": 95}
{"obj": {"type": "LogFloats", "path": ["Val", "loss"], "values": [{"value": 1.5246716737747192, "step": null, "ts": 1658491243.4451704}]}, "version": 96}
{"obj": {"type": "LogFloats", "path": ["monitoring", "cpu"], "values": [{"value": 56.6, "step": null, "ts": 1658491251.0616107}]}, "version": 97}
{"obj": {"type": "LogFloats", "path": ["monitoring", "memory"], "values": [{"value": 11.909637451171875, "step": null, "ts": 1658491251.0616107}]}, "version": 98}
{"obj": {"type": "LogStrings", "path": ["monitoring", "stdout"], "values": [{"value": "Accuracy of epoch 11, is 0.9373022151898734", "step": null, "ts": 1658491252.8324575}]}, "version": 99}
{"obj": {"type": "LogStrings", "path": ["monitoring", "stdout"], "values": [{"value": "\n", "step": null, "ts": 1658491252.8334553}]}, "version": 100}
{"obj": {"type": "LogStrings", "path": ["monitoring", "stdout"], "values": [{"value": "Loss of epoch 11, is 1.5229493379592896", "step": null, "ts": 1658491252.8344576}]}, "version": 101}
{"obj": {"type": "LogStrings", "path": ["monitoring", "stdout"], "values": [{"value": "\n", "step": null, "ts": 1658491252.8344576}]}, "version": 102}
{"obj": {"type": "LogFloats", "path": ["Val", "accu"], "values": [{"value": 0.9373022151898734, "step": null, "ts": 1658491252.8354557}]}, "version": 103}
{"obj": {"type": "LogFloats", "path": ["Val", "loss"], "values": [{"value": 1.5229493379592896, "step": null, "ts": 1658491252.8364556}]}, "version": 104}
{"obj": {"type": "LogFloats", "path": ["monitoring", "cpu"], "values": [{"value": 57.9, "step": null, "ts": 1658491261.0670424}]}, "version": 105}
{"obj": {"type": "LogFloats", "path": ["monitoring", "memory"], "values": [{"value": 11.869697570800781, "step": null, "ts": 1658491261.0670424}]}, "version": 106}
{"obj": {"type": "LogStrings", "path": ["monitoring", "stdout"], "values": [{"value": "Accuracy of epoch 12, is 0.9387856012658228", "step": null, "ts": 1658491262.4722252}]}, "version": 107}
{"obj": {"type": "LogStrings", "path": ["monitoring", "stdout"], "values": [{"value": "\n", "step": null, "ts": 1658491262.4722252}]}, "version": 108}
{"obj": {"type": "LogStrings", "path": ["monitoring", "stdout"], "values": [{"value": "Loss of epoch 12, is 1.5208592414855957", "step": null, "ts": 1658491262.4722252}]}, "version": 109}
{"obj": {"type": "LogStrings", "path": ["monitoring", "stdout"], "values": [{"value": "\n", "step": null, "ts": 1658491262.4722252}]}, "version": 110}
{"obj": {"type": "LogFloats", "path": ["Val", "accu"], "values": [{"value": 0.9387856012658228, "step": null, "ts": 1658491262.4722252}]}, "version": 111}
{"obj": {"type": "LogFloats", "path": ["Val", "loss"], "values": [{"value": 1.5208592414855957, "step": null, "ts": 1658491262.4722252}]}, "version": 112}
{"obj": {"type": "LogFloats", "path": ["monitoring", "cpu"], "values": [{"value": 53.8, "step": null, "ts": 1658491271.0745425}]}, "version": 113}
{"obj": {"type": "LogFloats", "path": ["monitoring", "memory"], "values": [{"value": 11.89764404296875, "step": null, "ts": 1658491271.0745425}]}, "version": 114}
{"obj": {"type": "LogStrings", "path": ["monitoring", "stdout"], "values": [{"value": "Accuracy of epoch 13, is 0.9415545886075949", "step": null, "ts": 1658491271.2988038}]}, "version": 115}
{"obj": {"type": "LogStrings", "path": ["monitoring", "stdout"], "values": [{"value": "\n", "step": null, "ts": 1658491271.2988038}]}, "version": 116}
{"obj": {"type": "LogStrings", "path": ["monitoring", "stdout"], "values": [{"value": "Loss of epoch 13, is 1.5197659730911255", "step": null, "ts": 1658491271.2988038}]}, "version": 117}
{"obj": {"type": "LogStrings", "path": ["monitoring", "stdout"], "values": [{"value": "\n", "step": null, "ts": 1658491271.2988038}]}, "version": 118}
{"obj": {"type": "LogFloats", "path": ["Val", "accu"], "values": [{"value": 0.9415545886075949, "step": null, "ts": 1658491271.2988038}]}, "version": 119}
{"obj": {"type": "LogFloats", "path": ["Val", "loss"], "values": [{"value": 1.5197659730911255, "step": null, "ts": 1658491271.2988038}]}, "version": 120}
{"obj": {"type": "LogStrings", "path": ["monitoring", "stdout"], "values": [{"value": "Accuracy of epoch 14, is 0.9416534810126582", "step": null, "ts": 1658491279.6470747}]}, "version": 121}
{"obj": {"type": "LogStrings", "path": ["monitoring", "stdout"], "values": [{"value": "\n", "step": null, "ts": 1658491279.6470747}]}, "version": 122}
{"obj": {"type": "LogStrings", "path": ["monitoring", "stdout"], "values": [{"value": "Loss of epoch 14, is 1.5187201499938965", "step": null, "ts": 1658491279.6551368}]}, "version": 123}
{"obj": {"type": "LogStrings", "path": ["monitoring", "stdout"], "values": [{"value": "\n", "step": null, "ts": 1658491279.6551368}]}, "version": 124}
{"obj": {"type": "LogFloats", "path": ["Val", "accu"], "values": [{"value": 0.9416534810126582, "step": null, "ts": 1658491279.6551368}]}, "version": 125}
{"obj": {"type": "LogFloats", "path": ["Val", "loss"], "values": [{"value": 1.5187201499938965, "step": null, "ts": 1658491279.6572053}]}, "version": 126}
{"obj": {"type": "LogFloats", "path": ["monitoring", "cpu"], "values": [{"value": 53.5, "step": null, "ts": 1658491281.0771277}]}, "version": 127}
{"obj": {"type": "LogFloats", "path": ["monitoring", "memory"], "values": [{"value": 11.939193725585938, "step": null, "ts": 1658491281.0771277}]}, "version": 128}
{"obj": {"type": "LogStrings", "path": ["monitoring", "stdout"], "values": [{"value": "Accuracy of epoch 15, is 0.9432357594936709", "step": null, "ts": 1658491288.4911141}]}, "version": 129}
{"obj": {"type": "LogStrings", "path": ["monitoring", "stdout"], "values": [{"value": "\n", "step": null, "ts": 1658491288.4911141}]}, "version": 130}
{"obj": {"type": "LogStrings", "path": ["monitoring", "stdout"], "values": [{"value": "Loss of epoch 15, is 1.5172584056854248", "step": null, "ts": 1658491288.4911141}]}, "version": 131}
{"obj": {"type": "LogStrings", "path": ["monitoring", "stdout"], "values": [{"value": "\n", "step": null, "ts": 1658491288.4911141}]}, "version": 132}
{"obj": {"type": "LogFloats", "path": ["Val", "accu"], "values": [{"value": 0.9432357594936709, "step": null, "ts": 1658491288.4911141}]}, "version": 133}
{"obj": {"type": "LogFloats", "path": ["Val", "loss"], "values": [{"value": 1.5172584056854248, "step": null, "ts": 1658491288.4911141}]}, "version": 134}
{"obj": {"type": "LogFloats", "path": ["monitoring", "cpu"], "values": [{"value": 54.6, "step": null, "ts": 1658491291.0968862}]}, "version": 135}
{"obj": {"type": "LogFloats", "path": ["monitoring", "memory"], "values": [{"value": 11.95914077758789, "step": null, "ts": 1658491291.0968862}]}, "version": 136}
{"obj": {"type": "LogStrings", "path": ["monitoring", "stdout"], "values": [{"value": "Accuracy of epoch 16, is 0.9434335443037974", "step": null, "ts": 1658491298.2677286}]}, "version": 137}
{"obj": {"type": "LogStrings", "path": ["monitoring", "stdout"], "values": [{"value": "\n", "step": null, "ts": 1658491298.2677286}]}, "version": 138}
{"obj": {"type": "LogStrings", "path": ["monitoring", "stdout"], "values": [{"value": "Loss of epoch 16, is 1.51632559299469", "step": null, "ts": 1658491298.2677286}]}, "version": 139}
{"obj": {"type": "LogStrings", "path": ["monitoring", "stdout"], "values": [{"value": "\n", "step": null, "ts": 1658491298.2677286}]}, "version": 140}
{"obj": {"type": "LogFloats", "path": ["Val", "accu"], "values": [{"value": 0.9434335443037974, "step": null, "ts": 1658491298.2677286}]}, "version": 141}
{"obj": {"type": "LogFloats", "path": ["Val", "loss"], "values": [{"value": 1.51632559299469, "step": null, "ts": 1658491298.2677286}]}, "version": 142}
{"obj": {"type": "LogFloats", "path": ["monitoring", "cpu"], "values": [{"value": 63.7, "step": null, "ts": 1658491301.1050856}]}, "version": 143}
{"obj": {"type": "LogFloats", "path": ["monitoring", "memory"], "values": [{"value": 12.123619079589844, "step": null, "ts": 1658491301.1050856}]}, "version": 144}
{"obj": {"type": "LogStrings", "path": ["monitoring", "stdout"], "values": [{"value": "Accuracy of epoch 17, is 0.9449169303797469", "step": null, "ts": 1658491307.945537}]}, "version": 145}
{"obj": {"type": "LogStrings", "path": ["monitoring", "stdout"], "values": [{"value": "\n", "step": null, "ts": 1658491307.945537}]}, "version": 146}
{"obj": {"type": "LogStrings", "path": ["monitoring", "stdout"], "values": [{"value": "Loss of epoch 17, is 1.5147877931594849", "step": null, "ts": 1658491307.945537}]}, "version": 147}
{"obj": {"type": "LogStrings", "path": ["monitoring", "stdout"], "values": [{"value": "\n", "step": null, "ts": 1658491307.945537}]}, "version": 148}
{"obj": {"type": "LogFloats", "path": ["Val", "accu"], "values": [{"value": 0.9449169303797469, "step": null, "ts": 1658491307.945537}]}, "version": 149}
{"obj": {"type": "LogFloats", "path": ["Val", "loss"], "values": [{"value": 1.5147877931594849, "step": null, "ts": 1658491307.945537}]}, "version": 150}
{"obj": {"type": "LogFloats", "path": ["monitoring", "cpu"], "values": [{"value": 61.6, "step": null, "ts": 1658491311.1133244}]}, "version": 151}
{"obj": {"type": "LogFloats", "path": ["monitoring", "memory"], "values": [{"value": 12.118717193603516, "step": null, "ts": 1658491311.1133244}]}, "version": 152}
{"obj": {"type": "LogStrings", "path": ["monitoring", "stdout"], "values": [{"value": "Accuracy of epoch 18, is 0.9463014240506329", "step": null, "ts": 1658491317.2517521}]}, "version": 153}
{"obj": {"type": "LogStrings", "path": ["monitoring", "stdout"], "values": [{"value": "\n", "step": null, "ts": 1658491317.2517521}]}, "version": 154}
{"obj": {"type": "LogStrings", "path": ["monitoring", "stdout"], "values": [{"value": "Loss of epoch 18, is 1.5135759115219116", "step": null, "ts": 1658491317.2517521}]}, "version": 155}
{"obj": {"type": "LogStrings", "path": ["monitoring", "stdout"], "values": [{"value": "\n", "step": null, "ts": 1658491317.2517521}]}, "version": 156}
{"obj": {"type": "LogFloats", "path": ["Val", "accu"], "values": [{"value": 0.9463014240506329, "step": null, "ts": 1658491317.2517521}]}, "version": 157}
{"obj": {"type": "LogFloats", "path": ["Val", "loss"], "values": [{"value": 1.5135759115219116, "step": null, "ts": 1658491317.2517521}]}, "version": 158}
{"obj": {"type": "LogFloats", "path": ["monitoring", "cpu"], "values": [{"value": 54.6, "step": null, "ts": 1658491321.125693}]}, "version": 159}
{"obj": {"type": "LogFloats", "path": ["monitoring", "memory"], "values": [{"value": 12.148555755615234, "step": null, "ts": 1658491321.125693}]}, "version": 160}
{"obj": {"type": "LogStrings", "path": ["monitoring", "stdout"], "values": [{"value": "Accuracy of epoch 19, is 0.9471914556962026", "step": null, "ts": 1658491326.1756427}]}, "version": 161}
{"obj": {"type": "LogStrings", "path": ["monitoring", "stdout"], "values": [{"value": "\n", "step": null, "ts": 1658491326.1756427}]}, "version": 162}
{"obj": {"type": "LogStrings", "path": ["monitoring", "stdout"], "values": [{"value": "Loss of epoch 19, is 1.5128604173660278", "step": null, "ts": 1658491326.1756427}]}, "version": 163}
{"obj": {"type": "LogStrings", "path": ["monitoring", "stdout"], "values": [{"value": "\n", "step": null, "ts": 1658491326.1756427}]}, "version": 164}
{"obj": {"type": "LogFloats", "path": ["Val", "accu"], "values": [{"value": 0.9471914556962026, "step": null, "ts": 1658491326.1756427}]}, "version": 165}
{"obj": {"type": "LogFloats", "path": ["Val", "loss"], "values": [{"value": 1.5128604173660278, "step": null, "ts": 1658491326.1756427}]}, "version": 166}
{"obj": {"type": "LogFloats", "path": ["monitoring", "cpu"], "values": [{"value": 54.5, "step": null, "ts": 1658491331.130465}]}, "version": 167}
{"obj": {"type": "LogFloats", "path": ["monitoring", "memory"], "values": [{"value": 12.156852722167969, "step": null, "ts": 1658491331.130465}]}, "version": 168}
{"obj": {"type": "LogStrings", "path": ["monitoring", "stdout"], "values": [{"value": "Accuracy of epoch 20, is 0.9482792721518988", "step": null, "ts": 1658491335.0606494}]}, "version": 169}
{"obj": {"type": "LogStrings", "path": ["monitoring", "stdout"], "values": [{"value": "\n", "step": null, "ts": 1658491335.0606494}]}, "version": 170}
{"obj": {"type": "LogStrings", "path": ["monitoring", "stdout"], "values": [{"value": "Loss of epoch 20, is 1.5119843482971191", "step": null, "ts": 1658491335.0606494}]}, "version": 171}
{"obj": {"type": "LogStrings", "path": ["monitoring", "stdout"], "values": [{"value": "\n", "step": null, "ts": 1658491335.0606494}]}, "version": 172}
{"obj": {"type": "LogFloats", "path": ["Val", "accu"], "values": [{"value": 0.9482792721518988, "step": null, "ts": 1658491335.0606494}]}, "version": 173}
{"obj": {"type": "LogFloats", "path": ["Val", "loss"], "values": [{"value": 1.5119843482971191, "step": null, "ts": 1658491335.0606494}]}, "version": 174}
{"obj": {"type": "LogFloats", "path": ["monitoring", "cpu"], "values": [{"value": 54.5, "step": null, "ts": 1658491341.1508799}]}, "version": 175}
{"obj": {"type": "LogFloats", "path": ["monitoring", "memory"], "values": [{"value": 12.173065185546875, "step": null, "ts": 1658491341.1508799}]}, "version": 176}
{"obj": {"type": "LogStrings", "path": ["monitoring", "stdout"], "values": [{"value": "Accuracy of epoch 21, is 0.9484770569620253", "step": null, "ts": 1658491344.3201034}]}, "version": 177}
{"obj": {"type": "LogStrings", "path": ["monitoring", "stdout"], "values": [{"value": "\n", "step": null, "ts": 1658491344.3201034}]}, "version": 178}
{"obj": {"type": "LogStrings", "path": ["monitoring", "stdout"], "values": [{"value": "Loss of epoch 21, is 1.5122727155685425", "step": null, "ts": 1658491344.3281744}]}, "version": 179}
{"obj": {"type": "LogStrings", "path": ["monitoring", "stdout"], "values": [{"value": "\n", "step": null, "ts": 1658491344.3281744}]}, "version": 180}
{"obj": {"type": "LogFloats", "path": ["Val", "accu"], "values": [{"value": 0.9484770569620253, "step": null, "ts": 1658491344.3281744}]}, "version": 181}
{"obj": {"type": "LogFloats", "path": ["Val", "loss"], "values": [{"value": 1.5122727155685425, "step": null, "ts": 1658491344.3281744}]}, "version": 182}
{"obj": {"type": "LogFloats", "path": ["monitoring", "cpu"], "values": [{"value": 54.1, "step": null, "ts": 1658491351.1541038}]}, "version": 183}
{"obj": {"type": "LogFloats", "path": ["monitoring", "memory"], "values": [{"value": 12.205577850341797, "step": null, "ts": 1658491351.1541038}]}, "version": 184}
{"obj": {"type": "LogStrings", "path": ["monitoring", "stdout"], "values": [{"value": "Accuracy of epoch 22, is 0.9493670886075949", "step": null, "ts": 1658491353.5619261}]}, "version": 185}
{"obj": {"type": "LogStrings", "path": ["monitoring", "stdout"], "values": [{"value": "\n", "step": null, "ts": 1658491353.5619261}]}, "version": 186}
{"obj": {"type": "LogStrings", "path": ["monitoring", "stdout"], "values": [{"value": "Loss of epoch 22, is 1.5106526613235474", "step": null, "ts": 1658491353.5619261}]}, "version": 187}
{"obj": {"type": "LogStrings", "path": ["monitoring", "stdout"], "values": [{"value": "\n", "step": null, "ts": 1658491353.5619261}]}, "version": 188}
{"obj": {"type": "LogFloats", "path": ["Val", "accu"], "values": [{"value": 0.9493670886075949, "step": null, "ts": 1658491353.5619261}]}, "version": 189}
{"obj": {"type": "LogFloats", "path": ["Val", "loss"], "values": [{"value": 1.5106526613235474, "step": null, "ts": 1658491353.5619261}]}, "version": 190}
{"obj": {"type": "LogFloats", "path": ["monitoring", "cpu"], "values": [{"value": 57.0, "step": null, "ts": 1658491361.159943}]}, "version": 191}
{"obj": {"type": "LogFloats", "path": ["monitoring", "memory"], "values": [{"value": 12.263389587402344, "step": null, "ts": 1658491361.159943}]}, "version": 192}
{"obj": {"type": "LogStrings", "path": ["monitoring", "stdout"], "values": [{"value": "Accuracy of epoch 23, is 0.9494659810126582", "step": null, "ts": 1658491363.1044238}]}, "version": 193}
{"obj": {"type": "LogStrings", "path": ["monitoring", "stdout"], "values": [{"value": "\n", "step": null, "ts": 1658491363.1200483}]}, "version": 194}
{"obj": {"type": "LogStrings", "path": ["monitoring", "stdout"], "values": [{"value": "Loss of epoch 23, is 1.5104727745056152", "step": null, "ts": 1658491363.1200483}]}, "version": 195}
{"obj": {"type": "LogStrings", "path": ["monitoring", "stdout"], "values": [{"value": "\n", "step": null, "ts": 1658491363.1200483}]}, "version": 196}
{"obj": {"type": "LogFloats", "path": ["Val", "accu"], "values": [{"value": 0.9494659810126582, "step": null, "ts": 1658491363.1200483}]}, "version": 197}
{"obj": {"type": "LogFloats", "path": ["Val", "loss"], "values": [{"value": 1.5104727745056152, "step": null, "ts": 1658491363.1200483}]}, "version": 198}
{"obj": {"type": "LogFloats", "path": ["monitoring", "cpu"], "values": [{"value": 58.1, "step": null, "ts": 1658491371.1724904}]}, "version": 199}
{"obj": {"type": "LogFloats", "path": ["monitoring", "memory"], "values": [{"value": 12.25589370727539, "step": null, "ts": 1658491371.1724904}]}, "version": 200}
{"obj": {"type": "LogStrings", "path": ["monitoring", "stdout"], "values": [{"value": "Accuracy of epoch 24, is 0.9512460443037974", "step": null, "ts": 1658491373.2541494}]}, "version": 201}
{"obj": {"type": "LogStrings", "path": ["monitoring", "stdout"], "values": [{"value": "\n", "step": null, "ts": 1658491373.2541494}]}, "version": 202}
{"obj": {"type": "LogStrings", "path": ["monitoring", "stdout"], "values": [{"value": "Loss of epoch 24, is 1.5086926221847534", "step": null, "ts": 1658491373.2541494}]}, "version": 203}
{"obj": {"type": "LogStrings", "path": ["monitoring", "stdout"], "values": [{"value": "\n", "step": null, "ts": 1658491373.2541494}]}, "version": 204}
{"obj": {"type": "LogFloats", "path": ["Val", "accu"], "values": [{"value": 0.9512460443037974, "step": null, "ts": 1658491373.2541494}]}, "version": 205}
{"obj": {"type": "LogFloats", "path": ["Val", "loss"], "values": [{"value": 1.5086926221847534, "step": null, "ts": 1658491373.26221}]}, "version": 206}
{"obj": {"type": "LogFloats", "path": ["monitoring", "cpu"], "values": [{"value": 60.2, "step": null, "ts": 1658491381.1834588}]}, "version": 207}
{"obj": {"type": "LogFloats", "path": ["monitoring", "memory"], "values": [{"value": 12.308586120605469, "step": null, "ts": 1658491381.1834588}]}, "version": 208}
{"obj": {"type": "LogStrings", "path": ["monitoring", "stdout"], "values": [{"value": "Accuracy of epoch 25, is 0.9502571202531646", "step": null, "ts": 1658491383.3210425}]}, "version": 209}
{"obj": {"type": "LogStrings", "path": ["monitoring", "stdout"], "values": [{"value": "\n", "step": null, "ts": 1658491383.3210425}]}, "version": 210}
{"obj": {"type": "LogStrings", "path": ["monitoring", "stdout"], "values": [{"value": "Loss of epoch 25, is 1.5094090700149536", "step": null, "ts": 1658491383.3210425}]}, "version": 211}
{"obj": {"type": "LogStrings", "path": ["monitoring", "stdout"], "values": [{"value": "\n", "step": null, "ts": 1658491383.3210425}]}, "version": 212}
{"obj": {"type": "LogFloats", "path": ["Val", "accu"], "values": [{"value": 0.9502571202531646, "step": null, "ts": 1658491383.3210425}]}, "version": 213}
{"obj": {"type": "LogFloats", "path": ["Val", "loss"], "values": [{"value": 1.5094090700149536, "step": null, "ts": 1658491383.3210425}]}, "version": 214}
{"obj": {"type": "LogFloats", "path": ["monitoring", "cpu"], "values": [{"value": 57.1, "step": null, "ts": 1658491391.1916997}]}, "version": 215}
{"obj": {"type": "LogFloats", "path": ["monitoring", "memory"], "values": [{"value": 12.298664093017578, "step": null, "ts": 1658491391.1916997}]}, "version": 216}
{"obj": {"type": "LogStrings", "path": ["monitoring", "stdout"], "values": [{"value": "Accuracy of epoch 26, is 0.9518393987341772", "step": null, "ts": 1658491393.2930202}]}, "version": 217}
{"obj": {"type": "LogStrings", "path": ["monitoring", "stdout"], "values": [{"value": "\n", "step": null, "ts": 1658491393.2930202}]}, "version": 218}
{"obj": {"type": "LogStrings", "path": ["monitoring", "stdout"], "values": [{"value": "Loss of epoch 26, is 1.508751392364502", "step": null, "ts": 1658491393.2940173}]}, "version": 219}
{"obj": {"type": "LogStrings", "path": ["monitoring", "stdout"], "values": [{"value": "\n", "step": null, "ts": 1658491393.2940173}]}, "version": 220}
{"obj": {"type": "LogFloats", "path": ["Val", "accu"], "values": [{"value": 0.9518393987341772, "step": null, "ts": 1658491393.2950163}]}, "version": 221}
{"obj": {"type": "LogFloats", "path": ["Val", "loss"], "values": [{"value": 1.508751392364502, "step": null, "ts": 1658491393.2950163}]}, "version": 222}
{"obj": {"type": "LogFloats", "path": ["monitoring", "cpu"], "values": [{"value": 60.0, "step": null, "ts": 1658491401.1966364}]}, "version": 223}
{"obj": {"type": "LogFloats", "path": ["monitoring", "memory"], "values": [{"value": 12.33968734741211, "step": null, "ts": 1658491401.1966364}]}, "version": 224}
{"obj": {"type": "LogStrings", "path": ["monitoring", "stdout"], "values": [{"value": "Accuracy of epoch 27, is 0.9522349683544303", "step": null, "ts": 1658491403.5638902}]}, "version": 225}
{"obj": {"type": "LogStrings", "path": ["monitoring", "stdout"], "values": [{"value": "\n", "step": null, "ts": 1658491403.579516}]}, "version": 226}
{"obj": {"type": "LogStrings", "path": ["monitoring", "stdout"], "values": [{"value": "Loss of epoch 27, is 1.5077012777328491", "step": null, "ts": 1658491403.579516}]}, "version": 227}
{"obj": {"type": "LogStrings", "path": ["monitoring", "stdout"], "values": [{"value": "\n", "step": null, "ts": 1658491403.579516}]}, "version": 228}
{"obj": {"type": "LogFloats", "path": ["Val", "accu"], "values": [{"value": 0.9522349683544303, "step": null, "ts": 1658491403.579516}]}, "version": 229}
{"obj": {"type": "LogFloats", "path": ["Val", "loss"], "values": [{"value": 1.5077012777328491, "step": null, "ts": 1658491403.579516}]}, "version": 230}
{"obj": {"type": "LogFloats", "path": ["monitoring", "cpu"], "values": [{"value": 60.6, "step": null, "ts": 1658491411.2096126}]}, "version": 231}
{"obj": {"type": "LogFloats", "path": ["monitoring", "memory"], "values": [{"value": 12.420845031738281, "step": null, "ts": 1658491411.2096126}]}, "version": 232}
{"obj": {"type": "LogStrings", "path": ["monitoring", "stdout"], "values": [{"value": "Accuracy of epoch 28, is 0.9528283227848101", "step": null, "ts": 1658491414.3308322}]}, "version": 233}
{"obj": {"type": "LogStrings", "path": ["monitoring", "stdout"], "values": [{"value": "\n", "step": null, "ts": 1658491414.3308322}]}, "version": 234}
{"obj": {"type": "LogStrings", "path": ["monitoring", "stdout"], "values": [{"value": "Loss of epoch 28, is 1.5079371929168701", "step": null, "ts": 1658491414.3328326}]}, "version": 235}
{"obj": {"type": "LogStrings", "path": ["monitoring", "stdout"], "values": [{"value": "\n", "step": null, "ts": 1658491414.3328326}]}, "version": 236}
{"obj": {"type": "LogFloats", "path": ["Val", "accu"], "values": [{"value": 0.9528283227848101, "step": null, "ts": 1658491414.3328326}]}, "version": 237}
{"obj": {"type": "LogFloats", "path": ["Val", "loss"], "values": [{"value": 1.5079371929168701, "step": null, "ts": 1658491414.3348324}]}, "version": 238}
{"obj": {"type": "LogFloats", "path": ["monitoring", "cpu"], "values": [{"value": 59.8, "step": null, "ts": 1658491421.2256033}]}, "version": 239}
{"obj": {"type": "LogFloats", "path": ["monitoring", "memory"], "values": [{"value": 12.443466186523438, "step": null, "ts": 1658491421.2256033}]}, "version": 240}
{"obj": {"type": "LogStrings", "path": ["monitoring", "stdout"], "values": [{"value": "Accuracy of epoch 29, is 0.9521360759493671", "step": null, "ts": 1658491423.9175446}]}, "version": 241}
{"obj": {"type": "LogStrings", "path": ["monitoring", "stdout"], "values": [{"value": "\n", "step": null, "ts": 1658491423.9175446}]}, "version": 242}
{"obj": {"type": "LogStrings", "path": ["monitoring", "stdout"], "values": [{"value": "Loss of epoch 29, is 1.5074403285980225", "step": null, "ts": 1658491423.9175446}]}, "version": 243}
{"obj": {"type": "LogStrings", "path": ["monitoring", "stdout"], "values": [{"value": "\n", "step": null, "ts": 1658491423.9175446}]}, "version": 244}
{"obj": {"type": "LogFloats", "path": ["Val", "accu"], "values": [{"value": 0.9521360759493671, "step": null, "ts": 1658491423.9175446}]}, "version": 245}
{"obj": {"type": "LogFloats", "path": ["Val", "loss"], "values": [{"value": 1.5074403285980225, "step": null, "ts": 1658491423.9175446}]}, "version": 246}
{"obj": {"type": "LogFloats", "path": ["monitoring", "cpu"], "values": [{"value": 56.7, "step": null, "ts": 1658491431.2305877}]}, "version": 247}
{"obj": {"type": "LogFloats", "path": ["monitoring", "memory"], "values": [{"value": 12.271060943603516, "step": null, "ts": 1658491431.2305877}]}, "version": 248}
{"obj": {"type": "LogStrings", "path": ["monitoring", "stdout"], "values": [{"value": "Accuracy of epoch 30, is 0.9534216772151899", "step": null, "ts": 1658491433.755651}]}, "version": 249}
{"obj": {"type": "LogStrings", "path": ["monitoring", "stdout"], "values": [{"value": "\n", "step": null, "ts": 1658491433.755651}]}, "version": 250}
{"obj": {"type": "LogStrings", "path": ["monitoring", "stdout"], "values": [{"value": "Loss of epoch 30, is 1.50681734085083", "step": null, "ts": 1658491433.756651}]}, "version": 251}
{"obj": {"type": "LogStrings", "path": ["monitoring", "stdout"], "values": [{"value": "\n", "step": null, "ts": 1658491433.7576523}]}, "version": 252}
{"obj": {"type": "LogFloats", "path": ["Val", "accu"], "values": [{"value": 0.9534216772151899, "step": null, "ts": 1658491433.7576523}]}, "version": 253}
{"obj": {"type": "LogFloats", "path": ["Val", "loss"], "values": [{"value": 1.50681734085083, "step": null, "ts": 1658491433.7576523}]}, "version": 254}
{"obj": {"type": "LogStrings", "path": ["monitoring", "stderr"], "values": [{"value": "2022/07/22 17:33:53 WARNING mlflow.utils.git_utils: Failed to import Git (the Git executable is probably not on your PATH), so Git SHA is not available. Error: Failed to initialize: Bad git executable.\nThe git executable must be specified in one of the following ways:\n    - be included in your $PATH\n    - be set via $GIT_PYTHON_GIT_EXECUTABLE\n    - explicitly set via git.refresh()\n\nAll git commands will error until this is rectified.\n\nThis initial warning can be silenced or aggravated in the future by setting the\n$GIT_PYTHON_REFRESH environment variable. Use one of the following values:\n    - quiet|q|silence|s|none|n|0: for no warning or exception\n    - warn|w|warning|1: for a printed warning\n    - error|e|raise|r|2: for a raised exception\n\nExample:\n    export GIT_PYTHON_REFRESH=quiet\n\n", "step": null, "ts": 1658491433.7726505}]}, "version": 255}
{"obj": {"type": "LogStrings", "path": ["monitoring", "stdout"], "values": [{"value": "Shutting down background jobs, please wait a moment...\n", "step": null, "ts": 1658491433.8413339}]}, "version": 256}
