{"obj": {"type": "AssignString", "path": ["sys", "name"], "value": "Untitled"}, "version": 1}
{"obj": {"type": "AssignString", "path": ["sys", "description"], "value": ""}, "version": 2}
{"obj": {"type": "AssignString", "path": ["sys", "hostname"], "value": "ALTAFKOP202"}, "version": 3}
{"obj": {"type": "AssignBool", "path": ["sys", "failed"], "value": false}, "version": 4}
{"obj": {"type": "ClearStringLog", "path": ["monitoring", "stdout"]}, "version": 5}
{"obj": {"type": "ClearStringLog", "path": ["monitoring", "stderr"]}, "version": 6}
{"obj": {"type": "AssignString", "path": ["source_code", "entrypoint"], "value": "train.py"}, "version": 7}
{"obj": {"type": "UploadFileSet", "path": ["source_code", "files"], "file_globs": ["C:\\Users\\RuturajMane\\Desktop\\public-projects\\mnist-ruturaj\\src\\train.py"], "reset": "False"}, "version": 8}
{"obj": {"type": "LogStrings", "path": ["monitoring", "stderr"], "values": [{"value": "Info (NVML): NVML Shared Library Not Found. GPU usage metrics may not be reported. For more information, see https://docs.neptune.ai/you-should-know/what-can-you-log-and-display#hardware-consumption\n", "step": null, "ts": 1658493721.4378283}]}, "version": 9}
{"obj": {"type": "ConfigFloatSeries", "path": ["monitoring", "cpu"], "min": 0.0, "max": 100.0, "unit": "%"}, "version": 10}
{"obj": {"type": "ClearFloatLog", "path": ["monitoring", "cpu"]}, "version": 11}
{"obj": {"type": "ConfigFloatSeries", "path": ["monitoring", "memory"], "min": 0.0, "max": 15.878307342529297, "unit": "GB"}, "version": 12}
{"obj": {"type": "ClearFloatLog", "path": ["monitoring", "memory"]}, "version": 13}
{"obj": {"type": "LogFloats", "path": ["monitoring", "cpu"], "values": [{"value": 14.6, "step": null, "ts": 1658493721.4416738}]}, "version": 14}
{"obj": {"type": "LogFloats", "path": ["monitoring", "memory"], "values": [{"value": 10.708930969238281, "step": null, "ts": 1658493721.4416738}]}, "version": 15}
{"obj": {"type": "AssignFloat", "path": ["Parameters", "learning_rate"], "value": 0.5}, "version": 16}
{"obj": {"type": "AssignString", "path": ["Parameters", "Optimizer"], "value": "SGD"}, "version": 17}
{"obj": {"type": "AssignInt", "path": ["Parameters", "Batch_size"], "value": 128}, "version": 18}
{"obj": {"type": "AssignInt", "path": ["Parameters", "Epochs"], "value": 25}, "version": 19}
{"obj": {"type": "AssignString", "path": ["Parameters", "Loss_fn"], "value": "cross_entropy"}, "version": 20}
{"obj": {"type": "LogStrings", "path": ["monitoring", "stdout"], "values": [{"value": "Accuracy of epoch 1, is 0.885878164556962", "step": null, "ts": 1658493728.4800177}]}, "version": 21}
{"obj": {"type": "LogStrings", "path": ["monitoring", "stdout"], "values": [{"value": "\n", "step": null, "ts": 1658493728.4838994}]}, "version": 22}
{"obj": {"type": "LogStrings", "path": ["monitoring", "stdout"], "values": [{"value": "Loss of epoch 1, is 1.610291600227356", "step": null, "ts": 1658493728.4849017}]}, "version": 23}
{"obj": {"type": "LogStrings", "path": ["monitoring", "stdout"], "values": [{"value": "\n", "step": null, "ts": 1658493728.4849017}]}, "version": 24}
{"obj": {"type": "LogFloats", "path": ["Val", "accu"], "values": [{"value": 0.885878164556962, "step": null, "ts": 1658493728.4849017}]}, "version": 25}
{"obj": {"type": "LogFloats", "path": ["Val", "loss"], "values": [{"value": 1.610291600227356, "step": null, "ts": 1658493728.4859014}]}, "version": 26}
{"obj": {"type": "LogFloats", "path": ["monitoring", "cpu"], "values": [{"value": 54.8, "step": null, "ts": 1658493731.4581726}]}, "version": 27}
{"obj": {"type": "LogFloats", "path": ["monitoring", "memory"], "values": [{"value": 10.74666976928711, "step": null, "ts": 1658493731.4581726}]}, "version": 28}
{"obj": {"type": "LogStrings", "path": ["monitoring", "stdout"], "values": [{"value": "Accuracy of epoch 2, is 0.8971518987341772", "step": null, "ts": 1658493735.8623497}]}, "version": 29}
{"obj": {"type": "LogStrings", "path": ["monitoring", "stdout"], "values": [{"value": "\n", "step": null, "ts": 1658493735.8623497}]}, "version": 30}
{"obj": {"type": "LogStrings", "path": ["monitoring", "stdout"], "values": [{"value": "Loss of epoch 2, is 1.574636459350586", "step": null, "ts": 1658493735.863357}]}, "version": 31}
{"obj": {"type": "LogStrings", "path": ["monitoring", "stdout"], "values": [{"value": "\n", "step": null, "ts": 1658493735.8638446}]}, "version": 32}
{"obj": {"type": "LogFloats", "path": ["Val", "accu"], "values": [{"value": 0.8971518987341772, "step": null, "ts": 1658493735.8638446}]}, "version": 33}
{"obj": {"type": "LogFloats", "path": ["Val", "loss"], "values": [{"value": 1.574636459350586, "step": null, "ts": 1658493735.8638446}]}, "version": 34}
{"obj": {"type": "LogFloats", "path": ["monitoring", "cpu"], "values": [{"value": 65.7, "step": null, "ts": 1658493741.4691813}]}, "version": 35}
{"obj": {"type": "LogFloats", "path": ["monitoring", "memory"], "values": [{"value": 10.75286865234375, "step": null, "ts": 1658493741.4691813}]}, "version": 36}
{"obj": {"type": "LogFloats", "path": ["monitoring", "cpu"], "values": [{"value": 69.2, "step": null, "ts": 1658493751.4768329}]}, "version": 37}
{"obj": {"type": "LogFloats", "path": ["monitoring", "memory"], "values": [{"value": 10.78097152709961, "step": null, "ts": 1658493751.4768329}]}, "version": 38}
{"obj": {"type": "LogStrings", "path": ["monitoring", "stdout"], "values": [{"value": "Accuracy of epoch 3, is 0.9050632911392406", "step": null, "ts": 1658493752.7508652}]}, "version": 39}
{"obj": {"type": "LogStrings", "path": ["monitoring", "stdout"], "values": [{"value": "\n", "step": null, "ts": 1658493752.7523866}]}, "version": 40}
{"obj": {"type": "LogStrings", "path": ["monitoring", "stdout"], "values": [{"value": "Loss of epoch 3, is 1.5623818635940552", "step": null, "ts": 1658493752.7546372}]}, "version": 41}
{"obj": {"type": "LogStrings", "path": ["monitoring", "stdout"], "values": [{"value": "\n", "step": null, "ts": 1658493752.7546372}]}, "version": 42}
{"obj": {"type": "LogFloats", "path": ["Val", "accu"], "values": [{"value": 0.9050632911392406, "step": null, "ts": 1658493752.7556362}]}, "version": 43}
{"obj": {"type": "LogFloats", "path": ["Val", "loss"], "values": [{"value": 1.5623818635940552, "step": null, "ts": 1658493752.7566364}]}, "version": 44}
{"obj": {"type": "LogFloats", "path": ["monitoring", "cpu"], "values": [{"value": 64.9, "step": null, "ts": 1658493761.4852598}]}, "version": 45}
{"obj": {"type": "LogFloats", "path": ["monitoring", "memory"], "values": [{"value": 10.763065338134766, "step": null, "ts": 1658493761.4852598}]}, "version": 46}
{"obj": {"type": "LogFloats", "path": ["monitoring", "cpu"], "values": [{"value": 62.3, "step": null, "ts": 1658493771.4910567}]}, "version": 47}
{"obj": {"type": "LogFloats", "path": ["monitoring", "memory"], "values": [{"value": 10.762931823730469, "step": null, "ts": 1658493771.4910567}]}, "version": 48}
{"obj": {"type": "LogStrings", "path": ["monitoring", "stdout"], "values": [{"value": "Accuracy of epoch 4, is 0.9122824367088608", "step": null, "ts": 1658493774.195753}]}, "version": 49}
{"obj": {"type": "LogStrings", "path": ["monitoring", "stdout"], "values": [{"value": "\n", "step": null, "ts": 1658493774.195753}]}, "version": 50}
{"obj": {"type": "LogStrings", "path": ["monitoring", "stdout"], "values": [{"value": "Loss of epoch 4, is 1.552407145500183", "step": null, "ts": 1658493774.1985085}]}, "version": 51}
{"obj": {"type": "LogStrings", "path": ["monitoring", "stdout"], "values": [{"value": "\n", "step": null, "ts": 1658493774.1985085}]}, "version": 52}
{"obj": {"type": "LogFloats", "path": ["Val", "accu"], "values": [{"value": 0.9122824367088608, "step": null, "ts": 1658493774.2004213}]}, "version": 53}
{"obj": {"type": "LogFloats", "path": ["Val", "loss"], "values": [{"value": 1.552407145500183, "step": null, "ts": 1658493774.20143}]}, "version": 54}
{"obj": {"type": "LogFloats", "path": ["monitoring", "cpu"], "values": [{"value": 61.4, "step": null, "ts": 1658493781.5000184}]}, "version": 55}
{"obj": {"type": "LogFloats", "path": ["monitoring", "memory"], "values": [{"value": 10.825599670410156, "step": null, "ts": 1658493781.5000184}]}, "version": 56}
{"obj": {"type": "LogStrings", "path": ["monitoring", "stdout"], "values": [{"value": "Accuracy of epoch 5, is 0.9168314873417721", "step": null, "ts": 1658493783.3480732}]}, "version": 57}
{"obj": {"type": "LogStrings", "path": ["monitoring", "stdout"], "values": [{"value": "\n", "step": null, "ts": 1658493783.3547676}]}, "version": 58}
{"obj": {"type": "LogStrings", "path": ["monitoring", "stdout"], "values": [{"value": "Loss of epoch 5, is 1.546464443206787", "step": null, "ts": 1658493783.3557706}]}, "version": 59}
{"obj": {"type": "LogStrings", "path": ["monitoring", "stdout"], "values": [{"value": "\n", "step": null, "ts": 1658493783.3557706}]}, "version": 60}
{"obj": {"type": "LogFloats", "path": ["Val", "accu"], "values": [{"value": 0.9168314873417721, "step": null, "ts": 1658493783.3557706}]}, "version": 61}
{"obj": {"type": "LogFloats", "path": ["Val", "loss"], "values": [{"value": 1.546464443206787, "step": null, "ts": 1658493783.3557706}]}, "version": 62}
{"obj": {"type": "LogFloats", "path": ["monitoring", "cpu"], "values": [{"value": 62.3, "step": null, "ts": 1658493791.5025115}]}, "version": 63}
{"obj": {"type": "LogFloats", "path": ["monitoring", "memory"], "values": [{"value": 10.83407211303711, "step": null, "ts": 1658493791.5025115}]}, "version": 64}
{"obj": {"type": "LogStrings", "path": ["monitoring", "stdout"], "values": [{"value": "Accuracy of epoch 6, is 0.9223694620253164", "step": null, "ts": 1658493796.6381955}]}, "version": 65}
{"obj": {"type": "LogStrings", "path": ["monitoring", "stdout"], "values": [{"value": "\n", "step": null, "ts": 1658493796.639195}]}, "version": 66}
{"obj": {"type": "LogStrings", "path": ["monitoring", "stdout"], "values": [{"value": "Loss of epoch 6, is 1.5415688753128052", "step": null, "ts": 1658493796.640202}]}, "version": 67}
{"obj": {"type": "LogStrings", "path": ["monitoring", "stdout"], "values": [{"value": "\n", "step": null, "ts": 1658493796.640202}]}, "version": 68}
{"obj": {"type": "LogFloats", "path": ["Val", "accu"], "values": [{"value": 0.9223694620253164, "step": null, "ts": 1658493796.641197}]}, "version": 69}
{"obj": {"type": "LogFloats", "path": ["Val", "loss"], "values": [{"value": 1.5415688753128052, "step": null, "ts": 1658493796.6421952}]}, "version": 70}
{"obj": {"type": "LogFloats", "path": ["monitoring", "cpu"], "values": [{"value": 62.8, "step": null, "ts": 1658493801.5207458}]}, "version": 71}
{"obj": {"type": "LogFloats", "path": ["monitoring", "memory"], "values": [{"value": 10.848155975341797, "step": null, "ts": 1658493801.5207458}]}, "version": 72}
{"obj": {"type": "LogFloats", "path": ["monitoring", "cpu"], "values": [{"value": 57.0, "step": null, "ts": 1658493811.538025}]}, "version": 73}
{"obj": {"type": "LogFloats", "path": ["monitoring", "memory"], "values": [{"value": 10.855159759521484, "step": null, "ts": 1658493811.538025}]}, "version": 74}
{"obj": {"type": "LogStrings", "path": ["monitoring", "stdout"], "values": [{"value": "Accuracy of epoch 7, is 0.9233583860759493", "step": null, "ts": 1658493818.0764842}]}, "version": 75}
{"obj": {"type": "LogStrings", "path": ["monitoring", "stdout"], "values": [{"value": "\n", "step": null, "ts": 1658493818.076718}]}, "version": 76}
{"obj": {"type": "LogStrings", "path": ["monitoring", "stdout"], "values": [{"value": "Loss of epoch 7, is 1.5385181903839111", "step": null, "ts": 1658493818.079308}]}, "version": 77}
{"obj": {"type": "LogStrings", "path": ["monitoring", "stdout"], "values": [{"value": "\n", "step": null, "ts": 1658493818.079308}]}, "version": 78}
{"obj": {"type": "LogFloats", "path": ["Val", "accu"], "values": [{"value": 0.9233583860759493, "step": null, "ts": 1658493818.0809815}]}, "version": 79}
{"obj": {"type": "LogFloats", "path": ["Val", "loss"], "values": [{"value": 1.5385181903839111, "step": null, "ts": 1658493818.081978}]}, "version": 80}
{"obj": {"type": "LogFloats", "path": ["monitoring", "cpu"], "values": [{"value": 63.2, "step": null, "ts": 1658493821.541499}]}, "version": 81}
{"obj": {"type": "LogFloats", "path": ["monitoring", "memory"], "values": [{"value": 10.905078887939453, "step": null, "ts": 1658493821.541499}]}, "version": 82}
{"obj": {"type": "LogFloats", "path": ["monitoring", "cpu"], "values": [{"value": 56.8, "step": null, "ts": 1658493831.5458584}]}, "version": 83}
{"obj": {"type": "LogFloats", "path": ["monitoring", "memory"], "values": [{"value": 10.894832611083984, "step": null, "ts": 1658493831.5458584}]}, "version": 84}
{"obj": {"type": "LogStrings", "path": ["monitoring", "stdout"], "values": [{"value": "Accuracy of epoch 8, is 0.9284018987341772", "step": null, "ts": 1658493838.979993}]}, "version": 85}
{"obj": {"type": "LogStrings", "path": ["monitoring", "stdout"], "values": [{"value": "\n", "step": null, "ts": 1658493838.9810479}]}, "version": 86}
{"obj": {"type": "LogStrings", "path": ["monitoring", "stdout"], "values": [{"value": "Loss of epoch 8, is 1.5343483686447144", "step": null, "ts": 1658493838.9820585}]}, "version": 87}
{"obj": {"type": "LogStrings", "path": ["monitoring", "stdout"], "values": [{"value": "\n", "step": null, "ts": 1658493838.9831145}]}, "version": 88}
{"obj": {"type": "LogFloats", "path": ["Val", "accu"], "values": [{"value": 0.9284018987341772, "step": null, "ts": 1658493838.9837406}]}, "version": 89}
{"obj": {"type": "LogFloats", "path": ["Val", "loss"], "values": [{"value": 1.5343483686447144, "step": null, "ts": 1658493838.9849715}]}, "version": 90}
{"obj": {"type": "LogFloats", "path": ["monitoring", "cpu"], "values": [{"value": 63.5, "step": null, "ts": 1658493841.5488603}]}, "version": 91}
{"obj": {"type": "LogFloats", "path": ["monitoring", "memory"], "values": [{"value": 10.988288879394531, "step": null, "ts": 1658493841.5488603}]}, "version": 92}
{"obj": {"type": "LogFloats", "path": ["monitoring", "cpu"], "values": [{"value": 66.7, "step": null, "ts": 1658493851.5590978}]}, "version": 93}
{"obj": {"type": "LogFloats", "path": ["monitoring", "memory"], "values": [{"value": 10.956600189208984, "step": null, "ts": 1658493851.5590978}]}, "version": 94}
{"obj": {"type": "LogStrings", "path": ["monitoring", "stdout"], "values": [{"value": "Accuracy of epoch 9, is 0.9298852848101266", "step": null, "ts": 1658493859.1143792}]}, "version": 95}
{"obj": {"type": "LogStrings", "path": ["monitoring", "stdout"], "values": [{"value": "\n", "step": null, "ts": 1658493859.1143792}]}, "version": 96}
{"obj": {"type": "LogStrings", "path": ["monitoring", "stdout"], "values": [{"value": "Loss of epoch 9, is 1.5322226285934448", "step": null, "ts": 1658493859.1163788}]}, "version": 97}
{"obj": {"type": "LogStrings", "path": ["monitoring", "stdout"], "values": [{"value": "\n", "step": null, "ts": 1658493859.1163788}]}, "version": 98}
{"obj": {"type": "LogFloats", "path": ["Val", "accu"], "values": [{"value": 0.9298852848101266, "step": null, "ts": 1658493859.1163788}]}, "version": 99}
{"obj": {"type": "LogFloats", "path": ["Val", "loss"], "values": [{"value": 1.5322226285934448, "step": null, "ts": 1658493859.1173785}]}, "version": 100}
{"obj": {"type": "LogFloats", "path": ["monitoring", "cpu"], "values": [{"value": 66.5, "step": null, "ts": 1658493861.5753136}]}, "version": 101}
{"obj": {"type": "LogFloats", "path": ["monitoring", "memory"], "values": [{"value": 10.924068450927734, "step": null, "ts": 1658493861.5753136}]}, "version": 102}
{"obj": {"type": "LogFloats", "path": ["monitoring", "cpu"], "values": [{"value": 57.7, "step": null, "ts": 1658493871.5774755}]}, "version": 103}
{"obj": {"type": "LogFloats", "path": ["monitoring", "memory"], "values": [{"value": 10.902839660644531, "step": null, "ts": 1658493871.5774755}]}, "version": 104}
{"obj": {"type": "LogStrings", "path": ["monitoring", "stdout"], "values": [{"value": "Accuracy of epoch 10, is 0.9330498417721519", "step": null, "ts": 1658493880.5112128}]}, "version": 105}
{"obj": {"type": "LogStrings", "path": ["monitoring", "stdout"], "values": [{"value": "\n", "step": null, "ts": 1658493880.5122118}]}, "version": 106}
{"obj": {"type": "LogStrings", "path": ["monitoring", "stdout"], "values": [{"value": "Loss of epoch 10, is 1.5292298793792725", "step": null, "ts": 1658493880.5125022}]}, "version": 107}
{"obj": {"type": "LogStrings", "path": ["monitoring", "stdout"], "values": [{"value": "\n", "step": null, "ts": 1658493880.5125022}]}, "version": 108}
{"obj": {"type": "LogFloats", "path": ["Val", "accu"], "values": [{"value": 0.9330498417721519, "step": null, "ts": 1658493880.5135012}]}, "version": 109}
{"obj": {"type": "LogFloats", "path": ["Val", "loss"], "values": [{"value": 1.5292298793792725, "step": null, "ts": 1658493880.5135012}]}, "version": 110}
{"obj": {"type": "LogFloats", "path": ["monitoring", "cpu"], "values": [{"value": 61.4, "step": null, "ts": 1658493881.5829363}]}, "version": 111}
{"obj": {"type": "LogFloats", "path": ["monitoring", "memory"], "values": [{"value": 10.93044662475586, "step": null, "ts": 1658493881.5829363}]}, "version": 112}
{"obj": {"type": "LogFloats", "path": ["monitoring", "cpu"], "values": [{"value": 60.3, "step": null, "ts": 1658493891.5921032}]}, "version": 113}
{"obj": {"type": "LogFloats", "path": ["monitoring", "memory"], "values": [{"value": 10.949493408203125, "step": null, "ts": 1658493891.5921032}]}, "version": 114}
{"obj": {"type": "LogStrings", "path": ["monitoring", "stdout"], "values": [{"value": "Accuracy of epoch 11, is 0.9325553797468354", "step": null, "ts": 1658493901.5870464}]}, "version": 115}
{"obj": {"type": "LogStrings", "path": ["monitoring", "stdout"], "values": [{"value": "\n", "step": null, "ts": 1658493901.5884798}]}, "version": 116}
{"obj": {"type": "LogStrings", "path": ["monitoring", "stdout"], "values": [{"value": "Loss of epoch 11, is 1.527848243713379", "step": null, "ts": 1658493901.5911899}]}, "version": 117}
{"obj": {"type": "LogStrings", "path": ["monitoring", "stdout"], "values": [{"value": "\n", "step": null, "ts": 1658493901.5916648}]}, "version": 118}
{"obj": {"type": "LogFloats", "path": ["Val", "accu"], "values": [{"value": 0.9325553797468354, "step": null, "ts": 1658493901.5922117}]}, "version": 119}
{"obj": {"type": "LogFloats", "path": ["Val", "loss"], "values": [{"value": 1.527848243713379, "step": null, "ts": 1658493901.593386}]}, "version": 120}
{"obj": {"type": "LogFloats", "path": ["monitoring", "cpu"], "values": [{"value": 66.1, "step": null, "ts": 1658493901.6007166}]}, "version": 121}
{"obj": {"type": "LogFloats", "path": ["monitoring", "memory"], "values": [{"value": 10.97210693359375, "step": null, "ts": 1658493901.6007166}]}, "version": 122}
{"obj": {"type": "LogFloats", "path": ["monitoring", "cpu"], "values": [{"value": 61.0, "step": null, "ts": 1658493911.6110058}]}, "version": 123}
{"obj": {"type": "LogFloats", "path": ["monitoring", "memory"], "values": [{"value": 10.947303771972656, "step": null, "ts": 1658493911.6110058}]}, "version": 124}
{"obj": {"type": "LogFloats", "path": ["monitoring", "cpu"], "values": [{"value": 58.3, "step": null, "ts": 1658493921.6255255}]}, "version": 125}
{"obj": {"type": "LogFloats", "path": ["monitoring", "memory"], "values": [{"value": 10.946125030517578, "step": null, "ts": 1658493921.6255255}]}, "version": 126}
{"obj": {"type": "LogStrings", "path": ["monitoring", "stdout"], "values": [{"value": "Accuracy of epoch 12, is 0.9366099683544303", "step": null, "ts": 1658493923.0077806}]}, "version": 127}
{"obj": {"type": "LogStrings", "path": ["monitoring", "stdout"], "values": [{"value": "\n", "step": null, "ts": 1658493923.0077806}]}, "version": 128}
{"obj": {"type": "LogStrings", "path": ["monitoring", "stdout"], "values": [{"value": "Loss of epoch 12, is 1.5257474184036255", "step": null, "ts": 1658493923.0077806}]}, "version": 129}
{"obj": {"type": "LogStrings", "path": ["monitoring", "stdout"], "values": [{"value": "\n", "step": null, "ts": 1658493923.0077806}]}, "version": 130}
{"obj": {"type": "LogFloats", "path": ["Val", "accu"], "values": [{"value": 0.9366099683544303, "step": null, "ts": 1658493923.0077806}]}, "version": 131}
{"obj": {"type": "LogFloats", "path": ["Val", "loss"], "values": [{"value": 1.5257474184036255, "step": null, "ts": 1658493923.01587}]}, "version": 132}
{"obj": {"type": "LogFloats", "path": ["monitoring", "cpu"], "values": [{"value": 58.5, "step": null, "ts": 1658493931.6322393}]}, "version": 133}
{"obj": {"type": "LogFloats", "path": ["monitoring", "memory"], "values": [{"value": 10.965118408203125, "step": null, "ts": 1658493931.6322393}]}, "version": 134}
{"obj": {"type": "LogFloats", "path": ["monitoring", "cpu"], "values": [{"value": 61.1, "step": null, "ts": 1658493941.6379323}]}, "version": 135}
{"obj": {"type": "LogFloats", "path": ["monitoring", "memory"], "values": [{"value": 11.022369384765625, "step": null, "ts": 1658493941.6379323}]}, "version": 136}
{"obj": {"type": "LogStrings", "path": ["monitoring", "stdout"], "values": [{"value": "Accuracy of epoch 13, is 0.9376977848101266", "step": null, "ts": 1658493944.2741492}]}, "version": 137}
{"obj": {"type": "LogStrings", "path": ["monitoring", "stdout"], "values": [{"value": "\n", "step": null, "ts": 1658493944.2741492}]}, "version": 138}
{"obj": {"type": "LogStrings", "path": ["monitoring", "stdout"], "values": [{"value": "Loss of epoch 13, is 1.5240622758865356", "step": null, "ts": 1658493944.2741492}]}, "version": 139}
{"obj": {"type": "LogStrings", "path": ["monitoring", "stdout"], "values": [{"value": "\n", "step": null, "ts": 1658493944.2741492}]}, "version": 140}
{"obj": {"type": "LogFloats", "path": ["Val", "accu"], "values": [{"value": 0.9376977848101266, "step": null, "ts": 1658493944.2741492}]}, "version": 141}
{"obj": {"type": "LogFloats", "path": ["Val", "loss"], "values": [{"value": 1.5240622758865356, "step": null, "ts": 1658493944.2741492}]}, "version": 142}
{"obj": {"type": "LogFloats", "path": ["monitoring", "cpu"], "values": [{"value": 63.2, "step": null, "ts": 1658493951.640146}]}, "version": 143}
{"obj": {"type": "LogFloats", "path": ["monitoring", "memory"], "values": [{"value": 11.040031433105469, "step": null, "ts": 1658493951.640146}]}, "version": 144}
{"obj": {"type": "LogFloats", "path": ["monitoring", "cpu"], "values": [{"value": 69.0, "step": null, "ts": 1658493961.6504395}]}, "version": 145}
{"obj": {"type": "LogFloats", "path": ["monitoring", "memory"], "values": [{"value": 11.00876235961914, "step": null, "ts": 1658493961.6504395}]}, "version": 146}
{"obj": {"type": "LogStrings", "path": ["monitoring", "stdout"], "values": [{"value": "Accuracy of epoch 14, is 0.9387856012658228", "step": null, "ts": 1658493964.581425}]}, "version": 147}
{"obj": {"type": "LogStrings", "path": ["monitoring", "stdout"], "values": [{"value": "\n", "step": null, "ts": 1658493964.581425}]}, "version": 148}
{"obj": {"type": "LogStrings", "path": ["monitoring", "stdout"], "values": [{"value": "Loss of epoch 14, is 1.522714614868164", "step": null, "ts": 1658493964.5829856}]}, "version": 149}
{"obj": {"type": "LogStrings", "path": ["monitoring", "stdout"], "values": [{"value": "\n", "step": null, "ts": 1658493964.5829856}]}, "version": 150}
{"obj": {"type": "LogFloats", "path": ["Val", "accu"], "values": [{"value": 0.9387856012658228, "step": null, "ts": 1658493964.5829856}]}, "version": 151}
{"obj": {"type": "LogFloats", "path": ["Val", "loss"], "values": [{"value": 1.522714614868164, "step": null, "ts": 1658493964.5848856}]}, "version": 152}
{"obj": {"type": "LogFloats", "path": ["monitoring", "cpu"], "values": [{"value": 70.2, "step": null, "ts": 1658493971.6574914}]}, "version": 153}
{"obj": {"type": "LogFloats", "path": ["monitoring", "memory"], "values": [{"value": 11.040966033935547, "step": null, "ts": 1658493971.6574914}]}, "version": 154}
{"obj": {"type": "LogFloats", "path": ["monitoring", "cpu"], "values": [{"value": 66.6, "step": null, "ts": 1658493981.664704}]}, "version": 155}
{"obj": {"type": "LogFloats", "path": ["monitoring", "memory"], "values": [{"value": 11.02252197265625, "step": null, "ts": 1658493981.664704}]}, "version": 156}
{"obj": {"type": "LogStrings", "path": ["monitoring", "stdout"], "values": [{"value": "Accuracy of epoch 15, is 0.9408623417721519", "step": null, "ts": 1658493985.6436195}]}, "version": 157}
{"obj": {"type": "LogStrings", "path": ["monitoring", "stdout"], "values": [{"value": "\n", "step": null, "ts": 1658493985.6436195}]}, "version": 158}
{"obj": {"type": "LogStrings", "path": ["monitoring", "stdout"], "values": [{"value": "Loss of epoch 15, is 1.5214884281158447", "step": null, "ts": 1658493985.6436195}]}, "version": 159}
{"obj": {"type": "LogStrings", "path": ["monitoring", "stdout"], "values": [{"value": "\n", "step": null, "ts": 1658493985.6436195}]}, "version": 160}
{"obj": {"type": "LogFloats", "path": ["Val", "accu"], "values": [{"value": 0.9408623417721519, "step": null, "ts": 1658493985.6436195}]}, "version": 161}
{"obj": {"type": "LogFloats", "path": ["Val", "loss"], "values": [{"value": 1.5214884281158447, "step": null, "ts": 1658493985.6436195}]}, "version": 162}
{"obj": {"type": "LogFloats", "path": ["monitoring", "cpu"], "values": [{"value": 65.7, "step": null, "ts": 1658493991.6811547}]}, "version": 163}
{"obj": {"type": "LogFloats", "path": ["monitoring", "memory"], "values": [{"value": 11.049625396728516, "step": null, "ts": 1658493991.6811547}]}, "version": 164}
{"obj": {"type": "LogFloats", "path": ["monitoring", "cpu"], "values": [{"value": 69.4, "step": null, "ts": 1658494001.6918278}]}, "version": 165}
{"obj": {"type": "LogFloats", "path": ["monitoring", "memory"], "values": [{"value": 11.085926055908203, "step": null, "ts": 1658494001.6918278}]}, "version": 166}
{"obj": {"type": "LogStrings", "path": ["monitoring", "stdout"], "values": [{"value": "Accuracy of epoch 16, is 0.9416534810126582", "step": null, "ts": 1658494006.518292}]}, "version": 167}
{"obj": {"type": "LogStrings", "path": ["monitoring", "stdout"], "values": [{"value": "\n", "step": null, "ts": 1658494006.518292}]}, "version": 168}
{"obj": {"type": "LogStrings", "path": ["monitoring", "stdout"], "values": [{"value": "Loss of epoch 16, is 1.519910216331482", "step": null, "ts": 1658494006.526147}]}, "version": 169}
{"obj": {"type": "LogStrings", "path": ["monitoring", "stdout"], "values": [{"value": "\n", "step": null, "ts": 1658494006.5271895}]}, "version": 170}
{"obj": {"type": "LogFloats", "path": ["Val", "accu"], "values": [{"value": 0.9416534810126582, "step": null, "ts": 1658494006.5271895}]}, "version": 171}
{"obj": {"type": "LogFloats", "path": ["Val", "loss"], "values": [{"value": 1.519910216331482, "step": null, "ts": 1658494006.5292964}]}, "version": 172}
{"obj": {"type": "LogFloats", "path": ["monitoring", "cpu"], "values": [{"value": 68.0, "step": null, "ts": 1658494011.7025428}]}, "version": 173}
{"obj": {"type": "LogFloats", "path": ["monitoring", "memory"], "values": [{"value": 11.126449584960938, "step": null, "ts": 1658494011.7025428}]}, "version": 174}
{"obj": {"type": "LogFloats", "path": ["monitoring", "cpu"], "values": [{"value": 66.8, "step": null, "ts": 1658494021.7097065}]}, "version": 175}
{"obj": {"type": "LogFloats", "path": ["monitoring", "memory"], "values": [{"value": 11.096050262451172, "step": null, "ts": 1658494021.7097065}]}, "version": 176}
{"obj": {"type": "LogStrings", "path": ["monitoring", "stdout"], "values": [{"value": "Accuracy of epoch 17, is 0.9439280063291139", "step": null, "ts": 1658494027.6314476}]}, "version": 177}
{"obj": {"type": "LogStrings", "path": ["monitoring", "stdout"], "values": [{"value": "\n", "step": null, "ts": 1658494027.6314476}]}, "version": 178}
{"obj": {"type": "LogStrings", "path": ["monitoring", "stdout"], "values": [{"value": "Loss of epoch 17, is 1.5186635255813599", "step": null, "ts": 1658494027.6390736}]}, "version": 179}
{"obj": {"type": "LogStrings", "path": ["monitoring", "stdout"], "values": [{"value": "\n", "step": null, "ts": 1658494027.6390736}]}, "version": 180}
{"obj": {"type": "LogFloats", "path": ["Val", "accu"], "values": [{"value": 0.9439280063291139, "step": null, "ts": 1658494027.6390736}]}, "version": 181}
{"obj": {"type": "LogFloats", "path": ["Val", "loss"], "values": [{"value": 1.5186635255813599, "step": null, "ts": 1658494027.6422951}]}, "version": 182}
{"obj": {"type": "LogFloats", "path": ["monitoring", "cpu"], "values": [{"value": 64.1, "step": null, "ts": 1658494031.7247107}]}, "version": 183}
{"obj": {"type": "LogFloats", "path": ["monitoring", "memory"], "values": [{"value": 11.070919036865234, "step": null, "ts": 1658494031.7247107}]}, "version": 184}
{"obj": {"type": "LogStrings", "path": ["monitoring", "stdout"], "values": [{"value": "Accuracy of epoch 18, is 0.9444224683544303", "step": null, "ts": 1658494035.9051607}]}, "version": 185}
{"obj": {"type": "LogStrings", "path": ["monitoring", "stdout"], "values": [{"value": "\n", "step": null, "ts": 1658494035.9051607}]}, "version": 186}
{"obj": {"type": "LogStrings", "path": ["monitoring", "stdout"], "values": [{"value": "Loss of epoch 18, is 1.5176959037780762", "step": null, "ts": 1658494035.9064946}]}, "version": 187}
{"obj": {"type": "LogStrings", "path": ["monitoring", "stdout"], "values": [{"value": "\n", "step": null, "ts": 1658494035.9064946}]}, "version": 188}
{"obj": {"type": "LogFloats", "path": ["Val", "accu"], "values": [{"value": 0.9444224683544303, "step": null, "ts": 1658494035.9064946}]}, "version": 189}
{"obj": {"type": "LogFloats", "path": ["Val", "loss"], "values": [{"value": 1.5176959037780762, "step": null, "ts": 1658494035.9074867}]}, "version": 190}
{"obj": {"type": "LogFloats", "path": ["monitoring", "cpu"], "values": [{"value": 58.1, "step": null, "ts": 1658494041.7406557}]}, "version": 191}
{"obj": {"type": "LogFloats", "path": ["monitoring", "memory"], "values": [{"value": 10.990493774414062, "step": null, "ts": 1658494041.7406557}]}, "version": 192}
{"obj": {"type": "LogFloats", "path": ["monitoring", "cpu"], "values": [{"value": 57.6, "step": null, "ts": 1658494051.7506032}]}, "version": 193}
{"obj": {"type": "LogFloats", "path": ["monitoring", "memory"], "values": [{"value": 11.026775360107422, "step": null, "ts": 1658494051.7506032}]}, "version": 194}
{"obj": {"type": "LogStrings", "path": ["monitoring", "stdout"], "values": [{"value": "Accuracy of epoch 19, is 0.9438291139240507", "step": null, "ts": 1658494052.8340344}]}, "version": 195}
{"obj": {"type": "LogStrings", "path": ["monitoring", "stdout"], "values": [{"value": "\n", "step": null, "ts": 1658494052.8340344}]}, "version": 196}
{"obj": {"type": "LogStrings", "path": ["monitoring", "stdout"], "values": [{"value": "Loss of epoch 19, is 1.5175461769104004", "step": null, "ts": 1658494052.8399699}]}, "version": 197}
{"obj": {"type": "LogStrings", "path": ["monitoring", "stdout"], "values": [{"value": "\n", "step": null, "ts": 1658494052.8409648}]}, "version": 198}
{"obj": {"type": "LogFloats", "path": ["Val", "accu"], "values": [{"value": 0.9438291139240507, "step": null, "ts": 1658494052.8409648}]}, "version": 199}
{"obj": {"type": "LogFloats", "path": ["Val", "loss"], "values": [{"value": 1.5175461769104004, "step": null, "ts": 1658494052.841985}]}, "version": 200}
{"obj": {"type": "LogFloats", "path": ["monitoring", "cpu"], "values": [{"value": 64.7, "step": null, "ts": 1658494061.7649193}]}, "version": 201}
{"obj": {"type": "LogFloats", "path": ["monitoring", "memory"], "values": [{"value": 11.037368774414062, "step": null, "ts": 1658494061.7649193}]}, "version": 202}
{"obj": {"type": "LogFloats", "path": ["monitoring", "cpu"], "values": [{"value": 67.3, "step": null, "ts": 1658494071.7715173}]}, "version": 203}
{"obj": {"type": "LogFloats", "path": ["monitoring", "memory"], "values": [{"value": 11.046344757080078, "step": null, "ts": 1658494071.7715173}]}, "version": 204}
{"obj": {"type": "LogStrings", "path": ["monitoring", "stdout"], "values": [{"value": "Accuracy of epoch 20, is 0.9454113924050633", "step": null, "ts": 1658494073.028485}]}, "version": 205}
{"obj": {"type": "LogStrings", "path": ["monitoring", "stdout"], "values": [{"value": "\n", "step": null, "ts": 1658494073.028485}]}, "version": 206}
{"obj": {"type": "LogStrings", "path": ["monitoring", "stdout"], "values": [{"value": "Loss of epoch 20, is 1.5167591571807861", "step": null, "ts": 1658494073.0301678}]}, "version": 207}
{"obj": {"type": "LogStrings", "path": ["monitoring", "stdout"], "values": [{"value": "\n", "step": null, "ts": 1658494073.0301678}]}, "version": 208}
{"obj": {"type": "LogFloats", "path": ["Val", "accu"], "values": [{"value": 0.9454113924050633, "step": null, "ts": 1658494073.0301678}]}, "version": 209}
{"obj": {"type": "LogFloats", "path": ["Val", "loss"], "values": [{"value": 1.5167591571807861, "step": null, "ts": 1658494073.0311682}]}, "version": 210}
{"obj": {"type": "LogStrings", "path": ["monitoring", "stdout"], "values": [{"value": "Accuracy of epoch 21, is 0.9459058544303798", "step": null, "ts": 1658494080.1619043}]}, "version": 211}
{"obj": {"type": "LogStrings", "path": ["monitoring", "stdout"], "values": [{"value": "\n", "step": null, "ts": 1658494080.1624691}]}, "version": 212}
{"obj": {"type": "LogStrings", "path": ["monitoring", "stdout"], "values": [{"value": "Loss of epoch 21, is 1.5154160261154175", "step": null, "ts": 1658494080.1639826}]}, "version": 213}
{"obj": {"type": "LogStrings", "path": ["monitoring", "stdout"], "values": [{"value": "\n", "step": null, "ts": 1658494080.1639826}]}, "version": 214}
{"obj": {"type": "LogFloats", "path": ["Val", "accu"], "values": [{"value": 0.9459058544303798, "step": null, "ts": 1658494080.1639826}]}, "version": 215}
{"obj": {"type": "LogFloats", "path": ["Val", "loss"], "values": [{"value": 1.5154160261154175, "step": null, "ts": 1658494080.164982}]}, "version": 216}
{"obj": {"type": "LogFloats", "path": ["monitoring", "cpu"], "values": [{"value": 56.5, "step": null, "ts": 1658494081.7849555}]}, "version": 217}
{"obj": {"type": "LogFloats", "path": ["monitoring", "memory"], "values": [{"value": 11.085308074951172, "step": null, "ts": 1658494081.7849555}]}, "version": 218}
{"obj": {"type": "LogStrings", "path": ["monitoring", "stdout"], "values": [{"value": "Accuracy of epoch 22, is 0.9468947784810127", "step": null, "ts": 1658494087.5569139}]}, "version": 219}
{"obj": {"type": "LogStrings", "path": ["monitoring", "stdout"], "values": [{"value": "\n", "step": null, "ts": 1658494087.5569139}]}, "version": 220}
{"obj": {"type": "LogStrings", "path": ["monitoring", "stdout"], "values": [{"value": "Loss of epoch 22, is 1.514572262763977", "step": null, "ts": 1658494087.5580268}]}, "version": 221}
{"obj": {"type": "LogStrings", "path": ["monitoring", "stdout"], "values": [{"value": "\n", "step": null, "ts": 1658494087.5580268}]}, "version": 222}
{"obj": {"type": "LogFloats", "path": ["Val", "accu"], "values": [{"value": 0.9468947784810127, "step": null, "ts": 1658494087.5590348}]}, "version": 223}
{"obj": {"type": "LogFloats", "path": ["Val", "loss"], "values": [{"value": 1.514572262763977, "step": null, "ts": 1658494087.55919}]}, "version": 224}
{"obj": {"type": "LogFloats", "path": ["monitoring", "cpu"], "values": [{"value": 55.1, "step": null, "ts": 1658494091.7964573}]}, "version": 225}
{"obj": {"type": "LogFloats", "path": ["monitoring", "memory"], "values": [{"value": 11.10443115234375, "step": null, "ts": 1658494091.7964573}]}, "version": 226}
{"obj": {"type": "LogStrings", "path": ["monitoring", "stdout"], "values": [{"value": "Accuracy of epoch 23, is 0.947685917721519", "step": null, "ts": 1658494095.1232367}]}, "version": 227}
{"obj": {"type": "LogStrings", "path": ["monitoring", "stdout"], "values": [{"value": "\n", "step": null, "ts": 1658494095.1237657}]}, "version": 228}
{"obj": {"type": "LogStrings", "path": ["monitoring", "stdout"], "values": [{"value": "Loss of epoch 23, is 1.5139321088790894", "step": null, "ts": 1658494095.1247346}]}, "version": 229}
{"obj": {"type": "LogStrings", "path": ["monitoring", "stdout"], "values": [{"value": "\n", "step": null, "ts": 1658494095.1247346}]}, "version": 230}
{"obj": {"type": "LogFloats", "path": ["Val", "accu"], "values": [{"value": 0.947685917721519, "step": null, "ts": 1658494095.1252663}]}, "version": 231}
{"obj": {"type": "LogFloats", "path": ["Val", "loss"], "values": [{"value": 1.5139321088790894, "step": null, "ts": 1658494095.1261523}]}, "version": 232}
{"obj": {"type": "LogFloats", "path": ["monitoring", "cpu"], "values": [{"value": 54.7, "step": null, "ts": 1658494101.798014}]}, "version": 233}
{"obj": {"type": "LogFloats", "path": ["monitoring", "memory"], "values": [{"value": 11.13577651977539, "step": null, "ts": 1658494101.798014}]}, "version": 234}
{"obj": {"type": "LogStrings", "path": ["monitoring", "stdout"], "values": [{"value": "Accuracy of epoch 24, is 0.9480814873417721", "step": null, "ts": 1658494102.923693}]}, "version": 235}
{"obj": {"type": "LogStrings", "path": ["monitoring", "stdout"], "values": [{"value": "\n", "step": null, "ts": 1658494102.926055}]}, "version": 236}
{"obj": {"type": "LogStrings", "path": ["monitoring", "stdout"], "values": [{"value": "Loss of epoch 24, is 1.51270592212677", "step": null, "ts": 1658494102.9271066}]}, "version": 237}
{"obj": {"type": "LogStrings", "path": ["monitoring", "stdout"], "values": [{"value": "\n", "step": null, "ts": 1658494102.9271066}]}, "version": 238}
{"obj": {"type": "LogFloats", "path": ["Val", "accu"], "values": [{"value": 0.9480814873417721, "step": null, "ts": 1658494102.9271066}]}, "version": 239}
{"obj": {"type": "LogFloats", "path": ["Val", "loss"], "values": [{"value": 1.51270592212677, "step": null, "ts": 1658494102.9280558}]}, "version": 240}
{"obj": {"type": "LogStrings", "path": ["monitoring", "stdout"], "values": [{"value": "Accuracy of epoch 25, is 0.9482792721518988", "step": null, "ts": 1658494110.7810407}]}, "version": 241}
{"obj": {"type": "LogStrings", "path": ["monitoring", "stdout"], "values": [{"value": "\n", "step": null, "ts": 1658494110.7855527}]}, "version": 242}
{"obj": {"type": "LogStrings", "path": ["monitoring", "stdout"], "values": [{"value": "Loss of epoch 25, is 1.5128430128097534", "step": null, "ts": 1658494110.7865806}]}, "version": 243}
{"obj": {"type": "LogStrings", "path": ["monitoring", "stdout"], "values": [{"value": "\n", "step": null, "ts": 1658494110.7865806}]}, "version": 244}
{"obj": {"type": "LogFloats", "path": ["Val", "accu"], "values": [{"value": 0.9482792721518988, "step": null, "ts": 1658494110.7865806}]}, "version": 245}
{"obj": {"type": "LogFloats", "path": ["Val", "loss"], "values": [{"value": 1.5128430128097534, "step": null, "ts": 1658494110.78758}]}, "version": 246}
{"obj": {"type": "LogStrings", "path": ["monitoring", "stdout"], "values": [{"value": "Shutting down background jobs, please wait a moment...\n", "step": null, "ts": 1658494110.78758}]}, "version": 247}
