{"obj": {"type": "AssignString", "path": ["sys", "name"], "value": "Untitled"}, "version": 1}
{"obj": {"type": "AssignString", "path": ["sys", "description"], "value": ""}, "version": 2}
{"obj": {"type": "AssignString", "path": ["sys", "hostname"], "value": "ALTAFKOP202"}, "version": 3}
{"obj": {"type": "AssignBool", "path": ["sys", "failed"], "value": false}, "version": 4}
{"obj": {"type": "ClearStringLog", "path": ["monitoring", "stdout"]}, "version": 5}
{"obj": {"type": "ClearStringLog", "path": ["monitoring", "stderr"]}, "version": 6}
{"obj": {"type": "AssignString", "path": ["source_code", "entrypoint"], "value": "train.py"}, "version": 7}
{"obj": {"type": "UploadFileSet", "path": ["source_code", "files"], "file_globs": ["C:\\Users\\RuturajMane\\Desktop\\MNIST_CNN\\mnist-ruturaj\\src\\train.py"], "reset": "False"}, "version": 8}
{"obj": {"type": "LogStrings", "path": ["monitoring", "stderr"], "values": [{"value": "Info (NVML): NVML Shared Library Not Found. GPU usage metrics may not be reported. For more information, see https://docs.neptune.ai/you-should-know/what-can-you-log-and-display#hardware-consumption\n", "step": null, "ts": 1661344839.828522}]}, "version": 9}
{"obj": {"type": "ConfigFloatSeries", "path": ["monitoring", "cpu"], "min": 0.0, "max": 100.0, "unit": "%"}, "version": 10}
{"obj": {"type": "ClearFloatLog", "path": ["monitoring", "cpu"]}, "version": 11}
{"obj": {"type": "ConfigFloatSeries", "path": ["monitoring", "memory"], "min": 0.0, "max": 15.878307342529297, "unit": "GB"}, "version": 12}
{"obj": {"type": "ClearFloatLog", "path": ["monitoring", "memory"]}, "version": 13}
{"obj": {"type": "LogFloats", "path": ["monitoring", "cpu"], "values": [{"value": 8.5, "step": null, "ts": 1661344839.8441627}]}, "version": 14}
{"obj": {"type": "LogFloats", "path": ["monitoring", "memory"], "values": [{"value": 9.712898254394531, "step": null, "ts": 1661344839.8441627}]}, "version": 15}
{"obj": {"type": "AssignFloat", "path": ["Parameters", "learning_rate"], "value": 0.0001}, "version": 16}
{"obj": {"type": "AssignString", "path": ["Parameters", "Optimizer"], "value": "Adam"}, "version": 17}
{"obj": {"type": "AssignInt", "path": ["Parameters", "Batch_size"], "value": 50}, "version": 18}
{"obj": {"type": "AssignInt", "path": ["Parameters", "Epochs"], "value": 2}, "version": 19}
{"obj": {"type": "AssignString", "path": ["Parameters", "Loss_fn"], "value": "cross_entropy"}, "version": 20}
{"obj": {"type": "LogFloats", "path": ["monitoring", "cpu"], "values": [{"value": 54.6, "step": null, "ts": 1661344849.8647087}]}, "version": 21}
{"obj": {"type": "LogFloats", "path": ["monitoring", "memory"], "values": [{"value": 9.721424102783203, "step": null, "ts": 1661344849.8647087}]}, "version": 22}
{"obj": {"type": "LogFloats", "path": ["monitoring", "cpu"], "values": [{"value": 54.8, "step": null, "ts": 1661344859.8676019}]}, "version": 23}
{"obj": {"type": "LogFloats", "path": ["monitoring", "memory"], "values": [{"value": 9.7120361328125, "step": null, "ts": 1661344859.8676019}]}, "version": 24}
{"obj": {"type": "LogStrings", "path": ["monitoring", "stdout"], "values": [{"value": "[5, 3, 7, 0, 1, 6, 4, 0, 6, 6, 9, 3, 2, 7, 6, 4, 4, 8, 0, 4, 3, 9, 6, 5, 9, 0, 6, 8, 9, 9, 1, 5, 6, 9, 3, 5, 6, 3, 8, 2, 7, 6, 4, 9, 8, 8, 3, 8, 9, 8]", "step": null, "ts": 1661344862.263179}]}, "version": 25}
{"obj": {"type": "LogStrings", "path": ["monitoring", "stdout"], "values": [{"value": "\n", "step": null, "ts": 1661344862.263179}]}, "version": 26}
{"obj": {"type": "LogStrings", "path": ["monitoring", "stdout"], "values": [{"value": "[5, 3, 7, 2, 1, 6, 4, 0, 6, 6, 9, 3, 4, 7, 6, 4, 4, 8, 0, 4, 3, 9, 6, 5, 3, 0, 6, 8, 9, 9, 1, 5, 6, 9, 3, 5, 6, 3, 8, 2, 7, 6, 4, 9, 0, 3, 3, 8, 9, 8]", "step": null, "ts": 1661344862.263179}]}, "version": 27}
{"obj": {"type": "LogStrings", "path": ["monitoring", "stdout"], "values": [{"value": "\n", "step": null, "ts": 1661344862.263179}]}, "version": 28}
{"obj": {"type": "LogStrings", "path": ["monitoring", "stdout"], "values": [{"value": "Accuracy of epoch 1, is 0.9", "step": null, "ts": 1661344862.263179}]}, "version": 29}
{"obj": {"type": "LogStrings", "path": ["monitoring", "stdout"], "values": [{"value": "\n", "step": null, "ts": 1661344862.263179}]}, "version": 30}
{"obj": {"type": "LogStrings", "path": ["monitoring", "stdout"], "values": [{"value": "Loss of epoch 1, is 0.4654051661491394", "step": null, "ts": 1661344862.263179}]}, "version": 31}
{"obj": {"type": "LogStrings", "path": ["monitoring", "stdout"], "values": [{"value": "\n", "step": null, "ts": 1661344862.263179}]}, "version": 32}
{"obj": {"type": "LogFloats", "path": ["Val", "accu"], "values": [{"value": 0.9, "step": null, "ts": 1661344862.263179}]}, "version": 33}
{"obj": {"type": "LogFloats", "path": ["Val", "loss"], "values": [{"value": 0.4654051661491394, "step": null, "ts": 1661344862.263179}]}, "version": 34}
{"obj": {"type": "LogStrings", "path": ["monitoring", "stdout"], "values": [{"value": "[5, 3, 7, 0, 1, 6, 4, 0, 6, 6, 9, 3, 2, 7, 6, 4, 4, 8, 0, 4, 3, 9, 6, 5, 9, 0, 6, 8, 9, 9, 1, 5, 6, 9, 3, 5, 6, 3, 8, 2, 7, 6, 4, 9, 8, 8, 3, 8, 9, 8]", "step": null, "ts": 1661344862.263179}]}, "version": 35}
{"obj": {"type": "LogStrings", "path": ["monitoring", "stdout"], "values": [{"value": "\n", "step": null, "ts": 1661344862.263179}]}, "version": 36}
{"obj": {"type": "LogStrings", "path": ["monitoring", "stdout"], "values": [{"value": "[5, 3, 7, 2, 1, 6, 4, 0, 6, 6, 9, 3, 4, 7, 6, 4, 4, 8, 0, 4, 3, 9, 6, 5, 3, 0, 6, 8, 9, 9, 1, 5, 6, 9, 3, 5, 6, 3, 8, 2, 7, 6, 4, 9, 0, 3, 3, 8, 9, 8]", "step": null, "ts": 1661344862.263179}]}, "version": 37}
{"obj": {"type": "LogStrings", "path": ["monitoring", "stdout"], "values": [{"value": "\n", "step": null, "ts": 1661344862.263179}]}, "version": 38}
{"obj": {"type": "LogFloats", "path": ["monitoring", "cpu"], "values": [{"value": 54.6, "step": null, "ts": 1661344869.8716016}]}, "version": 39}
{"obj": {"type": "LogFloats", "path": ["monitoring", "memory"], "values": [{"value": 9.699386596679688, "step": null, "ts": 1661344869.8716016}]}, "version": 40}
{"obj": {"type": "LogFloats", "path": ["monitoring", "cpu"], "values": [{"value": 55.0, "step": null, "ts": 1661344879.8734744}]}, "version": 41}
{"obj": {"type": "LogFloats", "path": ["monitoring", "memory"], "values": [{"value": 9.702796936035156, "step": null, "ts": 1661344879.8734744}]}, "version": 42}
{"obj": {"type": "LogStrings", "path": ["monitoring", "stdout"], "values": [{"value": "[5, 3, 7, 0, 1, 6, 4, 0, 6, 6, 9, 3, 2, 7, 6, 4, 4, 8, 0, 4, 3, 9, 6, 5, 9, 0, 6, 8, 9, 9, 1, 5, 6, 9, 3, 5, 6, 3, 8, 2, 7, 6, 4, 9, 8, 8, 3, 8, 9, 8]", "step": null, "ts": 1661344888.3533773}]}, "version": 43}
{"obj": {"type": "LogStrings", "path": ["monitoring", "stdout"], "values": [{"value": "\n", "step": null, "ts": 1661344888.3533773}]}, "version": 44}
{"obj": {"type": "LogStrings", "path": ["monitoring", "stdout"], "values": [{"value": "[5, 3, 7, 0, 1, 6, 4, 0, 6, 6, 9, 3, 4, 7, 6, 4, 4, 8, 0, 4, 3, 9, 6, 5, 3, 0, 6, 8, 9, 9, 1, 5, 6, 9, 3, 5, 6, 3, 8, 2, 7, 6, 4, 9, 0, 3, 3, 8, 9, 8]", "step": null, "ts": 1661344888.3533773}]}, "version": 45}
{"obj": {"type": "LogStrings", "path": ["monitoring", "stdout"], "values": [{"value": "\n", "step": null, "ts": 1661344888.3533773}]}, "version": 46}
{"obj": {"type": "LogStrings", "path": ["monitoring", "stdout"], "values": [{"value": "Accuracy of epoch 2, is 0.92", "step": null, "ts": 1661344888.3533773}]}, "version": 47}
{"obj": {"type": "LogStrings", "path": ["monitoring", "stdout"], "values": [{"value": "\n", "step": null, "ts": 1661344888.3533773}]}, "version": 48}
{"obj": {"type": "LogStrings", "path": ["monitoring", "stdout"], "values": [{"value": "Loss of epoch 2, is 0.315824419260025", "step": null, "ts": 1661344888.3533773}]}, "version": 49}
{"obj": {"type": "LogStrings", "path": ["monitoring", "stdout"], "values": [{"value": "\n", "step": null, "ts": 1661344888.3533773}]}, "version": 50}
{"obj": {"type": "LogFloats", "path": ["Val", "accu"], "values": [{"value": 0.92, "step": null, "ts": 1661344888.3533773}]}, "version": 51}
{"obj": {"type": "LogFloats", "path": ["Val", "loss"], "values": [{"value": 0.315824419260025, "step": null, "ts": 1661344888.3533773}]}, "version": 52}
{"obj": {"type": "LogStrings", "path": ["monitoring", "stdout"], "values": [{"value": "[5, 3, 7, 0, 1, 6, 4, 0, 6, 6, 9, 3, 2, 7, 6, 4, 4, 8, 0, 4, 3, 9, 6, 5, 9, 0, 6, 8, 9, 9, 1, 5, 6, 9, 3, 5, 6, 3, 8, 2, 7, 6, 4, 9, 8, 8, 3, 8, 9, 8]", "step": null, "ts": 1661344888.3533773}]}, "version": 53}
{"obj": {"type": "LogStrings", "path": ["monitoring", "stdout"], "values": [{"value": "\n", "step": null, "ts": 1661344888.3533773}]}, "version": 54}
{"obj": {"type": "LogStrings", "path": ["monitoring", "stdout"], "values": [{"value": "[5, 3, 7, 0, 1, 6, 4, 0, 6, 6, 9, 3, 4, 7, 6, 4, 4, 8, 0, 4, 3, 9, 6, 5, 3, 0, 6, 8, 9, 9, 1, 5, 6, 9, 3, 5, 6, 3, 8, 2, 7, 6, 4, 9, 0, 3, 3, 8, 9, 8]", "step": null, "ts": 1661344888.3533773}]}, "version": 55}
{"obj": {"type": "LogStrings", "path": ["monitoring", "stdout"], "values": [{"value": "\n", "step": null, "ts": 1661344888.3533773}]}, "version": 56}
{"obj": {"type": "LogStrings", "path": ["monitoring", "stdout"], "values": [{"value": "C:/Users/RuturajMane/Desktop/MNIST_CNN/mnist-ruturaj/Logs/Train/2022_08_24-06_11_28_PM.csv", "step": null, "ts": 1661344888.3634307}]}, "version": 57}
{"obj": {"type": "LogStrings", "path": ["monitoring", "stdout"], "values": [{"value": "\n", "step": null, "ts": 1661344888.3634307}]}, "version": 58}
{"obj": {"type": "LogFloats", "path": ["monitoring", "cpu"], "values": [{"value": 50.5, "step": null, "ts": 1661344889.8826296}]}, "version": 59}
{"obj": {"type": "LogFloats", "path": ["monitoring", "memory"], "values": [{"value": 9.716533660888672, "step": null, "ts": 1661344889.8826296}]}, "version": 60}
{"obj": {"type": "LogFloats", "path": ["monitoring", "cpu"], "values": [{"value": 2.8, "step": null, "ts": 1661344899.8960605}]}, "version": 61}
{"obj": {"type": "LogFloats", "path": ["monitoring", "memory"], "values": [{"value": 9.718242645263672, "step": null, "ts": 1661344899.8960605}]}, "version": 62}
{"obj": {"type": "LogFloats", "path": ["monitoring", "cpu"], "values": [{"value": 5.3, "step": null, "ts": 1661344909.904417}]}, "version": 63}
{"obj": {"type": "LogFloats", "path": ["monitoring", "memory"], "values": [{"value": 9.727729797363281, "step": null, "ts": 1661344909.904417}]}, "version": 64}
{"obj": {"type": "LogStrings", "path": ["monitoring", "stdout"], "values": [{"value": "Shutting down background jobs, please wait a moment...\n", "step": null, "ts": 1661344914.6990697}]}, "version": 65}
