{"obj": {"type": "AssignString", "path": ["sys", "name"], "value": "Untitled"}, "version": 1}
{"obj": {"type": "AssignString", "path": ["sys", "description"], "value": ""}, "version": 2}
{"obj": {"type": "AssignString", "path": ["sys", "hostname"], "value": "ALTAFKOP202"}, "version": 3}
{"obj": {"type": "AssignBool", "path": ["sys", "failed"], "value": false}, "version": 4}
{"obj": {"type": "ClearStringLog", "path": ["monitoring", "stdout"]}, "version": 5}
{"obj": {"type": "ClearStringLog", "path": ["monitoring", "stderr"]}, "version": 6}
{"obj": {"type": "AssignString", "path": ["source_code", "entrypoint"], "value": "train.py"}, "version": 7}
{"obj": {"type": "UploadFileSet", "path": ["source_code", "files"], "file_globs": ["C:\\Users\\RuturajMane\\Desktop\\public-projects\\mnist-ruturaj\\src\\train.py"], "reset": "False"}, "version": 8}
{"obj": {"type": "LogStrings", "path": ["monitoring", "stderr"], "values": [{"value": "Info (NVML): NVML Shared Library Not Found. GPU usage metrics may not be reported. For more information, see https://docs.neptune.ai/you-should-know/what-can-you-log-and-display#hardware-consumption\n", "step": null, "ts": 1658486164.9511008}]}, "version": 9}
{"obj": {"type": "ConfigFloatSeries", "path": ["monitoring", "cpu"], "min": 0.0, "max": 100.0, "unit": "%"}, "version": 10}
{"obj": {"type": "ClearFloatLog", "path": ["monitoring", "cpu"]}, "version": 11}
{"obj": {"type": "ConfigFloatSeries", "path": ["monitoring", "memory"], "min": 0.0, "max": 15.878307342529297, "unit": "GB"}, "version": 12}
{"obj": {"type": "ClearFloatLog", "path": ["monitoring", "memory"]}, "version": 13}
{"obj": {"type": "LogFloats", "path": ["monitoring", "cpu"], "values": [{"value": 8.0, "step": null, "ts": 1658486164.9511008}]}, "version": 14}
{"obj": {"type": "LogFloats", "path": ["monitoring", "memory"], "values": [{"value": 10.52895736694336, "step": null, "ts": 1658486164.9511008}]}, "version": 15}
{"obj": {"type": "AssignFloat", "path": ["Parameters", "learning_rate"], "value": 0.5}, "version": 16}
{"obj": {"type": "AssignString", "path": ["Parameters", "Optimizer"], "value": "SGD"}, "version": 17}
{"obj": {"type": "AssignInt", "path": ["Parameters", "Batch_size"], "value": 128}, "version": 18}
{"obj": {"type": "AssignInt", "path": ["Parameters", "Epochs"], "value": 30}, "version": 19}
{"obj": {"type": "AssignString", "path": ["Parameters", "Loss_fn"], "value": "cross_entropy"}, "version": 20}
{"obj": {"type": "LogStrings", "path": ["monitoring", "stdout"], "values": [{"value": "Accuracy of epoch 1, is 0.8866693037974683", "step": null, "ts": 1658486172.080238}]}, "version": 21}
{"obj": {"type": "LogStrings", "path": ["monitoring", "stdout"], "values": [{"value": "\n", "step": null, "ts": 1658486172.080238}]}, "version": 22}
{"obj": {"type": "LogStrings", "path": ["monitoring", "stdout"], "values": [{"value": "Loss of epoch 1, is 1.6071830987930298", "step": null, "ts": 1658486172.080238}]}, "version": 23}
{"obj": {"type": "LogStrings", "path": ["monitoring", "stdout"], "values": [{"value": "\n", "step": null, "ts": 1658486172.080238}]}, "version": 24}
{"obj": {"type": "LogFloats", "path": ["Val", "loss"], "values": [{"value": 0.8866693037974683, "step": null, "ts": 1658486172.080238}]}, "version": 25}
{"obj": {"type": "LogFloats", "path": ["Val", "loss"], "values": [{"value": 1.6071830987930298, "step": null, "ts": 1658486172.080238}]}, "version": 26}
{"obj": {"type": "LogFloats", "path": ["monitoring", "cpu"], "values": [{"value": 53.8, "step": null, "ts": 1658486174.9725933}]}, "version": 27}
{"obj": {"type": "LogFloats", "path": ["monitoring", "memory"], "values": [{"value": 10.564167022705078, "step": null, "ts": 1658486174.9725933}]}, "version": 28}
{"obj": {"type": "LogStrings", "path": ["monitoring", "stdout"], "values": [{"value": "Accuracy of epoch 2, is 0.9059533227848101", "step": null, "ts": 1658486179.0495071}]}, "version": 29}
{"obj": {"type": "LogStrings", "path": ["monitoring", "stdout"], "values": [{"value": "\n", "step": null, "ts": 1658486179.0495071}]}, "version": 30}
{"obj": {"type": "LogStrings", "path": ["monitoring", "stdout"], "values": [{"value": "Loss of epoch 2, is 1.5685346126556396", "step": null, "ts": 1658486179.0495071}]}, "version": 31}
{"obj": {"type": "LogStrings", "path": ["monitoring", "stdout"], "values": [{"value": "\n", "step": null, "ts": 1658486179.0495071}]}, "version": 32}
{"obj": {"type": "LogFloats", "path": ["Val", "loss"], "values": [{"value": 0.9059533227848101, "step": null, "ts": 1658486179.0495071}]}, "version": 33}
{"obj": {"type": "LogFloats", "path": ["Val", "loss"], "values": [{"value": 1.5685346126556396, "step": null, "ts": 1658486179.0495071}]}, "version": 34}
{"obj": {"type": "LogFloats", "path": ["monitoring", "cpu"], "values": [{"value": 53.8, "step": null, "ts": 1658486184.9814148}]}, "version": 35}
{"obj": {"type": "LogFloats", "path": ["monitoring", "memory"], "values": [{"value": 10.601184844970703, "step": null, "ts": 1658486184.9814148}]}, "version": 36}
{"obj": {"type": "LogStrings", "path": ["monitoring", "stdout"], "values": [{"value": "Accuracy of epoch 3, is 0.9138647151898734", "step": null, "ts": 1658486186.4416127}]}, "version": 37}
{"obj": {"type": "LogStrings", "path": ["monitoring", "stdout"], "values": [{"value": "\n", "step": null, "ts": 1658486186.4421382}]}, "version": 38}
{"obj": {"type": "LogStrings", "path": ["monitoring", "stdout"], "values": [{"value": "Loss of epoch 3, is 1.5533664226531982", "step": null, "ts": 1658486186.4431913}]}, "version": 39}
{"obj": {"type": "LogStrings", "path": ["monitoring", "stdout"], "values": [{"value": "\n", "step": null, "ts": 1658486186.4431913}]}, "version": 40}
{"obj": {"type": "LogFloats", "path": ["Val", "loss"], "values": [{"value": 0.9138647151898734, "step": null, "ts": 1658486186.4431913}]}, "version": 41}
{"obj": {"type": "LogFloats", "path": ["Val", "loss"], "values": [{"value": 1.5533664226531982, "step": null, "ts": 1658486186.4437191}]}, "version": 42}
{"obj": {"type": "LogStrings", "path": ["monitoring", "stdout"], "values": [{"value": "Accuracy of epoch 4, is 0.9181170886075949", "step": null, "ts": 1658486193.968397}]}, "version": 43}
{"obj": {"type": "LogStrings", "path": ["monitoring", "stdout"], "values": [{"value": "\n", "step": null, "ts": 1658486193.968397}]}, "version": 44}
{"obj": {"type": "LogStrings", "path": ["monitoring", "stdout"], "values": [{"value": "Loss of epoch 4, is 1.5448064804077148", "step": null, "ts": 1658486193.968397}]}, "version": 45}
{"obj": {"type": "LogStrings", "path": ["monitoring", "stdout"], "values": [{"value": "\n", "step": null, "ts": 1658486193.968397}]}, "version": 46}
{"obj": {"type": "LogFloats", "path": ["Val", "loss"], "values": [{"value": 0.9181170886075949, "step": null, "ts": 1658486193.968397}]}, "version": 47}
{"obj": {"type": "LogFloats", "path": ["Val", "loss"], "values": [{"value": 1.5448064804077148, "step": null, "ts": 1658486193.968397}]}, "version": 48}
{"obj": {"type": "LogFloats", "path": ["monitoring", "cpu"], "values": [{"value": 53.6, "step": null, "ts": 1658486194.9950016}]}, "version": 49}
{"obj": {"type": "LogFloats", "path": ["monitoring", "memory"], "values": [{"value": 10.662002563476562, "step": null, "ts": 1658486194.9950016}]}, "version": 50}
{"obj": {"type": "LogStrings", "path": ["monitoring", "stdout"], "values": [{"value": "Accuracy of epoch 5, is 0.9232594936708861", "step": null, "ts": 1658486202.0181687}]}, "version": 51}
{"obj": {"type": "LogStrings", "path": ["monitoring", "stdout"], "values": [{"value": "\n", "step": null, "ts": 1658486202.0201905}]}, "version": 52}
{"obj": {"type": "LogStrings", "path": ["monitoring", "stdout"], "values": [{"value": "Loss of epoch 5, is 1.5385146141052246", "step": null, "ts": 1658486202.0201905}]}, "version": 53}
{"obj": {"type": "LogStrings", "path": ["monitoring", "stdout"], "values": [{"value": "\n", "step": null, "ts": 1658486202.0201905}]}, "version": 54}
{"obj": {"type": "LogFloats", "path": ["Val", "loss"], "values": [{"value": 0.9232594936708861, "step": null, "ts": 1658486202.0201905}]}, "version": 55}
{"obj": {"type": "LogFloats", "path": ["Val", "loss"], "values": [{"value": 1.5385146141052246, "step": null, "ts": 1658486202.0201905}]}, "version": 56}
{"obj": {"type": "LogFloats", "path": ["monitoring", "cpu"], "values": [{"value": 53.9, "step": null, "ts": 1658486205.0152411}]}, "version": 57}
{"obj": {"type": "LogFloats", "path": ["monitoring", "memory"], "values": [{"value": 10.703990936279297, "step": null, "ts": 1658486205.0152411}]}, "version": 58}
{"obj": {"type": "LogStrings", "path": ["monitoring", "stdout"], "values": [{"value": "Accuracy of epoch 6, is 0.9256329113924051", "step": null, "ts": 1658486210.3482761}]}, "version": 59}
{"obj": {"type": "LogStrings", "path": ["monitoring", "stdout"], "values": [{"value": "\n", "step": null, "ts": 1658486210.3482761}]}, "version": 60}
{"obj": {"type": "LogStrings", "path": ["monitoring", "stdout"], "values": [{"value": "Loss of epoch 6, is 1.5343950986862183", "step": null, "ts": 1658486210.3482761}]}, "version": 61}
{"obj": {"type": "LogStrings", "path": ["monitoring", "stdout"], "values": [{"value": "\n", "step": null, "ts": 1658486210.3482761}]}, "version": 62}
{"obj": {"type": "LogFloats", "path": ["Val", "loss"], "values": [{"value": 0.9256329113924051, "step": null, "ts": 1658486210.3482761}]}, "version": 63}
{"obj": {"type": "LogFloats", "path": ["Val", "loss"], "values": [{"value": 1.5343950986862183, "step": null, "ts": 1658486210.3482761}]}, "version": 64}
{"obj": {"type": "LogFloats", "path": ["monitoring", "cpu"], "values": [{"value": 53.6, "step": null, "ts": 1658486215.0331118}]}, "version": 65}
{"obj": {"type": "LogFloats", "path": ["monitoring", "memory"], "values": [{"value": 10.71929931640625, "step": null, "ts": 1658486215.0331118}]}, "version": 66}
{"obj": {"type": "LogStrings", "path": ["monitoring", "stdout"], "values": [{"value": "Accuracy of epoch 7, is 0.927314082278481", "step": null, "ts": 1658486218.7825165}]}, "version": 67}
{"obj": {"type": "LogStrings", "path": ["monitoring", "stdout"], "values": [{"value": "\n", "step": null, "ts": 1658486218.7825165}]}, "version": 68}
{"obj": {"type": "LogStrings", "path": ["monitoring", "stdout"], "values": [{"value": "Loss of epoch 7, is 1.5312855243682861", "step": null, "ts": 1658486218.7825165}]}, "version": 69}
{"obj": {"type": "LogStrings", "path": ["monitoring", "stdout"], "values": [{"value": "\n", "step": null, "ts": 1658486218.7825165}]}, "version": 70}
{"obj": {"type": "LogFloats", "path": ["Val", "loss"], "values": [{"value": 0.927314082278481, "step": null, "ts": 1658486218.7825165}]}, "version": 71}
{"obj": {"type": "LogFloats", "path": ["Val", "loss"], "values": [{"value": 1.5312855243682861, "step": null, "ts": 1658486218.7825165}]}, "version": 72}
{"obj": {"type": "LogFloats", "path": ["monitoring", "cpu"], "values": [{"value": 54.2, "step": null, "ts": 1658486225.0526657}]}, "version": 73}
{"obj": {"type": "LogFloats", "path": ["monitoring", "memory"], "values": [{"value": 10.752559661865234, "step": null, "ts": 1658486225.0526657}]}, "version": 74}
{"obj": {"type": "LogStrings", "path": ["monitoring", "stdout"], "values": [{"value": "Accuracy of epoch 8, is 0.9312697784810127", "step": null, "ts": 1658486227.273548}]}, "version": 75}
{"obj": {"type": "LogStrings", "path": ["monitoring", "stdout"], "values": [{"value": "\n", "step": null, "ts": 1658486227.273548}]}, "version": 76}
{"obj": {"type": "LogStrings", "path": ["monitoring", "stdout"], "values": [{"value": "Loss of epoch 8, is 1.5281962156295776", "step": null, "ts": 1658486227.273548}]}, "version": 77}
{"obj": {"type": "LogStrings", "path": ["monitoring", "stdout"], "values": [{"value": "\n", "step": null, "ts": 1658486227.273548}]}, "version": 78}
{"obj": {"type": "LogFloats", "path": ["Val", "loss"], "values": [{"value": 0.9312697784810127, "step": null, "ts": 1658486227.273548}]}, "version": 79}
{"obj": {"type": "LogFloats", "path": ["Val", "loss"], "values": [{"value": 1.5281962156295776, "step": null, "ts": 1658486227.273548}]}, "version": 80}
{"obj": {"type": "LogFloats", "path": ["monitoring", "cpu"], "values": [{"value": 53.6, "step": null, "ts": 1658486235.0655174}]}, "version": 81}
{"obj": {"type": "LogFloats", "path": ["monitoring", "memory"], "values": [{"value": 10.797584533691406, "step": null, "ts": 1658486235.0655174}]}, "version": 82}
{"obj": {"type": "LogStrings", "path": ["monitoring", "stdout"], "values": [{"value": "Accuracy of epoch 9, is 0.9336431962025317", "step": null, "ts": 1658486235.8037193}]}, "version": 83}
{"obj": {"type": "LogStrings", "path": ["monitoring", "stdout"], "values": [{"value": "\n", "step": null, "ts": 1658486235.8037193}]}, "version": 84}
{"obj": {"type": "LogStrings", "path": ["monitoring", "stdout"], "values": [{"value": "Loss of epoch 9, is 1.5257478952407837", "step": null, "ts": 1658486235.8037193}]}, "version": 85}
{"obj": {"type": "LogStrings", "path": ["monitoring", "stdout"], "values": [{"value": "\n", "step": null, "ts": 1658486235.8037193}]}, "version": 86}
{"obj": {"type": "LogFloats", "path": ["Val", "loss"], "values": [{"value": 0.9336431962025317, "step": null, "ts": 1658486235.8037193}]}, "version": 87}
{"obj": {"type": "LogFloats", "path": ["Val", "loss"], "values": [{"value": 1.5257478952407837, "step": null, "ts": 1658486235.8037193}]}, "version": 88}
{"obj": {"type": "LogStrings", "path": ["monitoring", "stdout"], "values": [{"value": "Accuracy of epoch 10, is 0.9359177215189873", "step": null, "ts": 1658486244.581068}]}, "version": 89}
{"obj": {"type": "LogStrings", "path": ["monitoring", "stdout"], "values": [{"value": "\n", "step": null, "ts": 1658486244.581068}]}, "version": 90}
{"obj": {"type": "LogStrings", "path": ["monitoring", "stdout"], "values": [{"value": "Loss of epoch 10, is 1.5235118865966797", "step": null, "ts": 1658486244.5831275}]}, "version": 91}
{"obj": {"type": "LogStrings", "path": ["monitoring", "stdout"], "values": [{"value": "\n", "step": null, "ts": 1658486244.5831275}]}, "version": 92}
{"obj": {"type": "LogFloats", "path": ["Val", "loss"], "values": [{"value": 0.9359177215189873, "step": null, "ts": 1658486244.5831275}]}, "version": 93}
{"obj": {"type": "LogFloats", "path": ["Val", "loss"], "values": [{"value": 1.5235118865966797, "step": null, "ts": 1658486244.5831275}]}, "version": 94}
{"obj": {"type": "LogFloats", "path": ["monitoring", "cpu"], "values": [{"value": 55.2, "step": null, "ts": 1658486245.0714734}]}, "version": 95}
{"obj": {"type": "LogFloats", "path": ["monitoring", "memory"], "values": [{"value": 10.842361450195312, "step": null, "ts": 1658486245.0714734}]}, "version": 96}
{"obj": {"type": "LogStrings", "path": ["monitoring", "stdout"], "values": [{"value": "Accuracy of epoch 11, is 0.9370055379746836", "step": null, "ts": 1658486253.3634117}]}, "version": 97}
{"obj": {"type": "LogStrings", "path": ["monitoring", "stdout"], "values": [{"value": "\n", "step": null, "ts": 1658486253.3634117}]}, "version": 98}
{"obj": {"type": "LogStrings", "path": ["monitoring", "stdout"], "values": [{"value": "Loss of epoch 11, is 1.5226601362228394", "step": null, "ts": 1658486253.3634117}]}, "version": 99}
{"obj": {"type": "LogStrings", "path": ["monitoring", "stdout"], "values": [{"value": "\n", "step": null, "ts": 1658486253.3714712}]}, "version": 100}
{"obj": {"type": "LogFloats", "path": ["Val", "loss"], "values": [{"value": 0.9370055379746836, "step": null, "ts": 1658486253.3714712}]}, "version": 101}
{"obj": {"type": "LogFloats", "path": ["Val", "loss"], "values": [{"value": 1.5226601362228394, "step": null, "ts": 1658486253.3714712}]}, "version": 102}
{"obj": {"type": "LogFloats", "path": ["monitoring", "cpu"], "values": [{"value": 55.8, "step": null, "ts": 1658486255.092096}]}, "version": 103}
{"obj": {"type": "LogFloats", "path": ["monitoring", "memory"], "values": [{"value": 10.895553588867188, "step": null, "ts": 1658486255.092096}]}, "version": 104}
{"obj": {"type": "LogStrings", "path": ["monitoring", "stdout"], "values": [{"value": "Accuracy of epoch 12, is 0.9408623417721519", "step": null, "ts": 1658486263.2002578}]}, "version": 105}
{"obj": {"type": "LogStrings", "path": ["monitoring", "stdout"], "values": [{"value": "\n", "step": null, "ts": 1658486263.2002578}]}, "version": 106}
{"obj": {"type": "LogStrings", "path": ["monitoring", "stdout"], "values": [{"value": "Loss of epoch 12, is 1.519774079322815", "step": null, "ts": 1658486263.2012594}]}, "version": 107}
{"obj": {"type": "LogStrings", "path": ["monitoring", "stdout"], "values": [{"value": "\n", "step": null, "ts": 1658486263.2022574}]}, "version": 108}
{"obj": {"type": "LogFloats", "path": ["Val", "loss"], "values": [{"value": 0.9408623417721519, "step": null, "ts": 1658486263.2022574}]}, "version": 109}
{"obj": {"type": "LogFloats", "path": ["Val", "loss"], "values": [{"value": 1.519774079322815, "step": null, "ts": 1658486263.2032595}]}, "version": 110}
{"obj": {"type": "LogFloats", "path": ["monitoring", "cpu"], "values": [{"value": 61.3, "step": null, "ts": 1658486265.0961354}]}, "version": 111}
{"obj": {"type": "LogFloats", "path": ["monitoring", "memory"], "values": [{"value": 10.975715637207031, "step": null, "ts": 1658486265.0961354}]}, "version": 112}
{"obj": {"type": "LogStrings", "path": ["monitoring", "stdout"], "values": [{"value": "Accuracy of epoch 13, is 0.9402689873417721", "step": null, "ts": 1658486272.6325593}]}, "version": 113}
{"obj": {"type": "LogStrings", "path": ["monitoring", "stdout"], "values": [{"value": "\n", "step": null, "ts": 1658486272.6335604}]}, "version": 114}
{"obj": {"type": "LogStrings", "path": ["monitoring", "stdout"], "values": [{"value": "Loss of epoch 13, is 1.519097089767456", "step": null, "ts": 1658486272.63456}]}, "version": 115}
{"obj": {"type": "LogStrings", "path": ["monitoring", "stdout"], "values": [{"value": "\n", "step": null, "ts": 1658486272.63456}]}, "version": 116}
{"obj": {"type": "LogFloats", "path": ["Val", "loss"], "values": [{"value": 0.9402689873417721, "step": null, "ts": 1658486272.63456}]}, "version": 117}
{"obj": {"type": "LogFloats", "path": ["Val", "loss"], "values": [{"value": 1.519097089767456, "step": null, "ts": 1658486272.6355593}]}, "version": 118}
{"obj": {"type": "LogFloats", "path": ["monitoring", "cpu"], "values": [{"value": 57.4, "step": null, "ts": 1658486275.100249}]}, "version": 119}
{"obj": {"type": "LogFloats", "path": ["monitoring", "memory"], "values": [{"value": 11.042865753173828, "step": null, "ts": 1658486275.100249}]}, "version": 120}
{"obj": {"type": "LogStrings", "path": ["monitoring", "stdout"], "values": [{"value": "Accuracy of epoch 14, is 0.9409612341772152", "step": null, "ts": 1658486282.2465706}]}, "version": 121}
{"obj": {"type": "LogStrings", "path": ["monitoring", "stdout"], "values": [{"value": "\n", "step": null, "ts": 1658486282.2465706}]}, "version": 122}
{"obj": {"type": "LogStrings", "path": ["monitoring", "stdout"], "values": [{"value": "Loss of epoch 14, is 1.5180423259735107", "step": null, "ts": 1658486282.2465706}]}, "version": 123}
{"obj": {"type": "LogStrings", "path": ["monitoring", "stdout"], "values": [{"value": "\n", "step": null, "ts": 1658486282.2465706}]}, "version": 124}
{"obj": {"type": "LogFloats", "path": ["Val", "loss"], "values": [{"value": 0.9409612341772152, "step": null, "ts": 1658486282.2465706}]}, "version": 125}
{"obj": {"type": "LogFloats", "path": ["Val", "loss"], "values": [{"value": 1.5180423259735107, "step": null, "ts": 1658486282.2545993}]}, "version": 126}
{"obj": {"type": "LogFloats", "path": ["monitoring", "cpu"], "values": [{"value": 58.1, "step": null, "ts": 1658486285.1024568}]}, "version": 127}
{"obj": {"type": "LogFloats", "path": ["monitoring", "memory"], "values": [{"value": 11.009773254394531, "step": null, "ts": 1658486285.1024568}]}, "version": 128}
{"obj": {"type": "LogStrings", "path": ["monitoring", "stdout"], "values": [{"value": "Accuracy of epoch 15, is 0.9444224683544303", "step": null, "ts": 1658486291.2610025}]}, "version": 129}
{"obj": {"type": "LogStrings", "path": ["monitoring", "stdout"], "values": [{"value": "\n", "step": null, "ts": 1658486291.2610025}]}, "version": 130}
{"obj": {"type": "LogStrings", "path": ["monitoring", "stdout"], "values": [{"value": "Loss of epoch 15, is 1.5162955522537231", "step": null, "ts": 1658486291.2690575}]}, "version": 131}
{"obj": {"type": "LogStrings", "path": ["monitoring", "stdout"], "values": [{"value": "\n", "step": null, "ts": 1658486291.2690575}]}, "version": 132}
{"obj": {"type": "LogFloats", "path": ["Val", "loss"], "values": [{"value": 0.9444224683544303, "step": null, "ts": 1658486291.2690575}]}, "version": 133}
{"obj": {"type": "LogFloats", "path": ["Val", "loss"], "values": [{"value": 1.5162955522537231, "step": null, "ts": 1658486291.2690575}]}, "version": 134}
{"obj": {"type": "LogFloats", "path": ["monitoring", "cpu"], "values": [{"value": 54.8, "step": null, "ts": 1658486295.1068077}]}, "version": 135}
{"obj": {"type": "LogFloats", "path": ["monitoring", "memory"], "values": [{"value": 11.011093139648438, "step": null, "ts": 1658486295.1068077}]}, "version": 136}
{"obj": {"type": "LogStrings", "path": ["monitoring", "stdout"], "values": [{"value": "Accuracy of epoch 16, is 0.9455102848101266", "step": null, "ts": 1658486300.0340693}]}, "version": 137}
{"obj": {"type": "LogStrings", "path": ["monitoring", "stdout"], "values": [{"value": "\n", "step": null, "ts": 1658486300.0340693}]}, "version": 138}
{"obj": {"type": "LogStrings", "path": ["monitoring", "stdout"], "values": [{"value": "Loss of epoch 16, is 1.5152708292007446", "step": null, "ts": 1658486300.0361702}]}, "version": 139}
{"obj": {"type": "LogStrings", "path": ["monitoring", "stdout"], "values": [{"value": "\n", "step": null, "ts": 1658486300.0361702}]}, "version": 140}
{"obj": {"type": "LogFloats", "path": ["Val", "loss"], "values": [{"value": 0.9455102848101266, "step": null, "ts": 1658486300.0361702}]}, "version": 141}
{"obj": {"type": "LogFloats", "path": ["Val", "loss"], "values": [{"value": 1.5152708292007446, "step": null, "ts": 1658486300.0361702}]}, "version": 142}
{"obj": {"type": "LogFloats", "path": ["monitoring", "cpu"], "values": [{"value": 54.3, "step": null, "ts": 1658486305.117224}]}, "version": 143}
{"obj": {"type": "LogFloats", "path": ["monitoring", "memory"], "values": [{"value": 11.044017791748047, "step": null, "ts": 1658486305.117224}]}, "version": 144}
{"obj": {"type": "LogStrings", "path": ["monitoring", "stdout"], "values": [{"value": "Accuracy of epoch 17, is 0.9456091772151899", "step": null, "ts": 1658486308.9510763}]}, "version": 145}
{"obj": {"type": "LogStrings", "path": ["monitoring", "stdout"], "values": [{"value": "\n", "step": null, "ts": 1658486308.9510763}]}, "version": 146}
{"obj": {"type": "LogStrings", "path": ["monitoring", "stdout"], "values": [{"value": "Loss of epoch 17, is 1.514215350151062", "step": null, "ts": 1658486308.9510763}]}, "version": 147}
{"obj": {"type": "LogStrings", "path": ["monitoring", "stdout"], "values": [{"value": "\n", "step": null, "ts": 1658486308.9510763}]}, "version": 148}
{"obj": {"type": "LogFloats", "path": ["Val", "loss"], "values": [{"value": 0.9456091772151899, "step": null, "ts": 1658486308.9510763}]}, "version": 149}
{"obj": {"type": "LogFloats", "path": ["Val", "loss"], "values": [{"value": 1.514215350151062, "step": null, "ts": 1658486308.9510763}]}, "version": 150}
{"obj": {"type": "LogFloats", "path": ["monitoring", "cpu"], "values": [{"value": 56.4, "step": null, "ts": 1658486315.1352572}]}, "version": 151}
{"obj": {"type": "LogFloats", "path": ["monitoring", "memory"], "values": [{"value": 11.094173431396484, "step": null, "ts": 1658486315.1352572}]}, "version": 152}
{"obj": {"type": "LogStrings", "path": ["monitoring", "stdout"], "values": [{"value": "Accuracy of epoch 18, is 0.9474881329113924", "step": null, "ts": 1658486318.5750866}]}, "version": 153}
{"obj": {"type": "LogStrings", "path": ["monitoring", "stdout"], "values": [{"value": "\n", "step": null, "ts": 1658486318.5750866}]}, "version": 154}
{"obj": {"type": "LogStrings", "path": ["monitoring", "stdout"], "values": [{"value": "Loss of epoch 18, is 1.5133395195007324", "step": null, "ts": 1658486318.5750866}]}, "version": 155}
{"obj": {"type": "LogStrings", "path": ["monitoring", "stdout"], "values": [{"value": "\n", "step": null, "ts": 1658486318.5750866}]}, "version": 156}
{"obj": {"type": "LogFloats", "path": ["Val", "loss"], "values": [{"value": 0.9474881329113924, "step": null, "ts": 1658486318.5750866}]}, "version": 157}
{"obj": {"type": "LogFloats", "path": ["Val", "loss"], "values": [{"value": 1.5133395195007324, "step": null, "ts": 1658486318.5750866}]}, "version": 158}
{"obj": {"type": "LogFloats", "path": ["monitoring", "cpu"], "values": [{"value": 57.8, "step": null, "ts": 1658486325.1536}]}, "version": 159}
{"obj": {"type": "LogFloats", "path": ["monitoring", "memory"], "values": [{"value": 11.068889617919922, "step": null, "ts": 1658486325.1536}]}, "version": 160}
{"obj": {"type": "LogStrings", "path": ["monitoring", "stdout"], "values": [{"value": "Accuracy of epoch 19, is 0.947685917721519", "step": null, "ts": 1658486328.7073119}]}, "version": 161}
{"obj": {"type": "LogStrings", "path": ["monitoring", "stdout"], "values": [{"value": "\n", "step": null, "ts": 1658486328.7083158}]}, "version": 162}
{"obj": {"type": "LogStrings", "path": ["monitoring", "stdout"], "values": [{"value": "Loss of epoch 19, is 1.5122090578079224", "step": null, "ts": 1658486328.7093115}]}, "version": 163}
{"obj": {"type": "LogStrings", "path": ["monitoring", "stdout"], "values": [{"value": "\n", "step": null, "ts": 1658486328.7093115}]}, "version": 164}
{"obj": {"type": "LogFloats", "path": ["Val", "loss"], "values": [{"value": 0.947685917721519, "step": null, "ts": 1658486328.7093115}]}, "version": 165}
{"obj": {"type": "LogFloats", "path": ["Val", "loss"], "values": [{"value": 1.5122090578079224, "step": null, "ts": 1658486328.7103136}]}, "version": 166}
{"obj": {"type": "LogFloats", "path": ["monitoring", "cpu"], "values": [{"value": 59.4, "step": null, "ts": 1658486335.1628468}]}, "version": 167}
{"obj": {"type": "LogFloats", "path": ["monitoring", "memory"], "values": [{"value": 11.095890045166016, "step": null, "ts": 1658486335.1628468}]}, "version": 168}
{"obj": {"type": "LogStrings", "path": ["monitoring", "stdout"], "values": [{"value": "Accuracy of epoch 20, is 0.9489715189873418", "step": null, "ts": 1658486339.0560255}]}, "version": 169}
{"obj": {"type": "LogStrings", "path": ["monitoring", "stdout"], "values": [{"value": "\n", "step": null, "ts": 1658486339.0560255}]}, "version": 170}
{"obj": {"type": "LogStrings", "path": ["monitoring", "stdout"], "values": [{"value": "Loss of epoch 20, is 1.5112357139587402", "step": null, "ts": 1658486339.0580196}]}, "version": 171}
{"obj": {"type": "LogStrings", "path": ["monitoring", "stdout"], "values": [{"value": "\n", "step": null, "ts": 1658486339.0580196}]}, "version": 172}
{"obj": {"type": "LogFloats", "path": ["Val", "loss"], "values": [{"value": 0.9489715189873418, "step": null, "ts": 1658486339.0580196}]}, "version": 173}
{"obj": {"type": "LogFloats", "path": ["Val", "loss"], "values": [{"value": 1.5112357139587402, "step": null, "ts": 1658486339.0590196}]}, "version": 174}
{"obj": {"type": "LogFloats", "path": ["monitoring", "cpu"], "values": [{"value": 64.1, "step": null, "ts": 1658486345.1801445}]}, "version": 175}
{"obj": {"type": "LogFloats", "path": ["monitoring", "memory"], "values": [{"value": 11.29342269897461, "step": null, "ts": 1658486345.1801445}]}, "version": 176}
{"obj": {"type": "LogStrings", "path": ["monitoring", "stdout"], "values": [{"value": "Accuracy of epoch 21, is 0.950059335443038", "step": null, "ts": 1658486349.2536721}]}, "version": 177}
{"obj": {"type": "LogStrings", "path": ["monitoring", "stdout"], "values": [{"value": "\n", "step": null, "ts": 1658486349.2536721}]}, "version": 178}
{"obj": {"type": "LogStrings", "path": ["monitoring", "stdout"], "values": [{"value": "Loss of epoch 21, is 1.5105913877487183", "step": null, "ts": 1658486349.2557065}]}, "version": 179}
{"obj": {"type": "LogStrings", "path": ["monitoring", "stdout"], "values": [{"value": "\n", "step": null, "ts": 1658486349.2557065}]}, "version": 180}
{"obj": {"type": "LogFloats", "path": ["Val", "loss"], "values": [{"value": 0.950059335443038, "step": null, "ts": 1658486349.2557065}]}, "version": 181}
{"obj": {"type": "LogFloats", "path": ["Val", "loss"], "values": [{"value": 1.5105913877487183, "step": null, "ts": 1658486349.2557065}]}, "version": 182}
{"obj": {"type": "LogFloats", "path": ["monitoring", "cpu"], "values": [{"value": 54.2, "step": null, "ts": 1658486355.1952097}]}, "version": 183}
{"obj": {"type": "LogFloats", "path": ["monitoring", "memory"], "values": [{"value": 11.30282974243164, "step": null, "ts": 1658486355.1952097}]}, "version": 184}
{"obj": {"type": "LogStrings", "path": ["monitoring", "stdout"], "values": [{"value": "Accuracy of epoch 22, is 0.9501582278481012", "step": null, "ts": 1658486358.5787835}]}, "version": 185}
{"obj": {"type": "LogStrings", "path": ["monitoring", "stdout"], "values": [{"value": "\n", "step": null, "ts": 1658486358.5787835}]}, "version": 186}
{"obj": {"type": "LogStrings", "path": ["monitoring", "stdout"], "values": [{"value": "Loss of epoch 22, is 1.5098320245742798", "step": null, "ts": 1658486358.5868528}]}, "version": 187}
{"obj": {"type": "LogStrings", "path": ["monitoring", "stdout"], "values": [{"value": "\n", "step": null, "ts": 1658486358.5868528}]}, "version": 188}
{"obj": {"type": "LogFloats", "path": ["Val", "loss"], "values": [{"value": 0.9501582278481012, "step": null, "ts": 1658486358.5868528}]}, "version": 189}
{"obj": {"type": "LogFloats", "path": ["Val", "loss"], "values": [{"value": 1.5098320245742798, "step": null, "ts": 1658486358.5868528}]}, "version": 190}
{"obj": {"type": "LogFloats", "path": ["monitoring", "cpu"], "values": [{"value": 54.4, "step": null, "ts": 1658486365.2131817}]}, "version": 191}
{"obj": {"type": "LogFloats", "path": ["monitoring", "memory"], "values": [{"value": 11.305587768554688, "step": null, "ts": 1658486365.2131817}]}, "version": 192}
{"obj": {"type": "LogStrings", "path": ["monitoring", "stdout"], "values": [{"value": "Accuracy of epoch 23, is 0.9517405063291139", "step": null, "ts": 1658486368.0920231}]}, "version": 193}
{"obj": {"type": "LogStrings", "path": ["monitoring", "stdout"], "values": [{"value": "\n", "step": null, "ts": 1658486368.0920231}]}, "version": 194}
{"obj": {"type": "LogStrings", "path": ["monitoring", "stdout"], "values": [{"value": "Loss of epoch 23, is 1.5093411207199097", "step": null, "ts": 1658486368.0920231}]}, "version": 195}
{"obj": {"type": "LogStrings", "path": ["monitoring", "stdout"], "values": [{"value": "\n", "step": null, "ts": 1658486368.0920231}]}, "version": 196}
{"obj": {"type": "LogFloats", "path": ["Val", "loss"], "values": [{"value": 0.9517405063291139, "step": null, "ts": 1658486368.0920231}]}, "version": 197}
{"obj": {"type": "LogFloats", "path": ["Val", "loss"], "values": [{"value": 1.5093411207199097, "step": null, "ts": 1658486368.0920231}]}, "version": 198}
{"obj": {"type": "LogFloats", "path": ["monitoring", "cpu"], "values": [{"value": 53.9, "step": null, "ts": 1658486375.2313962}]}, "version": 199}
{"obj": {"type": "LogFloats", "path": ["monitoring", "memory"], "values": [{"value": 11.32879638671875, "step": null, "ts": 1658486375.2313962}]}, "version": 200}
{"obj": {"type": "LogStrings", "path": ["monitoring", "stdout"], "values": [{"value": "Accuracy of epoch 24, is 0.9509493670886076", "step": null, "ts": 1658486377.5958006}]}, "version": 201}
{"obj": {"type": "LogStrings", "path": ["monitoring", "stdout"], "values": [{"value": "\n", "step": null, "ts": 1658486377.5958006}]}, "version": 202}
{"obj": {"type": "LogStrings", "path": ["monitoring", "stdout"], "values": [{"value": "Loss of epoch 24, is 1.5089232921600342", "step": null, "ts": 1658486377.6038585}]}, "version": 203}
{"obj": {"type": "LogStrings", "path": ["monitoring", "stdout"], "values": [{"value": "\n", "step": null, "ts": 1658486377.6038585}]}, "version": 204}
{"obj": {"type": "LogFloats", "path": ["Val", "loss"], "values": [{"value": 0.9509493670886076, "step": null, "ts": 1658486377.6038585}]}, "version": 205}
{"obj": {"type": "LogFloats", "path": ["Val", "loss"], "values": [{"value": 1.5089232921600342, "step": null, "ts": 1658486377.6038585}]}, "version": 206}
{"obj": {"type": "LogFloats", "path": ["monitoring", "cpu"], "values": [{"value": 54.2, "step": null, "ts": 1658486385.2406967}]}, "version": 207}
{"obj": {"type": "LogFloats", "path": ["monitoring", "memory"], "values": [{"value": 11.359603881835938, "step": null, "ts": 1658486385.2406967}]}, "version": 208}
{"obj": {"type": "LogStrings", "path": ["monitoring", "stdout"], "values": [{"value": "Accuracy of epoch 25, is 0.9501582278481012", "step": null, "ts": 1658486386.996261}]}, "version": 209}
{"obj": {"type": "LogStrings", "path": ["monitoring", "stdout"], "values": [{"value": "\n", "step": null, "ts": 1658486386.996261}]}, "version": 210}
{"obj": {"type": "LogStrings", "path": ["monitoring", "stdout"], "values": [{"value": "Loss of epoch 25, is 1.5094178915023804", "step": null, "ts": 1658486387.004302}]}, "version": 211}
{"obj": {"type": "LogStrings", "path": ["monitoring", "stdout"], "values": [{"value": "\n", "step": null, "ts": 1658486387.004302}]}, "version": 212}
{"obj": {"type": "LogFloats", "path": ["Val", "loss"], "values": [{"value": 0.9501582278481012, "step": null, "ts": 1658486387.004302}]}, "version": 213}
{"obj": {"type": "LogFloats", "path": ["Val", "loss"], "values": [{"value": 1.5094178915023804, "step": null, "ts": 1658486387.0063262}]}, "version": 214}
{"obj": {"type": "LogFloats", "path": ["monitoring", "cpu"], "values": [{"value": 53.7, "step": null, "ts": 1658486395.247507}]}, "version": 215}
{"obj": {"type": "LogFloats", "path": ["monitoring", "memory"], "values": [{"value": 11.41275405883789, "step": null, "ts": 1658486395.247507}]}, "version": 216}
{"obj": {"type": "LogStrings", "path": ["monitoring", "stdout"], "values": [{"value": "Accuracy of epoch 26, is 0.9508504746835443", "step": null, "ts": 1658486396.41956}]}, "version": 217}
{"obj": {"type": "LogStrings", "path": ["monitoring", "stdout"], "values": [{"value": "\n", "step": null, "ts": 1658486396.41956}]}, "version": 218}
{"obj": {"type": "LogStrings", "path": ["monitoring", "stdout"], "values": [{"value": "Loss of epoch 26, is 1.5081270933151245", "step": null, "ts": 1658486396.41956}]}, "version": 219}
{"obj": {"type": "LogStrings", "path": ["monitoring", "stdout"], "values": [{"value": "\n", "step": null, "ts": 1658486396.41956}]}, "version": 220}
{"obj": {"type": "LogFloats", "path": ["Val", "loss"], "values": [{"value": 0.9508504746835443, "step": null, "ts": 1658486396.41956}]}, "version": 221}
{"obj": {"type": "LogFloats", "path": ["Val", "loss"], "values": [{"value": 1.5081270933151245, "step": null, "ts": 1658486396.41956}]}, "version": 222}
{"obj": {"type": "LogFloats", "path": ["monitoring", "cpu"], "values": [{"value": 54.1, "step": null, "ts": 1658486405.2574027}]}, "version": 223}
{"obj": {"type": "LogFloats", "path": ["monitoring", "memory"], "values": [{"value": 11.440299987792969, "step": null, "ts": 1658486405.2574027}]}, "version": 224}
{"obj": {"type": "LogStrings", "path": ["monitoring", "stdout"], "values": [{"value": "Accuracy of epoch 27, is 0.9526305379746836", "step": null, "ts": 1658486405.8332548}]}, "version": 225}
{"obj": {"type": "LogStrings", "path": ["monitoring", "stdout"], "values": [{"value": "\n", "step": null, "ts": 1658486405.8332548}]}, "version": 226}
{"obj": {"type": "LogStrings", "path": ["monitoring", "stdout"], "values": [{"value": "Loss of epoch 27, is 1.5075111389160156", "step": null, "ts": 1658486405.8332548}]}, "version": 227}
{"obj": {"type": "LogStrings", "path": ["monitoring", "stdout"], "values": [{"value": "\n", "step": null, "ts": 1658486405.8332548}]}, "version": 228}
{"obj": {"type": "LogFloats", "path": ["Val", "loss"], "values": [{"value": 0.9526305379746836, "step": null, "ts": 1658486405.8332548}]}, "version": 229}
{"obj": {"type": "LogFloats", "path": ["Val", "loss"], "values": [{"value": 1.5075111389160156, "step": null, "ts": 1658486405.8332548}]}, "version": 230}
{"obj": {"type": "LogFloats", "path": ["monitoring", "cpu"], "values": [{"value": 54.2, "step": null, "ts": 1658486415.2727156}]}, "version": 231}
{"obj": {"type": "LogFloats", "path": ["monitoring", "memory"], "values": [{"value": 11.46633529663086, "step": null, "ts": 1658486415.2727156}]}, "version": 232}
{"obj": {"type": "LogStrings", "path": ["monitoring", "stdout"], "values": [{"value": "Accuracy of epoch 28, is 0.9527294303797469", "step": null, "ts": 1658486415.34546}]}, "version": 233}
{"obj": {"type": "LogStrings", "path": ["monitoring", "stdout"], "values": [{"value": "\n", "step": null, "ts": 1658486415.34546}]}, "version": 234}
{"obj": {"type": "LogStrings", "path": ["monitoring", "stdout"], "values": [{"value": "Loss of epoch 28, is 1.5072972774505615", "step": null, "ts": 1658486415.353501}]}, "version": 235}
{"obj": {"type": "LogStrings", "path": ["monitoring", "stdout"], "values": [{"value": "\n", "step": null, "ts": 1658486415.3545837}]}, "version": 236}
{"obj": {"type": "LogFloats", "path": ["Val", "loss"], "values": [{"value": 0.9527294303797469, "step": null, "ts": 1658486415.3545837}]}, "version": 237}
{"obj": {"type": "LogFloats", "path": ["Val", "loss"], "values": [{"value": 1.5072972774505615, "step": null, "ts": 1658486415.3556385}]}, "version": 238}
{"obj": {"type": "LogStrings", "path": ["monitoring", "stdout"], "values": [{"value": "Accuracy of epoch 29, is 0.9526305379746836", "step": null, "ts": 1658486424.907547}]}, "version": 239}
{"obj": {"type": "LogStrings", "path": ["monitoring", "stdout"], "values": [{"value": "\n", "step": null, "ts": 1658486424.907547}]}, "version": 240}
{"obj": {"type": "LogStrings", "path": ["monitoring", "stdout"], "values": [{"value": "Loss of epoch 29, is 1.5069104433059692", "step": null, "ts": 1658486424.9155774}]}, "version": 241}
{"obj": {"type": "LogStrings", "path": ["monitoring", "stdout"], "values": [{"value": "\n", "step": null, "ts": 1658486424.9155774}]}, "version": 242}
{"obj": {"type": "LogFloats", "path": ["Val", "loss"], "values": [{"value": 0.9526305379746836, "step": null, "ts": 1658486424.9155774}]}, "version": 243}
{"obj": {"type": "LogFloats", "path": ["Val", "loss"], "values": [{"value": 1.5069104433059692, "step": null, "ts": 1658486424.9155774}]}, "version": 244}
{"obj": {"type": "LogFloats", "path": ["monitoring", "cpu"], "values": [{"value": 55.0, "step": null, "ts": 1658486425.2903972}]}, "version": 245}
{"obj": {"type": "LogFloats", "path": ["monitoring", "memory"], "values": [{"value": 11.423049926757812, "step": null, "ts": 1658486425.2903972}]}, "version": 246}
{"obj": {"type": "LogStrings", "path": ["monitoring", "stdout"], "values": [{"value": "Accuracy of epoch 30, is 0.9541139240506329", "step": null, "ts": 1658486434.5781755}]}, "version": 247}
{"obj": {"type": "LogStrings", "path": ["monitoring", "stdout"], "values": [{"value": "\n", "step": null, "ts": 1658486434.5781755}]}, "version": 248}
{"obj": {"type": "LogStrings", "path": ["monitoring", "stdout"], "values": [{"value": "Loss of epoch 30, is 1.5060597658157349", "step": null, "ts": 1658486434.5781755}]}, "version": 249}
{"obj": {"type": "LogStrings", "path": ["monitoring", "stdout"], "values": [{"value": "\n", "step": null, "ts": 1658486434.5781755}]}, "version": 250}
{"obj": {"type": "LogFloats", "path": ["Val", "loss"], "values": [{"value": 0.9541139240506329, "step": null, "ts": 1658486434.5781755}]}, "version": 251}
{"obj": {"type": "LogFloats", "path": ["Val", "loss"], "values": [{"value": 1.5060597658157349, "step": null, "ts": 1658486434.5781755}]}, "version": 252}
{"obj": {"type": "LogStrings", "path": ["monitoring", "stderr"], "values": [{"value": "2022/07/22 16:10:34 WARNING mlflow.utils.git_utils: Failed to import Git (the Git executable is probably not on your PATH), so Git SHA is not available. Error: Failed to initialize: Bad git executable.\nThe git executable must be specified in one of the following ways:\n    - be included in your $PATH\n    - be set via $GIT_PYTHON_GIT_EXECUTABLE\n    - explicitly set via git.refresh()\n\nAll git commands will error until this is rectified.\n\nThis initial warning can be silenced or aggravated in the future by setting the\n$GIT_PYTHON_REFRESH environment variable. Use one of the following values:\n    - quiet|q|silence|s|none|n|0: for no warning or exception\n    - warn|w|warning|1: for a printed warning\n    - error|e|raise|r|2: for a raised exception\n\nExample:\n    export GIT_PYTHON_REFRESH=quiet\n\n", "step": null, "ts": 1658486434.5963612}]}, "version": 253}
{"obj": {"type": "LogStrings", "path": ["monitoring", "stdout"], "values": [{"value": "Shutting down background jobs, please wait a moment...\n", "step": null, "ts": 1658486434.6589046}]}, "version": 254}
