{"obj": {"type": "AssignString", "path": ["sys", "name"], "value": "Untitled"}, "version": 1}
{"obj": {"type": "AssignString", "path": ["sys", "description"], "value": ""}, "version": 2}
{"obj": {"type": "AssignString", "path": ["sys", "hostname"], "value": "ALTAFKOP202"}, "version": 3}
{"obj": {"type": "AssignBool", "path": ["sys", "failed"], "value": false}, "version": 4}
{"obj": {"type": "ClearStringLog", "path": ["monitoring", "stdout"]}, "version": 5}
{"obj": {"type": "ClearStringLog", "path": ["monitoring", "stderr"]}, "version": 6}
{"obj": {"type": "AssignString", "path": ["source_code", "entrypoint"], "value": "train.py"}, "version": 7}
{"obj": {"type": "UploadFileSet", "path": ["source_code", "files"], "file_globs": ["C:\\Users\\RuturajMane\\Desktop\\public-projects\\mnist-ruturaj\\src\\train.py"], "reset": "False"}, "version": 8}
{"obj": {"type": "LogStrings", "path": ["monitoring", "stderr"], "values": [{"value": "Info (NVML): NVML Shared Library Not Found. GPU usage metrics may not be reported. For more information, see https://docs.neptune.ai/you-should-know/what-can-you-log-and-display#hardware-consumption\n", "step": null, "ts": 1658485276.8682997}]}, "version": 9}
{"obj": {"type": "ConfigFloatSeries", "path": ["monitoring", "cpu"], "min": 0.0, "max": 100.0, "unit": "%"}, "version": 10}
{"obj": {"type": "ClearFloatLog", "path": ["monitoring", "cpu"]}, "version": 11}
{"obj": {"type": "ConfigFloatSeries", "path": ["monitoring", "memory"], "min": 0.0, "max": 15.878307342529297, "unit": "GB"}, "version": 12}
{"obj": {"type": "ClearFloatLog", "path": ["monitoring", "memory"]}, "version": 13}
{"obj": {"type": "LogFloats", "path": ["monitoring", "cpu"], "values": [{"value": 40.9, "step": null, "ts": 1658485276.874749}]}, "version": 14}
{"obj": {"type": "LogFloats", "path": ["monitoring", "memory"], "values": [{"value": 10.92889404296875, "step": null, "ts": 1658485276.874749}]}, "version": 15}
{"obj": {"type": "AssignFloat", "path": ["Parameters", "learning_rate"], "value": 0.05}, "version": 16}
{"obj": {"type": "AssignString", "path": ["Parameters", "Optimizer"], "value": "SGD"}, "version": 17}
{"obj": {"type": "AssignInt", "path": ["Parameters", "Batch_size"], "value": 128}, "version": 18}
{"obj": {"type": "AssignInt", "path": ["Parameters", "Epochs"], "value": 30}, "version": 19}
{"obj": {"type": "AssignString", "path": ["Parameters", "Loss_fn"], "value": "cross_entropy"}, "version": 20}
{"obj": {"type": "LogStrings", "path": ["monitoring", "stdout"], "values": [{"value": "Accuracy of epoch 1, is 0.7986550632911392", "step": null, "ts": 1658485284.1793723}]}, "version": 21}
{"obj": {"type": "LogStrings", "path": ["monitoring", "stdout"], "values": [{"value": "\n", "step": null, "ts": 1658485284.1794446}]}, "version": 22}
{"obj": {"type": "LogStrings", "path": ["monitoring", "stdout"], "values": [{"value": "Loss of epoch 1, is 0.6936829686164856", "step": null, "ts": 1658485284.1804433}]}, "version": 23}
{"obj": {"type": "LogStrings", "path": ["monitoring", "stdout"], "values": [{"value": "\n", "step": null, "ts": 1658485284.1804433}]}, "version": 24}
{"obj": {"type": "LogFloats", "path": ["Val", "loss"], "values": [{"value": 0.7986550632911392, "step": null, "ts": 1658485284.1804433}]}, "version": 25}
{"obj": {"type": "LogFloats", "path": ["Val", "loss"], "values": [{"value": 0.6936829686164856, "step": null, "ts": 1658485284.181447}]}, "version": 26}
{"obj": {"type": "LogFloats", "path": ["monitoring", "cpu"], "values": [{"value": 61.1, "step": null, "ts": 1658485286.8851206}]}, "version": 27}
{"obj": {"type": "LogFloats", "path": ["monitoring", "memory"], "values": [{"value": 10.96822738647461, "step": null, "ts": 1658485286.8851206}]}, "version": 28}
{"obj": {"type": "LogStrings", "path": ["monitoring", "stdout"], "values": [{"value": "Accuracy of epoch 2, is 0.8144778481012658", "step": null, "ts": 1658485291.428773}]}, "version": 29}
{"obj": {"type": "LogStrings", "path": ["monitoring", "stdout"], "values": [{"value": "\n", "step": null, "ts": 1658485291.428773}]}, "version": 30}
{"obj": {"type": "LogStrings", "path": ["monitoring", "stdout"], "values": [{"value": "Loss of epoch 2, is 0.5782658457756042", "step": null, "ts": 1658485291.429775}]}, "version": 31}
{"obj": {"type": "LogStrings", "path": ["monitoring", "stdout"], "values": [{"value": "\n", "step": null, "ts": 1658485291.429775}]}, "version": 32}
{"obj": {"type": "LogFloats", "path": ["Val", "loss"], "values": [{"value": 0.8144778481012658, "step": null, "ts": 1658485291.429775}]}, "version": 33}
{"obj": {"type": "LogFloats", "path": ["Val", "loss"], "values": [{"value": 0.5782658457756042, "step": null, "ts": 1658485291.4307735}]}, "version": 34}
{"obj": {"type": "LogFloats", "path": ["monitoring", "cpu"], "values": [{"value": 62.0, "step": null, "ts": 1658485296.8854907}]}, "version": 35}
{"obj": {"type": "LogFloats", "path": ["monitoring", "memory"], "values": [{"value": 10.988151550292969, "step": null, "ts": 1658485296.8854907}]}, "version": 36}
{"obj": {"type": "LogStrings", "path": ["monitoring", "stdout"], "values": [{"value": "Accuracy of epoch 3, is 0.8222903481012658", "step": null, "ts": 1658485299.0756752}]}, "version": 37}
{"obj": {"type": "LogStrings", "path": ["monitoring", "stdout"], "values": [{"value": "\n", "step": null, "ts": 1658485299.0756752}]}, "version": 38}
{"obj": {"type": "LogStrings", "path": ["monitoring", "stdout"], "values": [{"value": "Loss of epoch 3, is 0.5368042588233948", "step": null, "ts": 1658485299.0766742}]}, "version": 39}
{"obj": {"type": "LogStrings", "path": ["monitoring", "stdout"], "values": [{"value": "\n", "step": null, "ts": 1658485299.0766742}]}, "version": 40}
{"obj": {"type": "LogFloats", "path": ["Val", "loss"], "values": [{"value": 0.8222903481012658, "step": null, "ts": 1658485299.0766742}]}, "version": 41}
{"obj": {"type": "LogFloats", "path": ["Val", "loss"], "values": [{"value": 0.5368042588233948, "step": null, "ts": 1658485299.077675}]}, "version": 42}
{"obj": {"type": "LogFloats", "path": ["monitoring", "cpu"], "values": [{"value": 63.8, "step": null, "ts": 1658485306.9014702}]}, "version": 43}
{"obj": {"type": "LogFloats", "path": ["monitoring", "memory"], "values": [{"value": 11.053871154785156, "step": null, "ts": 1658485306.9014702}]}, "version": 44}
{"obj": {"type": "LogStrings", "path": ["monitoring", "stdout"], "values": [{"value": "Accuracy of epoch 4, is 0.8247626582278481", "step": null, "ts": 1658485307.1393037}]}, "version": 45}
{"obj": {"type": "LogStrings", "path": ["monitoring", "stdout"], "values": [{"value": "\n", "step": null, "ts": 1658485307.1393037}]}, "version": 46}
{"obj": {"type": "LogStrings", "path": ["monitoring", "stdout"], "values": [{"value": "Loss of epoch 4, is 0.5161453485488892", "step": null, "ts": 1658485307.1403046}]}, "version": 47}
{"obj": {"type": "LogStrings", "path": ["monitoring", "stdout"], "values": [{"value": "\n", "step": null, "ts": 1658485307.1403046}]}, "version": 48}
{"obj": {"type": "LogFloats", "path": ["Val", "loss"], "values": [{"value": 0.8247626582278481, "step": null, "ts": 1658485307.141042}]}, "version": 49}
{"obj": {"type": "LogFloats", "path": ["Val", "loss"], "values": [{"value": 0.5161453485488892, "step": null, "ts": 1658485307.141042}]}, "version": 50}
{"obj": {"type": "LogStrings", "path": ["monitoring", "stdout"], "values": [{"value": "Accuracy of epoch 5, is 0.8330696202531646", "step": null, "ts": 1658485315.5336502}]}, "version": 51}
{"obj": {"type": "LogStrings", "path": ["monitoring", "stdout"], "values": [{"value": "\n", "step": null, "ts": 1658485315.5336502}]}, "version": 52}
{"obj": {"type": "LogStrings", "path": ["monitoring", "stdout"], "values": [{"value": "Loss of epoch 5, is 0.4965178668498993", "step": null, "ts": 1658485315.534652}]}, "version": 53}
{"obj": {"type": "LogStrings", "path": ["monitoring", "stdout"], "values": [{"value": "\n", "step": null, "ts": 1658485315.534652}]}, "version": 54}
{"obj": {"type": "LogFloats", "path": ["Val", "loss"], "values": [{"value": 0.8330696202531646, "step": null, "ts": 1658485315.534652}]}, "version": 55}
{"obj": {"type": "LogFloats", "path": ["Val", "loss"], "values": [{"value": 0.4965178668498993, "step": null, "ts": 1658485315.5356507}]}, "version": 56}
{"obj": {"type": "LogFloats", "path": ["monitoring", "cpu"], "values": [{"value": 65.9, "step": null, "ts": 1658485316.9158494}]}, "version": 57}
{"obj": {"type": "LogFloats", "path": ["monitoring", "memory"], "values": [{"value": 11.176502227783203, "step": null, "ts": 1658485316.9158494}]}, "version": 58}
{"obj": {"type": "LogFloats", "path": ["monitoring", "cpu"], "values": [{"value": 70.2, "step": null, "ts": 1658485326.9228404}]}, "version": 59}
{"obj": {"type": "LogFloats", "path": ["monitoring", "memory"], "values": [{"value": 11.186248779296875, "step": null, "ts": 1658485326.9228404}]}, "version": 60}
{"obj": {"type": "LogStrings", "path": ["monitoring", "stdout"], "values": [{"value": "Accuracy of epoch 6, is 0.8345530063291139", "step": null, "ts": 1658485331.1550446}]}, "version": 61}
{"obj": {"type": "LogStrings", "path": ["monitoring", "stdout"], "values": [{"value": "\n", "step": null, "ts": 1658485331.1552703}]}, "version": 62}
{"obj": {"type": "LogStrings", "path": ["monitoring", "stdout"], "values": [{"value": "Loss of epoch 6, is 0.4839102327823639", "step": null, "ts": 1658485331.156314}]}, "version": 63}
{"obj": {"type": "LogStrings", "path": ["monitoring", "stdout"], "values": [{"value": "\n", "step": null, "ts": 1658485331.156314}]}, "version": 64}
{"obj": {"type": "LogFloats", "path": ["Val", "loss"], "values": [{"value": 0.8345530063291139, "step": null, "ts": 1658485331.156314}]}, "version": 65}
{"obj": {"type": "LogFloats", "path": ["Val", "loss"], "values": [{"value": 0.4839102327823639, "step": null, "ts": 1658485331.1572816}]}, "version": 66}
{"obj": {"type": "LogFloats", "path": ["monitoring", "cpu"], "values": [{"value": 66.0, "step": null, "ts": 1658485336.9365804}]}, "version": 67}
{"obj": {"type": "LogFloats", "path": ["monitoring", "memory"], "values": [{"value": 11.167736053466797, "step": null, "ts": 1658485336.9365804}]}, "version": 68}
{"obj": {"type": "LogStrings", "path": ["monitoring", "stdout"], "values": [{"value": "Accuracy of epoch 7, is 0.840684335443038", "step": null, "ts": 1658485338.7892845}]}, "version": 69}
{"obj": {"type": "LogStrings", "path": ["monitoring", "stdout"], "values": [{"value": "\n", "step": null, "ts": 1658485338.790823}]}, "version": 70}
{"obj": {"type": "LogStrings", "path": ["monitoring", "stdout"], "values": [{"value": "Loss of epoch 7, is 0.4717315435409546", "step": null, "ts": 1658485338.790823}]}, "version": 71}
{"obj": {"type": "LogStrings", "path": ["monitoring", "stdout"], "values": [{"value": "\n", "step": null, "ts": 1658485338.792864}]}, "version": 72}
{"obj": {"type": "LogFloats", "path": ["Val", "loss"], "values": [{"value": 0.840684335443038, "step": null, "ts": 1658485338.792864}]}, "version": 73}
{"obj": {"type": "LogFloats", "path": ["Val", "loss"], "values": [{"value": 0.4717315435409546, "step": null, "ts": 1658485338.7942712}]}, "version": 74}
{"obj": {"type": "LogFloats", "path": ["monitoring", "cpu"], "values": [{"value": 70.0, "step": null, "ts": 1658485346.9456449}]}, "version": 75}
{"obj": {"type": "LogFloats", "path": ["monitoring", "memory"], "values": [{"value": 11.22802734375, "step": null, "ts": 1658485346.9456449}]}, "version": 76}
{"obj": {"type": "LogStrings", "path": ["monitoring", "stdout"], "values": [{"value": "Accuracy of epoch 8, is 0.8414754746835443", "step": null, "ts": 1658485348.672317}]}, "version": 77}
{"obj": {"type": "LogStrings", "path": ["monitoring", "stdout"], "values": [{"value": "\n", "step": null, "ts": 1658485348.672317}]}, "version": 78}
{"obj": {"type": "LogStrings", "path": ["monitoring", "stdout"], "values": [{"value": "Loss of epoch 8, is 0.46229803562164307", "step": null, "ts": 1658485348.672317}]}, "version": 79}
{"obj": {"type": "LogStrings", "path": ["monitoring", "stdout"], "values": [{"value": "\n", "step": null, "ts": 1658485348.672317}]}, "version": 80}
{"obj": {"type": "LogFloats", "path": ["Val", "loss"], "values": [{"value": 0.8414754746835443, "step": null, "ts": 1658485348.672317}]}, "version": 81}
{"obj": {"type": "LogFloats", "path": ["Val", "loss"], "values": [{"value": 0.46229803562164307, "step": null, "ts": 1658485348.6869903}]}, "version": 82}
{"obj": {"type": "LogFloats", "path": ["monitoring", "cpu"], "values": [{"value": 72.0, "step": null, "ts": 1658485356.9510589}]}, "version": 83}
{"obj": {"type": "LogFloats", "path": ["monitoring", "memory"], "values": [{"value": 11.216011047363281, "step": null, "ts": 1658485356.9510589}]}, "version": 84}
{"obj": {"type": "LogFloats", "path": ["monitoring", "cpu"], "values": [{"value": 73.4, "step": null, "ts": 1658485366.9543035}]}, "version": 85}
{"obj": {"type": "LogFloats", "path": ["monitoring", "memory"], "values": [{"value": 11.242179870605469, "step": null, "ts": 1658485366.9543035}]}, "version": 86}
{"obj": {"type": "LogStrings", "path": ["monitoring", "stdout"], "values": [{"value": "Accuracy of epoch 9, is 0.8447389240506329", "step": null, "ts": 1658485369.0110822}]}, "version": 87}
{"obj": {"type": "LogStrings", "path": ["monitoring", "stdout"], "values": [{"value": "\n", "step": null, "ts": 1658485369.0110822}]}, "version": 88}
{"obj": {"type": "LogStrings", "path": ["monitoring", "stdout"], "values": [{"value": "Loss of epoch 9, is 0.4508849084377289", "step": null, "ts": 1658485369.0110822}]}, "version": 89}
{"obj": {"type": "LogStrings", "path": ["monitoring", "stdout"], "values": [{"value": "\n", "step": null, "ts": 1658485369.0110822}]}, "version": 90}
{"obj": {"type": "LogFloats", "path": ["Val", "loss"], "values": [{"value": 0.8447389240506329, "step": null, "ts": 1658485369.0110822}]}, "version": 91}
{"obj": {"type": "LogFloats", "path": ["Val", "loss"], "values": [{"value": 0.4508849084377289, "step": null, "ts": 1658485369.0188324}]}, "version": 92}
{"obj": {"type": "LogFloats", "path": ["monitoring", "cpu"], "values": [{"value": 70.1, "step": null, "ts": 1658485376.9699755}]}, "version": 93}
{"obj": {"type": "LogFloats", "path": ["monitoring", "memory"], "values": [{"value": 11.246356964111328, "step": null, "ts": 1658485376.9699755}]}, "version": 94}
{"obj": {"type": "LogFloats", "path": ["monitoring", "cpu"], "values": [{"value": 69.3, "step": null, "ts": 1658485386.9880588}]}, "version": 95}
{"obj": {"type": "LogFloats", "path": ["monitoring", "memory"], "values": [{"value": 11.246044158935547, "step": null, "ts": 1658485386.9880588}]}, "version": 96}
{"obj": {"type": "LogStrings", "path": ["monitoring", "stdout"], "values": [{"value": "Accuracy of epoch 10, is 0.8467167721518988", "step": null, "ts": 1658485390.3699596}]}, "version": 97}
{"obj": {"type": "LogStrings", "path": ["monitoring", "stdout"], "values": [{"value": "\n", "step": null, "ts": 1658485390.3709626}]}, "version": 98}
{"obj": {"type": "LogStrings", "path": ["monitoring", "stdout"], "values": [{"value": "Loss of epoch 10, is 0.4423004686832428", "step": null, "ts": 1658485390.373491}]}, "version": 99}
{"obj": {"type": "LogStrings", "path": ["monitoring", "stdout"], "values": [{"value": "\n", "step": null, "ts": 1658485390.37368}]}, "version": 100}
{"obj": {"type": "LogFloats", "path": ["Val", "loss"], "values": [{"value": 0.8467167721518988, "step": null, "ts": 1658485390.37368}]}, "version": 101}
{"obj": {"type": "LogFloats", "path": ["Val", "loss"], "values": [{"value": 0.4423004686832428, "step": null, "ts": 1658485390.3758967}]}, "version": 102}
{"obj": {"type": "LogFloats", "path": ["monitoring", "cpu"], "values": [{"value": 68.9, "step": null, "ts": 1658485396.990334}]}, "version": 103}
{"obj": {"type": "LogFloats", "path": ["monitoring", "memory"], "values": [{"value": 11.28756332397461, "step": null, "ts": 1658485396.990334}]}, "version": 104}
{"obj": {"type": "LogStrings", "path": ["monitoring", "stdout"], "values": [{"value": "Accuracy of epoch 11, is 0.8481012658227848", "step": null, "ts": 1658485403.2895494}]}, "version": 105}
{"obj": {"type": "LogStrings", "path": ["monitoring", "stdout"], "values": [{"value": "\n", "step": null, "ts": 1658485403.2905781}]}, "version": 106}
{"obj": {"type": "LogStrings", "path": ["monitoring", "stdout"], "values": [{"value": "Loss of epoch 11, is 0.4336962103843689", "step": null, "ts": 1658485403.291578}]}, "version": 107}
{"obj": {"type": "LogStrings", "path": ["monitoring", "stdout"], "values": [{"value": "\n", "step": null, "ts": 1658485403.291578}]}, "version": 108}
{"obj": {"type": "LogFloats", "path": ["Val", "loss"], "values": [{"value": 0.8481012658227848, "step": null, "ts": 1658485403.291578}]}, "version": 109}
{"obj": {"type": "LogFloats", "path": ["Val", "loss"], "values": [{"value": 0.4336962103843689, "step": null, "ts": 1658485403.2926958}]}, "version": 110}
{"obj": {"type": "LogFloats", "path": ["monitoring", "cpu"], "values": [{"value": 68.4, "step": null, "ts": 1658485407.0053377}]}, "version": 111}
{"obj": {"type": "LogFloats", "path": ["monitoring", "memory"], "values": [{"value": 11.346065521240234, "step": null, "ts": 1658485407.0053377}]}, "version": 112}
{"obj": {"type": "LogStrings", "path": ["monitoring", "stdout"], "values": [{"value": "Accuracy of epoch 12, is 0.8497824367088608", "step": null, "ts": 1658485411.1302981}]}, "version": 113}
{"obj": {"type": "LogStrings", "path": ["monitoring", "stdout"], "values": [{"value": "\n", "step": null, "ts": 1658485411.1315234}]}, "version": 114}
{"obj": {"type": "LogStrings", "path": ["monitoring", "stdout"], "values": [{"value": "Loss of epoch 12, is 0.42747294902801514", "step": null, "ts": 1658485411.132526}]}, "version": 115}
{"obj": {"type": "LogStrings", "path": ["monitoring", "stdout"], "values": [{"value": "\n", "step": null, "ts": 1658485411.132526}]}, "version": 116}
{"obj": {"type": "LogFloats", "path": ["Val", "loss"], "values": [{"value": 0.8497824367088608, "step": null, "ts": 1658485411.1329482}]}, "version": 117}
{"obj": {"type": "LogFloats", "path": ["Val", "loss"], "values": [{"value": 0.42747294902801514, "step": null, "ts": 1658485411.1329482}]}, "version": 118}
{"obj": {"type": "LogFloats", "path": ["monitoring", "cpu"], "values": [{"value": 68.8, "step": null, "ts": 1658485417.009538}]}, "version": 119}
{"obj": {"type": "LogFloats", "path": ["monitoring", "memory"], "values": [{"value": 11.414085388183594, "step": null, "ts": 1658485417.009538}]}, "version": 120}
{"obj": {"type": "LogStrings", "path": ["monitoring", "stdout"], "values": [{"value": "Accuracy of epoch 13, is 0.8520569620253164", "step": null, "ts": 1658485423.850409}]}, "version": 121}
{"obj": {"type": "LogStrings", "path": ["monitoring", "stdout"], "values": [{"value": "\n", "step": null, "ts": 1658485423.8525379}]}, "version": 122}
{"obj": {"type": "LogStrings", "path": ["monitoring", "stdout"], "values": [{"value": "Loss of epoch 13, is 0.4209223985671997", "step": null, "ts": 1658485423.8525379}]}, "version": 123}
{"obj": {"type": "LogStrings", "path": ["monitoring", "stdout"], "values": [{"value": "\n", "step": null, "ts": 1658485423.8552756}]}, "version": 124}
{"obj": {"type": "LogFloats", "path": ["Val", "loss"], "values": [{"value": 0.8520569620253164, "step": null, "ts": 1658485423.8552756}]}, "version": 125}
{"obj": {"type": "LogFloats", "path": ["Val", "loss"], "values": [{"value": 0.4209223985671997, "step": null, "ts": 1658485423.856276}]}, "version": 126}
{"obj": {"type": "LogFloats", "path": ["monitoring", "cpu"], "values": [{"value": 69.2, "step": null, "ts": 1658485427.013075}]}, "version": 127}
{"obj": {"type": "LogFloats", "path": ["monitoring", "memory"], "values": [{"value": 11.3885498046875, "step": null, "ts": 1658485427.013075}]}, "version": 128}
{"obj": {"type": "LogFloats", "path": ["monitoring", "cpu"], "values": [{"value": 68.6, "step": null, "ts": 1658485437.0229769}]}, "version": 129}
{"obj": {"type": "LogFloats", "path": ["monitoring", "memory"], "values": [{"value": 11.387947082519531, "step": null, "ts": 1658485437.0229769}]}, "version": 130}
{"obj": {"type": "LogStrings", "path": ["monitoring", "stdout"], "values": [{"value": "Accuracy of epoch 14, is 0.8514636075949367", "step": null, "ts": 1658485445.2853422}]}, "version": 131}
{"obj": {"type": "LogStrings", "path": ["monitoring", "stdout"], "values": [{"value": "\n", "step": null, "ts": 1658485445.2853422}]}, "version": 132}
{"obj": {"type": "LogStrings", "path": ["monitoring", "stdout"], "values": [{"value": "Loss of epoch 14, is 0.416571706533432", "step": null, "ts": 1658485445.2853422}]}, "version": 133}
{"obj": {"type": "LogStrings", "path": ["monitoring", "stdout"], "values": [{"value": "\n", "step": null, "ts": 1658485445.2863467}]}, "version": 134}
{"obj": {"type": "LogFloats", "path": ["Val", "loss"], "values": [{"value": 0.8514636075949367, "step": null, "ts": 1658485445.2863467}]}, "version": 135}
{"obj": {"type": "LogFloats", "path": ["Val", "loss"], "values": [{"value": 0.416571706533432, "step": null, "ts": 1658485445.287339}]}, "version": 136}
{"obj": {"type": "LogFloats", "path": ["monitoring", "cpu"], "values": [{"value": 67.9, "step": null, "ts": 1658485447.0369816}]}, "version": 137}
{"obj": {"type": "LogFloats", "path": ["monitoring", "memory"], "values": [{"value": 11.425834655761719, "step": null, "ts": 1658485447.0369816}]}, "version": 138}
{"obj": {"type": "LogStrings", "path": ["monitoring", "stdout"], "values": [{"value": "Accuracy of epoch 15, is 0.8545292721518988", "step": null, "ts": 1658485456.9755204}]}, "version": 139}
{"obj": {"type": "LogStrings", "path": ["monitoring", "stdout"], "values": [{"value": "\n", "step": null, "ts": 1658485456.983496}]}, "version": 140}
{"obj": {"type": "LogStrings", "path": ["monitoring", "stdout"], "values": [{"value": "Loss of epoch 15, is 0.4091736972332001", "step": null, "ts": 1658485456.983496}]}, "version": 141}
{"obj": {"type": "LogStrings", "path": ["monitoring", "stdout"], "values": [{"value": "\n", "step": null, "ts": 1658485456.9844973}]}, "version": 142}
{"obj": {"type": "LogFloats", "path": ["Val", "loss"], "values": [{"value": 0.8545292721518988, "step": null, "ts": 1658485456.9844973}]}, "version": 143}
{"obj": {"type": "LogFloats", "path": ["Val", "loss"], "values": [{"value": 0.4091736972332001, "step": null, "ts": 1658485456.9844973}]}, "version": 144}
{"obj": {"type": "LogFloats", "path": ["monitoring", "cpu"], "values": [{"value": 68.2, "step": null, "ts": 1658485457.0400693}]}, "version": 145}
{"obj": {"type": "LogFloats", "path": ["monitoring", "memory"], "values": [{"value": 11.491493225097656, "step": null, "ts": 1658485457.0400693}]}, "version": 146}
{"obj": {"type": "LogFloats", "path": ["monitoring", "cpu"], "values": [{"value": 70.8, "step": null, "ts": 1658485467.0542474}]}, "version": 147}
{"obj": {"type": "LogFloats", "path": ["monitoring", "memory"], "values": [{"value": 11.488258361816406, "step": null, "ts": 1658485467.0542474}]}, "version": 148}
{"obj": {"type": "LogStrings", "path": ["monitoring", "stdout"], "values": [{"value": "Accuracy of epoch 16, is 0.8560126582278481", "step": null, "ts": 1658485467.0910294}]}, "version": 149}
{"obj": {"type": "LogStrings", "path": ["monitoring", "stdout"], "values": [{"value": "\n", "step": null, "ts": 1658485467.0910294}]}, "version": 150}
{"obj": {"type": "LogStrings", "path": ["monitoring", "stdout"], "values": [{"value": "Loss of epoch 16, is 0.40362846851348877", "step": null, "ts": 1658485467.09303}]}, "version": 151}
{"obj": {"type": "LogStrings", "path": ["monitoring", "stdout"], "values": [{"value": "\n", "step": null, "ts": 1658485467.09303}]}, "version": 152}
{"obj": {"type": "LogFloats", "path": ["Val", "loss"], "values": [{"value": 0.8560126582278481, "step": null, "ts": 1658485467.0943336}]}, "version": 153}
{"obj": {"type": "LogFloats", "path": ["Val", "loss"], "values": [{"value": 0.40362846851348877, "step": null, "ts": 1658485467.095333}]}, "version": 154}
{"obj": {"type": "LogFloats", "path": ["monitoring", "cpu"], "values": [{"value": 73.5, "step": null, "ts": 1658485477.0654542}]}, "version": 155}
{"obj": {"type": "LogFloats", "path": ["monitoring", "memory"], "values": [{"value": 11.491710662841797, "step": null, "ts": 1658485477.0654542}]}, "version": 156}
{"obj": {"type": "LogFloats", "path": ["monitoring", "cpu"], "values": [{"value": 72.1, "step": null, "ts": 1658485487.0745475}]}, "version": 157}
{"obj": {"type": "LogFloats", "path": ["monitoring", "memory"], "values": [{"value": 11.498409271240234, "step": null, "ts": 1658485487.0745475}]}, "version": 158}
{"obj": {"type": "LogStrings", "path": ["monitoring", "stdout"], "values": [{"value": "Accuracy of epoch 17, is 0.8567049050632911", "step": null, "ts": 1658485488.8181896}]}, "version": 159}
{"obj": {"type": "LogStrings", "path": ["monitoring", "stdout"], "values": [{"value": "\n", "step": null, "ts": 1658485488.8202174}]}, "version": 160}
{"obj": {"type": "LogStrings", "path": ["monitoring", "stdout"], "values": [{"value": "Loss of epoch 17, is 0.40097516775131226", "step": null, "ts": 1658485488.821278}]}, "version": 161}
{"obj": {"type": "LogStrings", "path": ["monitoring", "stdout"], "values": [{"value": "\n", "step": null, "ts": 1658485488.821278}]}, "version": 162}
{"obj": {"type": "LogFloats", "path": ["Val", "loss"], "values": [{"value": 0.8567049050632911, "step": null, "ts": 1658485488.8223236}]}, "version": 163}
{"obj": {"type": "LogFloats", "path": ["Val", "loss"], "values": [{"value": 0.40097516775131226, "step": null, "ts": 1658485488.8223236}]}, "version": 164}
{"obj": {"type": "LogFloats", "path": ["monitoring", "cpu"], "values": [{"value": 70.6, "step": null, "ts": 1658485497.0872273}]}, "version": 165}
{"obj": {"type": "LogFloats", "path": ["monitoring", "memory"], "values": [{"value": 11.533798217773438, "step": null, "ts": 1658485497.0872273}]}, "version": 166}
{"obj": {"type": "LogFloats", "path": ["monitoring", "cpu"], "values": [{"value": 70.9, "step": null, "ts": 1658485507.0919724}]}, "version": 167}
{"obj": {"type": "LogFloats", "path": ["monitoring", "memory"], "values": [{"value": 11.521320343017578, "step": null, "ts": 1658485507.0919724}]}, "version": 168}
{"obj": {"type": "LogStrings", "path": ["monitoring", "stdout"], "values": [{"value": "Accuracy of epoch 18, is 0.8583860759493671", "step": null, "ts": 1658485509.876054}]}, "version": 169}
{"obj": {"type": "LogStrings", "path": ["monitoring", "stdout"], "values": [{"value": "\n", "step": null, "ts": 1658485509.8770528}]}, "version": 170}
{"obj": {"type": "LogStrings", "path": ["monitoring", "stdout"], "values": [{"value": "Loss of epoch 18, is 0.39637792110443115", "step": null, "ts": 1658485509.8795145}]}, "version": 171}
{"obj": {"type": "LogStrings", "path": ["monitoring", "stdout"], "values": [{"value": "\n", "step": null, "ts": 1658485509.8805163}]}, "version": 172}
{"obj": {"type": "LogFloats", "path": ["Val", "loss"], "values": [{"value": 0.8583860759493671, "step": null, "ts": 1658485509.8805163}]}, "version": 173}
{"obj": {"type": "LogFloats", "path": ["Val", "loss"], "values": [{"value": 0.39637792110443115, "step": null, "ts": 1658485509.8815095}]}, "version": 174}
{"obj": {"type": "LogFloats", "path": ["monitoring", "cpu"], "values": [{"value": 73.0, "step": null, "ts": 1658485517.1009722}]}, "version": 175}
{"obj": {"type": "LogFloats", "path": ["monitoring", "memory"], "values": [{"value": 11.515304565429688, "step": null, "ts": 1658485517.1009722}]}, "version": 176}
{"obj": {"type": "LogFloats", "path": ["monitoring", "cpu"], "values": [{"value": 75.8, "step": null, "ts": 1658485527.1089191}]}, "version": 177}
{"obj": {"type": "LogFloats", "path": ["monitoring", "memory"], "values": [{"value": 11.369380950927734, "step": null, "ts": 1658485527.1089191}]}, "version": 178}
{"obj": {"type": "LogStrings", "path": ["monitoring", "stdout"], "values": [{"value": "Accuracy of epoch 19, is 0.8580893987341772", "step": null, "ts": 1658485530.8645246}]}, "version": 179}
{"obj": {"type": "LogStrings", "path": ["monitoring", "stdout"], "values": [{"value": "\n", "step": null, "ts": 1658485530.8666213}]}, "version": 180}
{"obj": {"type": "LogStrings", "path": ["monitoring", "stdout"], "values": [{"value": "Loss of epoch 19, is 0.39521437883377075", "step": null, "ts": 1658485530.867998}]}, "version": 181}
{"obj": {"type": "LogStrings", "path": ["monitoring", "stdout"], "values": [{"value": "\n", "step": null, "ts": 1658485530.867998}]}, "version": 182}
{"obj": {"type": "LogFloats", "path": ["Val", "loss"], "values": [{"value": 0.8580893987341772, "step": null, "ts": 1658485530.8696704}]}, "version": 183}
{"obj": {"type": "LogFloats", "path": ["Val", "loss"], "values": [{"value": 0.39521437883377075, "step": null, "ts": 1658485530.8706703}]}, "version": 184}
{"obj": {"type": "LogFloats", "path": ["monitoring", "cpu"], "values": [{"value": 72.4, "step": null, "ts": 1658485537.1258905}]}, "version": 185}
{"obj": {"type": "LogFloats", "path": ["monitoring", "memory"], "values": [{"value": 11.391891479492188, "step": null, "ts": 1658485537.1258905}]}, "version": 186}
{"obj": {"type": "LogFloats", "path": ["monitoring", "cpu"], "values": [{"value": 70.9, "step": null, "ts": 1658485547.1427557}]}, "version": 187}
{"obj": {"type": "LogFloats", "path": ["monitoring", "memory"], "values": [{"value": 11.47137451171875, "step": null, "ts": 1658485547.1427557}]}, "version": 188}
{"obj": {"type": "LogStrings", "path": ["monitoring", "stdout"], "values": [{"value": "Accuracy of epoch 20, is 0.8596716772151899", "step": null, "ts": 1658485548.2270548}]}, "version": 189}
{"obj": {"type": "LogStrings", "path": ["monitoring", "stdout"], "values": [{"value": "\n", "step": null, "ts": 1658485548.2270548}]}, "version": 190}
{"obj": {"type": "LogStrings", "path": ["monitoring", "stdout"], "values": [{"value": "Loss of epoch 20, is 0.39298343658447266", "step": null, "ts": 1658485548.2280467}]}, "version": 191}
{"obj": {"type": "LogStrings", "path": ["monitoring", "stdout"], "values": [{"value": "\n", "step": null, "ts": 1658485548.2280467}]}, "version": 192}
{"obj": {"type": "LogFloats", "path": ["Val", "loss"], "values": [{"value": 0.8596716772151899, "step": null, "ts": 1658485548.2280467}]}, "version": 193}
{"obj": {"type": "LogFloats", "path": ["Val", "loss"], "values": [{"value": 0.39298343658447266, "step": null, "ts": 1658485548.2290444}]}, "version": 194}
{"obj": {"type": "LogStrings", "path": ["monitoring", "stdout"], "values": [{"value": "Accuracy of epoch 21, is 0.8604628164556962", "step": null, "ts": 1658485555.827674}]}, "version": 195}
{"obj": {"type": "LogStrings", "path": ["monitoring", "stdout"], "values": [{"value": "\n", "step": null, "ts": 1658485555.827674}]}, "version": 196}
{"obj": {"type": "LogStrings", "path": ["monitoring", "stdout"], "values": [{"value": "Loss of epoch 21, is 0.38681986927986145", "step": null, "ts": 1658485555.827674}]}, "version": 197}
{"obj": {"type": "LogStrings", "path": ["monitoring", "stdout"], "values": [{"value": "\n", "step": null, "ts": 1658485555.827674}]}, "version": 198}
{"obj": {"type": "LogFloats", "path": ["Val", "loss"], "values": [{"value": 0.8604628164556962, "step": null, "ts": 1658485555.827674}]}, "version": 199}
{"obj": {"type": "LogFloats", "path": ["Val", "loss"], "values": [{"value": 0.38681986927986145, "step": null, "ts": 1658485555.8357053}]}, "version": 200}
{"obj": {"type": "LogFloats", "path": ["monitoring", "cpu"], "values": [{"value": 63.5, "step": null, "ts": 1658485557.1570642}]}, "version": 201}
{"obj": {"type": "LogFloats", "path": ["monitoring", "memory"], "values": [{"value": 11.534141540527344, "step": null, "ts": 1658485557.1570642}]}, "version": 202}
{"obj": {"type": "LogStrings", "path": ["monitoring", "stdout"], "values": [{"value": "Accuracy of epoch 22, is 0.8619462025316456", "step": null, "ts": 1658485563.5887296}]}, "version": 203}
{"obj": {"type": "LogStrings", "path": ["monitoring", "stdout"], "values": [{"value": "\n", "step": null, "ts": 1658485563.5887296}]}, "version": 204}
{"obj": {"type": "LogStrings", "path": ["monitoring", "stdout"], "values": [{"value": "Loss of epoch 22, is 0.38602426648139954", "step": null, "ts": 1658485563.5887296}]}, "version": 205}
{"obj": {"type": "LogStrings", "path": ["monitoring", "stdout"], "values": [{"value": "\n", "step": null, "ts": 1658485563.5887296}]}, "version": 206}
{"obj": {"type": "LogFloats", "path": ["Val", "loss"], "values": [{"value": 0.8619462025316456, "step": null, "ts": 1658485563.5887296}]}, "version": 207}
{"obj": {"type": "LogFloats", "path": ["Val", "loss"], "values": [{"value": 0.38602426648139954, "step": null, "ts": 1658485563.5887296}]}, "version": 208}
{"obj": {"type": "LogFloats", "path": ["monitoring", "cpu"], "values": [{"value": 56.9, "step": null, "ts": 1658485567.1580322}]}, "version": 209}
{"obj": {"type": "LogFloats", "path": ["monitoring", "memory"], "values": [{"value": 11.629425048828125, "step": null, "ts": 1658485567.1580322}]}, "version": 210}
{"obj": {"type": "LogStrings", "path": ["monitoring", "stdout"], "values": [{"value": "Accuracy of epoch 23, is 0.8628362341772152", "step": null, "ts": 1658485571.5168726}]}, "version": 211}
{"obj": {"type": "LogStrings", "path": ["monitoring", "stdout"], "values": [{"value": "\n", "step": null, "ts": 1658485571.5168726}]}, "version": 212}
{"obj": {"type": "LogStrings", "path": ["monitoring", "stdout"], "values": [{"value": "Loss of epoch 23, is 0.38212063908576965", "step": null, "ts": 1658485571.5271063}]}, "version": 213}
{"obj": {"type": "LogStrings", "path": ["monitoring", "stdout"], "values": [{"value": "\n", "step": null, "ts": 1658485571.5276325}]}, "version": 214}
{"obj": {"type": "LogFloats", "path": ["Val", "loss"], "values": [{"value": 0.8628362341772152, "step": null, "ts": 1658485571.5276325}]}, "version": 215}
{"obj": {"type": "LogFloats", "path": ["Val", "loss"], "values": [{"value": 0.38212063908576965, "step": null, "ts": 1658485571.5286975}]}, "version": 216}
{"obj": {"type": "LogFloats", "path": ["monitoring", "cpu"], "values": [{"value": 54.4, "step": null, "ts": 1658485577.1699166}]}, "version": 217}
{"obj": {"type": "LogFloats", "path": ["monitoring", "memory"], "values": [{"value": 11.617549896240234, "step": null, "ts": 1658485577.1699166}]}, "version": 218}
{"obj": {"type": "LogStrings", "path": ["monitoring", "stdout"], "values": [{"value": "Accuracy of epoch 24, is 0.8631329113924051", "step": null, "ts": 1658485579.4377344}]}, "version": 219}
{"obj": {"type": "LogStrings", "path": ["monitoring", "stdout"], "values": [{"value": "\n", "step": null, "ts": 1658485579.4377344}]}, "version": 220}
{"obj": {"type": "LogStrings", "path": ["monitoring", "stdout"], "values": [{"value": "Loss of epoch 24, is 0.3789708912372589", "step": null, "ts": 1658485579.4387372}]}, "version": 221}
{"obj": {"type": "LogStrings", "path": ["monitoring", "stdout"], "values": [{"value": "\n", "step": null, "ts": 1658485579.4387372}]}, "version": 222}
{"obj": {"type": "LogFloats", "path": ["Val", "loss"], "values": [{"value": 0.8631329113924051, "step": null, "ts": 1658485579.439737}]}, "version": 223}
{"obj": {"type": "LogFloats", "path": ["Val", "loss"], "values": [{"value": 0.3789708912372589, "step": null, "ts": 1658485579.439737}]}, "version": 224}
{"obj": {"type": "LogFloats", "path": ["monitoring", "cpu"], "values": [{"value": 54.4, "step": null, "ts": 1658485587.1790028}]}, "version": 225}
{"obj": {"type": "LogFloats", "path": ["monitoring", "memory"], "values": [{"value": 11.644798278808594, "step": null, "ts": 1658485587.1790028}]}, "version": 226}
{"obj": {"type": "LogStrings", "path": ["monitoring", "stdout"], "values": [{"value": "Accuracy of epoch 25, is 0.8636273734177216", "step": null, "ts": 1658485587.756383}]}, "version": 227}
{"obj": {"type": "LogStrings", "path": ["monitoring", "stdout"], "values": [{"value": "\n", "step": null, "ts": 1658485587.756383}]}, "version": 228}
{"obj": {"type": "LogStrings", "path": ["monitoring", "stdout"], "values": [{"value": "Loss of epoch 25, is 0.37877321243286133", "step": null, "ts": 1658485587.756383}]}, "version": 229}
{"obj": {"type": "LogStrings", "path": ["monitoring", "stdout"], "values": [{"value": "\n", "step": null, "ts": 1658485587.756383}]}, "version": 230}
{"obj": {"type": "LogFloats", "path": ["Val", "loss"], "values": [{"value": 0.8636273734177216, "step": null, "ts": 1658485587.756383}]}, "version": 231}
{"obj": {"type": "LogFloats", "path": ["Val", "loss"], "values": [{"value": 0.37877321243286133, "step": null, "ts": 1658485587.756383}]}, "version": 232}
{"obj": {"type": "LogStrings", "path": ["monitoring", "stdout"], "values": [{"value": "Accuracy of epoch 26, is 0.8646162974683544", "step": null, "ts": 1658485595.9616466}]}, "version": 233}
{"obj": {"type": "LogStrings", "path": ["monitoring", "stdout"], "values": [{"value": "\n", "step": null, "ts": 1658485595.9616466}]}, "version": 234}
{"obj": {"type": "LogStrings", "path": ["monitoring", "stdout"], "values": [{"value": "Loss of epoch 26, is 0.37497320771217346", "step": null, "ts": 1658485595.9616466}]}, "version": 235}
{"obj": {"type": "LogStrings", "path": ["monitoring", "stdout"], "values": [{"value": "\n", "step": null, "ts": 1658485595.9616466}]}, "version": 236}
{"obj": {"type": "LogFloats", "path": ["Val", "loss"], "values": [{"value": 0.8646162974683544, "step": null, "ts": 1658485595.9616466}]}, "version": 237}
{"obj": {"type": "LogFloats", "path": ["Val", "loss"], "values": [{"value": 0.37497320771217346, "step": null, "ts": 1658485595.9616466}]}, "version": 238}
{"obj": {"type": "LogFloats", "path": ["monitoring", "cpu"], "values": [{"value": 54.7, "step": null, "ts": 1658485597.179626}]}, "version": 239}
{"obj": {"type": "LogFloats", "path": ["monitoring", "memory"], "values": [{"value": 11.701629638671875, "step": null, "ts": 1658485597.179626}]}, "version": 240}
{"obj": {"type": "LogStrings", "path": ["monitoring", "stdout"], "values": [{"value": "Accuracy of epoch 27, is 0.864814082278481", "step": null, "ts": 1658485604.5053189}]}, "version": 241}
{"obj": {"type": "LogStrings", "path": ["monitoring", "stdout"], "values": [{"value": "\n", "step": null, "ts": 1658485604.5053189}]}, "version": 242}
{"obj": {"type": "LogStrings", "path": ["monitoring", "stdout"], "values": [{"value": "Loss of epoch 27, is 0.3747190833091736", "step": null, "ts": 1658485604.5053189}]}, "version": 243}
{"obj": {"type": "LogStrings", "path": ["monitoring", "stdout"], "values": [{"value": "\n", "step": null, "ts": 1658485604.5053189}]}, "version": 244}
{"obj": {"type": "LogFloats", "path": ["Val", "loss"], "values": [{"value": 0.864814082278481, "step": null, "ts": 1658485604.5053189}]}, "version": 245}
{"obj": {"type": "LogFloats", "path": ["Val", "loss"], "values": [{"value": 0.3747190833091736, "step": null, "ts": 1658485604.5053189}]}, "version": 246}
{"obj": {"type": "LogFloats", "path": ["monitoring", "cpu"], "values": [{"value": 54.2, "step": null, "ts": 1658485607.1935422}]}, "version": 247}
{"obj": {"type": "LogFloats", "path": ["monitoring", "memory"], "values": [{"value": 11.730247497558594, "step": null, "ts": 1658485607.1935422}]}, "version": 248}
{"obj": {"type": "LogStrings", "path": ["monitoring", "stdout"], "values": [{"value": "Accuracy of epoch 28, is 0.864814082278481", "step": null, "ts": 1658485613.0973303}]}, "version": 249}
{"obj": {"type": "LogStrings", "path": ["monitoring", "stdout"], "values": [{"value": "\n", "step": null, "ts": 1658485613.0993514}]}, "version": 250}
{"obj": {"type": "LogStrings", "path": ["monitoring", "stdout"], "values": [{"value": "Loss of epoch 28, is 0.37213701009750366", "step": null, "ts": 1658485613.0993514}]}, "version": 251}
{"obj": {"type": "LogStrings", "path": ["monitoring", "stdout"], "values": [{"value": "\n", "step": null, "ts": 1658485613.0993514}]}, "version": 252}
{"obj": {"type": "LogFloats", "path": ["Val", "loss"], "values": [{"value": 0.864814082278481, "step": null, "ts": 1658485613.0993514}]}, "version": 253}
{"obj": {"type": "LogFloats", "path": ["Val", "loss"], "values": [{"value": 0.37213701009750366, "step": null, "ts": 1658485613.0993514}]}, "version": 254}
{"obj": {"type": "LogFloats", "path": ["monitoring", "cpu"], "values": [{"value": 54.7, "step": null, "ts": 1658485617.1981292}]}, "version": 255}
{"obj": {"type": "LogFloats", "path": ["monitoring", "memory"], "values": [{"value": 11.758308410644531, "step": null, "ts": 1658485617.1981292}]}, "version": 256}
{"obj": {"type": "LogStrings", "path": ["monitoring", "stdout"], "values": [{"value": "Accuracy of epoch 29, is 0.8661985759493671", "step": null, "ts": 1658485621.6038644}]}, "version": 257}
{"obj": {"type": "LogStrings", "path": ["monitoring", "stdout"], "values": [{"value": "\n", "step": null, "ts": 1658485621.6038644}]}, "version": 258}
{"obj": {"type": "LogStrings", "path": ["monitoring", "stdout"], "values": [{"value": "Loss of epoch 29, is 0.36873239278793335", "step": null, "ts": 1658485621.6038644}]}, "version": 259}
{"obj": {"type": "LogStrings", "path": ["monitoring", "stdout"], "values": [{"value": "\n", "step": null, "ts": 1658485621.6038644}]}, "version": 260}
{"obj": {"type": "LogFloats", "path": ["Val", "loss"], "values": [{"value": 0.8661985759493671, "step": null, "ts": 1658485621.6038644}]}, "version": 261}
{"obj": {"type": "LogFloats", "path": ["Val", "loss"], "values": [{"value": 0.36873239278793335, "step": null, "ts": 1658485621.6119523}]}, "version": 262}
{"obj": {"type": "LogFloats", "path": ["monitoring", "cpu"], "values": [{"value": 54.9, "step": null, "ts": 1658485627.2060816}]}, "version": 263}
{"obj": {"type": "LogFloats", "path": ["monitoring", "memory"], "values": [{"value": 11.791149139404297, "step": null, "ts": 1658485627.2060816}]}, "version": 264}
{"obj": {"type": "LogStrings", "path": ["monitoring", "stdout"], "values": [{"value": "Accuracy of epoch 30, is 0.8661985759493671", "step": null, "ts": 1658485630.241319}]}, "version": 265}
{"obj": {"type": "LogStrings", "path": ["monitoring", "stdout"], "values": [{"value": "\n", "step": null, "ts": 1658485630.241319}]}, "version": 266}
{"obj": {"type": "LogStrings", "path": ["monitoring", "stdout"], "values": [{"value": "Loss of epoch 30, is 0.36819085478782654", "step": null, "ts": 1658485630.241319}]}, "version": 267}
{"obj": {"type": "LogStrings", "path": ["monitoring", "stdout"], "values": [{"value": "\n", "step": null, "ts": 1658485630.241319}]}, "version": 268}
{"obj": {"type": "LogFloats", "path": ["Val", "loss"], "values": [{"value": 0.8661985759493671, "step": null, "ts": 1658485630.241319}]}, "version": 269}
{"obj": {"type": "LogFloats", "path": ["Val", "loss"], "values": [{"value": 0.36819085478782654, "step": null, "ts": 1658485630.241319}]}, "version": 270}
{"obj": {"type": "LogStrings", "path": ["monitoring", "stderr"], "values": [{"value": "2022/07/22 15:57:10 WARNING mlflow.utils.git_utils: Failed to import Git (the Git executable is probably not on your PATH), so Git SHA is not available. Error: Failed to initialize: Bad git executable.\nThe git executable must be specified in one of the following ways:\n    - be included in your $PATH\n    - be set via $GIT_PYTHON_GIT_EXECUTABLE\n    - explicitly set via git.refresh()\n\nAll git commands will error until this is rectified.\n\nThis initial warning can be silenced or aggravated in the future by setting the\n$GIT_PYTHON_REFRESH environment variable. Use one of the following values:\n    - quiet|q|silence|s|none|n|0: for no warning or exception\n    - warn|w|warning|1: for a printed warning\n    - error|e|raise|r|2: for a raised exception\n\nExample:\n    export GIT_PYTHON_REFRESH=quiet\n\n", "step": null, "ts": 1658485630.264457}]}, "version": 271}
{"obj": {"type": "LogStrings", "path": ["monitoring", "stdout"], "values": [{"value": "Shutting down background jobs, please wait a moment...\n", "step": null, "ts": 1658485630.35742}]}, "version": 272}
