{"obj": {"type": "AssignString", "path": ["sys", "name"], "value": "Untitled"}, "version": 1}
{"obj": {"type": "AssignString", "path": ["sys", "description"], "value": ""}, "version": 2}
{"obj": {"type": "AssignString", "path": ["sys", "hostname"], "value": "ALTAFKOP202"}, "version": 3}
{"obj": {"type": "AssignBool", "path": ["sys", "failed"], "value": false}, "version": 4}
{"obj": {"type": "ClearStringLog", "path": ["monitoring", "stdout"]}, "version": 5}
{"obj": {"type": "ClearStringLog", "path": ["monitoring", "stderr"]}, "version": 6}
{"obj": {"type": "AssignString", "path": ["source_code", "entrypoint"], "value": "train.py"}, "version": 7}
{"obj": {"type": "UploadFileSet", "path": ["source_code", "files"], "file_globs": ["C:\\Users\\RuturajMane\\Desktop\\MNIST_CNN\\mnist-ruturaj\\src\\train.py"], "reset": "False"}, "version": 8}
{"obj": {"type": "LogStrings", "path": ["monitoring", "stderr"], "values": [{"value": "Info (NVML): NVML Shared Library Not Found. GPU usage metrics may not be reported. For more information, see https://docs.neptune.ai/you-should-know/what-can-you-log-and-display#hardware-consumption\n", "step": null, "ts": 1661343310.0008404}]}, "version": 9}
{"obj": {"type": "ConfigFloatSeries", "path": ["monitoring", "cpu"], "min": 0.0, "max": 100.0, "unit": "%"}, "version": 10}
{"obj": {"type": "ClearFloatLog", "path": ["monitoring", "cpu"]}, "version": 11}
{"obj": {"type": "ConfigFloatSeries", "path": ["monitoring", "memory"], "min": 0.0, "max": 15.878307342529297, "unit": "GB"}, "version": 12}
{"obj": {"type": "ClearFloatLog", "path": ["monitoring", "memory"]}, "version": 13}
{"obj": {"type": "LogFloats", "path": ["monitoring", "cpu"], "values": [{"value": 16.8, "step": null, "ts": 1661343310.0041385}]}, "version": 14}
{"obj": {"type": "LogFloats", "path": ["monitoring", "memory"], "values": [{"value": 10.053375244140625, "step": null, "ts": 1661343310.0041385}]}, "version": 15}
{"obj": {"type": "AssignFloat", "path": ["Parameters", "learning_rate"], "value": 0.0001}, "version": 16}
{"obj": {"type": "AssignString", "path": ["Parameters", "Optimizer"], "value": "Adam"}, "version": 17}
{"obj": {"type": "AssignInt", "path": ["Parameters", "Batch_size"], "value": 50}, "version": 18}
{"obj": {"type": "AssignInt", "path": ["Parameters", "Epochs"], "value": 2}, "version": 19}
{"obj": {"type": "AssignString", "path": ["Parameters", "Loss_fn"], "value": "cross_entropy"}, "version": 20}
{"obj": {"type": "LogFloats", "path": ["monitoring", "cpu"], "values": [{"value": 55.0, "step": null, "ts": 1661343320.020827}]}, "version": 21}
{"obj": {"type": "LogFloats", "path": ["monitoring", "memory"], "values": [{"value": 10.051551818847656, "step": null, "ts": 1661343320.020827}]}, "version": 22}
{"obj": {"type": "LogFloats", "path": ["monitoring", "cpu"], "values": [{"value": 55.6, "step": null, "ts": 1661343330.0334702}]}, "version": 23}
{"obj": {"type": "LogFloats", "path": ["monitoring", "memory"], "values": [{"value": 10.049060821533203, "step": null, "ts": 1661343330.0334702}]}, "version": 24}
{"obj": {"type": "LogStrings", "path": ["monitoring", "stdout"], "values": [{"value": "Accuracy of epoch 1, is 0.9262999999999987", "step": null, "ts": 1661343334.6788468}]}, "version": 25}
{"obj": {"type": "LogStrings", "path": ["monitoring", "stdout"], "values": [{"value": "\n", "step": null, "ts": 1661343334.6824799}]}, "version": 26}
{"obj": {"type": "LogStrings", "path": ["monitoring", "stdout"], "values": [{"value": "Loss of epoch 1, is 0.26771822571754456", "step": null, "ts": 1661343334.683479}]}, "version": 27}
{"obj": {"type": "LogStrings", "path": ["monitoring", "stdout"], "values": [{"value": "\n", "step": null, "ts": 1661343334.6839607}]}, "version": 28}
{"obj": {"type": "LogFloats", "path": ["Val", "accu"], "values": [{"value": 0.9262999999999987, "step": null, "ts": 1661343334.6839607}]}, "version": 29}
{"obj": {"type": "LogFloats", "path": ["Val", "loss"], "values": [{"value": 0.26771822571754456, "step": null, "ts": 1661343334.684959}]}, "version": 30}
{"obj": {"type": "LogStrings", "path": ["monitoring", "stdout"], "values": [{"value": "[tensor([6, 1, 2, 2, 7, 9, 7, 5, 2, 3, 6, 1, 2, 3, 9, 4, 7, 8, 6, 4, 7, 3, 4, 5,\n        6, 8, 3, 8, 5, 3, 8, 9, 6, 9, 2, 4, 0, 1, 7, 8, 9, 9, 6, 8, 2, 4, 0, 3,\n        1, 1]), tensor([4, 7, 4, 5, 1, 7, 3, 7, 9, 8, 7, 3, 4, 9, 0, 9, 4, 2, 1, 2, 9, 7, 2, 1,\n        5, 6, 9, 7, 5, 3, 5, 3, 3, 7, 0, 1, 3, 4, 3, 3, 0, 0, 2, 2, 1, 9, 5, 5,\n        0, 2]), tensor([0, 6, 4, 1, 0, 3, 3, 0, 3, 4, 9, 4, 5, 9, 6, 9, 0, 9, 9, 5, 3, 0, 1, 2,\n        8, 1, 9, 2, 9, 1, 8, 0, 2, 0, 4, 5, 2, 0, 7, 0, 0, 3, 0, 4, 1, 4, 7, 3,\n        7, 7]), tensor([0, 2, 1, 3, 9, 8, 1, 2, 0, 4, 7, 5, 1, 1, 3, 1, 7, 1, 0, 3, 1, 6, 1, 2,\n        6, 7, 9, 2, 7, 1, 4, 6, 4, 2, 1, 5, 6, 2, 9, 6, 1, 2, 9, 2, 9, 3, 5, 4,\n        8, 4]), tensor([3, 0, 4, 3, 3, 3, 2, 2, 1, 9, 4, 9, 1, 9, 5, 5, 4, 3, 2, 8, 3, 8, 0, 5,\n        5, 0, 6, 4, 2, 6, 9, 7, 9, 1, 5, 6, 9, 7, 2, 1, 4, 1, 4, 1, 4, 8, 6, 6,\n        9, 2]), tensor([9, 3, 8, 3, 3, 3, 2, 2, 2, 1, 4, 1, 9, 8, 3, 9, 4, 2, 9, 3, 6, 7, 6, 0,\n        8, 3, 6, 2, 7, 0, 8, 3, 1, 4, 3", "step": null, "ts": 1661343334.7388217}]}, "version": 31}
{"obj": {"type": "LogStrings", "path": ["monitoring", "stdout"], "values": [{"value": "\n", "step": null, "ts": 1661343334.7399669}]}, "version": 32}
{"obj": {"type": "LogStrings", "path": ["monitoring", "stdout"], "values": [{"value": "[6, 1, 2, 2, 7, 9, 8, 5, 2, 3, 6, 1, 2, 3, 9, 4, 7, 8, 6, 4, 7, 3, 4, 5, 6, 8, 3, 8, 5, 3, 8, 8, 6, 9, 2, 4, 0, 1, 7, 8, 9, 9, 6, 8, 4, 4, 0, 3, 1, 1, 4, 7, 4, 8, 1, 7, 3, 5, 9, 8, 7, 3, 4, 9, 0, 9, 4, 2, 1, 2, 9, 7, 2, 1, 6, 6, 9, 7, 5, 7, 5, 3, 3, 7, 0, 1, 3, 4, 3, 3, 0, 0, 2, 2, 1, 9, 5, 5, 0, 2, 0, 6, 4, 1, 0, 3, 3, 0, 2, 4, 9, 4, 5, 9, 6, 9, 0, 9, 9, 0, 3, 0, 1, 2, 8, 1, 9, 2, 9, 1, 8, 0, 1, 0, 4, 5, 2, 4, 7, 0, 0, 3, 0, 4, 1, 4, 7, 8, 7, 7, 6, 2, 1, 3, 9, 8, 1, 2, 0, 4, 7, 5, 1, 1, 3, 1, 7, 1, 0, 3, 1, 6, 1, 2, 6, 7, 9, 2, 7, 1, 4, 6, 4, 2, 1, 5, 6, 2, 4, 1, 1, 2, 9, 2, 9, 3, 5, 4, 8, 4, 3, 0, 4, 3, 3, 3, 2, 2, 1, 5, 4, 9, 1, 4, 5, 3, 4, 3, 4, 8, 3, 8, 0, 5, 5, 0, 6, 4, 2, 6, 7, 7, 9, 1, 5, 6, 2, 7, 2, 1, 4, 1, 4, 1, 4, 8, 6, 6, 9, 2, 4, 3, 8, 3, 3, 3, 2, 2, 2, 1, 4, 1, 9, 8, 3, 9, 4, 2, 9, 3, 6, 7, 6, 0, 8, 3, 6, 2, 7, 0, 8, 3, 1, 2, 3, 4, 9, 5, 4, 1, 0, 7, 1, 2, 0, 7, 8, 6, 3, 4, 3, 2, 9, 6, 4, 1, 2, 7, 1, 9, 2, 9, 7, 6, 9, 3, 3, 3, 6, 9, 6, 8, 3, 2, 5, 4, 9, 1, 3, 0, 3, 0, 3, ", "step": null, "ts": 1661343334.747378}]}, "version": 33}
{"obj": {"type": "LogStrings", "path": ["monitoring", "stdout"], "values": [{"value": "\n", "step": null, "ts": 1661343334.747378}]}, "version": 34}
{"obj": {"type": "LogStrings", "path": ["monitoring", "traceback"], "values": [{"value": "An uncaught exception occurred while run was active on worker ALTAFKOP202.", "step": null, "ts": 1661343334.7493777}, {"value": "Marking run as failed", "step": null, "ts": 1661343334.7493777}, {"value": "Traceback:", "step": null, "ts": 1661343334.7493777}, {"value": "  File \"C:\\Users\\RuturajMane\\Desktop\\MNIST_CNN\\mnist-ruturaj\\src\\train.py\", line 179, in <module>\n    dl, da = fit(epochs, lr, train_loader, val_loader, loss_fn, optm)\n", "step": null, "ts": 1661343334.7493777}, {"value": "  File \"C:\\Users\\RuturajMane\\Desktop\\MNIST_CNN\\mnist-ruturaj\\src\\train.py\", line 110, in fit\n    precision, recall, fscore, support = score(labelss, predicts)\n", "step": null, "ts": 1661343334.7493777}, {"value": "  File \"C:\\Users\\RuturajMane\\AppData\\Local\\Programs\\Python\\Python310\\lib\\site-packages\\sklearn\\metrics\\_classification.py\", line 1556, in precision_recall_fscore_support\n    labels = _check_set_wise_labels(y_true, y_pred, average, labels, pos_label)\n", "step": null, "ts": 1661343334.7493777}, {"value": "  File \"C:\\Users\\RuturajMane\\AppData\\Local\\Programs\\Python\\Python310\\lib\\site-packages\\sklearn\\metrics\\_classification.py\", line 1357, in _check_set_wise_labels\n    y_type, y_true, y_pred = _check_targets(y_true, y_pred)\n", "step": null, "ts": 1661343334.7493777}, {"value": "  File \"C:\\Users\\RuturajMane\\AppData\\Local\\Programs\\Python\\Python310\\lib\\site-packages\\sklearn\\metrics\\_classification.py\", line 84, in _check_targets\n    check_consistent_length(y_true, y_pred)\n", "step": null, "ts": 1661343334.7493777}, {"value": "  File \"C:\\Users\\RuturajMane\\AppData\\Local\\Programs\\Python\\Python310\\lib\\site-packages\\sklearn\\utils\\validation.py\", line 387, in check_consistent_length\n    raise ValueError(\n", "step": null, "ts": 1661343334.7493777}, {"value": "Found input variables with inconsistent numbers of samples: [200, 10000]", "step": null, "ts": 1661343334.7493777}]}, "version": 35}
{"obj": {"type": "AssignBool", "path": ["sys", "failed"], "value": true}, "version": 36}
{"obj": {"type": "LogStrings", "path": ["monitoring", "stderr"], "values": [{"value": "Traceback (most recent call last):\n", "step": null, "ts": 1661343334.7503693}]}, "version": 37}
{"obj": {"type": "LogStrings", "path": ["monitoring", "stderr"], "values": [{"value": "  File \"C:\\Users\\RuturajMane\\Desktop\\MNIST_CNN\\mnist-ruturaj\\src\\train.py\", line 179, in <module>\n", "step": null, "ts": 1661343334.7503693}]}, "version": 38}
{"obj": {"type": "LogStrings", "path": ["monitoring", "stderr"], "values": [{"value": "    ", "step": null, "ts": 1661343334.7513704}]}, "version": 39}
{"obj": {"type": "LogStrings", "path": ["monitoring", "stderr"], "values": [{"value": "dl, da = fit(epochs, lr, train_loader, val_loader, loss_fn, optm)", "step": null, "ts": 1661343334.7513704}]}, "version": 40}
{"obj": {"type": "LogStrings", "path": ["monitoring", "stderr"], "values": [{"value": "\n", "step": null, "ts": 1661343334.7513704}]}, "version": 41}
{"obj": {"type": "LogStrings", "path": ["monitoring", "stderr"], "values": [{"value": "  File \"C:\\Users\\RuturajMane\\Desktop\\MNIST_CNN\\mnist-ruturaj\\src\\train.py\", line 110, in fit\n", "step": null, "ts": 1661343334.7513704}]}, "version": 42}
{"obj": {"type": "LogStrings", "path": ["monitoring", "stderr"], "values": [{"value": "    ", "step": null, "ts": 1661343334.756164}]}, "version": 43}
{"obj": {"type": "LogStrings", "path": ["monitoring", "stderr"], "values": [{"value": "precision, recall, fscore, support = score(labelss, predicts)", "step": null, "ts": 1661343334.756164}]}, "version": 44}
{"obj": {"type": "LogStrings", "path": ["monitoring", "stderr"], "values": [{"value": "\n", "step": null, "ts": 1661343334.756164}]}, "version": 45}
{"obj": {"type": "LogStrings", "path": ["monitoring", "stderr"], "values": [{"value": "  File \"C:\\Users\\RuturajMane\\AppData\\Local\\Programs\\Python\\Python310\\lib\\site-packages\\sklearn\\metrics\\_classification.py\", line 1556, in precision_recall_fscore_support\n", "step": null, "ts": 1661343334.756164}]}, "version": 46}
{"obj": {"type": "LogStrings", "path": ["monitoring", "stderr"], "values": [{"value": "    ", "step": null, "ts": 1661343334.7583477}]}, "version": 47}
{"obj": {"type": "LogStrings", "path": ["monitoring", "stderr"], "values": [{"value": "labels = _check_set_wise_labels(y_true, y_pred, average, labels, pos_label)", "step": null, "ts": 1661343334.7583477}]}, "version": 48}
{"obj": {"type": "LogStrings", "path": ["monitoring", "stderr"], "values": [{"value": "\n", "step": null, "ts": 1661343334.758694}]}, "version": 49}
{"obj": {"type": "LogStrings", "path": ["monitoring", "stderr"], "values": [{"value": "  File \"C:\\Users\\RuturajMane\\AppData\\Local\\Programs\\Python\\Python310\\lib\\site-packages\\sklearn\\metrics\\_classification.py\", line 1357, in _check_set_wise_labels\n", "step": null, "ts": 1661343334.7592254}]}, "version": 50}
{"obj": {"type": "LogStrings", "path": ["monitoring", "stderr"], "values": [{"value": "    ", "step": null, "ts": 1661343334.7605135}]}, "version": 51}
{"obj": {"type": "LogStrings", "path": ["monitoring", "stderr"], "values": [{"value": "y_type, y_true, y_pred = _check_targets(y_true, y_pred)", "step": null, "ts": 1661343334.7605135}]}, "version": 52}
{"obj": {"type": "LogStrings", "path": ["monitoring", "stderr"], "values": [{"value": "\n", "step": null, "ts": 1661343334.7605135}]}, "version": 53}
{"obj": {"type": "LogStrings", "path": ["monitoring", "stderr"], "values": [{"value": "  File \"C:\\Users\\RuturajMane\\AppData\\Local\\Programs\\Python\\Python310\\lib\\site-packages\\sklearn\\metrics\\_classification.py\", line 84, in _check_targets\n", "step": null, "ts": 1661343334.7605135}]}, "version": 54}
{"obj": {"type": "LogStrings", "path": ["monitoring", "stderr"], "values": [{"value": "    ", "step": null, "ts": 1661343334.7617276}]}, "version": 55}
{"obj": {"type": "LogStrings", "path": ["monitoring", "stderr"], "values": [{"value": "check_consistent_length(y_true, y_pred)", "step": null, "ts": 1661343334.7617276}]}, "version": 56}
{"obj": {"type": "LogStrings", "path": ["monitoring", "stderr"], "values": [{"value": "\n", "step": null, "ts": 1661343334.7617276}]}, "version": 57}
{"obj": {"type": "LogStrings", "path": ["monitoring", "stderr"], "values": [{"value": "  File \"C:\\Users\\RuturajMane\\AppData\\Local\\Programs\\Python\\Python310\\lib\\site-packages\\sklearn\\utils\\validation.py\", line 387, in check_consistent_length\n", "step": null, "ts": 1661343334.7627618}]}, "version": 58}
{"obj": {"type": "LogStrings", "path": ["monitoring", "stderr"], "values": [{"value": "    ", "step": null, "ts": 1661343334.7627618}]}, "version": 59}
{"obj": {"type": "LogStrings", "path": ["monitoring", "stderr"], "values": [{"value": "raise ValueError(", "step": null, "ts": 1661343334.7637627}]}, "version": 60}
{"obj": {"type": "LogStrings", "path": ["monitoring", "stderr"], "values": [{"value": "\n", "step": null, "ts": 1661343334.7637627}]}, "version": 61}
{"obj": {"type": "LogStrings", "path": ["monitoring", "stderr"], "values": [{"value": "ValueError", "step": null, "ts": 1661343334.7637627}]}, "version": 62}
{"obj": {"type": "LogStrings", "path": ["monitoring", "stderr"], "values": [{"value": ": ", "step": null, "ts": 1661343334.7637627}]}, "version": 63}
{"obj": {"type": "LogStrings", "path": ["monitoring", "stderr"], "values": [{"value": "Found input variables with inconsistent numbers of samples: [200, 10000]", "step": null, "ts": 1661343334.7647648}]}, "version": 64}
{"obj": {"type": "LogStrings", "path": ["monitoring", "stderr"], "values": [{"value": "\n", "step": null, "ts": 1661343334.7647648}]}, "version": 65}
{"obj": {"type": "LogStrings", "path": ["monitoring", "stdout"], "values": [{"value": "Shutting down background jobs, please wait a moment...\n", "step": null, "ts": 1661343334.7647648}]}, "version": 66}
