{"obj": {"type": "AssignString", "path": ["sys", "name"], "value": "Untitled"}, "version": 1}
{"obj": {"type": "AssignString", "path": ["sys", "description"], "value": ""}, "version": 2}
{"obj": {"type": "AssignString", "path": ["sys", "hostname"], "value": "ALTAFKOP202"}, "version": 3}
{"obj": {"type": "AssignBool", "path": ["sys", "failed"], "value": false}, "version": 4}
{"obj": {"type": "ClearStringLog", "path": ["monitoring", "stdout"]}, "version": 5}
{"obj": {"type": "ClearStringLog", "path": ["monitoring", "stderr"]}, "version": 6}
{"obj": {"type": "AssignString", "path": ["source_code", "entrypoint"], "value": "train.py"}, "version": 7}
{"obj": {"type": "UploadFileSet", "path": ["source_code", "files"], "file_globs": ["C:\\Users\\RuturajMane\\Desktop\\public-projects\\mnist-ruturaj\\src\\train.py"], "reset": "False"}, "version": 8}
{"obj": {"type": "LogStrings", "path": ["monitoring", "stderr"], "values": [{"value": "Info (NVML): NVML Shared Library Not Found. GPU usage metrics may not be reported. For more information, see https://docs.neptune.ai/you-should-know/what-can-you-log-and-display#hardware-consumption\n", "step": null, "ts": 1658831504.280686}]}, "version": 9}
{"obj": {"type": "ConfigFloatSeries", "path": ["monitoring", "cpu"], "min": 0.0, "max": 100.0, "unit": "%"}, "version": 10}
{"obj": {"type": "ClearFloatLog", "path": ["monitoring", "cpu"]}, "version": 11}
{"obj": {"type": "ConfigFloatSeries", "path": ["monitoring", "memory"], "min": 0.0, "max": 15.878307342529297, "unit": "GB"}, "version": 12}
{"obj": {"type": "ClearFloatLog", "path": ["monitoring", "memory"]}, "version": 13}
{"obj": {"type": "LogFloats", "path": ["monitoring", "cpu"], "values": [{"value": 7.5, "step": null, "ts": 1658831504.280686}]}, "version": 14}
{"obj": {"type": "LogFloats", "path": ["monitoring", "memory"], "values": [{"value": 11.188545227050781, "step": null, "ts": 1658831504.280686}]}, "version": 15}
{"obj": {"type": "AssignFloat", "path": ["Parameters", "learning_rate"], "value": 0.0001}, "version": 16}
{"obj": {"type": "AssignString", "path": ["Parameters", "Optimizer"], "value": "Adam"}, "version": 17}
{"obj": {"type": "AssignInt", "path": ["Parameters", "Batch_size"], "value": 50}, "version": 18}
{"obj": {"type": "AssignInt", "path": ["Parameters", "Epochs"], "value": 30}, "version": 19}
{"obj": {"type": "AssignString", "path": ["Parameters", "Loss_fn"], "value": "cross_entropy"}, "version": 20}
{"obj": {"type": "LogFloats", "path": ["monitoring", "cpu"], "values": [{"value": 53.4, "step": null, "ts": 1658831514.2973464}]}, "version": 21}
{"obj": {"type": "LogFloats", "path": ["monitoring", "memory"], "values": [{"value": 11.196365356445312, "step": null, "ts": 1658831514.2973464}]}, "version": 22}
{"obj": {"type": "LogFloats", "path": ["monitoring", "cpu"], "values": [{"value": 53.7, "step": null, "ts": 1658831524.3052912}]}, "version": 23}
{"obj": {"type": "LogFloats", "path": ["monitoring", "memory"], "values": [{"value": 11.213977813720703, "step": null, "ts": 1658831524.3052912}]}, "version": 24}
{"obj": {"type": "LogStrings", "path": ["monitoring", "stdout"], "values": [{"value": "Accuracy of epoch 1, is 0.9241999999999997", "step": null, "ts": 1658831532.144353}]}, "version": 25}
{"obj": {"type": "LogStrings", "path": ["monitoring", "stdout"], "values": [{"value": "\n", "step": null, "ts": 1658831532.1524153}]}, "version": 26}
{"obj": {"type": "LogStrings", "path": ["monitoring", "stdout"], "values": [{"value": "Loss of epoch 1, is 0.26557669043540955", "step": null, "ts": 1658831532.1524153}]}, "version": 27}
{"obj": {"type": "LogStrings", "path": ["monitoring", "stdout"], "values": [{"value": "\n", "step": null, "ts": 1658831532.1544378}]}, "version": 28}
{"obj": {"type": "LogFloats", "path": ["Val", "accu"], "values": [{"value": 0.9241999999999997, "step": null, "ts": 1658831532.1544378}]}, "version": 29}
{"obj": {"type": "LogFloats", "path": ["Val", "loss"], "values": [{"value": 0.26557669043540955, "step": null, "ts": 1658831532.1544378}]}, "version": 30}
{"obj": {"type": "LogFloats", "path": ["monitoring", "cpu"], "values": [{"value": 53.9, "step": null, "ts": 1658831534.3198435}]}, "version": 31}
{"obj": {"type": "LogFloats", "path": ["monitoring", "memory"], "values": [{"value": 11.215003967285156, "step": null, "ts": 1658831534.3198435}]}, "version": 32}
{"obj": {"type": "LogFloats", "path": ["monitoring", "cpu"], "values": [{"value": 53.4, "step": null, "ts": 1658831544.3369687}]}, "version": 33}
{"obj": {"type": "LogFloats", "path": ["monitoring", "memory"], "values": [{"value": 11.210796356201172, "step": null, "ts": 1658831544.3369687}]}, "version": 34}
{"obj": {"type": "LogFloats", "path": ["monitoring", "cpu"], "values": [{"value": 56.6, "step": null, "ts": 1658831554.3382165}]}, "version": 35}
{"obj": {"type": "LogFloats", "path": ["monitoring", "memory"], "values": [{"value": 11.348602294921875, "step": null, "ts": 1658831554.3382165}]}, "version": 36}
{"obj": {"type": "LogStrings", "path": ["monitoring", "stdout"], "values": [{"value": "Accuracy of epoch 2, is 0.9479999999999987", "step": null, "ts": 1658831563.5570478}]}, "version": 37}
{"obj": {"type": "LogStrings", "path": ["monitoring", "stdout"], "values": [{"value": "\n", "step": null, "ts": 1658831563.5570478}]}, "version": 38}
{"obj": {"type": "LogStrings", "path": ["monitoring", "stdout"], "values": [{"value": "Loss of epoch 2, is 0.17638103663921356", "step": null, "ts": 1658831563.5570478}]}, "version": 39}
{"obj": {"type": "LogStrings", "path": ["monitoring", "stdout"], "values": [{"value": "\n", "step": null, "ts": 1658831563.5570478}]}, "version": 40}
{"obj": {"type": "LogFloats", "path": ["Val", "accu"], "values": [{"value": 0.9479999999999987, "step": null, "ts": 1658831563.5570478}]}, "version": 41}
{"obj": {"type": "LogFloats", "path": ["Val", "loss"], "values": [{"value": 0.17638103663921356, "step": null, "ts": 1658831563.5570478}]}, "version": 42}
{"obj": {"type": "LogFloats", "path": ["monitoring", "cpu"], "values": [{"value": 55.8, "step": null, "ts": 1658831564.3543823}]}, "version": 43}
{"obj": {"type": "LogFloats", "path": ["monitoring", "memory"], "values": [{"value": 11.315658569335938, "step": null, "ts": 1658831564.3543823}]}, "version": 44}
{"obj": {"type": "LogFloats", "path": ["monitoring", "cpu"], "values": [{"value": 64.2, "step": null, "ts": 1658831574.3645613}]}, "version": 45}
{"obj": {"type": "LogFloats", "path": ["monitoring", "memory"], "values": [{"value": 11.310184478759766, "step": null, "ts": 1658831574.3645613}]}, "version": 46}
{"obj": {"type": "LogFloats", "path": ["monitoring", "cpu"], "values": [{"value": 72.3, "step": null, "ts": 1658831584.3809485}]}, "version": 47}
{"obj": {"type": "LogFloats", "path": ["monitoring", "memory"], "values": [{"value": 11.440544128417969, "step": null, "ts": 1658831584.3809485}]}, "version": 48}
{"obj": {"type": "LogFloats", "path": ["monitoring", "cpu"], "values": [{"value": 82.5, "step": null, "ts": 1658831594.40048}]}, "version": 49}
{"obj": {"type": "LogFloats", "path": ["monitoring", "memory"], "values": [{"value": 11.340469360351562, "step": null, "ts": 1658831594.40048}]}, "version": 50}
{"obj": {"type": "LogStrings", "path": ["monitoring", "stdout"], "values": [{"value": "Accuracy of epoch 3, is 0.9587999999999988", "step": null, "ts": 1658831600.7490814}]}, "version": 51}
{"obj": {"type": "LogStrings", "path": ["monitoring", "stdout"], "values": [{"value": "\n", "step": null, "ts": 1658831600.7490814}]}, "version": 52}
{"obj": {"type": "LogStrings", "path": ["monitoring", "stdout"], "values": [{"value": "Loss of epoch 3, is 0.1372099369764328", "step": null, "ts": 1658831600.7490814}]}, "version": 53}
{"obj": {"type": "LogStrings", "path": ["monitoring", "stdout"], "values": [{"value": "\n", "step": null, "ts": 1658831600.7490814}]}, "version": 54}
{"obj": {"type": "LogFloats", "path": ["Val", "accu"], "values": [{"value": 0.9587999999999988, "step": null, "ts": 1658831600.7490814}]}, "version": 55}
{"obj": {"type": "LogFloats", "path": ["Val", "loss"], "values": [{"value": 0.1372099369764328, "step": null, "ts": 1658831600.7490814}]}, "version": 56}
{"obj": {"type": "LogFloats", "path": ["monitoring", "cpu"], "values": [{"value": 56.9, "step": null, "ts": 1658831604.413331}]}, "version": 57}
{"obj": {"type": "LogFloats", "path": ["monitoring", "memory"], "values": [{"value": 11.312454223632812, "step": null, "ts": 1658831604.413331}]}, "version": 58}
{"obj": {"type": "LogFloats", "path": ["monitoring", "cpu"], "values": [{"value": 58.8, "step": null, "ts": 1658831614.4324179}]}, "version": 59}
{"obj": {"type": "LogFloats", "path": ["monitoring", "memory"], "values": [{"value": 11.339252471923828, "step": null, "ts": 1658831614.4324179}]}, "version": 60}
{"obj": {"type": "LogFloats", "path": ["monitoring", "cpu"], "values": [{"value": 65.6, "step": null, "ts": 1658831624.4375234}]}, "version": 61}
{"obj": {"type": "LogFloats", "path": ["monitoring", "memory"], "values": [{"value": 11.295425415039062, "step": null, "ts": 1658831624.4375234}]}, "version": 62}
{"obj": {"type": "LogFloats", "path": ["monitoring", "cpu"], "values": [{"value": 65.9, "step": null, "ts": 1658831634.4508247}]}, "version": 63}
{"obj": {"type": "LogFloats", "path": ["monitoring", "memory"], "values": [{"value": 11.293743133544922, "step": null, "ts": 1658831634.4508247}]}, "version": 64}
{"obj": {"type": "LogStrings", "path": ["monitoring", "stdout"], "values": [{"value": "Accuracy of epoch 4, is 0.9679999999999991", "step": null, "ts": 1658831635.2099917}]}, "version": 65}
{"obj": {"type": "LogStrings", "path": ["monitoring", "stdout"], "values": [{"value": "\n", "step": null, "ts": 1658831635.2099917}]}, "version": 66}
{"obj": {"type": "LogStrings", "path": ["monitoring", "stdout"], "values": [{"value": "Loss of epoch 4, is 0.11075422912836075", "step": null, "ts": 1658831635.2099917}]}, "version": 67}
{"obj": {"type": "LogStrings", "path": ["monitoring", "stdout"], "values": [{"value": "\n", "step": null, "ts": 1658831635.2099917}]}, "version": 68}
{"obj": {"type": "LogFloats", "path": ["Val", "accu"], "values": [{"value": 0.9679999999999991, "step": null, "ts": 1658831635.2099917}]}, "version": 69}
{"obj": {"type": "LogFloats", "path": ["Val", "loss"], "values": [{"value": 0.11075422912836075, "step": null, "ts": 1658831635.2099917}]}, "version": 70}
{"obj": {"type": "LogFloats", "path": ["monitoring", "cpu"], "values": [{"value": 66.1, "step": null, "ts": 1658831644.4538467}]}, "version": 71}
{"obj": {"type": "LogFloats", "path": ["monitoring", "memory"], "values": [{"value": 11.305591583251953, "step": null, "ts": 1658831644.4538467}]}, "version": 72}
{"obj": {"type": "LogFloats", "path": ["monitoring", "cpu"], "values": [{"value": 68.4, "step": null, "ts": 1658831654.4719844}]}, "version": 73}
{"obj": {"type": "LogFloats", "path": ["monitoring", "memory"], "values": [{"value": 11.32626724243164, "step": null, "ts": 1658831654.4719844}]}, "version": 74}
{"obj": {"type": "LogFloats", "path": ["monitoring", "cpu"], "values": [{"value": 66.5, "step": null, "ts": 1658831664.479131}]}, "version": 75}
{"obj": {"type": "LogFloats", "path": ["monitoring", "memory"], "values": [{"value": 11.243927001953125, "step": null, "ts": 1658831664.479131}]}, "version": 76}
{"obj": {"type": "LogStrings", "path": ["monitoring", "stdout"], "values": [{"value": "Accuracy of epoch 5, is 0.9724999999999993", "step": null, "ts": 1658831671.2616708}]}, "version": 77}
{"obj": {"type": "LogStrings", "path": ["monitoring", "stdout"], "values": [{"value": "\n", "step": null, "ts": 1658831671.2616708}]}, "version": 78}
{"obj": {"type": "LogStrings", "path": ["monitoring", "stdout"], "values": [{"value": "Loss of epoch 5, is 0.0953303650021553", "step": null, "ts": 1658831671.2616708}]}, "version": 79}
{"obj": {"type": "LogStrings", "path": ["monitoring", "stdout"], "values": [{"value": "\n", "step": null, "ts": 1658831671.2616708}]}, "version": 80}
{"obj": {"type": "LogFloats", "path": ["Val", "accu"], "values": [{"value": 0.9724999999999993, "step": null, "ts": 1658831671.2616708}]}, "version": 81}
{"obj": {"type": "LogFloats", "path": ["Val", "loss"], "values": [{"value": 0.0953303650021553, "step": null, "ts": 1658831671.2616708}]}, "version": 82}
{"obj": {"type": "LogFloats", "path": ["monitoring", "cpu"], "values": [{"value": 54.1, "step": null, "ts": 1658831674.4993238}]}, "version": 83}
{"obj": {"type": "LogFloats", "path": ["monitoring", "memory"], "values": [{"value": 11.240753173828125, "step": null, "ts": 1658831674.4993238}]}, "version": 84}
{"obj": {"type": "LogFloats", "path": ["monitoring", "cpu"], "values": [{"value": 58.0, "step": null, "ts": 1658831684.5088558}]}, "version": 85}
{"obj": {"type": "LogFloats", "path": ["monitoring", "memory"], "values": [{"value": 11.26397705078125, "step": null, "ts": 1658831684.5088558}]}, "version": 86}
{"obj": {"type": "LogFloats", "path": ["monitoring", "cpu"], "values": [{"value": 54.3, "step": null, "ts": 1658831694.5101783}]}, "version": 87}
{"obj": {"type": "LogFloats", "path": ["monitoring", "memory"], "values": [{"value": 11.262638092041016, "step": null, "ts": 1658831694.5101783}]}, "version": 88}
{"obj": {"type": "LogFloats", "path": ["monitoring", "cpu"], "values": [{"value": 54.4, "step": null, "ts": 1658831704.526479}]}, "version": 89}
{"obj": {"type": "LogFloats", "path": ["monitoring", "memory"], "values": [{"value": 11.253681182861328, "step": null, "ts": 1658831704.526479}]}, "version": 90}
{"obj": {"type": "LogStrings", "path": ["monitoring", "stdout"], "values": [{"value": "Accuracy of epoch 6, is 0.9726999999999988", "step": null, "ts": 1658831704.6680741}]}, "version": 91}
{"obj": {"type": "LogStrings", "path": ["monitoring", "stdout"], "values": [{"value": "\n", "step": null, "ts": 1658831704.6680741}]}, "version": 92}
{"obj": {"type": "LogStrings", "path": ["monitoring", "stdout"], "values": [{"value": "Loss of epoch 6, is 0.08666606992483139", "step": null, "ts": 1658831704.6700926}]}, "version": 93}
{"obj": {"type": "LogStrings", "path": ["monitoring", "stdout"], "values": [{"value": "\n", "step": null, "ts": 1658831704.6700926}]}, "version": 94}
{"obj": {"type": "LogFloats", "path": ["Val", "accu"], "values": [{"value": 0.9726999999999988, "step": null, "ts": 1658831704.6700926}]}, "version": 95}
{"obj": {"type": "LogFloats", "path": ["Val", "loss"], "values": [{"value": 0.08666606992483139, "step": null, "ts": 1658831704.6700926}]}, "version": 96}
{"obj": {"type": "LogFloats", "path": ["monitoring", "cpu"], "values": [{"value": 54.2, "step": null, "ts": 1658831714.5409515}]}, "version": 97}
{"obj": {"type": "LogFloats", "path": ["monitoring", "memory"], "values": [{"value": 11.236503601074219, "step": null, "ts": 1658831714.5409515}]}, "version": 98}
{"obj": {"type": "LogFloats", "path": ["monitoring", "cpu"], "values": [{"value": 54.2, "step": null, "ts": 1658831724.5525143}]}, "version": 99}
{"obj": {"type": "LogFloats", "path": ["monitoring", "memory"], "values": [{"value": 11.240116119384766, "step": null, "ts": 1658831724.5525143}]}, "version": 100}
{"obj": {"type": "LogFloats", "path": ["monitoring", "cpu"], "values": [{"value": 54.1, "step": null, "ts": 1658831734.568517}]}, "version": 101}
{"obj": {"type": "LogFloats", "path": ["monitoring", "memory"], "values": [{"value": 11.240375518798828, "step": null, "ts": 1658831734.568517}]}, "version": 102}
{"obj": {"type": "LogStrings", "path": ["monitoring", "stdout"], "values": [{"value": "Accuracy of epoch 7, is 0.9760999999999987", "step": null, "ts": 1658831737.5848494}]}, "version": 103}
{"obj": {"type": "LogStrings", "path": ["monitoring", "stdout"], "values": [{"value": "\n", "step": null, "ts": 1658831737.5848494}]}, "version": 104}
{"obj": {"type": "LogStrings", "path": ["monitoring", "stdout"], "values": [{"value": "Loss of epoch 7, is 0.07942470908164978", "step": null, "ts": 1658831737.5848494}]}, "version": 105}
{"obj": {"type": "LogStrings", "path": ["monitoring", "stdout"], "values": [{"value": "\n", "step": null, "ts": 1658831737.5848494}]}, "version": 106}
{"obj": {"type": "LogFloats", "path": ["Val", "accu"], "values": [{"value": 0.9760999999999987, "step": null, "ts": 1658831737.5848494}]}, "version": 107}
{"obj": {"type": "LogFloats", "path": ["Val", "loss"], "values": [{"value": 0.07942470908164978, "step": null, "ts": 1658831737.5929198}]}, "version": 108}
{"obj": {"type": "LogFloats", "path": ["monitoring", "cpu"], "values": [{"value": 54.9, "step": null, "ts": 1658831744.5740898}]}, "version": 109}
{"obj": {"type": "LogFloats", "path": ["monitoring", "memory"], "values": [{"value": 11.219318389892578, "step": null, "ts": 1658831744.5740898}]}, "version": 110}
{"obj": {"type": "LogFloats", "path": ["monitoring", "cpu"], "values": [{"value": 54.5, "step": null, "ts": 1658831754.586825}]}, "version": 111}
{"obj": {"type": "LogFloats", "path": ["monitoring", "memory"], "values": [{"value": 11.217338562011719, "step": null, "ts": 1658831754.586825}]}, "version": 112}
{"obj": {"type": "LogFloats", "path": ["monitoring", "cpu"], "values": [{"value": 54.4, "step": null, "ts": 1658831764.6043382}]}, "version": 113}
{"obj": {"type": "LogFloats", "path": ["monitoring", "memory"], "values": [{"value": 11.213062286376953, "step": null, "ts": 1658831764.6043382}]}, "version": 114}
{"obj": {"type": "LogStrings", "path": ["monitoring", "stdout"], "values": [{"value": "Accuracy of epoch 8, is 0.9753999999999988", "step": null, "ts": 1658831770.177714}]}, "version": 115}
{"obj": {"type": "LogStrings", "path": ["monitoring", "stdout"], "values": [{"value": "\n", "step": null, "ts": 1658831770.177714}]}, "version": 116}
{"obj": {"type": "LogStrings", "path": ["monitoring", "stdout"], "values": [{"value": "Loss of epoch 8, is 0.07706432044506073", "step": null, "ts": 1658831770.177714}]}, "version": 117}
{"obj": {"type": "LogStrings", "path": ["monitoring", "stdout"], "values": [{"value": "\n", "step": null, "ts": 1658831770.177714}]}, "version": 118}
{"obj": {"type": "LogFloats", "path": ["Val", "accu"], "values": [{"value": 0.9753999999999988, "step": null, "ts": 1658831770.177714}]}, "version": 119}
{"obj": {"type": "LogFloats", "path": ["Val", "loss"], "values": [{"value": 0.07706432044506073, "step": null, "ts": 1658831770.177714}]}, "version": 120}
{"obj": {"type": "LogFloats", "path": ["monitoring", "cpu"], "values": [{"value": 54.6, "step": null, "ts": 1658831774.6174593}]}, "version": 121}
{"obj": {"type": "LogFloats", "path": ["monitoring", "memory"], "values": [{"value": 11.21356201171875, "step": null, "ts": 1658831774.6174593}]}, "version": 122}
{"obj": {"type": "LogFloats", "path": ["monitoring", "cpu"], "values": [{"value": 54.7, "step": null, "ts": 1658831784.6259224}]}, "version": 123}
{"obj": {"type": "LogFloats", "path": ["monitoring", "memory"], "values": [{"value": 11.216869354248047, "step": null, "ts": 1658831784.6259224}]}, "version": 124}
{"obj": {"type": "LogFloats", "path": ["monitoring", "cpu"], "values": [{"value": 54.6, "step": null, "ts": 1658831794.6396868}]}, "version": 125}
{"obj": {"type": "LogFloats", "path": ["monitoring", "memory"], "values": [{"value": 11.21160888671875, "step": null, "ts": 1658831794.6396868}]}, "version": 126}
{"obj": {"type": "LogStrings", "path": ["monitoring", "stdout"], "values": [{"value": "Accuracy of epoch 9, is 0.9787999999999988", "step": null, "ts": 1658831802.7872076}]}, "version": 127}
{"obj": {"type": "LogStrings", "path": ["monitoring", "stdout"], "values": [{"value": "\n", "step": null, "ts": 1658831802.7872076}]}, "version": 128}
{"obj": {"type": "LogStrings", "path": ["monitoring", "stdout"], "values": [{"value": "Loss of epoch 9, is 0.07252092659473419", "step": null, "ts": 1658831802.7872076}]}, "version": 129}
{"obj": {"type": "LogStrings", "path": ["monitoring", "stdout"], "values": [{"value": "\n", "step": null, "ts": 1658831802.7872076}]}, "version": 130}
{"obj": {"type": "LogFloats", "path": ["Val", "accu"], "values": [{"value": 0.9787999999999988, "step": null, "ts": 1658831802.7872076}]}, "version": 131}
{"obj": {"type": "LogFloats", "path": ["Val", "loss"], "values": [{"value": 0.07252092659473419, "step": null, "ts": 1658831802.7952602}]}, "version": 132}
{"obj": {"type": "LogFloats", "path": ["monitoring", "cpu"], "values": [{"value": 54.8, "step": null, "ts": 1658831804.6553912}]}, "version": 133}
{"obj": {"type": "LogFloats", "path": ["monitoring", "memory"], "values": [{"value": 11.223987579345703, "step": null, "ts": 1658831804.6553912}]}, "version": 134}
{"obj": {"type": "LogFloats", "path": ["monitoring", "cpu"], "values": [{"value": 54.7, "step": null, "ts": 1658831814.6650593}]}, "version": 135}
{"obj": {"type": "LogFloats", "path": ["monitoring", "memory"], "values": [{"value": 11.236083984375, "step": null, "ts": 1658831814.6650593}]}, "version": 136}
{"obj": {"type": "LogFloats", "path": ["monitoring", "cpu"], "values": [{"value": 54.6, "step": null, "ts": 1658831824.670321}]}, "version": 137}
{"obj": {"type": "LogFloats", "path": ["monitoring", "memory"], "values": [{"value": 11.237079620361328, "step": null, "ts": 1658831824.670321}]}, "version": 138}
{"obj": {"type": "LogFloats", "path": ["monitoring", "cpu"], "values": [{"value": 56.9, "step": null, "ts": 1658831834.6714308}]}, "version": 139}
{"obj": {"type": "LogFloats", "path": ["monitoring", "memory"], "values": [{"value": 11.251441955566406, "step": null, "ts": 1658831834.6714308}]}, "version": 140}
{"obj": {"type": "LogStrings", "path": ["monitoring", "stdout"], "values": [{"value": "Accuracy of epoch 10, is 0.9794999999999987", "step": null, "ts": 1658831835.552708}]}, "version": 141}
{"obj": {"type": "LogStrings", "path": ["monitoring", "stdout"], "values": [{"value": "\n", "step": null, "ts": 1658831835.552708}]}, "version": 142}
{"obj": {"type": "LogStrings", "path": ["monitoring", "stdout"], "values": [{"value": "Loss of epoch 10, is 0.06874217838048935", "step": null, "ts": 1658831835.552708}]}, "version": 143}
{"obj": {"type": "LogStrings", "path": ["monitoring", "stdout"], "values": [{"value": "\n", "step": null, "ts": 1658831835.552708}]}, "version": 144}
{"obj": {"type": "LogFloats", "path": ["Val", "accu"], "values": [{"value": 0.9794999999999987, "step": null, "ts": 1658831835.552708}]}, "version": 145}
{"obj": {"type": "LogFloats", "path": ["Val", "loss"], "values": [{"value": 0.06874217838048935, "step": null, "ts": 1658831835.552708}]}, "version": 146}
{"obj": {"type": "LogFloats", "path": ["monitoring", "cpu"], "values": [{"value": 55.1, "step": null, "ts": 1658831844.6809726}]}, "version": 147}
{"obj": {"type": "LogFloats", "path": ["monitoring", "memory"], "values": [{"value": 11.183563232421875, "step": null, "ts": 1658831844.6809726}]}, "version": 148}
{"obj": {"type": "LogFloats", "path": ["monitoring", "cpu"], "values": [{"value": 58.6, "step": null, "ts": 1658831854.688139}]}, "version": 149}
{"obj": {"type": "LogFloats", "path": ["monitoring", "memory"], "values": [{"value": 10.997978210449219, "step": null, "ts": 1658831854.688139}]}, "version": 150}
{"obj": {"type": "LogFloats", "path": ["monitoring", "cpu"], "values": [{"value": 54.7, "step": null, "ts": 1658831864.701481}]}, "version": 151}
{"obj": {"type": "LogFloats", "path": ["monitoring", "memory"], "values": [{"value": 10.996448516845703, "step": null, "ts": 1658831864.701481}]}, "version": 152}
{"obj": {"type": "LogStrings", "path": ["monitoring", "stdout"], "values": [{"value": "Accuracy of epoch 11, is 0.9795999999999989", "step": null, "ts": 1658831868.7373874}]}, "version": 153}
{"obj": {"type": "LogStrings", "path": ["monitoring", "stdout"], "values": [{"value": "\n", "step": null, "ts": 1658831868.7373874}]}, "version": 154}
{"obj": {"type": "LogStrings", "path": ["monitoring", "stdout"], "values": [{"value": "Loss of epoch 11, is 0.0681769847869873", "step": null, "ts": 1658831868.7373874}]}, "version": 155}
{"obj": {"type": "LogStrings", "path": ["monitoring", "stdout"], "values": [{"value": "\n", "step": null, "ts": 1658831868.7373874}]}, "version": 156}
{"obj": {"type": "LogFloats", "path": ["Val", "accu"], "values": [{"value": 0.9795999999999989, "step": null, "ts": 1658831868.7373874}]}, "version": 157}
{"obj": {"type": "LogFloats", "path": ["Val", "loss"], "values": [{"value": 0.0681769847869873, "step": null, "ts": 1658831868.7453961}]}, "version": 158}
{"obj": {"type": "LogFloats", "path": ["monitoring", "cpu"], "values": [{"value": 55.4, "step": null, "ts": 1658831874.7088594}]}, "version": 159}
{"obj": {"type": "LogFloats", "path": ["monitoring", "memory"], "values": [{"value": 10.992961883544922, "step": null, "ts": 1658831874.7088594}]}, "version": 160}
{"obj": {"type": "LogFloats", "path": ["monitoring", "cpu"], "values": [{"value": 55.2, "step": null, "ts": 1658831884.7273824}]}, "version": 161}
{"obj": {"type": "LogFloats", "path": ["monitoring", "memory"], "values": [{"value": 10.993724822998047, "step": null, "ts": 1658831884.7273824}]}, "version": 162}
{"obj": {"type": "LogFloats", "path": ["monitoring", "cpu"], "values": [{"value": 54.9, "step": null, "ts": 1658831894.7319994}]}, "version": 163}
{"obj": {"type": "LogFloats", "path": ["monitoring", "memory"], "values": [{"value": 10.993247985839844, "step": null, "ts": 1658831894.7319994}]}, "version": 164}
{"obj": {"type": "LogStrings", "path": ["monitoring", "stdout"], "values": [{"value": "Accuracy of epoch 12, is 0.9801999999999993", "step": null, "ts": 1658831901.2022288}]}, "version": 165}
{"obj": {"type": "LogStrings", "path": ["monitoring", "stdout"], "values": [{"value": "\n", "step": null, "ts": 1658831901.2022288}]}, "version": 166}
{"obj": {"type": "LogStrings", "path": ["monitoring", "stdout"], "values": [{"value": "Loss of epoch 12, is 0.06484415382146835", "step": null, "ts": 1658831901.2022288}]}, "version": 167}
{"obj": {"type": "LogStrings", "path": ["monitoring", "stdout"], "values": [{"value": "\n", "step": null, "ts": 1658831901.2022288}]}, "version": 168}
{"obj": {"type": "LogFloats", "path": ["Val", "accu"], "values": [{"value": 0.9801999999999993, "step": null, "ts": 1658831901.2022288}]}, "version": 169}
{"obj": {"type": "LogFloats", "path": ["Val", "loss"], "values": [{"value": 0.06484415382146835, "step": null, "ts": 1658831901.2022288}]}, "version": 170}
{"obj": {"type": "LogFloats", "path": ["monitoring", "cpu"], "values": [{"value": 55.1, "step": null, "ts": 1658831904.7504356}]}, "version": 171}
{"obj": {"type": "LogFloats", "path": ["monitoring", "memory"], "values": [{"value": 10.994709014892578, "step": null, "ts": 1658831904.7504356}]}, "version": 172}
{"obj": {"type": "LogFloats", "path": ["monitoring", "cpu"], "values": [{"value": 55.5, "step": null, "ts": 1658831914.7697632}]}, "version": 173}
{"obj": {"type": "LogFloats", "path": ["monitoring", "memory"], "values": [{"value": 11.005630493164062, "step": null, "ts": 1658831914.7697632}]}, "version": 174}
{"obj": {"type": "LogFloats", "path": ["monitoring", "cpu"], "values": [{"value": 55.5, "step": null, "ts": 1658831924.7828465}]}, "version": 175}
{"obj": {"type": "LogFloats", "path": ["monitoring", "memory"], "values": [{"value": 11.010997772216797, "step": null, "ts": 1658831924.7828465}]}, "version": 176}
{"obj": {"type": "LogStrings", "path": ["monitoring", "stdout"], "values": [{"value": "Accuracy of epoch 13, is 0.9808999999999992", "step": null, "ts": 1658831933.8313313}]}, "version": 177}
{"obj": {"type": "LogStrings", "path": ["monitoring", "stdout"], "values": [{"value": "\n", "step": null, "ts": 1658831933.8394127}]}, "version": 178}
{"obj": {"type": "LogStrings", "path": ["monitoring", "stdout"], "values": [{"value": "Loss of epoch 13, is 0.06306895613670349", "step": null, "ts": 1658831933.8394127}]}, "version": 179}
{"obj": {"type": "LogStrings", "path": ["monitoring", "stdout"], "values": [{"value": "\n", "step": null, "ts": 1658831933.8414476}]}, "version": 180}
{"obj": {"type": "LogFloats", "path": ["Val", "accu"], "values": [{"value": 0.9808999999999992, "step": null, "ts": 1658831933.8414476}]}, "version": 181}
{"obj": {"type": "LogFloats", "path": ["Val", "loss"], "values": [{"value": 0.06306895613670349, "step": null, "ts": 1658831933.8414476}]}, "version": 182}
{"obj": {"type": "LogFloats", "path": ["monitoring", "cpu"], "values": [{"value": 55.0, "step": null, "ts": 1658831934.7907705}]}, "version": 183}
{"obj": {"type": "LogFloats", "path": ["monitoring", "memory"], "values": [{"value": 11.00762939453125, "step": null, "ts": 1658831934.7907705}]}, "version": 184}
{"obj": {"type": "LogFloats", "path": ["monitoring", "cpu"], "values": [{"value": 55.1, "step": null, "ts": 1658831944.8055153}]}, "version": 185}
{"obj": {"type": "LogFloats", "path": ["monitoring", "memory"], "values": [{"value": 11.007316589355469, "step": null, "ts": 1658831944.8055153}]}, "version": 186}
{"obj": {"type": "LogFloats", "path": ["monitoring", "cpu"], "values": [{"value": 55.9, "step": null, "ts": 1658831954.8251438}]}, "version": 187}
{"obj": {"type": "LogFloats", "path": ["monitoring", "memory"], "values": [{"value": 11.015213012695312, "step": null, "ts": 1658831954.8251438}]}, "version": 188}
{"obj": {"type": "LogFloats", "path": ["monitoring", "cpu"], "values": [{"value": 55.9, "step": null, "ts": 1658831964.8416154}]}, "version": 189}
{"obj": {"type": "LogFloats", "path": ["monitoring", "memory"], "values": [{"value": 11.05129623413086, "step": null, "ts": 1658831964.8416154}]}, "version": 190}
{"obj": {"type": "LogStrings", "path": ["monitoring", "stdout"], "values": [{"value": "Accuracy of epoch 14, is 0.9810999999999995", "step": null, "ts": 1658831966.693854}]}, "version": 191}
{"obj": {"type": "LogStrings", "path": ["monitoring", "stdout"], "values": [{"value": "\n", "step": null, "ts": 1658831966.693854}]}, "version": 192}
{"obj": {"type": "LogStrings", "path": ["monitoring", "stdout"], "values": [{"value": "Loss of epoch 14, is 0.061930831521749496", "step": null, "ts": 1658831966.693854}]}, "version": 193}
{"obj": {"type": "LogStrings", "path": ["monitoring", "stdout"], "values": [{"value": "\n", "step": null, "ts": 1658831966.693854}]}, "version": 194}
{"obj": {"type": "LogFloats", "path": ["Val", "accu"], "values": [{"value": 0.9810999999999995, "step": null, "ts": 1658831966.693854}]}, "version": 195}
{"obj": {"type": "LogFloats", "path": ["Val", "loss"], "values": [{"value": 0.061930831521749496, "step": null, "ts": 1658831966.693854}]}, "version": 196}
{"obj": {"type": "LogFloats", "path": ["monitoring", "cpu"], "values": [{"value": 54.9, "step": null, "ts": 1658831974.861083}]}, "version": 197}
{"obj": {"type": "LogFloats", "path": ["monitoring", "memory"], "values": [{"value": 11.054664611816406, "step": null, "ts": 1658831974.861083}]}, "version": 198}
{"obj": {"type": "LogFloats", "path": ["monitoring", "cpu"], "values": [{"value": 55.7, "step": null, "ts": 1658831984.8783278}]}, "version": 199}
{"obj": {"type": "LogFloats", "path": ["monitoring", "memory"], "values": [{"value": 11.077239990234375, "step": null, "ts": 1658831984.8783278}]}, "version": 200}
{"obj": {"type": "LogFloats", "path": ["monitoring", "cpu"], "values": [{"value": 54.9, "step": null, "ts": 1658831994.8933513}]}, "version": 201}
{"obj": {"type": "LogFloats", "path": ["monitoring", "memory"], "values": [{"value": 11.075244903564453, "step": null, "ts": 1658831994.8933513}]}, "version": 202}
{"obj": {"type": "LogStrings", "path": ["monitoring", "stdout"], "values": [{"value": "Accuracy of epoch 15, is 0.9811999999999981", "step": null, "ts": 1658831999.362446}]}, "version": 203}
{"obj": {"type": "LogStrings", "path": ["monitoring", "stdout"], "values": [{"value": "\n", "step": null, "ts": 1658831999.362446}]}, "version": 204}
{"obj": {"type": "LogStrings", "path": ["monitoring", "stdout"], "values": [{"value": "Loss of epoch 15, is 0.06428615748882294", "step": null, "ts": 1658831999.362446}]}, "version": 205}
{"obj": {"type": "LogStrings", "path": ["monitoring", "stdout"], "values": [{"value": "\n", "step": null, "ts": 1658831999.362446}]}, "version": 206}
{"obj": {"type": "LogFloats", "path": ["Val", "accu"], "values": [{"value": 0.9811999999999981, "step": null, "ts": 1658831999.362446}]}, "version": 207}
{"obj": {"type": "LogFloats", "path": ["Val", "loss"], "values": [{"value": 0.06428615748882294, "step": null, "ts": 1658831999.3704803}]}, "version": 208}
{"obj": {"type": "LogFloats", "path": ["monitoring", "cpu"], "values": [{"value": 55.1, "step": null, "ts": 1658832004.90614}]}, "version": 209}
{"obj": {"type": "LogFloats", "path": ["monitoring", "memory"], "values": [{"value": 11.064376831054688, "step": null, "ts": 1658832004.90614}]}, "version": 210}
{"obj": {"type": "LogFloats", "path": ["monitoring", "cpu"], "values": [{"value": 55.5, "step": null, "ts": 1658832014.9160094}]}, "version": 211}
{"obj": {"type": "LogFloats", "path": ["monitoring", "memory"], "values": [{"value": 11.067512512207031, "step": null, "ts": 1658832014.9160094}]}, "version": 212}
{"obj": {"type": "LogFloats", "path": ["monitoring", "cpu"], "values": [{"value": 55.4, "step": null, "ts": 1658832024.9297252}]}, "version": 213}
{"obj": {"type": "LogFloats", "path": ["monitoring", "memory"], "values": [{"value": 11.05718994140625, "step": null, "ts": 1658832024.9297252}]}, "version": 214}
{"obj": {"type": "LogStrings", "path": ["monitoring", "stdout"], "values": [{"value": "Accuracy of epoch 16, is 0.981999999999999", "step": null, "ts": 1658832032.0778685}]}, "version": 215}
{"obj": {"type": "LogStrings", "path": ["monitoring", "stdout"], "values": [{"value": "\n", "step": null, "ts": 1658832032.0778685}]}, "version": 216}
{"obj": {"type": "LogStrings", "path": ["monitoring", "stdout"], "values": [{"value": "Loss of epoch 16, is 0.061475977301597595", "step": null, "ts": 1658832032.0778685}]}, "version": 217}
{"obj": {"type": "LogStrings", "path": ["monitoring", "stdout"], "values": [{"value": "\n", "step": null, "ts": 1658832032.0778685}]}, "version": 218}
{"obj": {"type": "LogFloats", "path": ["Val", "accu"], "values": [{"value": 0.981999999999999, "step": null, "ts": 1658832032.0778685}]}, "version": 219}
{"obj": {"type": "LogFloats", "path": ["Val", "loss"], "values": [{"value": 0.061475977301597595, "step": null, "ts": 1658832032.0778685}]}, "version": 220}
{"obj": {"type": "LogFloats", "path": ["monitoring", "cpu"], "values": [{"value": 55.4, "step": null, "ts": 1658832034.9461927}]}, "version": 221}
{"obj": {"type": "LogFloats", "path": ["monitoring", "memory"], "values": [{"value": 11.064464569091797, "step": null, "ts": 1658832034.9461927}]}, "version": 222}
{"obj": {"type": "LogFloats", "path": ["monitoring", "cpu"], "values": [{"value": 56.3, "step": null, "ts": 1658832044.9505715}]}, "version": 223}
{"obj": {"type": "LogFloats", "path": ["monitoring", "memory"], "values": [{"value": 11.064300537109375, "step": null, "ts": 1658832044.9505715}]}, "version": 224}
{"obj": {"type": "LogFloats", "path": ["monitoring", "cpu"], "values": [{"value": 55.6, "step": null, "ts": 1658832054.9579396}]}, "version": 225}
{"obj": {"type": "LogFloats", "path": ["monitoring", "memory"], "values": [{"value": 11.007362365722656, "step": null, "ts": 1658832054.9579396}]}, "version": 226}
{"obj": {"type": "LogFloats", "path": ["monitoring", "cpu"], "values": [{"value": 56.1, "step": null, "ts": 1658832064.9598603}]}, "version": 227}
{"obj": {"type": "LogFloats", "path": ["monitoring", "memory"], "values": [{"value": 11.020587921142578, "step": null, "ts": 1658832064.9598603}]}, "version": 228}
{"obj": {"type": "LogStrings", "path": ["monitoring", "stdout"], "values": [{"value": "Accuracy of epoch 17, is 0.9829999999999985", "step": null, "ts": 1658832065.0002537}]}, "version": 229}
{"obj": {"type": "LogStrings", "path": ["monitoring", "stdout"], "values": [{"value": "\n", "step": null, "ts": 1658832065.0002537}]}, "version": 230}
{"obj": {"type": "LogStrings", "path": ["monitoring", "stdout"], "values": [{"value": "Loss of epoch 17, is 0.05719320476055145", "step": null, "ts": 1658832065.002275}]}, "version": 231}
{"obj": {"type": "LogStrings", "path": ["monitoring", "stdout"], "values": [{"value": "\n", "step": null, "ts": 1658832065.002275}]}, "version": 232}
{"obj": {"type": "LogFloats", "path": ["Val", "accu"], "values": [{"value": 0.9829999999999985, "step": null, "ts": 1658832065.002275}]}, "version": 233}
{"obj": {"type": "LogFloats", "path": ["Val", "loss"], "values": [{"value": 0.05719320476055145, "step": null, "ts": 1658832065.002275}]}, "version": 234}
{"obj": {"type": "LogFloats", "path": ["monitoring", "cpu"], "values": [{"value": 54.8, "step": null, "ts": 1658832074.9709356}]}, "version": 235}
{"obj": {"type": "LogFloats", "path": ["monitoring", "memory"], "values": [{"value": 11.017051696777344, "step": null, "ts": 1658832074.9709356}]}, "version": 236}
{"obj": {"type": "LogFloats", "path": ["monitoring", "cpu"], "values": [{"value": 55.0, "step": null, "ts": 1658832084.9726343}]}, "version": 237}
{"obj": {"type": "LogFloats", "path": ["monitoring", "memory"], "values": [{"value": 11.012577056884766, "step": null, "ts": 1658832084.9726343}]}, "version": 238}
{"obj": {"type": "LogFloats", "path": ["monitoring", "cpu"], "values": [{"value": 55.7, "step": null, "ts": 1658832094.986609}]}, "version": 239}
{"obj": {"type": "LogFloats", "path": ["monitoring", "memory"], "values": [{"value": 11.01406478881836, "step": null, "ts": 1658832094.986609}]}, "version": 240}
{"obj": {"type": "LogStrings", "path": ["monitoring", "stdout"], "values": [{"value": "Accuracy of epoch 18, is 0.9826999999999987", "step": null, "ts": 1658832097.6384296}]}, "version": 241}
{"obj": {"type": "LogStrings", "path": ["monitoring", "stdout"], "values": [{"value": "\n", "step": null, "ts": 1658832097.6384296}]}, "version": 242}
{"obj": {"type": "LogStrings", "path": ["monitoring", "stdout"], "values": [{"value": "Loss of epoch 18, is 0.05787079408764839", "step": null, "ts": 1658832097.6384296}]}, "version": 243}
{"obj": {"type": "LogStrings", "path": ["monitoring", "stdout"], "values": [{"value": "\n", "step": null, "ts": 1658832097.6384296}]}, "version": 244}
{"obj": {"type": "LogFloats", "path": ["Val", "accu"], "values": [{"value": 0.9826999999999987, "step": null, "ts": 1658832097.6384296}]}, "version": 245}
{"obj": {"type": "LogFloats", "path": ["Val", "loss"], "values": [{"value": 0.05787079408764839, "step": null, "ts": 1658832097.6384296}]}, "version": 246}
{"obj": {"type": "LogFloats", "path": ["monitoring", "cpu"], "values": [{"value": 54.7, "step": null, "ts": 1658832105.0022666}]}, "version": 247}
{"obj": {"type": "LogFloats", "path": ["monitoring", "memory"], "values": [{"value": 11.007549285888672, "step": null, "ts": 1658832105.0022666}]}, "version": 248}
{"obj": {"type": "LogFloats", "path": ["monitoring", "cpu"], "values": [{"value": 55.0, "step": null, "ts": 1658832115.020715}]}, "version": 249}
{"obj": {"type": "LogFloats", "path": ["monitoring", "memory"], "values": [{"value": 11.023372650146484, "step": null, "ts": 1658832115.020715}]}, "version": 250}
{"obj": {"type": "LogFloats", "path": ["monitoring", "cpu"], "values": [{"value": 54.7, "step": null, "ts": 1658832125.0321035}]}, "version": 251}
{"obj": {"type": "LogFloats", "path": ["monitoring", "memory"], "values": [{"value": 11.01894760131836, "step": null, "ts": 1658832125.0321035}]}, "version": 252}
{"obj": {"type": "LogStrings", "path": ["monitoring", "stdout"], "values": [{"value": "Accuracy of epoch 19, is 0.9830999999999989", "step": null, "ts": 1658832129.8974507}]}, "version": 253}
{"obj": {"type": "LogStrings", "path": ["monitoring", "stdout"], "values": [{"value": "\n", "step": null, "ts": 1658832129.8974507}]}, "version": 254}
{"obj": {"type": "LogStrings", "path": ["monitoring", "stdout"], "values": [{"value": "Loss of epoch 19, is 0.05712204799056053", "step": null, "ts": 1658832129.8974507}]}, "version": 255}
{"obj": {"type": "LogStrings", "path": ["monitoring", "stdout"], "values": [{"value": "\n", "step": null, "ts": 1658832129.8974507}]}, "version": 256}
{"obj": {"type": "LogFloats", "path": ["Val", "accu"], "values": [{"value": 0.9830999999999989, "step": null, "ts": 1658832129.8974507}]}, "version": 257}
{"obj": {"type": "LogFloats", "path": ["Val", "loss"], "values": [{"value": 0.05712204799056053, "step": null, "ts": 1658832129.8974507}]}, "version": 258}
{"obj": {"type": "LogFloats", "path": ["monitoring", "cpu"], "values": [{"value": 54.8, "step": null, "ts": 1658832135.0427737}]}, "version": 259}
{"obj": {"type": "LogFloats", "path": ["monitoring", "memory"], "values": [{"value": 11.023113250732422, "step": null, "ts": 1658832135.0427737}]}, "version": 260}
{"obj": {"type": "LogFloats", "path": ["monitoring", "cpu"], "values": [{"value": 55.0, "step": null, "ts": 1658832145.0620112}]}, "version": 261}
{"obj": {"type": "LogFloats", "path": ["monitoring", "memory"], "values": [{"value": 11.013965606689453, "step": null, "ts": 1658832145.0620112}]}, "version": 262}
{"obj": {"type": "LogFloats", "path": ["monitoring", "cpu"], "values": [{"value": 55.1, "step": null, "ts": 1658832155.070216}]}, "version": 263}
{"obj": {"type": "LogFloats", "path": ["monitoring", "memory"], "values": [{"value": 11.013862609863281, "step": null, "ts": 1658832155.070216}]}, "version": 264}
{"obj": {"type": "LogStrings", "path": ["monitoring", "stdout"], "values": [{"value": "Accuracy of epoch 20, is 0.983099999999999", "step": null, "ts": 1658832162.4401093}]}, "version": 265}
{"obj": {"type": "LogStrings", "path": ["monitoring", "stdout"], "values": [{"value": "\n", "step": null, "ts": 1658832162.4401093}]}, "version": 266}
{"obj": {"type": "LogStrings", "path": ["monitoring", "stdout"], "values": [{"value": "Loss of epoch 20, is 0.05707541108131409", "step": null, "ts": 1658832162.4401093}]}, "version": 267}
{"obj": {"type": "LogStrings", "path": ["monitoring", "stdout"], "values": [{"value": "\n", "step": null, "ts": 1658832162.4401093}]}, "version": 268}
{"obj": {"type": "LogFloats", "path": ["Val", "accu"], "values": [{"value": 0.983099999999999, "step": null, "ts": 1658832162.4401093}]}, "version": 269}
{"obj": {"type": "LogFloats", "path": ["Val", "loss"], "values": [{"value": 0.05707541108131409, "step": null, "ts": 1658832162.4401093}]}, "version": 270}
{"obj": {"type": "LogFloats", "path": ["monitoring", "cpu"], "values": [{"value": 55.3, "step": null, "ts": 1658832165.07738}]}, "version": 271}
{"obj": {"type": "LogFloats", "path": ["monitoring", "memory"], "values": [{"value": 11.017772674560547, "step": null, "ts": 1658832165.07738}]}, "version": 272}
{"obj": {"type": "LogFloats", "path": ["monitoring", "cpu"], "values": [{"value": 54.9, "step": null, "ts": 1658832175.0785005}]}, "version": 273}
{"obj": {"type": "LogFloats", "path": ["monitoring", "memory"], "values": [{"value": 11.024658203125, "step": null, "ts": 1658832175.0785005}]}, "version": 274}
{"obj": {"type": "LogFloats", "path": ["monitoring", "cpu"], "values": [{"value": 54.9, "step": null, "ts": 1658832185.078878}]}, "version": 275}
{"obj": {"type": "LogFloats", "path": ["monitoring", "memory"], "values": [{"value": 11.022857666015625, "step": null, "ts": 1658832185.078878}]}, "version": 276}
{"obj": {"type": "LogStrings", "path": ["monitoring", "stdout"], "values": [{"value": "Accuracy of epoch 21, is 0.9823999999999988", "step": null, "ts": 1658832194.933248}]}, "version": 277}
{"obj": {"type": "LogStrings", "path": ["monitoring", "stdout"], "values": [{"value": "\n", "step": null, "ts": 1658832194.933248}]}, "version": 278}
{"obj": {"type": "LogStrings", "path": ["monitoring", "stdout"], "values": [{"value": "Loss of epoch 21, is 0.05770152062177658", "step": null, "ts": 1658832194.9413152}]}, "version": 279}
{"obj": {"type": "LogStrings", "path": ["monitoring", "stdout"], "values": [{"value": "\n", "step": null, "ts": 1658832194.9413152}]}, "version": 280}
{"obj": {"type": "LogFloats", "path": ["Val", "accu"], "values": [{"value": 0.9823999999999988, "step": null, "ts": 1658832194.9413152}]}, "version": 281}
{"obj": {"type": "LogFloats", "path": ["Val", "loss"], "values": [{"value": 0.05770152062177658, "step": null, "ts": 1658832194.9433336}]}, "version": 282}
{"obj": {"type": "LogFloats", "path": ["monitoring", "cpu"], "values": [{"value": 54.8, "step": null, "ts": 1658832195.0829427}]}, "version": 283}
{"obj": {"type": "LogFloats", "path": ["monitoring", "memory"], "values": [{"value": 11.011497497558594, "step": null, "ts": 1658832195.0829427}]}, "version": 284}
{"obj": {"type": "LogFloats", "path": ["monitoring", "cpu"], "values": [{"value": 55.7, "step": null, "ts": 1658832205.0888467}]}, "version": 285}
{"obj": {"type": "LogFloats", "path": ["monitoring", "memory"], "values": [{"value": 11.013118743896484, "step": null, "ts": 1658832205.0888467}]}, "version": 286}
{"obj": {"type": "LogFloats", "path": ["monitoring", "cpu"], "values": [{"value": 55.4, "step": null, "ts": 1658832215.1048183}]}, "version": 287}
{"obj": {"type": "LogFloats", "path": ["monitoring", "memory"], "values": [{"value": 11.004146575927734, "step": null, "ts": 1658832215.1048183}]}, "version": 288}
{"obj": {"type": "LogFloats", "path": ["monitoring", "cpu"], "values": [{"value": 55.3, "step": null, "ts": 1658832225.116719}]}, "version": 289}
{"obj": {"type": "LogFloats", "path": ["monitoring", "memory"], "values": [{"value": 11.013866424560547, "step": null, "ts": 1658832225.116719}]}, "version": 290}
{"obj": {"type": "LogStrings", "path": ["monitoring", "stdout"], "values": [{"value": "Accuracy of epoch 22, is 0.9828999999999992", "step": null, "ts": 1658832227.2707353}]}, "version": 291}
{"obj": {"type": "LogStrings", "path": ["monitoring", "stdout"], "values": [{"value": "\n", "step": null, "ts": 1658832227.2707353}]}, "version": 292}
{"obj": {"type": "LogStrings", "path": ["monitoring", "stdout"], "values": [{"value": "Loss of epoch 22, is 0.05849797651171684", "step": null, "ts": 1658832227.2780027}]}, "version": 293}
{"obj": {"type": "LogStrings", "path": ["monitoring", "stdout"], "values": [{"value": "\n", "step": null, "ts": 1658832227.2785277}]}, "version": 294}
{"obj": {"type": "LogFloats", "path": ["Val", "accu"], "values": [{"value": 0.9828999999999992, "step": null, "ts": 1658832227.2785277}]}, "version": 295}
{"obj": {"type": "LogFloats", "path": ["Val", "loss"], "values": [{"value": 0.05849797651171684, "step": null, "ts": 1658832227.2790596}]}, "version": 296}
{"obj": {"type": "LogFloats", "path": ["monitoring", "cpu"], "values": [{"value": 54.8, "step": null, "ts": 1658832235.129626}]}, "version": 297}
{"obj": {"type": "LogFloats", "path": ["monitoring", "memory"], "values": [{"value": 11.00662612915039, "step": null, "ts": 1658832235.129626}]}, "version": 298}
{"obj": {"type": "LogFloats", "path": ["monitoring", "cpu"], "values": [{"value": 55.0, "step": null, "ts": 1658832245.1300302}]}, "version": 299}
{"obj": {"type": "LogFloats", "path": ["monitoring", "memory"], "values": [{"value": 11.007225036621094, "step": null, "ts": 1658832245.1300302}]}, "version": 300}
{"obj": {"type": "LogFloats", "path": ["monitoring", "cpu"], "values": [{"value": 54.7, "step": null, "ts": 1658832255.132908}]}, "version": 301}
{"obj": {"type": "LogFloats", "path": ["monitoring", "memory"], "values": [{"value": 11.009773254394531, "step": null, "ts": 1658832255.132908}]}, "version": 302}
{"obj": {"type": "LogStrings", "path": ["monitoring", "stdout"], "values": [{"value": "Accuracy of epoch 23, is 0.9836999999999986", "step": null, "ts": 1658832259.4143188}]}, "version": 303}
{"obj": {"type": "LogStrings", "path": ["monitoring", "stdout"], "values": [{"value": "\n", "step": null, "ts": 1658832259.4143188}]}, "version": 304}
{"obj": {"type": "LogStrings", "path": ["monitoring", "stdout"], "values": [{"value": "Loss of epoch 23, is 0.05490836128592491", "step": null, "ts": 1658832259.4143188}]}, "version": 305}
{"obj": {"type": "LogStrings", "path": ["monitoring", "stdout"], "values": [{"value": "\n", "step": null, "ts": 1658832259.4143188}]}, "version": 306}
{"obj": {"type": "LogFloats", "path": ["Val", "accu"], "values": [{"value": 0.9836999999999986, "step": null, "ts": 1658832259.4143188}]}, "version": 307}
{"obj": {"type": "LogFloats", "path": ["Val", "loss"], "values": [{"value": 0.05490836128592491, "step": null, "ts": 1658832259.4143188}]}, "version": 308}
{"obj": {"type": "LogFloats", "path": ["monitoring", "cpu"], "values": [{"value": 54.9, "step": null, "ts": 1658832265.1430945}]}, "version": 309}
{"obj": {"type": "LogFloats", "path": ["monitoring", "memory"], "values": [{"value": 11.007774353027344, "step": null, "ts": 1658832265.1430945}]}, "version": 310}
{"obj": {"type": "LogFloats", "path": ["monitoring", "cpu"], "values": [{"value": 55.2, "step": null, "ts": 1658832275.1604342}]}, "version": 311}
{"obj": {"type": "LogFloats", "path": ["monitoring", "memory"], "values": [{"value": 11.00539779663086, "step": null, "ts": 1658832275.1604342}]}, "version": 312}
{"obj": {"type": "LogFloats", "path": ["monitoring", "cpu"], "values": [{"value": 54.9, "step": null, "ts": 1658832285.1714087}]}, "version": 313}
{"obj": {"type": "LogFloats", "path": ["monitoring", "memory"], "values": [{"value": 11.015483856201172, "step": null, "ts": 1658832285.1714087}]}, "version": 314}
{"obj": {"type": "LogStrings", "path": ["monitoring", "stdout"], "values": [{"value": "Accuracy of epoch 24, is 0.983599999999999", "step": null, "ts": 1658832291.7073762}]}, "version": 315}
{"obj": {"type": "LogStrings", "path": ["monitoring", "stdout"], "values": [{"value": "\n", "step": null, "ts": 1658832291.7073762}]}, "version": 316}
{"obj": {"type": "LogStrings", "path": ["monitoring", "stdout"], "values": [{"value": "Loss of epoch 24, is 0.056922491639852524", "step": null, "ts": 1658832291.7073762}]}, "version": 317}
{"obj": {"type": "LogStrings", "path": ["monitoring", "stdout"], "values": [{"value": "\n", "step": null, "ts": 1658832291.7073762}]}, "version": 318}
{"obj": {"type": "LogFloats", "path": ["Val", "accu"], "values": [{"value": 0.983599999999999, "step": null, "ts": 1658832291.7073762}]}, "version": 319}
{"obj": {"type": "LogFloats", "path": ["Val", "loss"], "values": [{"value": 0.056922491639852524, "step": null, "ts": 1658832291.7073762}]}, "version": 320}
{"obj": {"type": "LogFloats", "path": ["monitoring", "cpu"], "values": [{"value": 55.3, "step": null, "ts": 1658832295.1754746}]}, "version": 321}
{"obj": {"type": "LogFloats", "path": ["monitoring", "memory"], "values": [{"value": 11.022972106933594, "step": null, "ts": 1658832295.1754746}]}, "version": 322}
{"obj": {"type": "LogFloats", "path": ["monitoring", "cpu"], "values": [{"value": 54.3, "step": null, "ts": 1658832305.17716}]}, "version": 323}
{"obj": {"type": "LogFloats", "path": ["monitoring", "memory"], "values": [{"value": 11.02907943725586, "step": null, "ts": 1658832305.17716}]}, "version": 324}
{"obj": {"type": "LogFloats", "path": ["monitoring", "cpu"], "values": [{"value": 54.7, "step": null, "ts": 1658832315.192624}]}, "version": 325}
{"obj": {"type": "LogFloats", "path": ["monitoring", "memory"], "values": [{"value": 11.014862060546875, "step": null, "ts": 1658832315.192624}]}, "version": 326}
{"obj": {"type": "LogStrings", "path": ["monitoring", "stdout"], "values": [{"value": "Accuracy of epoch 25, is 0.9841999999999992", "step": null, "ts": 1658832324.0160632}]}, "version": 327}
{"obj": {"type": "LogStrings", "path": ["monitoring", "stdout"], "values": [{"value": "\n", "step": null, "ts": 1658832324.0160632}]}, "version": 328}
{"obj": {"type": "LogStrings", "path": ["monitoring", "stdout"], "values": [{"value": "Loss of epoch 25, is 0.05426473170518875", "step": null, "ts": 1658832324.0160632}]}, "version": 329}
{"obj": {"type": "LogStrings", "path": ["monitoring", "stdout"], "values": [{"value": "\n", "step": null, "ts": 1658832324.0160632}]}, "version": 330}
{"obj": {"type": "LogFloats", "path": ["Val", "accu"], "values": [{"value": 0.9841999999999992, "step": null, "ts": 1658832324.0160632}]}, "version": 331}
{"obj": {"type": "LogFloats", "path": ["Val", "loss"], "values": [{"value": 0.05426473170518875, "step": null, "ts": 1658832324.0160632}]}, "version": 332}
{"obj": {"type": "LogFloats", "path": ["monitoring", "cpu"], "values": [{"value": 55.3, "step": null, "ts": 1658832325.2089784}]}, "version": 333}
{"obj": {"type": "LogFloats", "path": ["monitoring", "memory"], "values": [{"value": 11.012931823730469, "step": null, "ts": 1658832325.2089784}]}, "version": 334}
{"obj": {"type": "LogFloats", "path": ["monitoring", "cpu"], "values": [{"value": 59.9, "step": null, "ts": 1658832335.2191556}]}, "version": 335}
{"obj": {"type": "LogFloats", "path": ["monitoring", "memory"], "values": [{"value": 11.026508331298828, "step": null, "ts": 1658832335.2191556}]}, "version": 336}
{"obj": {"type": "LogFloats", "path": ["monitoring", "cpu"], "values": [{"value": 54.4, "step": null, "ts": 1658832345.2359395}]}, "version": 337}
{"obj": {"type": "LogFloats", "path": ["monitoring", "memory"], "values": [{"value": 11.02358627319336, "step": null, "ts": 1658832345.2359395}]}, "version": 338}
{"obj": {"type": "LogFloats", "path": ["monitoring", "cpu"], "values": [{"value": 55.8, "step": null, "ts": 1658832355.251998}]}, "version": 339}
{"obj": {"type": "LogFloats", "path": ["monitoring", "memory"], "values": [{"value": 11.019306182861328, "step": null, "ts": 1658832355.251998}]}, "version": 340}
{"obj": {"type": "LogStrings", "path": ["monitoring", "stdout"], "values": [{"value": "Accuracy of epoch 26, is 0.9834999999999993", "step": null, "ts": 1658832356.966584}]}, "version": 341}
{"obj": {"type": "LogStrings", "path": ["monitoring", "stdout"], "values": [{"value": "\n", "step": null, "ts": 1658832356.966584}]}, "version": 342}
{"obj": {"type": "LogStrings", "path": ["monitoring", "stdout"], "values": [{"value": "Loss of epoch 26, is 0.05385720729827881", "step": null, "ts": 1658832356.9686062}]}, "version": 343}
{"obj": {"type": "LogStrings", "path": ["monitoring", "stdout"], "values": [{"value": "\n", "step": null, "ts": 1658832356.9686062}]}, "version": 344}
{"obj": {"type": "LogFloats", "path": ["Val", "accu"], "values": [{"value": 0.9834999999999993, "step": null, "ts": 1658832356.9686062}]}, "version": 345}
{"obj": {"type": "LogFloats", "path": ["Val", "loss"], "values": [{"value": 0.05385720729827881, "step": null, "ts": 1658832356.9686062}]}, "version": 346}
{"obj": {"type": "LogFloats", "path": ["monitoring", "cpu"], "values": [{"value": 54.5, "step": null, "ts": 1658832365.2663903}]}, "version": 347}
{"obj": {"type": "LogFloats", "path": ["monitoring", "memory"], "values": [{"value": 11.02206802368164, "step": null, "ts": 1658832365.2663903}]}, "version": 348}
{"obj": {"type": "LogFloats", "path": ["monitoring", "cpu"], "values": [{"value": 54.2, "step": null, "ts": 1658832375.273589}]}, "version": 349}
{"obj": {"type": "LogFloats", "path": ["monitoring", "memory"], "values": [{"value": 11.023509979248047, "step": null, "ts": 1658832375.273589}]}, "version": 350}
{"obj": {"type": "LogFloats", "path": ["monitoring", "cpu"], "values": [{"value": 54.6, "step": null, "ts": 1658832385.276698}]}, "version": 351}
{"obj": {"type": "LogFloats", "path": ["monitoring", "memory"], "values": [{"value": 11.021038055419922, "step": null, "ts": 1658832385.276698}]}, "version": 352}
{"obj": {"type": "LogStrings", "path": ["monitoring", "stdout"], "values": [{"value": "Accuracy of epoch 27, is 0.9850999999999991", "step": null, "ts": 1658832389.276455}]}, "version": 353}
{"obj": {"type": "LogStrings", "path": ["monitoring", "stdout"], "values": [{"value": "\n", "step": null, "ts": 1658832389.276455}]}, "version": 354}
{"obj": {"type": "LogStrings", "path": ["monitoring", "stdout"], "values": [{"value": "Loss of epoch 27, is 0.05115347355604172", "step": null, "ts": 1658832389.276455}]}, "version": 355}
{"obj": {"type": "LogStrings", "path": ["monitoring", "stdout"], "values": [{"value": "\n", "step": null, "ts": 1658832389.276455}]}, "version": 356}
{"obj": {"type": "LogFloats", "path": ["Val", "accu"], "values": [{"value": 0.9850999999999991, "step": null, "ts": 1658832389.276455}]}, "version": 357}
{"obj": {"type": "LogFloats", "path": ["Val", "loss"], "values": [{"value": 0.05115347355604172, "step": null, "ts": 1658832389.276455}]}, "version": 358}
{"obj": {"type": "LogFloats", "path": ["monitoring", "cpu"], "values": [{"value": 65.6, "step": null, "ts": 1658832395.2850785}]}, "version": 359}
{"obj": {"type": "LogFloats", "path": ["monitoring", "memory"], "values": [{"value": 11.159835815429688, "step": null, "ts": 1658832395.2850785}]}, "version": 360}
{"obj": {"type": "LogFloats", "path": ["monitoring", "cpu"], "values": [{"value": 65.3, "step": null, "ts": 1658832405.2882059}]}, "version": 361}
{"obj": {"type": "LogFloats", "path": ["monitoring", "memory"], "values": [{"value": 11.046123504638672, "step": null, "ts": 1658832405.2882059}]}, "version": 362}
{"obj": {"type": "LogFloats", "path": ["monitoring", "cpu"], "values": [{"value": 54.8, "step": null, "ts": 1658832415.2900379}]}, "version": 363}
{"obj": {"type": "LogFloats", "path": ["monitoring", "memory"], "values": [{"value": 11.060432434082031, "step": null, "ts": 1658832415.2900379}]}, "version": 364}
{"obj": {"type": "LogStrings", "path": ["monitoring", "stdout"], "values": [{"value": "Accuracy of epoch 28, is 0.984799999999999", "step": null, "ts": 1658832423.6805527}]}, "version": 365}
{"obj": {"type": "LogStrings", "path": ["monitoring", "stdout"], "values": [{"value": "\n", "step": null, "ts": 1658832423.6805527}]}, "version": 366}
{"obj": {"type": "LogStrings", "path": ["monitoring", "stdout"], "values": [{"value": "Loss of epoch 28, is 0.05356357619166374", "step": null, "ts": 1658832423.6805527}]}, "version": 367}
{"obj": {"type": "LogStrings", "path": ["monitoring", "stdout"], "values": [{"value": "\n", "step": null, "ts": 1658832423.6805527}]}, "version": 368}
{"obj": {"type": "LogFloats", "path": ["Val", "accu"], "values": [{"value": 0.984799999999999, "step": null, "ts": 1658832423.6805527}]}, "version": 369}
{"obj": {"type": "LogFloats", "path": ["Val", "loss"], "values": [{"value": 0.05356357619166374, "step": null, "ts": 1658832423.6805527}]}, "version": 370}
{"obj": {"type": "LogFloats", "path": ["monitoring", "cpu"], "values": [{"value": 54.3, "step": null, "ts": 1658832425.295728}]}, "version": 371}
{"obj": {"type": "LogFloats", "path": ["monitoring", "memory"], "values": [{"value": 11.06093978881836, "step": null, "ts": 1658832425.295728}]}, "version": 372}
{"obj": {"type": "LogFloats", "path": ["monitoring", "cpu"], "values": [{"value": 55.6, "step": null, "ts": 1658832435.3157918}]}, "version": 373}
{"obj": {"type": "LogFloats", "path": ["monitoring", "memory"], "values": [{"value": 11.024055480957031, "step": null, "ts": 1658832435.3157918}]}, "version": 374}
{"obj": {"type": "LogFloats", "path": ["monitoring", "cpu"], "values": [{"value": 54.3, "step": null, "ts": 1658832445.3299644}]}, "version": 375}
{"obj": {"type": "LogFloats", "path": ["monitoring", "memory"], "values": [{"value": 11.014087677001953, "step": null, "ts": 1658832445.3299644}]}, "version": 376}
{"obj": {"type": "LogFloats", "path": ["monitoring", "cpu"], "values": [{"value": 54.3, "step": null, "ts": 1658832455.3397646}]}, "version": 377}
{"obj": {"type": "LogFloats", "path": ["monitoring", "memory"], "values": [{"value": 11.012237548828125, "step": null, "ts": 1658832455.3397646}]}, "version": 378}
{"obj": {"type": "LogStrings", "path": ["monitoring", "stdout"], "values": [{"value": "Accuracy of epoch 29, is 0.984599999999999", "step": null, "ts": 1658832456.0792644}]}, "version": 379}
{"obj": {"type": "LogStrings", "path": ["monitoring", "stdout"], "values": [{"value": "\n", "step": null, "ts": 1658832456.0812998}]}, "version": 380}
{"obj": {"type": "LogStrings", "path": ["monitoring", "stdout"], "values": [{"value": "Loss of epoch 29, is 0.05420728027820587", "step": null, "ts": 1658832456.0812998}]}, "version": 381}
{"obj": {"type": "LogStrings", "path": ["monitoring", "stdout"], "values": [{"value": "\n", "step": null, "ts": 1658832456.0812998}]}, "version": 382}
{"obj": {"type": "LogFloats", "path": ["Val", "accu"], "values": [{"value": 0.984599999999999, "step": null, "ts": 1658832456.0812998}]}, "version": 383}
{"obj": {"type": "LogFloats", "path": ["Val", "loss"], "values": [{"value": 0.05420728027820587, "step": null, "ts": 1658832456.0812998}]}, "version": 384}
{"obj": {"type": "LogFloats", "path": ["monitoring", "cpu"], "values": [{"value": 54.2, "step": null, "ts": 1658832465.341569}]}, "version": 385}
{"obj": {"type": "LogFloats", "path": ["monitoring", "memory"], "values": [{"value": 11.006916046142578, "step": null, "ts": 1658832465.341569}]}, "version": 386}
{"obj": {"type": "LogFloats", "path": ["monitoring", "cpu"], "values": [{"value": 53.9, "step": null, "ts": 1658832475.3531122}]}, "version": 387}
{"obj": {"type": "LogFloats", "path": ["monitoring", "memory"], "values": [{"value": 10.999011993408203, "step": null, "ts": 1658832475.3531122}]}, "version": 388}
{"obj": {"type": "LogFloats", "path": ["monitoring", "cpu"], "values": [{"value": 54.3, "step": null, "ts": 1658832485.3634853}]}, "version": 389}
{"obj": {"type": "LogFloats", "path": ["monitoring", "memory"], "values": [{"value": 11.002113342285156, "step": null, "ts": 1658832485.3634853}]}, "version": 390}
{"obj": {"type": "LogStrings", "path": ["monitoring", "stdout"], "values": [{"value": "Accuracy of epoch 30, is 0.9844999999999987", "step": null, "ts": 1658832488.5000591}]}, "version": 391}
{"obj": {"type": "LogStrings", "path": ["monitoring", "stdout"], "values": [{"value": "\n", "step": null, "ts": 1658832488.5000591}]}, "version": 392}
{"obj": {"type": "LogStrings", "path": ["monitoring", "stdout"], "values": [{"value": "Loss of epoch 30, is 0.05331254377961159", "step": null, "ts": 1658832488.5000591}]}, "version": 393}
{"obj": {"type": "LogStrings", "path": ["monitoring", "stdout"], "values": [{"value": "\n", "step": null, "ts": 1658832488.5000591}]}, "version": 394}
{"obj": {"type": "LogFloats", "path": ["Val", "accu"], "values": [{"value": 0.9844999999999987, "step": null, "ts": 1658832488.5000591}]}, "version": 395}
{"obj": {"type": "LogFloats", "path": ["Val", "loss"], "values": [{"value": 0.05331254377961159, "step": null, "ts": 1658832488.5081139}]}, "version": 396}
{"obj": {"type": "LogFloats", "path": ["monitoring", "cpu"], "values": [{"value": 22.3, "step": null, "ts": 1658832495.3684804}]}, "version": 397}
{"obj": {"type": "LogFloats", "path": ["monitoring", "memory"], "values": [{"value": 11.046051025390625, "step": null, "ts": 1658832495.3684804}]}, "version": 398}
{"obj": {"type": "LogFloats", "path": ["monitoring", "cpu"], "values": [{"value": 4.1, "step": null, "ts": 1658832505.3780103}]}, "version": 399}
{"obj": {"type": "LogFloats", "path": ["monitoring", "memory"], "values": [{"value": 11.046146392822266, "step": null, "ts": 1658832505.3780103}]}, "version": 400}
{"obj": {"type": "LogFloats", "path": ["monitoring", "cpu"], "values": [{"value": 3.2, "step": null, "ts": 1658832515.3800743}]}, "version": 401}
{"obj": {"type": "LogFloats", "path": ["monitoring", "memory"], "values": [{"value": 11.045047760009766, "step": null, "ts": 1658832515.3800743}]}, "version": 402}
{"obj": {"type": "LogFloats", "path": ["monitoring", "cpu"], "values": [{"value": 58.9, "step": null, "ts": 1658832525.3945768}]}, "version": 403}
{"obj": {"type": "LogFloats", "path": ["monitoring", "memory"], "values": [{"value": 11.361377716064453, "step": null, "ts": 1658832525.3945768}]}, "version": 404}
{"obj": {"type": "LogFloats", "path": ["monitoring", "cpu"], "values": [{"value": 71.3, "step": null, "ts": 1658832535.403161}]}, "version": 405}
{"obj": {"type": "LogFloats", "path": ["monitoring", "memory"], "values": [{"value": 11.412033081054688, "step": null, "ts": 1658832535.403161}]}, "version": 406}
{"obj": {"type": "LogFloats", "path": ["monitoring", "cpu"], "values": [{"value": 85.2, "step": null, "ts": 1658832545.4085562}]}, "version": 407}
{"obj": {"type": "LogFloats", "path": ["monitoring", "memory"], "values": [{"value": 11.59048080444336, "step": null, "ts": 1658832545.4085562}]}, "version": 408}
{"obj": {"type": "LogFloats", "path": ["monitoring", "cpu"], "values": [{"value": 70.7, "step": null, "ts": 1658832555.4110012}]}, "version": 409}
{"obj": {"type": "LogFloats", "path": ["monitoring", "memory"], "values": [{"value": 11.544116973876953, "step": null, "ts": 1658832555.4110012}]}, "version": 410}
{"obj": {"type": "LogFloats", "path": ["monitoring", "cpu"], "values": [{"value": 42.6, "step": null, "ts": 1658832565.4178102}]}, "version": 411}
{"obj": {"type": "LogFloats", "path": ["monitoring", "memory"], "values": [{"value": 11.496856689453125, "step": null, "ts": 1658832565.4178102}]}, "version": 412}
{"obj": {"type": "LogFloats", "path": ["monitoring", "cpu"], "values": [{"value": 42.9, "step": null, "ts": 1658832575.427811}]}, "version": 413}
{"obj": {"type": "LogFloats", "path": ["monitoring", "memory"], "values": [{"value": 11.517452239990234, "step": null, "ts": 1658832575.427811}]}, "version": 414}
{"obj": {"type": "LogFloats", "path": ["monitoring", "cpu"], "values": [{"value": 41.2, "step": null, "ts": 1658832585.4357007}]}, "version": 415}
{"obj": {"type": "LogFloats", "path": ["monitoring", "memory"], "values": [{"value": 11.509910583496094, "step": null, "ts": 1658832585.4357007}]}, "version": 416}
{"obj": {"type": "LogFloats", "path": ["monitoring", "cpu"], "values": [{"value": 43.0, "step": null, "ts": 1658832595.4426432}]}, "version": 417}
{"obj": {"type": "LogFloats", "path": ["monitoring", "memory"], "values": [{"value": 11.532245635986328, "step": null, "ts": 1658832595.4426432}]}, "version": 418}
{"obj": {"type": "LogFloats", "path": ["monitoring", "cpu"], "values": [{"value": 34.3, "step": null, "ts": 1658832605.4485857}]}, "version": 419}
{"obj": {"type": "LogFloats", "path": ["monitoring", "memory"], "values": [{"value": 11.48907470703125, "step": null, "ts": 1658832605.4485857}]}, "version": 420}
{"obj": {"type": "LogFloats", "path": ["monitoring", "cpu"], "values": [{"value": 38.2, "step": null, "ts": 1658832615.4519947}]}, "version": 421}
{"obj": {"type": "LogFloats", "path": ["monitoring", "memory"], "values": [{"value": 11.353416442871094, "step": null, "ts": 1658832615.4519947}]}, "version": 422}
{"obj": {"type": "LogFloats", "path": ["monitoring", "cpu"], "values": [{"value": 30.4, "step": null, "ts": 1658832625.454656}]}, "version": 423}
{"obj": {"type": "LogFloats", "path": ["monitoring", "memory"], "values": [{"value": 11.347190856933594, "step": null, "ts": 1658832625.454656}]}, "version": 424}
{"obj": {"type": "LogFloats", "path": ["monitoring", "cpu"], "values": [{"value": 38.8, "step": null, "ts": 1658832635.4617186}]}, "version": 425}
{"obj": {"type": "LogFloats", "path": ["monitoring", "memory"], "values": [{"value": 11.355186462402344, "step": null, "ts": 1658832635.4617186}]}, "version": 426}
{"obj": {"type": "LogFloats", "path": ["monitoring", "cpu"], "values": [{"value": 42.5, "step": null, "ts": 1658832645.4681349}]}, "version": 427}
{"obj": {"type": "LogFloats", "path": ["monitoring", "memory"], "values": [{"value": 11.375480651855469, "step": null, "ts": 1658832645.4681349}]}, "version": 428}
{"obj": {"type": "LogFloats", "path": ["monitoring", "cpu"], "values": [{"value": 39.3, "step": null, "ts": 1658832655.4863453}]}, "version": 429}
{"obj": {"type": "LogFloats", "path": ["monitoring", "memory"], "values": [{"value": 11.409061431884766, "step": null, "ts": 1658832655.4863453}]}, "version": 430}
{"obj": {"type": "LogFloats", "path": ["monitoring", "cpu"], "values": [{"value": 32.0, "step": null, "ts": 1658832665.4970121}]}, "version": 431}
{"obj": {"type": "LogFloats", "path": ["monitoring", "memory"], "values": [{"value": 11.407600402832031, "step": null, "ts": 1658832665.4970121}]}, "version": 432}
{"obj": {"type": "LogFloats", "path": ["monitoring", "cpu"], "values": [{"value": 38.5, "step": null, "ts": 1658832675.5102563}]}, "version": 433}
{"obj": {"type": "LogFloats", "path": ["monitoring", "memory"], "values": [{"value": 11.383430480957031, "step": null, "ts": 1658832675.5102563}]}, "version": 434}
{"obj": {"type": "LogFloats", "path": ["monitoring", "cpu"], "values": [{"value": 40.5, "step": null, "ts": 1658832685.512808}]}, "version": 435}
{"obj": {"type": "LogFloats", "path": ["monitoring", "memory"], "values": [{"value": 11.378246307373047, "step": null, "ts": 1658832685.512808}]}, "version": 436}
{"obj": {"type": "LogFloats", "path": ["monitoring", "cpu"], "values": [{"value": 37.3, "step": null, "ts": 1658832695.5259802}]}, "version": 437}
{"obj": {"type": "LogFloats", "path": ["monitoring", "memory"], "values": [{"value": 11.373882293701172, "step": null, "ts": 1658832695.5259802}]}, "version": 438}
{"obj": {"type": "LogFloats", "path": ["monitoring", "cpu"], "values": [{"value": 26.2, "step": null, "ts": 1658832705.5371122}]}, "version": 439}
{"obj": {"type": "LogFloats", "path": ["monitoring", "memory"], "values": [{"value": 11.319099426269531, "step": null, "ts": 1658832705.5371122}]}, "version": 440}
{"obj": {"type": "LogFloats", "path": ["monitoring", "cpu"], "values": [{"value": 14.9, "step": null, "ts": 1658832715.5479124}]}, "version": 441}
{"obj": {"type": "LogFloats", "path": ["monitoring", "memory"], "values": [{"value": 11.301116943359375, "step": null, "ts": 1658832715.5479124}]}, "version": 442}
{"obj": {"type": "LogFloats", "path": ["monitoring", "cpu"], "values": [{"value": 14.5, "step": null, "ts": 1658832725.556899}]}, "version": 443}
{"obj": {"type": "LogFloats", "path": ["monitoring", "memory"], "values": [{"value": 11.29922103881836, "step": null, "ts": 1658832725.556899}]}, "version": 444}
{"obj": {"type": "LogFloats", "path": ["monitoring", "cpu"], "values": [{"value": 15.2, "step": null, "ts": 1658832735.5753918}]}, "version": 445}
{"obj": {"type": "LogFloats", "path": ["monitoring", "memory"], "values": [{"value": 11.283145904541016, "step": null, "ts": 1658832735.5753918}]}, "version": 446}
{"obj": {"type": "LogFloats", "path": ["monitoring", "cpu"], "values": [{"value": 14.6, "step": null, "ts": 1658832745.5957}]}, "version": 447}
{"obj": {"type": "LogFloats", "path": ["monitoring", "memory"], "values": [{"value": 11.26165771484375, "step": null, "ts": 1658832745.5957}]}, "version": 448}
{"obj": {"type": "LogFloats", "path": ["monitoring", "cpu"], "values": [{"value": 16.6, "step": null, "ts": 1658832755.5999954}]}, "version": 449}
{"obj": {"type": "LogFloats", "path": ["monitoring", "memory"], "values": [{"value": 11.17806625366211, "step": null, "ts": 1658832755.5999954}]}, "version": 450}
{"obj": {"type": "LogFloats", "path": ["monitoring", "cpu"], "values": [{"value": 14.8, "step": null, "ts": 1658832765.6082196}]}, "version": 451}
{"obj": {"type": "LogFloats", "path": ["monitoring", "memory"], "values": [{"value": 11.170722961425781, "step": null, "ts": 1658832765.6082196}]}, "version": 452}
{"obj": {"type": "LogFloats", "path": ["monitoring", "cpu"], "values": [{"value": 9.9, "step": null, "ts": 1658832775.6098478}]}, "version": 453}
{"obj": {"type": "LogFloats", "path": ["monitoring", "memory"], "values": [{"value": 11.160560607910156, "step": null, "ts": 1658832775.6098478}]}, "version": 454}
{"obj": {"type": "LogFloats", "path": ["monitoring", "cpu"], "values": [{"value": 6.2, "step": null, "ts": 1658832785.6211946}]}, "version": 455}
{"obj": {"type": "LogFloats", "path": ["monitoring", "memory"], "values": [{"value": 11.160987854003906, "step": null, "ts": 1658832785.6211946}]}, "version": 456}
{"obj": {"type": "LogFloats", "path": ["monitoring", "cpu"], "values": [{"value": 7.2, "step": null, "ts": 1658832795.6378334}]}, "version": 457}
{"obj": {"type": "LogFloats", "path": ["monitoring", "memory"], "values": [{"value": 11.206123352050781, "step": null, "ts": 1658832795.6378334}]}, "version": 458}
{"obj": {"type": "LogFloats", "path": ["monitoring", "cpu"], "values": [{"value": 5.4, "step": null, "ts": 1658832805.6523662}]}, "version": 459}
{"obj": {"type": "LogFloats", "path": ["monitoring", "memory"], "values": [{"value": 11.210346221923828, "step": null, "ts": 1658832805.6523662}]}, "version": 460}
{"obj": {"type": "LogFloats", "path": ["monitoring", "cpu"], "values": [{"value": 3.8, "step": null, "ts": 1658832815.6604033}]}, "version": 461}
{"obj": {"type": "LogFloats", "path": ["monitoring", "memory"], "values": [{"value": 11.21036148071289, "step": null, "ts": 1658832815.6604033}]}, "version": 462}
{"obj": {"type": "LogFloats", "path": ["monitoring", "cpu"], "values": [{"value": 9.4, "step": null, "ts": 1658832825.6689618}]}, "version": 463}
{"obj": {"type": "LogFloats", "path": ["monitoring", "memory"], "values": [{"value": 11.202949523925781, "step": null, "ts": 1658832825.6689618}]}, "version": 464}
{"obj": {"type": "LogFloats", "path": ["monitoring", "cpu"], "values": [{"value": 8.9, "step": null, "ts": 1658832835.687887}]}, "version": 465}
{"obj": {"type": "LogFloats", "path": ["monitoring", "memory"], "values": [{"value": 11.181312561035156, "step": null, "ts": 1658832835.687887}]}, "version": 466}
{"obj": {"type": "LogStrings", "path": ["monitoring", "stdout"], "values": [{"value": "Shutting down background jobs, please wait a moment...\n", "step": null, "ts": 1658832835.962215}]}, "version": 467}
