{"obj": {"type": "AssignString", "path": ["sys", "name"], "value": "Untitled"}, "version": 1}
{"obj": {"type": "AssignString", "path": ["sys", "description"], "value": ""}, "version": 2}
{"obj": {"type": "AssignString", "path": ["sys", "hostname"], "value": "ALTAFKOP202"}, "version": 3}
{"obj": {"type": "AssignBool", "path": ["sys", "failed"], "value": false}, "version": 4}
{"obj": {"type": "ClearStringLog", "path": ["monitoring", "stdout"]}, "version": 5}
{"obj": {"type": "ClearStringLog", "path": ["monitoring", "stderr"]}, "version": 6}
{"obj": {"type": "AssignString", "path": ["source_code", "entrypoint"], "value": "train.py"}, "version": 7}
{"obj": {"type": "UploadFileSet", "path": ["source_code", "files"], "file_globs": ["C:\\Users\\RuturajMane\\Desktop\\public-projects\\mnist-ruturaj\\src\\train.py"], "reset": "False"}, "version": 8}
{"obj": {"type": "LogStrings", "path": ["monitoring", "stderr"], "values": [{"value": "Info (NVML): NVML Shared Library Not Found. GPU usage metrics may not be reported. For more information, see https://docs.neptune.ai/you-should-know/what-can-you-log-and-display#hardware-consumption\n", "step": null, "ts": 1658747062.8722818}]}, "version": 9}
{"obj": {"type": "ConfigFloatSeries", "path": ["monitoring", "cpu"], "min": 0.0, "max": 100.0, "unit": "%"}, "version": 10}
{"obj": {"type": "ClearFloatLog", "path": ["monitoring", "cpu"]}, "version": 11}
{"obj": {"type": "ConfigFloatSeries", "path": ["monitoring", "memory"], "min": 0.0, "max": 15.878307342529297, "unit": "GB"}, "version": 12}
{"obj": {"type": "ClearFloatLog", "path": ["monitoring", "memory"]}, "version": 13}
{"obj": {"type": "LogFloats", "path": ["monitoring", "cpu"], "values": [{"value": 16.0, "step": null, "ts": 1658747062.8722818}]}, "version": 14}
{"obj": {"type": "LogFloats", "path": ["monitoring", "memory"], "values": [{"value": 8.582439422607422, "step": null, "ts": 1658747062.8722818}]}, "version": 15}
{"obj": {"type": "AssignFloat", "path": ["Parameters", "learning_rate"], "value": 0.5}, "version": 16}
{"obj": {"type": "AssignString", "path": ["Parameters", "Optimizer"], "value": "SGD"}, "version": 17}
{"obj": {"type": "AssignInt", "path": ["Parameters", "Batch_size"], "value": 128}, "version": 18}
{"obj": {"type": "AssignInt", "path": ["Parameters", "Epochs"], "value": 5}, "version": 19}
{"obj": {"type": "AssignString", "path": ["Parameters", "Loss_fn"], "value": "cross_entropy"}, "version": 20}
{"obj": {"type": "LogStrings", "path": ["monitoring", "stdout"], "values": [{"value": "Accuracy of epoch 1, is 0.8585838607594937", "step": null, "ts": 1658747069.7812805}]}, "version": 21}
{"obj": {"type": "LogStrings", "path": ["monitoring", "stdout"], "values": [{"value": "\n", "step": null, "ts": 1658747069.7812805}]}, "version": 22}
{"obj": {"type": "LogStrings", "path": ["monitoring", "stdout"], "values": [{"value": "Loss of epoch 1, is 1.60835862159729", "step": null, "ts": 1658747069.7822826}]}, "version": 23}
{"obj": {"type": "LogStrings", "path": ["monitoring", "stdout"], "values": [{"value": "\n", "step": null, "ts": 1658747069.7832804}]}, "version": 24}
{"obj": {"type": "LogFloats", "path": ["Val", "accu"], "values": [{"value": 0.8585838607594937, "step": null, "ts": 1658747069.7832804}]}, "version": 25}
{"obj": {"type": "LogFloats", "path": ["Val", "loss"], "values": [{"value": 1.60835862159729, "step": null, "ts": 1658747069.7842815}]}, "version": 26}
{"obj": {"type": "LogFloats", "path": ["monitoring", "cpu"], "values": [{"value": 56.3, "step": null, "ts": 1658747072.8813155}]}, "version": 27}
{"obj": {"type": "LogFloats", "path": ["monitoring", "memory"], "values": [{"value": 8.686683654785156, "step": null, "ts": 1658747072.8813155}]}, "version": 28}
{"obj": {"type": "LogStrings", "path": ["monitoring", "stdout"], "values": [{"value": "Accuracy of epoch 2, is 0.900810917721519", "step": null, "ts": 1658747077.0797668}]}, "version": 29}
{"obj": {"type": "LogStrings", "path": ["monitoring", "stdout"], "values": [{"value": "\n", "step": null, "ts": 1658747077.0797668}]}, "version": 30}
{"obj": {"type": "LogStrings", "path": ["monitoring", "stdout"], "values": [{"value": "Loss of epoch 2, is 1.5737701654434204", "step": null, "ts": 1658747077.0797668}]}, "version": 31}
{"obj": {"type": "LogStrings", "path": ["monitoring", "stdout"], "values": [{"value": "\n", "step": null, "ts": 1658747077.0797668}]}, "version": 32}
{"obj": {"type": "LogFloats", "path": ["Val", "accu"], "values": [{"value": 0.900810917721519, "step": null, "ts": 1658747077.0797668}]}, "version": 33}
{"obj": {"type": "LogFloats", "path": ["Val", "loss"], "values": [{"value": 1.5737701654434204, "step": null, "ts": 1658747077.0797668}]}, "version": 34}
{"obj": {"type": "LogFloats", "path": ["monitoring", "cpu"], "values": [{"value": 54.5, "step": null, "ts": 1658747082.8904765}]}, "version": 35}
{"obj": {"type": "LogFloats", "path": ["monitoring", "memory"], "values": [{"value": 8.655197143554688, "step": null, "ts": 1658747082.8904765}]}, "version": 36}
{"obj": {"type": "LogStrings", "path": ["monitoring", "stdout"], "values": [{"value": "Accuracy of epoch 3, is 0.910996835443038", "step": null, "ts": 1658747084.1422293}]}, "version": 37}
{"obj": {"type": "LogStrings", "path": ["monitoring", "stdout"], "values": [{"value": "\n", "step": null, "ts": 1658747084.1422293}]}, "version": 38}
{"obj": {"type": "LogStrings", "path": ["monitoring", "stdout"], "values": [{"value": "Loss of epoch 3, is 1.5578757524490356", "step": null, "ts": 1658747084.1422293}]}, "version": 39}
{"obj": {"type": "LogStrings", "path": ["monitoring", "stdout"], "values": [{"value": "\n", "step": null, "ts": 1658747084.1422293}]}, "version": 40}
{"obj": {"type": "LogFloats", "path": ["Val", "accu"], "values": [{"value": 0.910996835443038, "step": null, "ts": 1658747084.1422293}]}, "version": 41}
{"obj": {"type": "LogFloats", "path": ["Val", "loss"], "values": [{"value": 1.5578757524490356, "step": null, "ts": 1658747084.1422293}]}, "version": 42}
{"obj": {"type": "LogStrings", "path": ["monitoring", "stdout"], "values": [{"value": "Accuracy of epoch 4, is 0.9158425632911392", "step": null, "ts": 1658747091.648621}]}, "version": 43}
{"obj": {"type": "LogStrings", "path": ["monitoring", "stdout"], "values": [{"value": "\n", "step": null, "ts": 1658747091.6496193}]}, "version": 44}
{"obj": {"type": "LogStrings", "path": ["monitoring", "stdout"], "values": [{"value": "Loss of epoch 4, is 1.5485999584197998", "step": null, "ts": 1658747091.65062}]}, "version": 45}
{"obj": {"type": "LogStrings", "path": ["monitoring", "stdout"], "values": [{"value": "\n", "step": null, "ts": 1658747091.65062}]}, "version": 46}
{"obj": {"type": "LogFloats", "path": ["Val", "accu"], "values": [{"value": 0.9158425632911392, "step": null, "ts": 1658747091.65062}]}, "version": 47}
{"obj": {"type": "LogFloats", "path": ["Val", "loss"], "values": [{"value": 1.5485999584197998, "step": null, "ts": 1658747091.6516206}]}, "version": 48}
{"obj": {"type": "LogFloats", "path": ["monitoring", "cpu"], "values": [{"value": 54.1, "step": null, "ts": 1658747092.8964417}]}, "version": 49}
{"obj": {"type": "LogFloats", "path": ["monitoring", "memory"], "values": [{"value": 8.767112731933594, "step": null, "ts": 1658747092.8964417}]}, "version": 50}
{"obj": {"type": "LogStrings", "path": ["monitoring", "stdout"], "values": [{"value": "Accuracy of epoch 5, is 0.9206882911392406", "step": null, "ts": 1658747099.1244495}]}, "version": 51}
{"obj": {"type": "LogStrings", "path": ["monitoring", "stdout"], "values": [{"value": "\n", "step": null, "ts": 1658747099.1324968}]}, "version": 52}
{"obj": {"type": "LogStrings", "path": ["monitoring", "stdout"], "values": [{"value": "Loss of epoch 5, is 1.5418683290481567", "step": null, "ts": 1658747099.1324968}]}, "version": 53}
{"obj": {"type": "LogStrings", "path": ["monitoring", "stdout"], "values": [{"value": "\n", "step": null, "ts": 1658747099.1324968}]}, "version": 54}
{"obj": {"type": "LogFloats", "path": ["Val", "accu"], "values": [{"value": 0.9206882911392406, "step": null, "ts": 1658747099.1324968}]}, "version": 55}
{"obj": {"type": "LogFloats", "path": ["Val", "loss"], "values": [{"value": 1.5418683290481567, "step": null, "ts": 1658747099.1345222}]}, "version": 56}
{"obj": {"type": "LogStrings", "path": ["monitoring", "stdout"], "values": [{"value": "Shutting down background jobs, please wait a moment...\n", "step": null, "ts": 1658747102.5948083}]}, "version": 57}
