{"obj": {"type": "AssignString", "path": ["sys", "name"], "value": "Untitled"}, "version": 1}
{"obj": {"type": "AssignString", "path": ["sys", "description"], "value": ""}, "version": 2}
{"obj": {"type": "AssignString", "path": ["sys", "hostname"], "value": "ALTAFKOP202"}, "version": 3}
{"obj": {"type": "AssignBool", "path": ["sys", "failed"], "value": false}, "version": 4}
{"obj": {"type": "ClearStringLog", "path": ["monitoring", "stdout"]}, "version": 5}
{"obj": {"type": "ClearStringLog", "path": ["monitoring", "stderr"]}, "version": 6}
{"obj": {"type": "AssignString", "path": ["source_code", "entrypoint"], "value": "train.py"}, "version": 7}
{"obj": {"type": "UploadFileSet", "path": ["source_code", "files"], "file_globs": ["C:\\Users\\RuturajMane\\Desktop\\public-projects\\mnist-ruturaj\\src\\train.py"], "reset": "False"}, "version": 8}
{"obj": {"type": "LogStrings", "path": ["monitoring", "stderr"], "values": [{"value": "Info (NVML): NVML Shared Library Not Found. GPU usage metrics may not be reported. For more information, see https://docs.neptune.ai/you-should-know/what-can-you-log-and-display#hardware-consumption\n", "step": null, "ts": 1658745301.2693264}]}, "version": 9}
{"obj": {"type": "ConfigFloatSeries", "path": ["monitoring", "cpu"], "min": 0.0, "max": 100.0, "unit": "%"}, "version": 10}
{"obj": {"type": "ClearFloatLog", "path": ["monitoring", "cpu"]}, "version": 11}
{"obj": {"type": "ConfigFloatSeries", "path": ["monitoring", "memory"], "min": 0.0, "max": 15.878307342529297, "unit": "GB"}, "version": 12}
{"obj": {"type": "ClearFloatLog", "path": ["monitoring", "memory"]}, "version": 13}
{"obj": {"type": "LogFloats", "path": ["monitoring", "cpu"], "values": [{"value": 35.7, "step": null, "ts": 1658745301.27329}]}, "version": 14}
{"obj": {"type": "LogFloats", "path": ["monitoring", "memory"], "values": [{"value": 9.161102294921875, "step": null, "ts": 1658745301.27329}]}, "version": 15}
{"obj": {"type": "AssignFloat", "path": ["Parameters", "learning_rate"], "value": 0.5}, "version": 16}
{"obj": {"type": "AssignString", "path": ["Parameters", "Optimizer"], "value": "SGD"}, "version": 17}
{"obj": {"type": "AssignInt", "path": ["Parameters", "Batch_size"], "value": 128}, "version": 18}
{"obj": {"type": "AssignInt", "path": ["Parameters", "Epochs"], "value": 30}, "version": 19}
{"obj": {"type": "AssignString", "path": ["Parameters", "Loss_fn"], "value": "cross_entropy"}, "version": 20}
{"obj": {"type": "LogStrings", "path": ["monitoring", "stdout"], "values": [{"value": "Accuracy of epoch 1, is 0.8715387658227848", "step": null, "ts": 1658745308.0909004}]}, "version": 21}
{"obj": {"type": "LogStrings", "path": ["monitoring", "stdout"], "values": [{"value": "\n", "step": null, "ts": 1658745308.0909004}]}, "version": 22}
{"obj": {"type": "LogStrings", "path": ["monitoring", "stdout"], "values": [{"value": "Loss of epoch 1, is 1.6051849126815796", "step": null, "ts": 1658745308.092514}]}, "version": 23}
{"obj": {"type": "LogStrings", "path": ["monitoring", "stdout"], "values": [{"value": "\n", "step": null, "ts": 1658745308.092514}]}, "version": 24}
{"obj": {"type": "LogFloats", "path": ["Val", "accu"], "values": [{"value": 0.8715387658227848, "step": null, "ts": 1658745308.092514}]}, "version": 25}
{"obj": {"type": "LogFloats", "path": ["Val", "loss"], "values": [{"value": 1.6051849126815796, "step": null, "ts": 1658745308.093472}]}, "version": 26}
{"obj": {"type": "LogFloats", "path": ["monitoring", "cpu"], "values": [{"value": 60.5, "step": null, "ts": 1658745311.2864633}]}, "version": 27}
{"obj": {"type": "LogFloats", "path": ["monitoring", "memory"], "values": [{"value": 9.186988830566406, "step": null, "ts": 1658745311.2864633}]}, "version": 28}
{"obj": {"type": "LogStrings", "path": ["monitoring", "stdout"], "values": [{"value": "Accuracy of epoch 2, is 0.8998219936708861", "step": null, "ts": 1658745315.1072867}]}, "version": 29}
{"obj": {"type": "LogStrings", "path": ["monitoring", "stdout"], "values": [{"value": "\n", "step": null, "ts": 1658745315.1072867}]}, "version": 30}
{"obj": {"type": "LogStrings", "path": ["monitoring", "stdout"], "values": [{"value": "Loss of epoch 2, is 1.5708980560302734", "step": null, "ts": 1658745315.1072867}]}, "version": 31}
{"obj": {"type": "LogStrings", "path": ["monitoring", "stdout"], "values": [{"value": "\n", "step": null, "ts": 1658745315.1082861}]}, "version": 32}
{"obj": {"type": "LogFloats", "path": ["Val", "accu"], "values": [{"value": 0.8998219936708861, "step": null, "ts": 1658745315.1082861}]}, "version": 33}
{"obj": {"type": "LogFloats", "path": ["Val", "loss"], "values": [{"value": 1.5708980560302734, "step": null, "ts": 1658745315.1082861}]}, "version": 34}
{"obj": {"type": "LogFloats", "path": ["monitoring", "cpu"], "values": [{"value": 59.1, "step": null, "ts": 1658745321.2872062}]}, "version": 35}
{"obj": {"type": "LogFloats", "path": ["monitoring", "memory"], "values": [{"value": 9.170875549316406, "step": null, "ts": 1658745321.2872062}]}, "version": 36}
{"obj": {"type": "LogStrings", "path": ["monitoring", "stdout"], "values": [{"value": "Accuracy of epoch 3, is 0.9113924050632911", "step": null, "ts": 1658745322.6829693}]}, "version": 37}
{"obj": {"type": "LogStrings", "path": ["monitoring", "stdout"], "values": [{"value": "\n", "step": null, "ts": 1658745322.68465}]}, "version": 38}
{"obj": {"type": "LogStrings", "path": ["monitoring", "stdout"], "values": [{"value": "Loss of epoch 3, is 1.5551764965057373", "step": null, "ts": 1658745322.68465}]}, "version": 39}
{"obj": {"type": "LogStrings", "path": ["monitoring", "stdout"], "values": [{"value": "\n", "step": null, "ts": 1658745322.685653}]}, "version": 40}
{"obj": {"type": "LogFloats", "path": ["Val", "accu"], "values": [{"value": 0.9113924050632911, "step": null, "ts": 1658745322.685653}]}, "version": 41}
{"obj": {"type": "LogFloats", "path": ["Val", "loss"], "values": [{"value": 1.5551764965057373, "step": null, "ts": 1658745322.685653}]}, "version": 42}
{"obj": {"type": "LogStrings", "path": ["monitoring", "stdout"], "values": [{"value": "Accuracy of epoch 4, is 0.9185126582278481", "step": null, "ts": 1658745330.4229996}]}, "version": 43}
{"obj": {"type": "LogStrings", "path": ["monitoring", "stdout"], "values": [{"value": "\n", "step": null, "ts": 1658745330.4229996}]}, "version": 44}
{"obj": {"type": "LogStrings", "path": ["monitoring", "stdout"], "values": [{"value": "Loss of epoch 4, is 1.5480400323867798", "step": null, "ts": 1658745330.4244115}]}, "version": 45}
{"obj": {"type": "LogStrings", "path": ["monitoring", "stdout"], "values": [{"value": "\n", "step": null, "ts": 1658745330.4244115}]}, "version": 46}
{"obj": {"type": "LogFloats", "path": ["Val", "accu"], "values": [{"value": 0.9185126582278481, "step": null, "ts": 1658745330.4244115}]}, "version": 47}
{"obj": {"type": "LogFloats", "path": ["Val", "loss"], "values": [{"value": 1.5480400323867798, "step": null, "ts": 1658745330.425413}]}, "version": 48}
{"obj": {"type": "LogFloats", "path": ["monitoring", "cpu"], "values": [{"value": 61.0, "step": null, "ts": 1658745331.3037257}]}, "version": 49}
{"obj": {"type": "LogFloats", "path": ["monitoring", "memory"], "values": [{"value": 9.226005554199219, "step": null, "ts": 1658745331.3037257}]}, "version": 50}
{"obj": {"type": "LogStrings", "path": ["monitoring", "stdout"], "values": [{"value": "Accuracy of epoch 5, is 0.9229628164556962", "step": null, "ts": 1658745338.564041}]}, "version": 51}
{"obj": {"type": "LogStrings", "path": ["monitoring", "stdout"], "values": [{"value": "\n", "step": null, "ts": 1658745338.565792}]}, "version": 52}
{"obj": {"type": "LogStrings", "path": ["monitoring", "stdout"], "values": [{"value": "Loss of epoch 5, is 1.5415769815444946", "step": null, "ts": 1658745338.5663476}]}, "version": 53}
{"obj": {"type": "LogStrings", "path": ["monitoring", "stdout"], "values": [{"value": "\n", "step": null, "ts": 1658745338.566911}]}, "version": 54}
{"obj": {"type": "LogFloats", "path": ["Val", "accu"], "values": [{"value": 0.9229628164556962, "step": null, "ts": 1658745338.566911}]}, "version": 55}
{"obj": {"type": "LogFloats", "path": ["Val", "loss"], "values": [{"value": 1.5415769815444946, "step": null, "ts": 1658745338.566911}]}, "version": 56}
{"obj": {"type": "LogFloats", "path": ["monitoring", "cpu"], "values": [{"value": 61.0, "step": null, "ts": 1658745341.3039906}]}, "version": 57}
{"obj": {"type": "LogFloats", "path": ["monitoring", "memory"], "values": [{"value": 9.225353240966797, "step": null, "ts": 1658745341.3039906}]}, "version": 58}
{"obj": {"type": "LogStrings", "path": ["monitoring", "stdout"], "values": [{"value": "Accuracy of epoch 6, is 0.927314082278481", "step": null, "ts": 1658745346.715792}]}, "version": 59}
{"obj": {"type": "LogStrings", "path": ["monitoring", "stdout"], "values": [{"value": "\n", "step": null, "ts": 1658745346.716793}]}, "version": 60}
{"obj": {"type": "LogStrings", "path": ["monitoring", "stdout"], "values": [{"value": "Loss of epoch 6, is 1.535699725151062", "step": null, "ts": 1658745346.716793}]}, "version": 61}
{"obj": {"type": "LogStrings", "path": ["monitoring", "stdout"], "values": [{"value": "\n", "step": null, "ts": 1658745346.7177925}]}, "version": 62}
{"obj": {"type": "LogFloats", "path": ["Val", "accu"], "values": [{"value": 0.927314082278481, "step": null, "ts": 1658745346.7177925}]}, "version": 63}
{"obj": {"type": "LogFloats", "path": ["Val", "loss"], "values": [{"value": 1.535699725151062, "step": null, "ts": 1658745346.7177925}]}, "version": 64}
{"obj": {"type": "LogFloats", "path": ["monitoring", "cpu"], "values": [{"value": 60.7, "step": null, "ts": 1658745351.3208718}]}, "version": 65}
{"obj": {"type": "LogFloats", "path": ["monitoring", "memory"], "values": [{"value": 9.2568359375, "step": null, "ts": 1658745351.3208718}]}, "version": 66}
{"obj": {"type": "LogStrings", "path": ["monitoring", "stdout"], "values": [{"value": "Accuracy of epoch 7, is 0.9311708860759493", "step": null, "ts": 1658745354.9988115}]}, "version": 67}
{"obj": {"type": "LogStrings", "path": ["monitoring", "stdout"], "values": [{"value": "\n", "step": null, "ts": 1658745354.9988115}]}, "version": 68}
{"obj": {"type": "LogStrings", "path": ["monitoring", "stdout"], "values": [{"value": "Loss of epoch 7, is 1.5317717790603638", "step": null, "ts": 1658745354.9998162}]}, "version": 69}
{"obj": {"type": "LogStrings", "path": ["monitoring", "stdout"], "values": [{"value": "\n", "step": null, "ts": 1658745354.9998162}]}, "version": 70}
{"obj": {"type": "LogFloats", "path": ["Val", "accu"], "values": [{"value": 0.9311708860759493, "step": null, "ts": 1658745354.9998162}]}, "version": 71}
{"obj": {"type": "LogFloats", "path": ["Val", "loss"], "values": [{"value": 1.5317717790603638, "step": null, "ts": 1658745354.9998162}]}, "version": 72}
{"obj": {"type": "LogFloats", "path": ["monitoring", "cpu"], "values": [{"value": 61.5, "step": null, "ts": 1658745361.3315032}]}, "version": 73}
{"obj": {"type": "LogFloats", "path": ["monitoring", "memory"], "values": [{"value": 9.280258178710938, "step": null, "ts": 1658745361.3315032}]}, "version": 74}
{"obj": {"type": "LogStrings", "path": ["monitoring", "stdout"], "values": [{"value": "Accuracy of epoch 8, is 0.9339398734177216", "step": null, "ts": 1658745363.3457727}]}, "version": 75}
{"obj": {"type": "LogStrings", "path": ["monitoring", "stdout"], "values": [{"value": "\n", "step": null, "ts": 1658745363.3457727}]}, "version": 76}
{"obj": {"type": "LogStrings", "path": ["monitoring", "stdout"], "values": [{"value": "Loss of epoch 8, is 1.5290859937667847", "step": null, "ts": 1658745363.3467724}]}, "version": 77}
{"obj": {"type": "LogStrings", "path": ["monitoring", "stdout"], "values": [{"value": "\n", "step": null, "ts": 1658745363.3470416}]}, "version": 78}
{"obj": {"type": "LogFloats", "path": ["Val", "accu"], "values": [{"value": 0.9339398734177216, "step": null, "ts": 1658745363.3470416}]}, "version": 79}
{"obj": {"type": "LogFloats", "path": ["Val", "loss"], "values": [{"value": 1.5290859937667847, "step": null, "ts": 1658745363.3480425}]}, "version": 80}
{"obj": {"type": "LogFloats", "path": ["monitoring", "cpu"], "values": [{"value": 63.4, "step": null, "ts": 1658745371.3350506}]}, "version": 81}
{"obj": {"type": "LogFloats", "path": ["monitoring", "memory"], "values": [{"value": 9.327571868896484, "step": null, "ts": 1658745371.3350506}]}, "version": 82}
{"obj": {"type": "LogStrings", "path": ["monitoring", "stdout"], "values": [{"value": "Accuracy of epoch 9, is 0.9354232594936709", "step": null, "ts": 1658745371.9732757}]}, "version": 83}
{"obj": {"type": "LogStrings", "path": ["monitoring", "stdout"], "values": [{"value": "\n", "step": null, "ts": 1658745371.9732757}]}, "version": 84}
{"obj": {"type": "LogStrings", "path": ["monitoring", "stdout"], "values": [{"value": "Loss of epoch 9, is 1.5263041257858276", "step": null, "ts": 1658745371.9747157}]}, "version": 85}
{"obj": {"type": "LogStrings", "path": ["monitoring", "stdout"], "values": [{"value": "\n", "step": null, "ts": 1658745371.9747157}]}, "version": 86}
{"obj": {"type": "LogFloats", "path": ["Val", "accu"], "values": [{"value": 0.9354232594936709, "step": null, "ts": 1658745371.9747157}]}, "version": 87}
{"obj": {"type": "LogFloats", "path": ["Val", "loss"], "values": [{"value": 1.5263041257858276, "step": null, "ts": 1658745371.9757156}]}, "version": 88}
{"obj": {"type": "LogFloats", "path": ["monitoring", "cpu"], "values": [{"value": 66.6, "step": null, "ts": 1658745381.3483388}]}, "version": 89}
{"obj": {"type": "LogFloats", "path": ["monitoring", "memory"], "values": [{"value": 9.372615814208984, "step": null, "ts": 1658745381.3483388}]}, "version": 90}
{"obj": {"type": "LogFloats", "path": ["monitoring", "cpu"], "values": [{"value": 64.9, "step": null, "ts": 1658745391.3539307}]}, "version": 91}
{"obj": {"type": "LogFloats", "path": ["monitoring", "memory"], "values": [{"value": 9.355876922607422, "step": null, "ts": 1658745391.3539307}]}, "version": 92}
{"obj": {"type": "LogStrings", "path": ["monitoring", "stdout"], "values": [{"value": "Accuracy of epoch 10, is 0.9383900316455697", "step": null, "ts": 1658745391.7740974}]}, "version": 93}
{"obj": {"type": "LogStrings", "path": ["monitoring", "stdout"], "values": [{"value": "\n", "step": null, "ts": 1658745391.7750974}]}, "version": 94}
{"obj": {"type": "LogStrings", "path": ["monitoring", "stdout"], "values": [{"value": "Loss of epoch 10, is 1.5238145589828491", "step": null, "ts": 1658745391.7770965}]}, "version": 95}
{"obj": {"type": "LogStrings", "path": ["monitoring", "stdout"], "values": [{"value": "\n", "step": null, "ts": 1658745391.7770965}]}, "version": 96}
{"obj": {"type": "LogFloats", "path": ["Val", "accu"], "values": [{"value": 0.9383900316455697, "step": null, "ts": 1658745391.7783916}]}, "version": 97}
{"obj": {"type": "LogFloats", "path": ["Val", "loss"], "values": [{"value": 1.5238145589828491, "step": null, "ts": 1658745391.7793937}]}, "version": 98}
{"obj": {"type": "LogFloats", "path": ["monitoring", "cpu"], "values": [{"value": 68.1, "step": null, "ts": 1658745401.3725405}]}, "version": 99}
{"obj": {"type": "LogFloats", "path": ["monitoring", "memory"], "values": [{"value": 9.375354766845703, "step": null, "ts": 1658745401.3725405}]}, "version": 100}
{"obj": {"type": "LogFloats", "path": ["monitoring", "cpu"], "values": [{"value": 63.6, "step": null, "ts": 1658745411.3895416}]}, "version": 101}
{"obj": {"type": "LogFloats", "path": ["monitoring", "memory"], "values": [{"value": 9.415328979492188, "step": null, "ts": 1658745411.3895416}]}, "version": 102}
{"obj": {"type": "LogStrings", "path": ["monitoring", "stdout"], "values": [{"value": "Accuracy of epoch 11, is 0.939181170886076", "step": null, "ts": 1658745412.5570693}]}, "version": 103}
{"obj": {"type": "LogStrings", "path": ["monitoring", "stdout"], "values": [{"value": "\n", "step": null, "ts": 1658745412.5580702}]}, "version": 104}
{"obj": {"type": "LogStrings", "path": ["monitoring", "stdout"], "values": [{"value": "Loss of epoch 11, is 1.5227084159851074", "step": null, "ts": 1658745412.5593095}]}, "version": 105}
{"obj": {"type": "LogStrings", "path": ["monitoring", "stdout"], "values": [{"value": "\n", "step": null, "ts": 1658745412.5593095}]}, "version": 106}
{"obj": {"type": "LogFloats", "path": ["Val", "accu"], "values": [{"value": 0.939181170886076, "step": null, "ts": 1658745412.560404}]}, "version": 107}
{"obj": {"type": "LogFloats", "path": ["Val", "loss"], "values": [{"value": 1.5227084159851074, "step": null, "ts": 1658745412.561404}]}, "version": 108}
{"obj": {"type": "LogFloats", "path": ["monitoring", "cpu"], "values": [{"value": 66.1, "step": null, "ts": 1658745421.4064367}]}, "version": 109}
{"obj": {"type": "LogFloats", "path": ["monitoring", "memory"], "values": [{"value": 9.490707397460938, "step": null, "ts": 1658745421.4064367}]}, "version": 110}
{"obj": {"type": "LogFloats", "path": ["monitoring", "cpu"], "values": [{"value": 67.8, "step": null, "ts": 1658745431.4225147}]}, "version": 111}
{"obj": {"type": "LogFloats", "path": ["monitoring", "memory"], "values": [{"value": 9.237091064453125, "step": null, "ts": 1658745431.4225147}]}, "version": 112}
{"obj": {"type": "LogStrings", "path": ["monitoring", "stdout"], "values": [{"value": "Accuracy of epoch 12, is 0.9418512658227848", "step": null, "ts": 1658745434.073952}]}, "version": 113}
{"obj": {"type": "LogStrings", "path": ["monitoring", "stdout"], "values": [{"value": "\n", "step": null, "ts": 1658745434.074933}]}, "version": 114}
{"obj": {"type": "LogStrings", "path": ["monitoring", "stdout"], "values": [{"value": "Loss of epoch 12, is 1.520560622215271", "step": null, "ts": 1658745434.0768974}]}, "version": 115}
{"obj": {"type": "LogStrings", "path": ["monitoring", "stdout"], "values": [{"value": "\n", "step": null, "ts": 1658745434.0768974}]}, "version": 116}
{"obj": {"type": "LogFloats", "path": ["Val", "accu"], "values": [{"value": 0.9418512658227848, "step": null, "ts": 1658745434.077975}]}, "version": 117}
{"obj": {"type": "LogFloats", "path": ["Val", "loss"], "values": [{"value": 1.520560622215271, "step": null, "ts": 1658745434.0789745}]}, "version": 118}
{"obj": {"type": "LogFloats", "path": ["monitoring", "cpu"], "values": [{"value": 66.0, "step": null, "ts": 1658745441.4402459}]}, "version": 119}
{"obj": {"type": "LogFloats", "path": ["monitoring", "memory"], "values": [{"value": 9.297142028808594, "step": null, "ts": 1658745441.4402459}]}, "version": 120}
{"obj": {"type": "LogStrings", "path": ["monitoring", "stdout"], "values": [{"value": "Accuracy of epoch 13, is 0.9412579113924051", "step": null, "ts": 1658745445.7002501}]}, "version": 121}
{"obj": {"type": "LogStrings", "path": ["monitoring", "stdout"], "values": [{"value": "\n", "step": null, "ts": 1658745445.7066352}]}, "version": 122}
{"obj": {"type": "LogStrings", "path": ["monitoring", "stdout"], "values": [{"value": "Loss of epoch 13, is 1.5193300247192383", "step": null, "ts": 1658745445.707637}]}, "version": 123}
{"obj": {"type": "LogStrings", "path": ["monitoring", "stdout"], "values": [{"value": "\n", "step": null, "ts": 1658745445.707637}]}, "version": 124}
{"obj": {"type": "LogFloats", "path": ["Val", "accu"], "values": [{"value": 0.9412579113924051, "step": null, "ts": 1658745445.707637}]}, "version": 125}
{"obj": {"type": "LogFloats", "path": ["Val", "loss"], "values": [{"value": 1.5193300247192383, "step": null, "ts": 1658745445.7086375}]}, "version": 126}
{"obj": {"type": "LogFloats", "path": ["monitoring", "cpu"], "values": [{"value": 65.7, "step": null, "ts": 1658745451.4403656}]}, "version": 127}
{"obj": {"type": "LogFloats", "path": ["monitoring", "memory"], "values": [{"value": 9.356842041015625, "step": null, "ts": 1658745451.4403656}]}, "version": 128}
{"obj": {"type": "LogStrings", "path": ["monitoring", "stdout"], "values": [{"value": "Accuracy of epoch 14, is 0.9439280063291139", "step": null, "ts": 1658745453.4070988}]}, "version": 129}
{"obj": {"type": "LogStrings", "path": ["monitoring", "stdout"], "values": [{"value": "\n", "step": null, "ts": 1658745453.4070988}]}, "version": 130}
{"obj": {"type": "LogStrings", "path": ["monitoring", "stdout"], "values": [{"value": "Loss of epoch 14, is 1.5176395177841187", "step": null, "ts": 1658745453.4086804}]}, "version": 131}
{"obj": {"type": "LogStrings", "path": ["monitoring", "stdout"], "values": [{"value": "\n", "step": null, "ts": 1658745453.4086804}]}, "version": 132}
{"obj": {"type": "LogFloats", "path": ["Val", "accu"], "values": [{"value": 0.9439280063291139, "step": null, "ts": 1658745453.4086804}]}, "version": 133}
{"obj": {"type": "LogFloats", "path": ["Val", "loss"], "values": [{"value": 1.5176395177841187, "step": null, "ts": 1658745453.4095333}]}, "version": 134}
{"obj": {"type": "LogFloats", "path": ["monitoring", "cpu"], "values": [{"value": 66.2, "step": null, "ts": 1658745461.4565277}]}, "version": 135}
{"obj": {"type": "LogFloats", "path": ["monitoring", "memory"], "values": [{"value": 9.42483139038086, "step": null, "ts": 1658745461.4565277}]}, "version": 136}
{"obj": {"type": "LogStrings", "path": ["monitoring", "stdout"], "values": [{"value": "Accuracy of epoch 15, is 0.9443235759493671", "step": null, "ts": 1658745461.4591208}]}, "version": 137}
{"obj": {"type": "LogStrings", "path": ["monitoring", "stdout"], "values": [{"value": "\n", "step": null, "ts": 1658745461.4604974}]}, "version": 138}
{"obj": {"type": "LogStrings", "path": ["monitoring", "stdout"], "values": [{"value": "Loss of epoch 15, is 1.517242193222046", "step": null, "ts": 1658745461.4615011}]}, "version": 139}
{"obj": {"type": "LogStrings", "path": ["monitoring", "stdout"], "values": [{"value": "\n", "step": null, "ts": 1658745461.4615011}]}, "version": 140}
{"obj": {"type": "LogFloats", "path": ["Val", "accu"], "values": [{"value": 0.9443235759493671, "step": null, "ts": 1658745461.4615011}]}, "version": 141}
{"obj": {"type": "LogFloats", "path": ["Val", "loss"], "values": [{"value": 1.517242193222046, "step": null, "ts": 1658745461.462501}]}, "version": 142}
{"obj": {"type": "LogStrings", "path": ["monitoring", "stdout"], "values": [{"value": "Accuracy of epoch 16, is 0.9454113924050633", "step": null, "ts": 1658745469.9747288}]}, "version": 143}
{"obj": {"type": "LogStrings", "path": ["monitoring", "stdout"], "values": [{"value": "\n", "step": null, "ts": 1658745469.9747288}]}, "version": 144}
{"obj": {"type": "LogStrings", "path": ["monitoring", "stdout"], "values": [{"value": "Loss of epoch 16, is 1.5158531665802002", "step": null, "ts": 1658745469.9768069}]}, "version": 145}
{"obj": {"type": "LogStrings", "path": ["monitoring", "stdout"], "values": [{"value": "\n", "step": null, "ts": 1658745469.9768069}]}, "version": 146}
{"obj": {"type": "LogFloats", "path": ["Val", "accu"], "values": [{"value": 0.9454113924050633, "step": null, "ts": 1658745469.9768069}]}, "version": 147}
{"obj": {"type": "LogFloats", "path": ["Val", "loss"], "values": [{"value": 1.5158531665802002, "step": null, "ts": 1658745469.9778376}]}, "version": 148}
{"obj": {"type": "LogFloats", "path": ["monitoring", "cpu"], "values": [{"value": 63.7, "step": null, "ts": 1658745471.4576058}]}, "version": 149}
{"obj": {"type": "LogFloats", "path": ["monitoring", "memory"], "values": [{"value": 9.437576293945312, "step": null, "ts": 1658745471.4576058}]}, "version": 150}
{"obj": {"type": "LogStrings", "path": ["monitoring", "stdout"], "values": [{"value": "Accuracy of epoch 17, is 0.9448180379746836", "step": null, "ts": 1658745478.4971728}]}, "version": 151}
{"obj": {"type": "LogStrings", "path": ["monitoring", "stdout"], "values": [{"value": "\n", "step": null, "ts": 1658745478.497734}]}, "version": 152}
{"obj": {"type": "LogStrings", "path": ["monitoring", "stdout"], "values": [{"value": "Loss of epoch 17, is 1.5144482851028442", "step": null, "ts": 1658745478.4987361}]}, "version": 153}
{"obj": {"type": "LogStrings", "path": ["monitoring", "stdout"], "values": [{"value": "\n", "step": null, "ts": 1658745478.4987361}]}, "version": 154}
{"obj": {"type": "LogFloats", "path": ["Val", "accu"], "values": [{"value": 0.9448180379746836, "step": null, "ts": 1658745478.4987361}]}, "version": 155}
{"obj": {"type": "LogFloats", "path": ["Val", "loss"], "values": [{"value": 1.5144482851028442, "step": null, "ts": 1658745478.4998016}]}, "version": 156}
{"obj": {"type": "LogFloats", "path": ["monitoring", "cpu"], "values": [{"value": 60.7, "step": null, "ts": 1658745481.47346}]}, "version": 157}
{"obj": {"type": "LogFloats", "path": ["monitoring", "memory"], "values": [{"value": 9.401596069335938, "step": null, "ts": 1658745481.47346}]}, "version": 158}
{"obj": {"type": "LogStrings", "path": ["monitoring", "stdout"], "values": [{"value": "Accuracy of epoch 18, is 0.9477848101265823", "step": null, "ts": 1658745486.6721532}]}, "version": 159}
{"obj": {"type": "LogStrings", "path": ["monitoring", "stdout"], "values": [{"value": "\n", "step": null, "ts": 1658745486.6721532}]}, "version": 160}
{"obj": {"type": "LogStrings", "path": ["monitoring", "stdout"], "values": [{"value": "Loss of epoch 18, is 1.5138070583343506", "step": null, "ts": 1658745486.673154}]}, "version": 161}
{"obj": {"type": "LogStrings", "path": ["monitoring", "stdout"], "values": [{"value": "\n", "step": null, "ts": 1658745486.673154}]}, "version": 162}
{"obj": {"type": "LogFloats", "path": ["Val", "accu"], "values": [{"value": 0.9477848101265823, "step": null, "ts": 1658745486.673154}]}, "version": 163}
{"obj": {"type": "LogFloats", "path": ["Val", "loss"], "values": [{"value": 1.5138070583343506, "step": null, "ts": 1658745486.675202}]}, "version": 164}
{"obj": {"type": "LogFloats", "path": ["monitoring", "cpu"], "values": [{"value": 59.4, "step": null, "ts": 1658745491.4745307}]}, "version": 165}
{"obj": {"type": "LogFloats", "path": ["monitoring", "memory"], "values": [{"value": 9.420318603515625, "step": null, "ts": 1658745491.4745307}]}, "version": 166}
{"obj": {"type": "LogStrings", "path": ["monitoring", "stdout"], "values": [{"value": "Accuracy of epoch 19, is 0.9485759493670886", "step": null, "ts": 1658745494.8144572}]}, "version": 167}
{"obj": {"type": "LogStrings", "path": ["monitoring", "stdout"], "values": [{"value": "\n", "step": null, "ts": 1658745494.8210065}]}, "version": 168}
{"obj": {"type": "LogStrings", "path": ["monitoring", "stdout"], "values": [{"value": "Loss of epoch 19, is 1.513250708580017", "step": null, "ts": 1658745494.8215797}]}, "version": 169}
{"obj": {"type": "LogStrings", "path": ["monitoring", "stdout"], "values": [{"value": "\n", "step": null, "ts": 1658745494.8215797}]}, "version": 170}
{"obj": {"type": "LogFloats", "path": ["Val", "accu"], "values": [{"value": 0.9485759493670886, "step": null, "ts": 1658745494.8215797}]}, "version": 171}
{"obj": {"type": "LogFloats", "path": ["Val", "loss"], "values": [{"value": 1.513250708580017, "step": null, "ts": 1658745494.8227298}]}, "version": 172}
{"obj": {"type": "LogFloats", "path": ["monitoring", "cpu"], "values": [{"value": 59.7, "step": null, "ts": 1658745501.4750803}]}, "version": 173}
{"obj": {"type": "LogFloats", "path": ["monitoring", "memory"], "values": [{"value": 9.428165435791016, "step": null, "ts": 1658745501.4750803}]}, "version": 174}
{"obj": {"type": "LogStrings", "path": ["monitoring", "stdout"], "values": [{"value": "Accuracy of epoch 20, is 0.9479825949367089", "step": null, "ts": 1658745503.2496727}]}, "version": 175}
{"obj": {"type": "LogStrings", "path": ["monitoring", "stdout"], "values": [{"value": "\n", "step": null, "ts": 1658745503.252368}]}, "version": 176}
{"obj": {"type": "LogStrings", "path": ["monitoring", "stdout"], "values": [{"value": "Loss of epoch 20, is 1.512214183807373", "step": null, "ts": 1658745503.253367}]}, "version": 177}
{"obj": {"type": "LogStrings", "path": ["monitoring", "stdout"], "values": [{"value": "\n", "step": null, "ts": 1658745503.253367}]}, "version": 178}
{"obj": {"type": "LogFloats", "path": ["Val", "accu"], "values": [{"value": 0.9479825949367089, "step": null, "ts": 1658745503.253367}]}, "version": 179}
{"obj": {"type": "LogFloats", "path": ["Val", "loss"], "values": [{"value": 1.512214183807373, "step": null, "ts": 1658745503.2543666}]}, "version": 180}
{"obj": {"type": "LogFloats", "path": ["monitoring", "cpu"], "values": [{"value": 59.6, "step": null, "ts": 1658745511.4920845}]}, "version": 181}
{"obj": {"type": "LogFloats", "path": ["monitoring", "memory"], "values": [{"value": 9.486286163330078, "step": null, "ts": 1658745511.4920845}]}, "version": 182}
{"obj": {"type": "LogStrings", "path": ["monitoring", "stdout"], "values": [{"value": "Accuracy of epoch 21, is 0.9490704113924051", "step": null, "ts": 1658745511.5661125}]}, "version": 183}
{"obj": {"type": "LogStrings", "path": ["monitoring", "stdout"], "values": [{"value": "\n", "step": null, "ts": 1658745511.5661125}]}, "version": 184}
{"obj": {"type": "LogStrings", "path": ["monitoring", "stdout"], "values": [{"value": "Loss of epoch 21, is 1.5116422176361084", "step": null, "ts": 1658745511.5666502}]}, "version": 185}
{"obj": {"type": "LogStrings", "path": ["monitoring", "stdout"], "values": [{"value": "\n", "step": null, "ts": 1658745511.5676515}]}, "version": 186}
{"obj": {"type": "LogFloats", "path": ["Val", "accu"], "values": [{"value": 0.9490704113924051, "step": null, "ts": 1658745511.567958}]}, "version": 187}
{"obj": {"type": "LogFloats", "path": ["Val", "loss"], "values": [{"value": 1.5116422176361084, "step": null, "ts": 1658745511.568478}]}, "version": 188}
{"obj": {"type": "LogStrings", "path": ["monitoring", "stdout"], "values": [{"value": "Accuracy of epoch 22, is 0.9502571202531646", "step": null, "ts": 1658745520.194754}]}, "version": 189}
{"obj": {"type": "LogStrings", "path": ["monitoring", "stdout"], "values": [{"value": "\n", "step": null, "ts": 1658745520.194754}]}, "version": 190}
{"obj": {"type": "LogStrings", "path": ["monitoring", "stdout"], "values": [{"value": "Loss of epoch 22, is 1.5110657215118408", "step": null, "ts": 1658745520.1957545}]}, "version": 191}
{"obj": {"type": "LogStrings", "path": ["monitoring", "stdout"], "values": [{"value": "\n", "step": null, "ts": 1658745520.1967542}]}, "version": 192}
{"obj": {"type": "LogFloats", "path": ["Val", "accu"], "values": [{"value": 0.9502571202531646, "step": null, "ts": 1658745520.1969087}]}, "version": 193}
{"obj": {"type": "LogFloats", "path": ["Val", "loss"], "values": [{"value": 1.5110657215118408, "step": null, "ts": 1658745520.1969087}]}, "version": 194}
{"obj": {"type": "LogFloats", "path": ["monitoring", "cpu"], "values": [{"value": 60.2, "step": null, "ts": 1658745521.5090263}]}, "version": 195}
{"obj": {"type": "LogFloats", "path": ["monitoring", "memory"], "values": [{"value": 9.488327026367188, "step": null, "ts": 1658745521.5090263}]}, "version": 196}
{"obj": {"type": "LogStrings", "path": ["monitoring", "stdout"], "values": [{"value": "Accuracy of epoch 23, is 0.9509493670886076", "step": null, "ts": 1658745528.9278839}]}, "version": 197}
{"obj": {"type": "LogStrings", "path": ["monitoring", "stdout"], "values": [{"value": "\n", "step": null, "ts": 1658745528.9322662}]}, "version": 198}
{"obj": {"type": "LogStrings", "path": ["monitoring", "stdout"], "values": [{"value": "Loss of epoch 23, is 1.51027250289917", "step": null, "ts": 1658745528.9332514}]}, "version": 199}
{"obj": {"type": "LogStrings", "path": ["monitoring", "stdout"], "values": [{"value": "\n", "step": null, "ts": 1658745528.9332514}]}, "version": 200}
{"obj": {"type": "LogFloats", "path": ["Val", "accu"], "values": [{"value": 0.9509493670886076, "step": null, "ts": 1658745528.9332514}]}, "version": 201}
{"obj": {"type": "LogFloats", "path": ["Val", "loss"], "values": [{"value": 1.51027250289917, "step": null, "ts": 1658745528.9342544}]}, "version": 202}
{"obj": {"type": "LogFloats", "path": ["monitoring", "cpu"], "values": [{"value": 60.4, "step": null, "ts": 1658745531.5092738}]}, "version": 203}
{"obj": {"type": "LogFloats", "path": ["monitoring", "memory"], "values": [{"value": 9.531856536865234, "step": null, "ts": 1658745531.5092738}]}, "version": 204}
{"obj": {"type": "LogStrings", "path": ["monitoring", "stdout"], "values": [{"value": "Accuracy of epoch 24, is 0.9512460443037974", "step": null, "ts": 1658745537.5118878}]}, "version": 205}
{"obj": {"type": "LogStrings", "path": ["monitoring", "stdout"], "values": [{"value": "\n", "step": null, "ts": 1658745537.5118878}]}, "version": 206}
{"obj": {"type": "LogStrings", "path": ["monitoring", "stdout"], "values": [{"value": "Loss of epoch 24, is 1.510148286819458", "step": null, "ts": 1658745537.5135732}]}, "version": 207}
{"obj": {"type": "LogStrings", "path": ["monitoring", "stdout"], "values": [{"value": "\n", "step": null, "ts": 1658745537.5135732}]}, "version": 208}
{"obj": {"type": "LogFloats", "path": ["Val", "accu"], "values": [{"value": 0.9512460443037974, "step": null, "ts": 1658745537.5135732}]}, "version": 209}
{"obj": {"type": "LogFloats", "path": ["Val", "loss"], "values": [{"value": 1.510148286819458, "step": null, "ts": 1658745537.5145733}]}, "version": 210}
{"obj": {"type": "LogFloats", "path": ["monitoring", "cpu"], "values": [{"value": 59.7, "step": null, "ts": 1658745541.5263386}]}, "version": 211}
{"obj": {"type": "LogFloats", "path": ["monitoring", "memory"], "values": [{"value": 9.553600311279297, "step": null, "ts": 1658745541.5263386}]}, "version": 212}
{"obj": {"type": "LogStrings", "path": ["monitoring", "stdout"], "values": [{"value": "Accuracy of epoch 25, is 0.9505537974683544", "step": null, "ts": 1658745545.8157635}]}, "version": 213}
{"obj": {"type": "LogStrings", "path": ["monitoring", "stdout"], "values": [{"value": "\n", "step": null, "ts": 1658745545.8218508}]}, "version": 214}
{"obj": {"type": "LogStrings", "path": ["monitoring", "stdout"], "values": [{"value": "Loss of epoch 25, is 1.5099031925201416", "step": null, "ts": 1658745545.8228512}]}, "version": 215}
{"obj": {"type": "LogStrings", "path": ["monitoring", "stdout"], "values": [{"value": "\n", "step": null, "ts": 1658745545.8228512}]}, "version": 216}
{"obj": {"type": "LogFloats", "path": ["Val", "accu"], "values": [{"value": 0.9505537974683544, "step": null, "ts": 1658745545.8228512}]}, "version": 217}
{"obj": {"type": "LogFloats", "path": ["Val", "loss"], "values": [{"value": 1.5099031925201416, "step": null, "ts": 1658745545.823851}]}, "version": 218}
{"obj": {"type": "LogFloats", "path": ["monitoring", "cpu"], "values": [{"value": 62.2, "step": null, "ts": 1658745551.5421934}]}, "version": 219}
{"obj": {"type": "LogFloats", "path": ["monitoring", "memory"], "values": [{"value": 9.606731414794922, "step": null, "ts": 1658745551.5421934}]}, "version": 220}
{"obj": {"type": "LogStrings", "path": ["monitoring", "stdout"], "values": [{"value": "Accuracy of epoch 26, is 0.9515427215189873", "step": null, "ts": 1658745554.4698863}]}, "version": 221}
{"obj": {"type": "LogStrings", "path": ["monitoring", "stdout"], "values": [{"value": "\n", "step": null, "ts": 1658745554.4746747}]}, "version": 222}
{"obj": {"type": "LogStrings", "path": ["monitoring", "stdout"], "values": [{"value": "Loss of epoch 26, is 1.5089935064315796", "step": null, "ts": 1658745554.4757974}]}, "version": 223}
{"obj": {"type": "LogStrings", "path": ["monitoring", "stdout"], "values": [{"value": "\n", "step": null, "ts": 1658745554.4757974}]}, "version": 224}
{"obj": {"type": "LogFloats", "path": ["Val", "accu"], "values": [{"value": 0.9515427215189873, "step": null, "ts": 1658745554.4757974}]}, "version": 225}
{"obj": {"type": "LogFloats", "path": ["Val", "loss"], "values": [{"value": 1.5089935064315796, "step": null, "ts": 1658745554.4766667}]}, "version": 226}
{"obj": {"type": "LogFloats", "path": ["monitoring", "cpu"], "values": [{"value": 59.4, "step": null, "ts": 1658745561.5425775}]}, "version": 227}
{"obj": {"type": "LogFloats", "path": ["monitoring", "memory"], "values": [{"value": 9.609870910644531, "step": null, "ts": 1658745561.5425775}]}, "version": 228}
{"obj": {"type": "LogStrings", "path": ["monitoring", "stdout"], "values": [{"value": "Accuracy of epoch 27, is 0.9530261075949367", "step": null, "ts": 1658745563.1630778}]}, "version": 229}
{"obj": {"type": "LogStrings", "path": ["monitoring", "stdout"], "values": [{"value": "\n", "step": null, "ts": 1658745563.1630778}]}, "version": 230}
{"obj": {"type": "LogStrings", "path": ["monitoring", "stdout"], "values": [{"value": "Loss of epoch 27, is 1.5080050230026245", "step": null, "ts": 1658745563.1641142}]}, "version": 231}
{"obj": {"type": "LogStrings", "path": ["monitoring", "stdout"], "values": [{"value": "\n", "step": null, "ts": 1658745563.1641142}]}, "version": 232}
{"obj": {"type": "LogFloats", "path": ["Val", "accu"], "values": [{"value": 0.9530261075949367, "step": null, "ts": 1658745563.1651702}]}, "version": 233}
{"obj": {"type": "LogFloats", "path": ["Val", "loss"], "values": [{"value": 1.5080050230026245, "step": null, "ts": 1658745563.1651702}]}, "version": 234}
{"obj": {"type": "LogFloats", "path": ["monitoring", "cpu"], "values": [{"value": 60.5, "step": null, "ts": 1658745571.56049}]}, "version": 235}
{"obj": {"type": "LogFloats", "path": ["monitoring", "memory"], "values": [{"value": 9.642829895019531, "step": null, "ts": 1658745571.56049}]}, "version": 236}
{"obj": {"type": "LogStrings", "path": ["monitoring", "stdout"], "values": [{"value": "Accuracy of epoch 28, is 0.9536194620253164", "step": null, "ts": 1658745572.0133011}]}, "version": 237}
{"obj": {"type": "LogStrings", "path": ["monitoring", "stdout"], "values": [{"value": "\n", "step": null, "ts": 1658745572.0175066}]}, "version": 238}
{"obj": {"type": "LogStrings", "path": ["monitoring", "stdout"], "values": [{"value": "Loss of epoch 28, is 1.507625699043274", "step": null, "ts": 1658745572.0185096}]}, "version": 239}
{"obj": {"type": "LogStrings", "path": ["monitoring", "stdout"], "values": [{"value": "\n", "step": null, "ts": 1658745572.0185096}]}, "version": 240}
{"obj": {"type": "LogFloats", "path": ["Val", "accu"], "values": [{"value": 0.9536194620253164, "step": null, "ts": 1658745572.0185096}]}, "version": 241}
{"obj": {"type": "LogFloats", "path": ["Val", "loss"], "values": [{"value": 1.507625699043274, "step": null, "ts": 1658745572.0195088}]}, "version": 242}
{"obj": {"type": "LogStrings", "path": ["monitoring", "stdout"], "values": [{"value": "Accuracy of epoch 29, is 0.9535205696202531", "step": null, "ts": 1658745580.992693}]}, "version": 243}
{"obj": {"type": "LogStrings", "path": ["monitoring", "stdout"], "values": [{"value": "\n", "step": null, "ts": 1658745580.992693}]}, "version": 244}
{"obj": {"type": "LogStrings", "path": ["monitoring", "stdout"], "values": [{"value": "Loss of epoch 29, is 1.507515549659729", "step": null, "ts": 1658745580.9946904}]}, "version": 245}
{"obj": {"type": "LogStrings", "path": ["monitoring", "stdout"], "values": [{"value": "\n", "step": null, "ts": 1658745580.9954007}]}, "version": 246}
{"obj": {"type": "LogFloats", "path": ["Val", "accu"], "values": [{"value": 0.9535205696202531, "step": null, "ts": 1658745580.9954007}]}, "version": 247}
{"obj": {"type": "LogFloats", "path": ["Val", "loss"], "values": [{"value": 1.507515549659729, "step": null, "ts": 1658745580.9963996}]}, "version": 248}
{"obj": {"type": "LogFloats", "path": ["monitoring", "cpu"], "values": [{"value": 61.1, "step": null, "ts": 1658745581.5773704}]}, "version": 249}
{"obj": {"type": "LogFloats", "path": ["monitoring", "memory"], "values": [{"value": 9.642520904541016, "step": null, "ts": 1658745581.5773704}]}, "version": 250}
{"obj": {"type": "LogStrings", "path": ["monitoring", "stdout"], "values": [{"value": "Accuracy of epoch 30, is 0.9540150316455697", "step": null, "ts": 1658745589.8064432}]}, "version": 251}
{"obj": {"type": "LogStrings", "path": ["monitoring", "stdout"], "values": [{"value": "\n", "step": null, "ts": 1658745589.8074787}]}, "version": 252}
{"obj": {"type": "LogStrings", "path": ["monitoring", "stdout"], "values": [{"value": "Loss of epoch 30, is 1.5073432922363281", "step": null, "ts": 1658745589.8084762}]}, "version": 253}
{"obj": {"type": "LogStrings", "path": ["monitoring", "stdout"], "values": [{"value": "\n", "step": null, "ts": 1658745589.8084762}]}, "version": 254}
{"obj": {"type": "LogFloats", "path": ["Val", "accu"], "values": [{"value": 0.9540150316455697, "step": null, "ts": 1658745589.8084762}]}, "version": 255}
{"obj": {"type": "LogFloats", "path": ["Val", "loss"], "values": [{"value": 1.5073432922363281, "step": null, "ts": 1658745589.8094764}]}, "version": 256}
{"obj": {"type": "LogFloats", "path": ["monitoring", "cpu"], "values": [{"value": 51.8, "step": null, "ts": 1658745593.4131749}]}, "version": 257}
{"obj": {"type": "LogFloats", "path": ["monitoring", "memory"], "values": [{"value": 9.685722351074219, "step": null, "ts": 1658745593.4131749}]}, "version": 258}
{"obj": {"type": "LogFloats", "path": ["monitoring", "cpu"], "values": [{"value": 29.4, "step": null, "ts": 1658745603.4443014}]}, "version": 259}
{"obj": {"type": "LogFloats", "path": ["monitoring", "memory"], "values": [{"value": 9.715133666992188, "step": null, "ts": 1658745603.4443014}]}, "version": 260}
{"obj": {"type": "LogFloats", "path": ["monitoring", "cpu"], "values": [{"value": 32.7, "step": null, "ts": 1658745613.4618063}]}, "version": 261}
{"obj": {"type": "LogFloats", "path": ["monitoring", "memory"], "values": [{"value": 9.74151611328125, "step": null, "ts": 1658745613.4618063}]}, "version": 262}
{"obj": {"type": "LogFloats", "path": ["monitoring", "cpu"], "values": [{"value": 29.3, "step": null, "ts": 1658745623.4786944}]}, "version": 263}
{"obj": {"type": "LogFloats", "path": ["monitoring", "memory"], "values": [{"value": 9.75033187866211, "step": null, "ts": 1658745623.4786944}]}, "version": 264}
{"obj": {"type": "LogFloats", "path": ["monitoring", "cpu"], "values": [{"value": 34.8, "step": null, "ts": 1658745633.4941504}]}, "version": 265}
{"obj": {"type": "LogFloats", "path": ["monitoring", "memory"], "values": [{"value": 9.80111312866211, "step": null, "ts": 1658745633.4941504}]}, "version": 266}
{"obj": {"type": "LogFloats", "path": ["monitoring", "cpu"], "values": [{"value": 26.8, "step": null, "ts": 1658745643.4968386}]}, "version": 267}
{"obj": {"type": "LogFloats", "path": ["monitoring", "memory"], "values": [{"value": 9.779029846191406, "step": null, "ts": 1658745643.4968386}]}, "version": 268}
{"obj": {"type": "LogFloats", "path": ["monitoring", "cpu"], "values": [{"value": 33.8, "step": null, "ts": 1658745653.512937}]}, "version": 269}
{"obj": {"type": "LogFloats", "path": ["monitoring", "memory"], "values": [{"value": 9.782962799072266, "step": null, "ts": 1658745653.512937}]}, "version": 270}
{"obj": {"type": "LogStrings", "path": ["monitoring", "traceback"], "values": [{"value": "An uncaught exception occurred while run was active on worker ALTAFKOP202.", "step": null, "ts": 1658745660.2543416}, {"value": "Marking run as failed", "step": null, "ts": 1658745660.2543416}, {"value": "Traceback:", "step": null, "ts": 1658745660.2543416}, {"value": "  File \"C:\\Users\\RuturajMane\\Desktop\\public-projects\\mnist-ruturaj\\src\\train.py\", line 127, in <module>\n    accplt(da)\n", "step": null, "ts": 1658745660.2543416}, {"value": "  File \"C:\\Users\\RuturajMane\\Desktop\\public-projects\\mnist-ruturaj\\src\\utils\\common.py\", line 9, in accplt\n    pl.save('../../Outputs/Accuracy vs Epochs')\n", "step": null, "ts": 1658745660.2543416}, {"value": "module 'matplotlib.pyplot' has no attribute 'save'", "step": null, "ts": 1658745660.2543416}]}, "version": 271}
{"obj": {"type": "AssignBool", "path": ["sys", "failed"], "value": true}, "version": 272}
{"obj": {"type": "LogStrings", "path": ["monitoring", "stderr"], "values": [{"value": "Traceback (most recent call last):\n", "step": null, "ts": 1658745660.2543416}]}, "version": 273}
{"obj": {"type": "LogStrings", "path": ["monitoring", "stderr"], "values": [{"value": "  File \"C:\\Users\\RuturajMane\\Desktop\\public-projects\\mnist-ruturaj\\src\\train.py\", line 127, in <module>\n", "step": null, "ts": 1658745660.2561245}]}, "version": 274}
{"obj": {"type": "LogStrings", "path": ["monitoring", "stderr"], "values": [{"value": "    ", "step": null, "ts": 1658745660.259123}]}, "version": 275}
{"obj": {"type": "LogStrings", "path": ["monitoring", "stderr"], "values": [{"value": "accplt(da)", "step": null, "ts": 1658745660.259123}]}, "version": 276}
{"obj": {"type": "LogStrings", "path": ["monitoring", "stderr"], "values": [{"value": "\n", "step": null, "ts": 1658745660.259123}]}, "version": 277}
{"obj": {"type": "LogStrings", "path": ["monitoring", "stderr"], "values": [{"value": "  File \"C:\\Users\\RuturajMane\\Desktop\\public-projects\\mnist-ruturaj\\src\\utils\\common.py\", line 9, in accplt\n", "step": null, "ts": 1658745660.2615702}]}, "version": 278}
{"obj": {"type": "LogStrings", "path": ["monitoring", "stderr"], "values": [{"value": "    ", "step": null, "ts": 1658745660.2625704}]}, "version": 279}
{"obj": {"type": "LogStrings", "path": ["monitoring", "stderr"], "values": [{"value": "pl.save('../../Outputs/Accuracy vs Epochs')", "step": null, "ts": 1658745660.2625704}]}, "version": 280}
{"obj": {"type": "LogStrings", "path": ["monitoring", "stderr"], "values": [{"value": "\n", "step": null, "ts": 1658745660.2625704}]}, "version": 281}
{"obj": {"type": "LogStrings", "path": ["monitoring", "stderr"], "values": [{"value": "AttributeError", "step": null, "ts": 1658745660.263569}]}, "version": 282}
{"obj": {"type": "LogStrings", "path": ["monitoring", "stderr"], "values": [{"value": ": ", "step": null, "ts": 1658745660.2645755}]}, "version": 283}
{"obj": {"type": "LogStrings", "path": ["monitoring", "stderr"], "values": [{"value": "module 'matplotlib.pyplot' has no attribute 'save'", "step": null, "ts": 1658745660.2645755}]}, "version": 284}
{"obj": {"type": "LogStrings", "path": ["monitoring", "stderr"], "values": [{"value": ". Did you mean: '", "step": null, "ts": 1658745660.2675762}]}, "version": 285}
{"obj": {"type": "LogStrings", "path": ["monitoring", "stderr"], "values": [{"value": "imsave", "step": null, "ts": 1658745660.2675762}]}, "version": 286}
{"obj": {"type": "LogStrings", "path": ["monitoring", "stderr"], "values": [{"value": "'?", "step": null, "ts": 1658745660.2675762}]}, "version": 287}
{"obj": {"type": "LogStrings", "path": ["monitoring", "stderr"], "values": [{"value": "\n", "step": null, "ts": 1658745660.2675762}]}, "version": 288}
{"obj": {"type": "LogStrings", "path": ["monitoring", "stdout"], "values": [{"value": "Shutting down background jobs, please wait a moment...\n", "step": null, "ts": 1658745660.269575}]}, "version": 289}
