{"obj": {"type": "AssignString", "path": ["sys", "name"], "value": "Untitled"}, "version": 1}
{"obj": {"type": "AssignString", "path": ["sys", "description"], "value": ""}, "version": 2}
{"obj": {"type": "AssignString", "path": ["sys", "hostname"], "value": "ALTAFKOP202"}, "version": 3}
{"obj": {"type": "AssignBool", "path": ["sys", "failed"], "value": false}, "version": 4}
{"obj": {"type": "ClearStringLog", "path": ["monitoring", "stdout"]}, "version": 5}
{"obj": {"type": "ClearStringLog", "path": ["monitoring", "stderr"]}, "version": 6}
{"obj": {"type": "AssignString", "path": ["source_code", "entrypoint"], "value": "train.py"}, "version": 7}
{"obj": {"type": "UploadFileSet", "path": ["source_code", "files"], "file_globs": ["C:\\Users\\RuturajMane\\Desktop\\MNIST_CNN\\mnist-ruturaj\\src\\train.py"], "reset": "False"}, "version": 8}
{"obj": {"type": "LogStrings", "path": ["monitoring", "stderr"], "values": [{"value": "Info (NVML): NVML Shared Library Not Found. GPU usage metrics may not be reported. For more information, see https://docs.neptune.ai/you-should-know/what-can-you-log-and-display#hardware-consumption\n", "step": null, "ts": 1661343746.4815419}]}, "version": 9}
{"obj": {"type": "ConfigFloatSeries", "path": ["monitoring", "cpu"], "min": 0.0, "max": 100.0, "unit": "%"}, "version": 10}
{"obj": {"type": "ClearFloatLog", "path": ["monitoring", "cpu"]}, "version": 11}
{"obj": {"type": "ConfigFloatSeries", "path": ["monitoring", "memory"], "min": 0.0, "max": 15.878307342529297, "unit": "GB"}, "version": 12}
{"obj": {"type": "ClearFloatLog", "path": ["monitoring", "memory"]}, "version": 13}
{"obj": {"type": "LogFloats", "path": ["monitoring", "cpu"], "values": [{"value": 19.3, "step": null, "ts": 1661343746.4849055}]}, "version": 14}
{"obj": {"type": "LogFloats", "path": ["monitoring", "memory"], "values": [{"value": 9.947978973388672, "step": null, "ts": 1661343746.4849055}]}, "version": 15}
{"obj": {"type": "AssignFloat", "path": ["Parameters", "learning_rate"], "value": 0.0001}, "version": 16}
{"obj": {"type": "AssignString", "path": ["Parameters", "Optimizer"], "value": "Adam"}, "version": 17}
{"obj": {"type": "AssignInt", "path": ["Parameters", "Batch_size"], "value": 50}, "version": 18}
{"obj": {"type": "AssignInt", "path": ["Parameters", "Epochs"], "value": 2}, "version": 19}
{"obj": {"type": "AssignString", "path": ["Parameters", "Loss_fn"], "value": "cross_entropy"}, "version": 20}
{"obj": {"type": "LogFloats", "path": ["monitoring", "cpu"], "values": [{"value": 61.2, "step": null, "ts": 1661343756.4993117}]}, "version": 21}
{"obj": {"type": "LogFloats", "path": ["monitoring", "memory"], "values": [{"value": 9.917282104492188, "step": null, "ts": 1661343756.4993117}]}, "version": 22}
{"obj": {"type": "LogFloats", "path": ["monitoring", "cpu"], "values": [{"value": 56.0, "step": null, "ts": 1661343766.5050712}]}, "version": 23}
{"obj": {"type": "LogFloats", "path": ["monitoring", "memory"], "values": [{"value": 9.907390594482422, "step": null, "ts": 1661343766.5050712}]}, "version": 24}
{"obj": {"type": "LogStrings", "path": ["monitoring", "stdout"], "values": [{"value": "[1, 0, 3, 1, 6, 3, 5, 0, 8, 2, 3, 2, 7, 1, 2, 8, 2, 5, 9, 6, 6, 2, 6, 6, 2, 5, 9, 4, 4, 6, 9, 3, 5, 7, 4, 8, 8, 0, 2, 7, 9, 8, 2, 6, 7, 7, 6, 1, 2, 2, tensor([1, 0, 3, 1, 6, 3, 5, 0, 8, 2, 3, 2, 7, 1, 2, 8, 2, 5, 9, 6, 6, 2, 6, 6,\n        2, 5, 9, 4, 4, 6, 9, 3, 5, 7, 4, 8, 8, 0, 2, 7, 9, 8, 2, 6, 7, 7, 6, 1,\n        2, 2])]", "step": null, "ts": 1661343769.4362376}]}, "version": 25}
{"obj": {"type": "LogStrings", "path": ["monitoring", "stdout"], "values": [{"value": "\n", "step": null, "ts": 1661343769.4372385}]}, "version": 26}
{"obj": {"type": "LogStrings", "path": ["monitoring", "stdout"], "values": [{"value": "[1, 0, 3, 1, 6, 3, 5, 0, 8, 2, 3, 2, 7, 1, 2, 8, 8, 5, 9, 6, 6, 2, 6, 6, 2, 5, 7, 4, 4, 6, 9, 8, 5, 7, 4, 8, 8, 0, 2, 7, 9, 8, 2, 6, 7, 7, 6, 1, 7, 2]", "step": null, "ts": 1661343769.4403305}]}, "version": 27}
{"obj": {"type": "LogStrings", "path": ["monitoring", "stdout"], "values": [{"value": "\n", "step": null, "ts": 1661343769.4403305}]}, "version": 28}
{"obj": {"type": "LogStrings", "path": ["monitoring", "stdout"], "values": [{"value": "Accuracy of epoch 1, is 0.92", "step": null, "ts": 1661343769.4413743}]}, "version": 29}
{"obj": {"type": "LogStrings", "path": ["monitoring", "stdout"], "values": [{"value": "\n", "step": null, "ts": 1661343769.4413743}]}, "version": 30}
{"obj": {"type": "LogStrings", "path": ["monitoring", "stdout"], "values": [{"value": "Loss of epoch 1, is 0.21963423490524292", "step": null, "ts": 1661343769.442374}]}, "version": 31}
{"obj": {"type": "LogStrings", "path": ["monitoring", "stdout"], "values": [{"value": "\n", "step": null, "ts": 1661343769.442374}]}, "version": 32}
{"obj": {"type": "LogFloats", "path": ["Val", "accu"], "values": [{"value": 0.92, "step": null, "ts": 1661343769.442374}]}, "version": 33}
{"obj": {"type": "LogFloats", "path": ["Val", "loss"], "values": [{"value": 0.21963423490524292, "step": null, "ts": 1661343769.442374}]}, "version": 34}
{"obj": {"type": "LogStrings", "path": ["monitoring", "stdout"], "values": [{"value": "[1, 0, 3, 1, 6, 3, 5, 0, 8, 2, 3, 2, 7, 1, 2, 8, 2, 5, 9, 6, 6, 2, 6, 6, 2, 5, 9, 4, 4, 6, 9, 3, 5, 7, 4, 8, 8, 0, 2, 7, 9, 8, 2, 6, 7, 7, 6, 1, 2, 2, tensor([1, 0, 3, 1, 6, 3, 5, 0, 8, 2, 3, 2, 7, 1, 2, 8, 2, 5, 9, 6, 6, 2, 6, 6,\n        2, 5, 9, 4, 4, 6, 9, 3, 5, 7, 4, 8, 8, 0, 2, 7, 9, 8, 2, 6, 7, 7, 6, 1,\n        2, 2])]", "step": null, "ts": 1661343769.4433737}]}, "version": 35}
{"obj": {"type": "LogStrings", "path": ["monitoring", "stdout"], "values": [{"value": "\n", "step": null, "ts": 1661343769.4433737}]}, "version": 36}
{"obj": {"type": "LogStrings", "path": ["monitoring", "stdout"], "values": [{"value": "[1, 0, 3, 1, 6, 3, 5, 0, 8, 2, 3, 2, 7, 1, 2, 8, 8, 5, 9, 6, 6, 2, 6, 6, 2, 5, 7, 4, 4, 6, 9, 8, 5, 7, 4, 8, 8, 0, 2, 7, 9, 8, 2, 6, 7, 7, 6, 1, 7, 2]", "step": null, "ts": 1661343769.44452}]}, "version": 37}
{"obj": {"type": "LogStrings", "path": ["monitoring", "stdout"], "values": [{"value": "\n", "step": null, "ts": 1661343769.44452}]}, "version": 38}
{"obj": {"type": "LogStrings", "path": ["monitoring", "traceback"], "values": [{"value": "An uncaught exception occurred while run was active on worker ALTAFKOP202.", "step": null, "ts": 1661343769.4475205}, {"value": "Marking run as failed", "step": null, "ts": 1661343769.4475205}, {"value": "Traceback:", "step": null, "ts": 1661343769.4475205}, {"value": "  File \"C:\\Users\\RuturajMane\\Desktop\\MNIST_CNN\\mnist-ruturaj\\src\\train.py\", line 185, in <module>\n    dl, da = fit(epochs, lr, train_loader, val_loader, loss_fn, optm)\n", "step": null, "ts": 1661343769.4475205}, {"value": "  File \"C:\\Users\\RuturajMane\\Desktop\\MNIST_CNN\\mnist-ruturaj\\src\\train.py\", line 116, in fit\n    precision, recall, fscore, support = score(labelss, predicts)\n", "step": null, "ts": 1661343769.4475205}, {"value": "  File \"C:\\Users\\RuturajMane\\AppData\\Local\\Programs\\Python\\Python310\\lib\\site-packages\\sklearn\\metrics\\_classification.py\", line 1556, in precision_recall_fscore_support\n    labels = _check_set_wise_labels(y_true, y_pred, average, labels, pos_label)\n", "step": null, "ts": 1661343769.4475205}, {"value": "  File \"C:\\Users\\RuturajMane\\AppData\\Local\\Programs\\Python\\Python310\\lib\\site-packages\\sklearn\\metrics\\_classification.py\", line 1357, in _check_set_wise_labels\n    y_type, y_true, y_pred = _check_targets(y_true, y_pred)\n", "step": null, "ts": 1661343769.4475205}, {"value": "  File \"C:\\Users\\RuturajMane\\AppData\\Local\\Programs\\Python\\Python310\\lib\\site-packages\\sklearn\\metrics\\_classification.py\", line 84, in _check_targets\n    check_consistent_length(y_true, y_pred)\n", "step": null, "ts": 1661343769.4475205}, {"value": "  File \"C:\\Users\\RuturajMane\\AppData\\Local\\Programs\\Python\\Python310\\lib\\site-packages\\sklearn\\utils\\validation.py\", line 387, in check_consistent_length\n    raise ValueError(\n", "step": null, "ts": 1661343769.4475205}, {"value": "Found input variables with inconsistent numbers of samples: [51, 50]", "step": null, "ts": 1661343769.4475205}]}, "version": 39}
{"obj": {"type": "AssignBool", "path": ["sys", "failed"], "value": true}, "version": 40}
{"obj": {"type": "LogStrings", "path": ["monitoring", "stderr"], "values": [{"value": "Traceback (most recent call last):\n", "step": null, "ts": 1661343769.44852}]}, "version": 41}
{"obj": {"type": "LogStrings", "path": ["monitoring", "stderr"], "values": [{"value": "  File \"C:\\Users\\RuturajMane\\Desktop\\MNIST_CNN\\mnist-ruturaj\\src\\train.py\", line 185, in <module>\n", "step": null, "ts": 1661343769.4490812}]}, "version": 42}
{"obj": {"type": "LogStrings", "path": ["monitoring", "stderr"], "values": [{"value": "    ", "step": null, "ts": 1661343769.4501157}]}, "version": 43}
{"obj": {"type": "LogStrings", "path": ["monitoring", "stderr"], "values": [{"value": "dl, da = fit(epochs, lr, train_loader, val_loader, loss_fn, optm)", "step": null, "ts": 1661343769.4501157}]}, "version": 44}
{"obj": {"type": "LogStrings", "path": ["monitoring", "stderr"], "values": [{"value": "\n", "step": null, "ts": 1661343769.4501157}]}, "version": 45}
{"obj": {"type": "LogStrings", "path": ["monitoring", "stderr"], "values": [{"value": "  File \"C:\\Users\\RuturajMane\\Desktop\\MNIST_CNN\\mnist-ruturaj\\src\\train.py\", line 116, in fit\n", "step": null, "ts": 1661343769.4511173}]}, "version": 46}
{"obj": {"type": "LogStrings", "path": ["monitoring", "stderr"], "values": [{"value": "    ", "step": null, "ts": 1661343769.452116}]}, "version": 47}
{"obj": {"type": "LogStrings", "path": ["monitoring", "stderr"], "values": [{"value": "precision, recall, fscore, support = score(labelss, predicts)", "step": null, "ts": 1661343769.452116}]}, "version": 48}
{"obj": {"type": "LogStrings", "path": ["monitoring", "stderr"], "values": [{"value": "\n", "step": null, "ts": 1661343769.452116}]}, "version": 49}
{"obj": {"type": "LogStrings", "path": ["monitoring", "stderr"], "values": [{"value": "  File \"C:\\Users\\RuturajMane\\AppData\\Local\\Programs\\Python\\Python310\\lib\\site-packages\\sklearn\\metrics\\_classification.py\", line 1556, in precision_recall_fscore_support\n", "step": null, "ts": 1661343769.4531157}]}, "version": 50}
{"obj": {"type": "LogStrings", "path": ["monitoring", "stderr"], "values": [{"value": "    ", "step": null, "ts": 1661343769.4541168}]}, "version": 51}
{"obj": {"type": "LogStrings", "path": ["monitoring", "stderr"], "values": [{"value": "labels = _check_set_wise_labels(y_true, y_pred, average, labels, pos_label)", "step": null, "ts": 1661343769.4541168}]}, "version": 52}
{"obj": {"type": "LogStrings", "path": ["monitoring", "stderr"], "values": [{"value": "\n", "step": null, "ts": 1661343769.4551187}]}, "version": 53}
{"obj": {"type": "LogStrings", "path": ["monitoring", "stderr"], "values": [{"value": "  File \"C:\\Users\\RuturajMane\\AppData\\Local\\Programs\\Python\\Python310\\lib\\site-packages\\sklearn\\metrics\\_classification.py\", line 1357, in _check_set_wise_labels\n", "step": null, "ts": 1661343769.4555264}]}, "version": 54}
{"obj": {"type": "LogStrings", "path": ["monitoring", "stderr"], "values": [{"value": "    ", "step": null, "ts": 1661343769.4561179}]}, "version": 55}
{"obj": {"type": "LogStrings", "path": ["monitoring", "stderr"], "values": [{"value": "y_type, y_true, y_pred = _check_targets(y_true, y_pred)", "step": null, "ts": 1661343769.4588282}]}, "version": 56}
{"obj": {"type": "LogStrings", "path": ["monitoring", "stderr"], "values": [{"value": "\n", "step": null, "ts": 1661343769.4588282}]}, "version": 57}
{"obj": {"type": "LogStrings", "path": ["monitoring", "stderr"], "values": [{"value": "  File \"C:\\Users\\RuturajMane\\AppData\\Local\\Programs\\Python\\Python310\\lib\\site-packages\\sklearn\\metrics\\_classification.py\", line 84, in _check_targets\n", "step": null, "ts": 1661343769.461113}]}, "version": 58}
{"obj": {"type": "LogStrings", "path": ["monitoring", "stderr"], "values": [{"value": "    ", "step": null, "ts": 1661343769.462112}]}, "version": 59}
{"obj": {"type": "LogStrings", "path": ["monitoring", "stderr"], "values": [{"value": "check_consistent_length(y_true, y_pred)", "step": null, "ts": 1661343769.462112}]}, "version": 60}
{"obj": {"type": "LogStrings", "path": ["monitoring", "stderr"], "values": [{"value": "\n", "step": null, "ts": 1661343769.462112}]}, "version": 61}
{"obj": {"type": "LogStrings", "path": ["monitoring", "stderr"], "values": [{"value": "  File \"C:\\Users\\RuturajMane\\AppData\\Local\\Programs\\Python\\Python310\\lib\\site-packages\\sklearn\\utils\\validation.py\", line 387, in check_consistent_length\n", "step": null, "ts": 1661343769.4631932}]}, "version": 62}
{"obj": {"type": "LogStrings", "path": ["monitoring", "stderr"], "values": [{"value": "    ", "step": null, "ts": 1661343769.4631932}]}, "version": 63}
{"obj": {"type": "LogStrings", "path": ["monitoring", "stderr"], "values": [{"value": "raise ValueError(", "step": null, "ts": 1661343769.4641936}]}, "version": 64}
{"obj": {"type": "LogStrings", "path": ["monitoring", "stderr"], "values": [{"value": "\n", "step": null, "ts": 1661343769.4641936}]}, "version": 65}
{"obj": {"type": "LogStrings", "path": ["monitoring", "stderr"], "values": [{"value": "ValueError", "step": null, "ts": 1661343769.4641936}]}, "version": 66}
{"obj": {"type": "LogStrings", "path": ["monitoring", "stderr"], "values": [{"value": ": ", "step": null, "ts": 1661343769.4651928}]}, "version": 67}
{"obj": {"type": "LogStrings", "path": ["monitoring", "stderr"], "values": [{"value": "Found input variables with inconsistent numbers of samples: [51, 50]", "step": null, "ts": 1661343769.4651928}]}, "version": 68}
{"obj": {"type": "LogStrings", "path": ["monitoring", "stderr"], "values": [{"value": "\n", "step": null, "ts": 1661343769.4651928}]}, "version": 69}
{"obj": {"type": "LogStrings", "path": ["monitoring", "stdout"], "values": [{"value": "Shutting down background jobs, please wait a moment...\n", "step": null, "ts": 1661343769.4664383}]}, "version": 70}
