{"obj": {"type": "AssignString", "path": ["sys", "name"], "value": "Untitled"}, "version": 1}
{"obj": {"type": "AssignString", "path": ["sys", "description"], "value": ""}, "version": 2}
{"obj": {"type": "AssignString", "path": ["sys", "hostname"], "value": "ALTAFKOP202"}, "version": 3}
{"obj": {"type": "AssignBool", "path": ["sys", "failed"], "value": false}, "version": 4}
{"obj": {"type": "ClearStringLog", "path": ["monitoring", "stdout"]}, "version": 5}
{"obj": {"type": "ClearStringLog", "path": ["monitoring", "stderr"]}, "version": 6}
{"obj": {"type": "AssignString", "path": ["source_code", "entrypoint"], "value": "train.py"}, "version": 7}
{"obj": {"type": "UploadFileSet", "path": ["source_code", "files"], "file_globs": ["C:\\Users\\RuturajMane\\Desktop\\public-projects\\mnist-ruturaj\\src\\train.py"], "reset": "False"}, "version": 8}
{"obj": {"type": "LogStrings", "path": ["monitoring", "stderr"], "values": [{"value": "Info (NVML): NVML Shared Library Not Found. GPU usage metrics may not be reported. For more information, see https://docs.neptune.ai/you-should-know/what-can-you-log-and-display#hardware-consumption\n", "step": null, "ts": 1658830819.7617197}]}, "version": 9}
{"obj": {"type": "ConfigFloatSeries", "path": ["monitoring", "cpu"], "min": 0.0, "max": 100.0, "unit": "%"}, "version": 10}
{"obj": {"type": "ClearFloatLog", "path": ["monitoring", "cpu"]}, "version": 11}
{"obj": {"type": "ConfigFloatSeries", "path": ["monitoring", "memory"], "min": 0.0, "max": 15.878307342529297, "unit": "GB"}, "version": 12}
{"obj": {"type": "ClearFloatLog", "path": ["monitoring", "memory"]}, "version": 13}
{"obj": {"type": "LogFloats", "path": ["monitoring", "cpu"], "values": [{"value": 7.3, "step": null, "ts": 1658830819.7617197}]}, "version": 14}
{"obj": {"type": "LogFloats", "path": ["monitoring", "memory"], "values": [{"value": 11.211959838867188, "step": null, "ts": 1658830819.7617197}]}, "version": 15}
{"obj": {"type": "AssignFloat", "path": ["Parameters", "learning_rate"], "value": 0.001}, "version": 16}
{"obj": {"type": "AssignString", "path": ["Parameters", "Optimizer"], "value": "Adam"}, "version": 17}
{"obj": {"type": "AssignInt", "path": ["Parameters", "Batch_size"], "value": 50}, "version": 18}
{"obj": {"type": "AssignInt", "path": ["Parameters", "Epochs"], "value": 30}, "version": 19}
{"obj": {"type": "AssignString", "path": ["Parameters", "Loss_fn"], "value": "cross_entropy"}, "version": 20}
{"obj": {"type": "LogFloats", "path": ["monitoring", "cpu"], "values": [{"value": 55.3, "step": null, "ts": 1658830829.791858}]}, "version": 21}
{"obj": {"type": "LogFloats", "path": ["monitoring", "memory"], "values": [{"value": 11.23172378540039, "step": null, "ts": 1658830829.791858}]}, "version": 22}
{"obj": {"type": "LogFloats", "path": ["monitoring", "cpu"], "values": [{"value": 55.8, "step": null, "ts": 1658830839.7955894}]}, "version": 23}
{"obj": {"type": "LogFloats", "path": ["monitoring", "memory"], "values": [{"value": 11.233875274658203, "step": null, "ts": 1658830839.7955894}]}, "version": 24}
{"obj": {"type": "LogStrings", "path": ["monitoring", "stdout"], "values": [{"value": "Accuracy of epoch 1, is 0.9739999999999988", "step": null, "ts": 1658830844.5809565}]}, "version": 25}
{"obj": {"type": "LogStrings", "path": ["monitoring", "stdout"], "values": [{"value": "\n", "step": null, "ts": 1658830844.5890193}]}, "version": 26}
{"obj": {"type": "LogStrings", "path": ["monitoring", "stdout"], "values": [{"value": "Loss of epoch 1, is 0.07819627970457077", "step": null, "ts": 1658830844.5890193}]}, "version": 27}
{"obj": {"type": "LogStrings", "path": ["monitoring", "stdout"], "values": [{"value": "\n", "step": null, "ts": 1658830844.5890193}]}, "version": 28}
{"obj": {"type": "LogFloats", "path": ["Val", "accu"], "values": [{"value": 0.9739999999999988, "step": null, "ts": 1658830844.5890193}]}, "version": 29}
{"obj": {"type": "LogFloats", "path": ["Val", "loss"], "values": [{"value": 0.07819627970457077, "step": null, "ts": 1658830844.5910394}]}, "version": 30}
{"obj": {"type": "LogFloats", "path": ["monitoring", "cpu"], "values": [{"value": 55.9, "step": null, "ts": 1658830849.8100328}]}, "version": 31}
{"obj": {"type": "LogFloats", "path": ["monitoring", "memory"], "values": [{"value": 11.23471450805664, "step": null, "ts": 1658830849.8100328}]}, "version": 32}
{"obj": {"type": "LogFloats", "path": ["monitoring", "cpu"], "values": [{"value": 54.7, "step": null, "ts": 1658830859.8138242}]}, "version": 33}
{"obj": {"type": "LogFloats", "path": ["monitoring", "memory"], "values": [{"value": 11.237499237060547, "step": null, "ts": 1658830859.8138242}]}, "version": 34}
{"obj": {"type": "LogFloats", "path": ["monitoring", "cpu"], "values": [{"value": 55.7, "step": null, "ts": 1658830869.8198264}]}, "version": 35}
{"obj": {"type": "LogFloats", "path": ["monitoring", "memory"], "values": [{"value": 11.222309112548828, "step": null, "ts": 1658830869.8198264}]}, "version": 36}
{"obj": {"type": "LogStrings", "path": ["monitoring", "stdout"], "values": [{"value": "Accuracy of epoch 2, is 0.9820999999999991", "step": null, "ts": 1658830872.3980353}]}, "version": 37}
{"obj": {"type": "LogStrings", "path": ["monitoring", "stdout"], "values": [{"value": "\n", "step": null, "ts": 1658830872.3980353}]}, "version": 38}
{"obj": {"type": "LogStrings", "path": ["monitoring", "stdout"], "values": [{"value": "Loss of epoch 2, is 0.06021568179130554", "step": null, "ts": 1658830872.4000547}]}, "version": 39}
{"obj": {"type": "LogStrings", "path": ["monitoring", "stdout"], "values": [{"value": "\n", "step": null, "ts": 1658830872.4000547}]}, "version": 40}
{"obj": {"type": "LogFloats", "path": ["Val", "accu"], "values": [{"value": 0.9820999999999991, "step": null, "ts": 1658830872.4000547}]}, "version": 41}
{"obj": {"type": "LogFloats", "path": ["Val", "loss"], "values": [{"value": 0.06021568179130554, "step": null, "ts": 1658830872.4000547}]}, "version": 42}
{"obj": {"type": "LogFloats", "path": ["monitoring", "cpu"], "values": [{"value": 55.1, "step": null, "ts": 1658830879.823208}]}, "version": 43}
{"obj": {"type": "LogFloats", "path": ["monitoring", "memory"], "values": [{"value": 11.214649200439453, "step": null, "ts": 1658830879.823208}]}, "version": 44}
{"obj": {"type": "LogFloats", "path": ["monitoring", "cpu"], "values": [{"value": 55.6, "step": null, "ts": 1658830889.8322852}]}, "version": 45}
{"obj": {"type": "LogFloats", "path": ["monitoring", "memory"], "values": [{"value": 11.223472595214844, "step": null, "ts": 1658830889.8322852}]}, "version": 46}
{"obj": {"type": "LogFloats", "path": ["monitoring", "cpu"], "values": [{"value": 54.9, "step": null, "ts": 1658830899.838209}]}, "version": 47}
{"obj": {"type": "LogFloats", "path": ["monitoring", "memory"], "values": [{"value": 11.221412658691406, "step": null, "ts": 1658830899.838209}]}, "version": 48}
{"obj": {"type": "LogStrings", "path": ["monitoring", "stdout"], "values": [{"value": "Accuracy of epoch 3, is 0.9836999999999986", "step": null, "ts": 1658830901.0539334}]}, "version": 49}
{"obj": {"type": "LogStrings", "path": ["monitoring", "stdout"], "values": [{"value": "\n", "step": null, "ts": 1658830901.0539334}]}, "version": 50}
{"obj": {"type": "LogStrings", "path": ["monitoring", "stdout"], "values": [{"value": "Loss of epoch 3, is 0.05607166886329651", "step": null, "ts": 1658830901.0539334}]}, "version": 51}
{"obj": {"type": "LogStrings", "path": ["monitoring", "stdout"], "values": [{"value": "\n", "step": null, "ts": 1658830901.0539334}]}, "version": 52}
{"obj": {"type": "LogFloats", "path": ["Val", "accu"], "values": [{"value": 0.9836999999999986, "step": null, "ts": 1658830901.0539334}]}, "version": 53}
{"obj": {"type": "LogFloats", "path": ["Val", "loss"], "values": [{"value": 0.05607166886329651, "step": null, "ts": 1658830901.0539334}]}, "version": 54}
{"obj": {"type": "LogFloats", "path": ["monitoring", "cpu"], "values": [{"value": 55.6, "step": null, "ts": 1658830909.8441396}]}, "version": 55}
{"obj": {"type": "LogFloats", "path": ["monitoring", "memory"], "values": [{"value": 11.20761489868164, "step": null, "ts": 1658830909.8441396}]}, "version": 56}
{"obj": {"type": "LogFloats", "path": ["monitoring", "cpu"], "values": [{"value": 56.1, "step": null, "ts": 1658830919.8623562}]}, "version": 57}
{"obj": {"type": "LogFloats", "path": ["monitoring", "memory"], "values": [{"value": 11.166614532470703, "step": null, "ts": 1658830919.8623562}]}, "version": 58}
{"obj": {"type": "LogFloats", "path": ["monitoring", "cpu"], "values": [{"value": 55.7, "step": null, "ts": 1658830929.8713613}]}, "version": 59}
{"obj": {"type": "LogFloats", "path": ["monitoring", "memory"], "values": [{"value": 11.170032501220703, "step": null, "ts": 1658830929.8713613}]}, "version": 60}
{"obj": {"type": "LogStrings", "path": ["monitoring", "stdout"], "values": [{"value": "Accuracy of epoch 4, is 0.9822999999999986", "step": null, "ts": 1658830930.5182495}]}, "version": 61}
{"obj": {"type": "LogStrings", "path": ["monitoring", "stdout"], "values": [{"value": "\n", "step": null, "ts": 1658830930.5182495}]}, "version": 62}
{"obj": {"type": "LogStrings", "path": ["monitoring", "stdout"], "values": [{"value": "Loss of epoch 4, is 0.05590901896357536", "step": null, "ts": 1658830930.5182495}]}, "version": 63}
{"obj": {"type": "LogStrings", "path": ["monitoring", "stdout"], "values": [{"value": "\n", "step": null, "ts": 1658830930.5202835}]}, "version": 64}
{"obj": {"type": "LogFloats", "path": ["Val", "accu"], "values": [{"value": 0.9822999999999986, "step": null, "ts": 1658830930.5202835}]}, "version": 65}
{"obj": {"type": "LogFloats", "path": ["Val", "loss"], "values": [{"value": 0.05590901896357536, "step": null, "ts": 1658830930.5202835}]}, "version": 66}
{"obj": {"type": "LogFloats", "path": ["monitoring", "cpu"], "values": [{"value": 54.8, "step": null, "ts": 1658830939.8721182}]}, "version": 67}
{"obj": {"type": "LogFloats", "path": ["monitoring", "memory"], "values": [{"value": 11.161495208740234, "step": null, "ts": 1658830939.8721182}]}, "version": 68}
{"obj": {"type": "LogFloats", "path": ["monitoring", "cpu"], "values": [{"value": 55.3, "step": null, "ts": 1658830949.8794446}]}, "version": 69}
{"obj": {"type": "LogFloats", "path": ["monitoring", "memory"], "values": [{"value": 11.151947021484375, "step": null, "ts": 1658830949.8794446}]}, "version": 70}
{"obj": {"type": "LogFloats", "path": ["monitoring", "cpu"], "values": [{"value": 56.3, "step": null, "ts": 1658830959.885947}]}, "version": 71}
{"obj": {"type": "LogFloats", "path": ["monitoring", "memory"], "values": [{"value": 11.15951919555664, "step": null, "ts": 1658830959.885947}]}, "version": 72}
{"obj": {"type": "LogStrings", "path": ["monitoring", "stdout"], "values": [{"value": "Accuracy of epoch 5, is 0.9857999999999998", "step": null, "ts": 1658830960.4020638}]}, "version": 73}
{"obj": {"type": "LogStrings", "path": ["monitoring", "stdout"], "values": [{"value": "\n", "step": null, "ts": 1658830960.4020638}]}, "version": 74}
{"obj": {"type": "LogStrings", "path": ["monitoring", "stdout"], "values": [{"value": "Loss of epoch 5, is 0.04787056893110275", "step": null, "ts": 1658830960.4101346}]}, "version": 75}
{"obj": {"type": "LogStrings", "path": ["monitoring", "stdout"], "values": [{"value": "\n", "step": null, "ts": 1658830960.4101346}]}, "version": 76}
{"obj": {"type": "LogFloats", "path": ["Val", "accu"], "values": [{"value": 0.9857999999999998, "step": null, "ts": 1658830960.4101346}]}, "version": 77}
{"obj": {"type": "LogFloats", "path": ["Val", "loss"], "values": [{"value": 0.04787056893110275, "step": null, "ts": 1658830960.4121604}]}, "version": 78}
{"obj": {"type": "LogFloats", "path": ["monitoring", "cpu"], "values": [{"value": 55.2, "step": null, "ts": 1658830969.9048798}]}, "version": 79}
{"obj": {"type": "LogFloats", "path": ["monitoring", "memory"], "values": [{"value": 11.159439086914062, "step": null, "ts": 1658830969.9048798}]}, "version": 80}
{"obj": {"type": "LogFloats", "path": ["monitoring", "cpu"], "values": [{"value": 58.4, "step": null, "ts": 1658830979.9186692}]}, "version": 81}
{"obj": {"type": "LogFloats", "path": ["monitoring", "memory"], "values": [{"value": 11.19742202758789, "step": null, "ts": 1658830979.9186692}]}, "version": 82}
{"obj": {"type": "LogFloats", "path": ["monitoring", "cpu"], "values": [{"value": 56.9, "step": null, "ts": 1658830989.9343464}]}, "version": 83}
{"obj": {"type": "LogFloats", "path": ["monitoring", "memory"], "values": [{"value": 11.190731048583984, "step": null, "ts": 1658830989.9343464}]}, "version": 84}
{"obj": {"type": "LogStrings", "path": ["monitoring", "stdout"], "values": [{"value": "Accuracy of epoch 6, is 0.987399999999999", "step": null, "ts": 1658830991.3269768}]}, "version": 85}
{"obj": {"type": "LogStrings", "path": ["monitoring", "stdout"], "values": [{"value": "\n", "step": null, "ts": 1658830991.3269768}]}, "version": 86}
{"obj": {"type": "LogStrings", "path": ["monitoring", "stdout"], "values": [{"value": "Loss of epoch 6, is 0.042723897844552994", "step": null, "ts": 1658830991.3269768}]}, "version": 87}
{"obj": {"type": "LogStrings", "path": ["monitoring", "stdout"], "values": [{"value": "\n", "step": null, "ts": 1658830991.3269768}]}, "version": 88}
{"obj": {"type": "LogFloats", "path": ["Val", "accu"], "values": [{"value": 0.987399999999999, "step": null, "ts": 1658830991.3269768}]}, "version": 89}
{"obj": {"type": "LogFloats", "path": ["Val", "loss"], "values": [{"value": 0.042723897844552994, "step": null, "ts": 1658830991.3269768}]}, "version": 90}
{"obj": {"type": "LogFloats", "path": ["monitoring", "cpu"], "values": [{"value": 60.4, "step": null, "ts": 1658830999.9531722}]}, "version": 91}
{"obj": {"type": "LogFloats", "path": ["monitoring", "memory"], "values": [{"value": 11.20230484008789, "step": null, "ts": 1658830999.9531722}]}, "version": 92}
{"obj": {"type": "LogFloats", "path": ["monitoring", "cpu"], "values": [{"value": 66.8, "step": null, "ts": 1658831009.9568913}]}, "version": 93}
{"obj": {"type": "LogFloats", "path": ["monitoring", "memory"], "values": [{"value": 11.286640167236328, "step": null, "ts": 1658831009.9568913}]}, "version": 94}
{"obj": {"type": "LogFloats", "path": ["monitoring", "cpu"], "values": [{"value": 75.3, "step": null, "ts": 1658831019.9656465}]}, "version": 95}
{"obj": {"type": "LogFloats", "path": ["monitoring", "memory"], "values": [{"value": 11.369674682617188, "step": null, "ts": 1658831019.9656465}]}, "version": 96}
{"obj": {"type": "LogStrings", "path": ["monitoring", "stdout"], "values": [{"value": "Accuracy of epoch 7, is 0.9846999999999996", "step": null, "ts": 1658831027.5626795}]}, "version": 97}
{"obj": {"type": "LogStrings", "path": ["monitoring", "stdout"], "values": [{"value": "\n", "step": null, "ts": 1658831027.5626795}]}, "version": 98}
{"obj": {"type": "LogStrings", "path": ["monitoring", "stdout"], "values": [{"value": "Loss of epoch 7, is 0.052981071174144745", "step": null, "ts": 1658831027.5626795}]}, "version": 99}
{"obj": {"type": "LogStrings", "path": ["monitoring", "stdout"], "values": [{"value": "\n", "step": null, "ts": 1658831027.5626795}]}, "version": 100}
{"obj": {"type": "LogFloats", "path": ["Val", "accu"], "values": [{"value": 0.9846999999999996, "step": null, "ts": 1658831027.5626795}]}, "version": 101}
{"obj": {"type": "LogFloats", "path": ["Val", "loss"], "values": [{"value": 0.052981071174144745, "step": null, "ts": 1658831027.5626795}]}, "version": 102}
{"obj": {"type": "LogFloats", "path": ["monitoring", "cpu"], "values": [{"value": 71.0, "step": null, "ts": 1658831029.985795}]}, "version": 103}
{"obj": {"type": "LogFloats", "path": ["monitoring", "memory"], "values": [{"value": 11.189281463623047, "step": null, "ts": 1658831029.985795}]}, "version": 104}
{"obj": {"type": "LogFloats", "path": ["monitoring", "cpu"], "values": [{"value": 59.6, "step": null, "ts": 1658831040.0061173}]}, "version": 105}
{"obj": {"type": "LogFloats", "path": ["monitoring", "memory"], "values": [{"value": 11.169261932373047, "step": null, "ts": 1658831040.0061173}]}, "version": 106}
{"obj": {"type": "LogFloats", "path": ["monitoring", "cpu"], "values": [{"value": 61.8, "step": null, "ts": 1658831050.017638}]}, "version": 107}
{"obj": {"type": "LogFloats", "path": ["monitoring", "memory"], "values": [{"value": 11.179817199707031, "step": null, "ts": 1658831050.017638}]}, "version": 108}
{"obj": {"type": "LogStrings", "path": ["monitoring", "stdout"], "values": [{"value": "Accuracy of epoch 8, is 0.9874999999999987", "step": null, "ts": 1658831059.1696715}]}, "version": 109}
{"obj": {"type": "LogStrings", "path": ["monitoring", "stdout"], "values": [{"value": "\n", "step": null, "ts": 1658831059.1696715}]}, "version": 110}
{"obj": {"type": "LogStrings", "path": ["monitoring", "stdout"], "values": [{"value": "Loss of epoch 8, is 0.04492998123168945", "step": null, "ts": 1658831059.1696715}]}, "version": 111}
{"obj": {"type": "LogStrings", "path": ["monitoring", "stdout"], "values": [{"value": "\n", "step": null, "ts": 1658831059.1696715}]}, "version": 112}
{"obj": {"type": "LogFloats", "path": ["Val", "accu"], "values": [{"value": 0.9874999999999987, "step": null, "ts": 1658831059.1696715}]}, "version": 113}
{"obj": {"type": "LogFloats", "path": ["Val", "loss"], "values": [{"value": 0.04492998123168945, "step": null, "ts": 1658831059.1696715}]}, "version": 114}
{"obj": {"type": "LogFloats", "path": ["monitoring", "cpu"], "values": [{"value": 57.7, "step": null, "ts": 1658831060.0281153}]}, "version": 115}
{"obj": {"type": "LogFloats", "path": ["monitoring", "memory"], "values": [{"value": 11.204689025878906, "step": null, "ts": 1658831060.0281153}]}, "version": 116}
{"obj": {"type": "LogFloats", "path": ["monitoring", "cpu"], "values": [{"value": 54.6, "step": null, "ts": 1658831070.0375013}]}, "version": 117}
{"obj": {"type": "LogFloats", "path": ["monitoring", "memory"], "values": [{"value": 11.17043685913086, "step": null, "ts": 1658831070.0375013}]}, "version": 118}
{"obj": {"type": "LogFloats", "path": ["monitoring", "cpu"], "values": [{"value": 55.2, "step": null, "ts": 1658831080.0428889}]}, "version": 119}
{"obj": {"type": "LogFloats", "path": ["monitoring", "memory"], "values": [{"value": 11.212932586669922, "step": null, "ts": 1658831080.0428889}]}, "version": 120}
{"obj": {"type": "LogStrings", "path": ["monitoring", "stdout"], "values": [{"value": "Accuracy of epoch 9, is 0.9881999999999991", "step": null, "ts": 1658831089.8220298}]}, "version": 121}
{"obj": {"type": "LogStrings", "path": ["monitoring", "stdout"], "values": [{"value": "\n", "step": null, "ts": 1658831089.8220298}]}, "version": 122}
{"obj": {"type": "LogStrings", "path": ["monitoring", "stdout"], "values": [{"value": "Loss of epoch 9, is 0.04548133537173271", "step": null, "ts": 1658831089.8300705}]}, "version": 123}
{"obj": {"type": "LogStrings", "path": ["monitoring", "stdout"], "values": [{"value": "\n", "step": null, "ts": 1658831089.8300705}]}, "version": 124}
{"obj": {"type": "LogFloats", "path": ["Val", "accu"], "values": [{"value": 0.9881999999999991, "step": null, "ts": 1658831089.8300705}]}, "version": 125}
{"obj": {"type": "LogFloats", "path": ["Val", "loss"], "values": [{"value": 0.04548133537173271, "step": null, "ts": 1658831089.8320932}]}, "version": 126}
{"obj": {"type": "LogFloats", "path": ["monitoring", "cpu"], "values": [{"value": 53.8, "step": null, "ts": 1658831090.063714}]}, "version": 127}
{"obj": {"type": "LogFloats", "path": ["monitoring", "memory"], "values": [{"value": 11.201484680175781, "step": null, "ts": 1658831090.063714}]}, "version": 128}
{"obj": {"type": "LogFloats", "path": ["monitoring", "cpu"], "values": [{"value": 54.2, "step": null, "ts": 1658831100.0675688}]}, "version": 129}
{"obj": {"type": "LogFloats", "path": ["monitoring", "memory"], "values": [{"value": 11.201522827148438, "step": null, "ts": 1658831100.0675688}]}, "version": 130}
{"obj": {"type": "LogFloats", "path": ["monitoring", "cpu"], "values": [{"value": 54.1, "step": null, "ts": 1658831110.074264}]}, "version": 131}
{"obj": {"type": "LogFloats", "path": ["monitoring", "memory"], "values": [{"value": 11.187442779541016, "step": null, "ts": 1658831110.074264}]}, "version": 132}
{"obj": {"type": "LogFloats", "path": ["monitoring", "cpu"], "values": [{"value": 54.4, "step": null, "ts": 1658831120.0899832}]}, "version": 133}
{"obj": {"type": "LogFloats", "path": ["monitoring", "memory"], "values": [{"value": 11.1846923828125, "step": null, "ts": 1658831120.0899832}]}, "version": 134}
{"obj": {"type": "LogStrings", "path": ["monitoring", "stdout"], "values": [{"value": "Accuracy of epoch 10, is 0.9845999999999993", "step": null, "ts": 1658831120.6687987}]}, "version": 135}
{"obj": {"type": "LogStrings", "path": ["monitoring", "stdout"], "values": [{"value": "\n", "step": null, "ts": 1658831120.6687987}]}, "version": 136}
{"obj": {"type": "LogStrings", "path": ["monitoring", "stdout"], "values": [{"value": "Loss of epoch 10, is 0.05625702813267708", "step": null, "ts": 1658831120.6687987}]}, "version": 137}
{"obj": {"type": "LogStrings", "path": ["monitoring", "stdout"], "values": [{"value": "\n", "step": null, "ts": 1658831120.6687987}]}, "version": 138}
{"obj": {"type": "LogFloats", "path": ["Val", "accu"], "values": [{"value": 0.9845999999999993, "step": null, "ts": 1658831120.6687987}]}, "version": 139}
{"obj": {"type": "LogFloats", "path": ["Val", "loss"], "values": [{"value": 0.05625702813267708, "step": null, "ts": 1658831120.6768622}]}, "version": 140}
{"obj": {"type": "LogFloats", "path": ["monitoring", "cpu"], "values": [{"value": 54.0, "step": null, "ts": 1658831130.0939822}]}, "version": 141}
{"obj": {"type": "LogFloats", "path": ["monitoring", "memory"], "values": [{"value": 11.182964324951172, "step": null, "ts": 1658831130.0939822}]}, "version": 142}
{"obj": {"type": "LogFloats", "path": ["monitoring", "cpu"], "values": [{"value": 54.0, "step": null, "ts": 1658831140.113761}]}, "version": 143}
{"obj": {"type": "LogFloats", "path": ["monitoring", "memory"], "values": [{"value": 11.18063735961914, "step": null, "ts": 1658831140.113761}]}, "version": 144}
{"obj": {"type": "LogFloats", "path": ["monitoring", "cpu"], "values": [{"value": 56.5, "step": null, "ts": 1658831150.115549}]}, "version": 145}
{"obj": {"type": "LogFloats", "path": ["monitoring", "memory"], "values": [{"value": 11.099544525146484, "step": null, "ts": 1658831150.115549}]}, "version": 146}
{"obj": {"type": "LogStrings", "path": ["monitoring", "stdout"], "values": [{"value": "Accuracy of epoch 11, is 0.9865999999999989", "step": null, "ts": 1658831151.6913195}]}, "version": 147}
{"obj": {"type": "LogStrings", "path": ["monitoring", "stdout"], "values": [{"value": "\n", "step": null, "ts": 1658831151.6913195}]}, "version": 148}
{"obj": {"type": "LogStrings", "path": ["monitoring", "stdout"], "values": [{"value": "Loss of epoch 11, is 0.0531223863363266", "step": null, "ts": 1658831151.6913195}]}, "version": 149}
{"obj": {"type": "LogStrings", "path": ["monitoring", "stdout"], "values": [{"value": "\n", "step": null, "ts": 1658831151.6913195}]}, "version": 150}
{"obj": {"type": "LogFloats", "path": ["Val", "accu"], "values": [{"value": 0.9865999999999989, "step": null, "ts": 1658831151.6913195}]}, "version": 151}
{"obj": {"type": "LogFloats", "path": ["Val", "loss"], "values": [{"value": 0.0531223863363266, "step": null, "ts": 1658831151.6913195}]}, "version": 152}
{"obj": {"type": "LogFloats", "path": ["monitoring", "cpu"], "values": [{"value": 53.7, "step": null, "ts": 1658831160.1258857}]}, "version": 153}
{"obj": {"type": "LogFloats", "path": ["monitoring", "memory"], "values": [{"value": 11.094741821289062, "step": null, "ts": 1658831160.1258857}]}, "version": 154}
{"obj": {"type": "LogFloats", "path": ["monitoring", "cpu"], "values": [{"value": 53.9, "step": null, "ts": 1658831170.1341267}]}, "version": 155}
{"obj": {"type": "LogFloats", "path": ["monitoring", "memory"], "values": [{"value": 11.09365463256836, "step": null, "ts": 1658831170.1341267}]}, "version": 156}
{"obj": {"type": "LogFloats", "path": ["monitoring", "cpu"], "values": [{"value": 53.8, "step": null, "ts": 1658831180.1417887}]}, "version": 157}
{"obj": {"type": "LogFloats", "path": ["monitoring", "memory"], "values": [{"value": 11.091201782226562, "step": null, "ts": 1658831180.1417887}]}, "version": 158}
{"obj": {"type": "LogStrings", "path": ["monitoring", "stdout"], "values": [{"value": "Accuracy of epoch 12, is 0.9859999999999991", "step": null, "ts": 1658831182.6211538}]}, "version": 159}
{"obj": {"type": "LogStrings", "path": ["monitoring", "stdout"], "values": [{"value": "\n", "step": null, "ts": 1658831182.6211538}]}, "version": 160}
{"obj": {"type": "LogStrings", "path": ["monitoring", "stdout"], "values": [{"value": "Loss of epoch 12, is 0.05609871447086334", "step": null, "ts": 1658831182.6231737}]}, "version": 161}
{"obj": {"type": "LogStrings", "path": ["monitoring", "stdout"], "values": [{"value": "\n", "step": null, "ts": 1658831182.6231737}]}, "version": 162}
{"obj": {"type": "LogFloats", "path": ["Val", "accu"], "values": [{"value": 0.9859999999999991, "step": null, "ts": 1658831182.6231737}]}, "version": 163}
{"obj": {"type": "LogFloats", "path": ["Val", "loss"], "values": [{"value": 0.05609871447086334, "step": null, "ts": 1658831182.6231737}]}, "version": 164}
{"obj": {"type": "LogFloats", "path": ["monitoring", "cpu"], "values": [{"value": 53.4, "step": null, "ts": 1658831190.1605656}]}, "version": 165}
{"obj": {"type": "LogFloats", "path": ["monitoring", "memory"], "values": [{"value": 11.088977813720703, "step": null, "ts": 1658831190.1605656}]}, "version": 166}
{"obj": {"type": "LogFloats", "path": ["monitoring", "cpu"], "values": [{"value": 54.1, "step": null, "ts": 1658831200.1664872}]}, "version": 167}
{"obj": {"type": "LogFloats", "path": ["monitoring", "memory"], "values": [{"value": 11.100841522216797, "step": null, "ts": 1658831200.1664872}]}, "version": 168}
{"obj": {"type": "LogFloats", "path": ["monitoring", "cpu"], "values": [{"value": 53.9, "step": null, "ts": 1658831210.172884}]}, "version": 169}
{"obj": {"type": "LogFloats", "path": ["monitoring", "memory"], "values": [{"value": 11.099647521972656, "step": null, "ts": 1658831210.172884}]}, "version": 170}
{"obj": {"type": "LogStrings", "path": ["monitoring", "stdout"], "values": [{"value": "Accuracy of epoch 13, is 0.9856999999999988", "step": null, "ts": 1658831213.520044}]}, "version": 171}
{"obj": {"type": "LogStrings", "path": ["monitoring", "stdout"], "values": [{"value": "\n", "step": null, "ts": 1658831213.520044}]}, "version": 172}
{"obj": {"type": "LogStrings", "path": ["monitoring", "stdout"], "values": [{"value": "Loss of epoch 13, is 0.06182430312037468", "step": null, "ts": 1658831213.5220697}]}, "version": 173}
{"obj": {"type": "LogStrings", "path": ["monitoring", "stdout"], "values": [{"value": "\n", "step": null, "ts": 1658831213.5220697}]}, "version": 174}
{"obj": {"type": "LogFloats", "path": ["Val", "accu"], "values": [{"value": 0.9856999999999988, "step": null, "ts": 1658831213.5220697}]}, "version": 175}
{"obj": {"type": "LogFloats", "path": ["Val", "loss"], "values": [{"value": 0.06182430312037468, "step": null, "ts": 1658831213.5220697}]}, "version": 176}
{"obj": {"type": "LogFloats", "path": ["monitoring", "cpu"], "values": [{"value": 54.3, "step": null, "ts": 1658831220.189298}]}, "version": 177}
{"obj": {"type": "LogFloats", "path": ["monitoring", "memory"], "values": [{"value": 11.123367309570312, "step": null, "ts": 1658831220.189298}]}, "version": 178}
{"obj": {"type": "LogFloats", "path": ["monitoring", "cpu"], "values": [{"value": 53.7, "step": null, "ts": 1658831230.1896214}]}, "version": 179}
{"obj": {"type": "LogFloats", "path": ["monitoring", "memory"], "values": [{"value": 11.111976623535156, "step": null, "ts": 1658831230.1896214}]}, "version": 180}
{"obj": {"type": "LogFloats", "path": ["monitoring", "cpu"], "values": [{"value": 53.8, "step": null, "ts": 1658831240.1983435}]}, "version": 181}
{"obj": {"type": "LogFloats", "path": ["monitoring", "memory"], "values": [{"value": 11.104793548583984, "step": null, "ts": 1658831240.1983435}]}, "version": 182}
{"obj": {"type": "LogStrings", "path": ["monitoring", "stdout"], "values": [{"value": "Accuracy of epoch 14, is 0.9856999999999995", "step": null, "ts": 1658831244.5100918}]}, "version": 183}
{"obj": {"type": "LogStrings", "path": ["monitoring", "stdout"], "values": [{"value": "\n", "step": null, "ts": 1658831244.5100918}]}, "version": 184}
{"obj": {"type": "LogStrings", "path": ["monitoring", "stdout"], "values": [{"value": "Loss of epoch 14, is 0.06104820594191551", "step": null, "ts": 1658831244.5100918}]}, "version": 185}
{"obj": {"type": "LogStrings", "path": ["monitoring", "stdout"], "values": [{"value": "\n", "step": null, "ts": 1658831244.5100918}]}, "version": 186}
{"obj": {"type": "LogFloats", "path": ["Val", "accu"], "values": [{"value": 0.9856999999999995, "step": null, "ts": 1658831244.5100918}]}, "version": 187}
{"obj": {"type": "LogFloats", "path": ["Val", "loss"], "values": [{"value": 0.06104820594191551, "step": null, "ts": 1658831244.5100918}]}, "version": 188}
{"obj": {"type": "LogFloats", "path": ["monitoring", "cpu"], "values": [{"value": 53.6, "step": null, "ts": 1658831250.2009473}]}, "version": 189}
{"obj": {"type": "LogFloats", "path": ["monitoring", "memory"], "values": [{"value": 11.102725982666016, "step": null, "ts": 1658831250.2009473}]}, "version": 190}
{"obj": {"type": "LogFloats", "path": ["monitoring", "cpu"], "values": [{"value": 54.1, "step": null, "ts": 1658831260.2046096}]}, "version": 191}
{"obj": {"type": "LogFloats", "path": ["monitoring", "memory"], "values": [{"value": 11.1007080078125, "step": null, "ts": 1658831260.2046096}]}, "version": 192}
{"obj": {"type": "LogFloats", "path": ["monitoring", "cpu"], "values": [{"value": 59.8, "step": null, "ts": 1658831270.2084372}]}, "version": 193}
{"obj": {"type": "LogFloats", "path": ["monitoring", "memory"], "values": [{"value": 11.464069366455078, "step": null, "ts": 1658831270.2084372}]}, "version": 194}
{"obj": {"type": "LogStrings", "path": ["monitoring", "stdout"], "values": [{"value": "Accuracy of epoch 15, is 0.9873999999999993", "step": null, "ts": 1658831276.3985245}]}, "version": 195}
{"obj": {"type": "LogStrings", "path": ["monitoring", "stdout"], "values": [{"value": "\n", "step": null, "ts": 1658831276.3985245}]}, "version": 196}
{"obj": {"type": "LogStrings", "path": ["monitoring", "stdout"], "values": [{"value": "Loss of epoch 15, is 0.055486049503088", "step": null, "ts": 1658831276.3985245}]}, "version": 197}
{"obj": {"type": "LogStrings", "path": ["monitoring", "stdout"], "values": [{"value": "\n", "step": null, "ts": 1658831276.3985245}]}, "version": 198}
{"obj": {"type": "LogFloats", "path": ["Val", "accu"], "values": [{"value": 0.9873999999999993, "step": null, "ts": 1658831276.3985245}]}, "version": 199}
{"obj": {"type": "LogFloats", "path": ["Val", "loss"], "values": [{"value": 0.055486049503088, "step": null, "ts": 1658831276.3985245}]}, "version": 200}
{"obj": {"type": "LogFloats", "path": ["monitoring", "cpu"], "values": [{"value": 59.2, "step": null, "ts": 1658831280.223674}]}, "version": 201}
{"obj": {"type": "LogFloats", "path": ["monitoring", "memory"], "values": [{"value": 11.193931579589844, "step": null, "ts": 1658831280.223674}]}, "version": 202}
{"obj": {"type": "LogFloats", "path": ["monitoring", "cpu"], "values": [{"value": 54.4, "step": null, "ts": 1658831290.2427852}]}, "version": 203}
{"obj": {"type": "LogFloats", "path": ["monitoring", "memory"], "values": [{"value": 11.213321685791016, "step": null, "ts": 1658831290.2427852}]}, "version": 204}
{"obj": {"type": "LogFloats", "path": ["monitoring", "cpu"], "values": [{"value": 53.4, "step": null, "ts": 1658831300.2456994}]}, "version": 205}
{"obj": {"type": "LogFloats", "path": ["monitoring", "memory"], "values": [{"value": 11.196674346923828, "step": null, "ts": 1658831300.2456994}]}, "version": 206}
{"obj": {"type": "LogStrings", "path": ["monitoring", "stdout"], "values": [{"value": "Accuracy of epoch 16, is 0.9844999999999987", "step": null, "ts": 1658831307.2084322}]}, "version": 207}
{"obj": {"type": "LogStrings", "path": ["monitoring", "stdout"], "values": [{"value": "\n", "step": null, "ts": 1658831307.2084322}]}, "version": 208}
{"obj": {"type": "LogStrings", "path": ["monitoring", "stdout"], "values": [{"value": "Loss of epoch 16, is 0.07581227272748947", "step": null, "ts": 1658831307.2084322}]}, "version": 209}
{"obj": {"type": "LogStrings", "path": ["monitoring", "stdout"], "values": [{"value": "\n", "step": null, "ts": 1658831307.2084322}]}, "version": 210}
{"obj": {"type": "LogFloats", "path": ["Val", "accu"], "values": [{"value": 0.9844999999999987, "step": null, "ts": 1658831307.2084322}]}, "version": 211}
{"obj": {"type": "LogFloats", "path": ["Val", "loss"], "values": [{"value": 0.07581227272748947, "step": null, "ts": 1658831307.2084322}]}, "version": 212}
{"obj": {"type": "LogFloats", "path": ["monitoring", "cpu"], "values": [{"value": 53.6, "step": null, "ts": 1658831310.2531927}]}, "version": 213}
{"obj": {"type": "LogFloats", "path": ["monitoring", "memory"], "values": [{"value": 11.195842742919922, "step": null, "ts": 1658831310.2531927}]}, "version": 214}
{"obj": {"type": "LogFloats", "path": ["monitoring", "cpu"], "values": [{"value": 54.1, "step": null, "ts": 1658831320.2597058}]}, "version": 215}
{"obj": {"type": "LogFloats", "path": ["monitoring", "memory"], "values": [{"value": 11.206657409667969, "step": null, "ts": 1658831320.2597058}]}, "version": 216}
{"obj": {"type": "LogFloats", "path": ["monitoring", "cpu"], "values": [{"value": 53.0, "step": null, "ts": 1658831330.269624}]}, "version": 217}
{"obj": {"type": "LogFloats", "path": ["monitoring", "memory"], "values": [{"value": 11.205520629882812, "step": null, "ts": 1658831330.269624}]}, "version": 218}
{"obj": {"type": "LogStrings", "path": ["monitoring", "stdout"], "values": [{"value": "Accuracy of epoch 17, is 0.9859999999999991", "step": null, "ts": 1658831338.1858382}]}, "version": 219}
{"obj": {"type": "LogStrings", "path": ["monitoring", "stdout"], "values": [{"value": "\n", "step": null, "ts": 1658831338.1858382}]}, "version": 220}
{"obj": {"type": "LogStrings", "path": ["monitoring", "stdout"], "values": [{"value": "Loss of epoch 17, is 0.07784462720155716", "step": null, "ts": 1658831338.1858382}]}, "version": 221}
{"obj": {"type": "LogStrings", "path": ["monitoring", "stdout"], "values": [{"value": "\n", "step": null, "ts": 1658831338.1858382}]}, "version": 222}
{"obj": {"type": "LogFloats", "path": ["Val", "accu"], "values": [{"value": 0.9859999999999991, "step": null, "ts": 1658831338.1858382}]}, "version": 223}
{"obj": {"type": "LogFloats", "path": ["Val", "loss"], "values": [{"value": 0.07784462720155716, "step": null, "ts": 1658831338.1858382}]}, "version": 224}
{"obj": {"type": "LogFloats", "path": ["monitoring", "cpu"], "values": [{"value": 56.1, "step": null, "ts": 1658831340.2780926}]}, "version": 225}
{"obj": {"type": "LogFloats", "path": ["monitoring", "memory"], "values": [{"value": 11.10357666015625, "step": null, "ts": 1658831340.2780926}]}, "version": 226}
{"obj": {"type": "LogFloats", "path": ["monitoring", "cpu"], "values": [{"value": 53.7, "step": null, "ts": 1658831350.2863955}]}, "version": 227}
{"obj": {"type": "LogFloats", "path": ["monitoring", "memory"], "values": [{"value": 11.127315521240234, "step": null, "ts": 1658831350.2863955}]}, "version": 228}
{"obj": {"type": "LogFloats", "path": ["monitoring", "cpu"], "values": [{"value": 53.4, "step": null, "ts": 1658831360.2987306}]}, "version": 229}
{"obj": {"type": "LogFloats", "path": ["monitoring", "memory"], "values": [{"value": 11.110153198242188, "step": null, "ts": 1658831360.2987306}]}, "version": 230}
{"obj": {"type": "LogStrings", "path": ["monitoring", "stdout"], "values": [{"value": "Accuracy of epoch 18, is 0.9833999999999985", "step": null, "ts": 1658831368.5680676}]}, "version": 231}
{"obj": {"type": "LogStrings", "path": ["monitoring", "stdout"], "values": [{"value": "\n", "step": null, "ts": 1658831368.5680676}]}, "version": 232}
{"obj": {"type": "LogStrings", "path": ["monitoring", "stdout"], "values": [{"value": "Loss of epoch 18, is 0.08542933315038681", "step": null, "ts": 1658831368.5680676}]}, "version": 233}
{"obj": {"type": "LogStrings", "path": ["monitoring", "stdout"], "values": [{"value": "\n", "step": null, "ts": 1658831368.5680676}]}, "version": 234}
{"obj": {"type": "LogFloats", "path": ["Val", "accu"], "values": [{"value": 0.9833999999999985, "step": null, "ts": 1658831368.5680676}]}, "version": 235}
{"obj": {"type": "LogFloats", "path": ["Val", "loss"], "values": [{"value": 0.08542933315038681, "step": null, "ts": 1658831368.5680676}]}, "version": 236}
{"obj": {"type": "LogFloats", "path": ["monitoring", "cpu"], "values": [{"value": 53.3, "step": null, "ts": 1658831370.3168228}]}, "version": 237}
{"obj": {"type": "LogFloats", "path": ["monitoring", "memory"], "values": [{"value": 11.109535217285156, "step": null, "ts": 1658831370.3168228}]}, "version": 238}
{"obj": {"type": "LogFloats", "path": ["monitoring", "cpu"], "values": [{"value": 53.5, "step": null, "ts": 1658831380.3359869}]}, "version": 239}
{"obj": {"type": "LogFloats", "path": ["monitoring", "memory"], "values": [{"value": 11.106544494628906, "step": null, "ts": 1658831380.3359869}]}, "version": 240}
{"obj": {"type": "LogFloats", "path": ["monitoring", "cpu"], "values": [{"value": 54.6, "step": null, "ts": 1658831390.3526626}]}, "version": 241}
{"obj": {"type": "LogFloats", "path": ["monitoring", "memory"], "values": [{"value": 11.128101348876953, "step": null, "ts": 1658831390.3526626}]}, "version": 242}
{"obj": {"type": "LogStrings", "path": ["monitoring", "stdout"], "values": [{"value": "Accuracy of epoch 19, is 0.9881999999999992", "step": null, "ts": 1658831398.9539146}]}, "version": 243}
{"obj": {"type": "LogStrings", "path": ["monitoring", "stdout"], "values": [{"value": "\n", "step": null, "ts": 1658831398.9539146}]}, "version": 244}
{"obj": {"type": "LogStrings", "path": ["monitoring", "stdout"], "values": [{"value": "Loss of epoch 19, is 0.06284470856189728", "step": null, "ts": 1658831398.9539146}]}, "version": 245}
{"obj": {"type": "LogStrings", "path": ["monitoring", "stdout"], "values": [{"value": "\n", "step": null, "ts": 1658831398.9539146}]}, "version": 246}
{"obj": {"type": "LogFloats", "path": ["Val", "accu"], "values": [{"value": 0.9881999999999992, "step": null, "ts": 1658831398.9539146}]}, "version": 247}
{"obj": {"type": "LogFloats", "path": ["Val", "loss"], "values": [{"value": 0.06284470856189728, "step": null, "ts": 1658831398.9539146}]}, "version": 248}
{"obj": {"type": "LogFloats", "path": ["monitoring", "cpu"], "values": [{"value": 53.3, "step": null, "ts": 1658831400.3569014}]}, "version": 249}
{"obj": {"type": "LogFloats", "path": ["monitoring", "memory"], "values": [{"value": 11.133338928222656, "step": null, "ts": 1658831400.3569014}]}, "version": 250}
{"obj": {"type": "LogFloats", "path": ["monitoring", "cpu"], "values": [{"value": 53.3, "step": null, "ts": 1658831410.3575866}]}, "version": 251}
{"obj": {"type": "LogFloats", "path": ["monitoring", "memory"], "values": [{"value": 11.143085479736328, "step": null, "ts": 1658831410.3575866}]}, "version": 252}
{"obj": {"type": "LogFloats", "path": ["monitoring", "cpu"], "values": [{"value": 53.2, "step": null, "ts": 1658831420.3606207}]}, "version": 253}
{"obj": {"type": "LogFloats", "path": ["monitoring", "memory"], "values": [{"value": 11.13992691040039, "step": null, "ts": 1658831420.3606207}]}, "version": 254}
{"obj": {"type": "LogStrings", "path": ["monitoring", "stdout"], "values": [{"value": "Accuracy of epoch 20, is 0.9863999999999994", "step": null, "ts": 1658831429.1436808}]}, "version": 255}
{"obj": {"type": "LogStrings", "path": ["monitoring", "stdout"], "values": [{"value": "\n", "step": null, "ts": 1658831429.1436808}]}, "version": 256}
{"obj": {"type": "LogStrings", "path": ["monitoring", "stdout"], "values": [{"value": "Loss of epoch 20, is 0.07480168342590332", "step": null, "ts": 1658831429.1436808}]}, "version": 257}
{"obj": {"type": "LogStrings", "path": ["monitoring", "stdout"], "values": [{"value": "\n", "step": null, "ts": 1658831429.1436808}]}, "version": 258}
{"obj": {"type": "LogFloats", "path": ["Val", "accu"], "values": [{"value": 0.9863999999999994, "step": null, "ts": 1658831429.1436808}]}, "version": 259}
{"obj": {"type": "LogFloats", "path": ["Val", "loss"], "values": [{"value": 0.07480168342590332, "step": null, "ts": 1658831429.1436808}]}, "version": 260}
{"obj": {"type": "LogFloats", "path": ["monitoring", "cpu"], "values": [{"value": 53.2, "step": null, "ts": 1658831430.3779695}]}, "version": 261}
{"obj": {"type": "LogFloats", "path": ["monitoring", "memory"], "values": [{"value": 11.133785247802734, "step": null, "ts": 1658831430.3779695}]}, "version": 262}
{"obj": {"type": "LogFloats", "path": ["monitoring", "cpu"], "values": [{"value": 66.0, "step": null, "ts": 1658831440.3937771}]}, "version": 263}
{"obj": {"type": "LogFloats", "path": ["monitoring", "memory"], "values": [{"value": 11.21636962890625, "step": null, "ts": 1658831440.3937771}]}, "version": 264}
