{"obj": {"type": "AssignString", "path": ["sys", "name"], "value": "Untitled"}, "version": 1}
{"obj": {"type": "AssignString", "path": ["sys", "description"], "value": ""}, "version": 2}
{"obj": {"type": "AssignString", "path": ["sys", "hostname"], "value": "ALTAFKOP202"}, "version": 3}
{"obj": {"type": "AssignBool", "path": ["sys", "failed"], "value": false}, "version": 4}
{"obj": {"type": "ClearStringLog", "path": ["monitoring", "stdout"]}, "version": 5}
{"obj": {"type": "ClearStringLog", "path": ["monitoring", "stderr"]}, "version": 6}
{"obj": {"type": "AssignString", "path": ["source_code", "entrypoint"], "value": "train.py"}, "version": 7}
{"obj": {"type": "UploadFileSet", "path": ["source_code", "files"], "file_globs": ["C:\\Users\\RuturajMane\\Desktop\\public-projects\\mnist-ruturaj\\src\\train.py"], "reset": "False"}, "version": 8}
{"obj": {"type": "LogStrings", "path": ["monitoring", "stderr"], "values": [{"value": "Info (NVML): NVML Shared Library Not Found. GPU usage metrics may not be reported. For more information, see https://docs.neptune.ai/you-should-know/what-can-you-log-and-display#hardware-consumption\n", "step": null, "ts": 1658746243.7237504}]}, "version": 9}
{"obj": {"type": "ConfigFloatSeries", "path": ["monitoring", "cpu"], "min": 0.0, "max": 100.0, "unit": "%"}, "version": 10}
{"obj": {"type": "ClearFloatLog", "path": ["monitoring", "cpu"]}, "version": 11}
{"obj": {"type": "ConfigFloatSeries", "path": ["monitoring", "memory"], "min": 0.0, "max": 15.878307342529297, "unit": "GB"}, "version": 12}
{"obj": {"type": "ClearFloatLog", "path": ["monitoring", "memory"]}, "version": 13}
{"obj": {"type": "LogFloats", "path": ["monitoring", "cpu"], "values": [{"value": 33.7, "step": null, "ts": 1658746243.72768}]}, "version": 14}
{"obj": {"type": "LogFloats", "path": ["monitoring", "memory"], "values": [{"value": 9.023601531982422, "step": null, "ts": 1658746243.72768}]}, "version": 15}
{"obj": {"type": "AssignFloat", "path": ["Parameters", "learning_rate"], "value": 0.5}, "version": 16}
{"obj": {"type": "AssignString", "path": ["Parameters", "Optimizer"], "value": "SGD"}, "version": 17}
{"obj": {"type": "AssignInt", "path": ["Parameters", "Batch_size"], "value": 128}, "version": 18}
{"obj": {"type": "AssignInt", "path": ["Parameters", "Epochs"], "value": 5}, "version": 19}
{"obj": {"type": "AssignString", "path": ["Parameters", "Loss_fn"], "value": "cross_entropy"}, "version": 20}
{"obj": {"type": "LogStrings", "path": ["monitoring", "stdout"], "values": [{"value": "Accuracy of epoch 1, is 0.8578916139240507", "step": null, "ts": 1658746250.3846135}]}, "version": 21}
{"obj": {"type": "LogStrings", "path": ["monitoring", "stdout"], "values": [{"value": "\n", "step": null, "ts": 1658746250.3846135}]}, "version": 22}
{"obj": {"type": "LogStrings", "path": ["monitoring", "stdout"], "values": [{"value": "Loss of epoch 1, is 1.6098705530166626", "step": null, "ts": 1658746250.3846135}]}, "version": 23}
{"obj": {"type": "LogStrings", "path": ["monitoring", "stdout"], "values": [{"value": "\n", "step": null, "ts": 1658746250.3846135}]}, "version": 24}
{"obj": {"type": "LogFloats", "path": ["Val", "accu"], "values": [{"value": 0.8578916139240507, "step": null, "ts": 1658746250.3846135}]}, "version": 25}
{"obj": {"type": "LogFloats", "path": ["Val", "loss"], "values": [{"value": 1.6098705530166626, "step": null, "ts": 1658746250.3846135}]}, "version": 26}
{"obj": {"type": "LogFloats", "path": ["monitoring", "cpu"], "values": [{"value": 58.1, "step": null, "ts": 1658746253.7289844}]}, "version": 27}
{"obj": {"type": "LogFloats", "path": ["monitoring", "memory"], "values": [{"value": 9.103107452392578, "step": null, "ts": 1658746253.7289844}]}, "version": 28}
{"obj": {"type": "LogStrings", "path": ["monitoring", "stdout"], "values": [{"value": "Accuracy of epoch 2, is 0.885185917721519", "step": null, "ts": 1658746256.9021645}]}, "version": 29}
{"obj": {"type": "LogStrings", "path": ["monitoring", "stdout"], "values": [{"value": "\n", "step": null, "ts": 1658746256.9021645}]}, "version": 30}
{"obj": {"type": "LogStrings", "path": ["monitoring", "stdout"], "values": [{"value": "Loss of epoch 2, is 1.577944040298462", "step": null, "ts": 1658746256.9021645}]}, "version": 31}
{"obj": {"type": "LogStrings", "path": ["monitoring", "stdout"], "values": [{"value": "\n", "step": null, "ts": 1658746256.9021645}]}, "version": 32}
{"obj": {"type": "LogFloats", "path": ["Val", "accu"], "values": [{"value": 0.885185917721519, "step": null, "ts": 1658746256.9021645}]}, "version": 33}
{"obj": {"type": "LogFloats", "path": ["Val", "loss"], "values": [{"value": 1.577944040298462, "step": null, "ts": 1658746256.9041908}]}, "version": 34}
{"obj": {"type": "LogStrings", "path": ["monitoring", "stdout"], "values": [{"value": "Accuracy of epoch 3, is 0.9089200949367089", "step": null, "ts": 1658746263.3533049}]}, "version": 35}
{"obj": {"type": "LogStrings", "path": ["monitoring", "stdout"], "values": [{"value": "\n", "step": null, "ts": 1658746263.3533049}]}, "version": 36}
{"obj": {"type": "LogStrings", "path": ["monitoring", "stdout"], "values": [{"value": "Loss of epoch 3, is 1.5577290058135986", "step": null, "ts": 1658746263.3533049}]}, "version": 37}
{"obj": {"type": "LogStrings", "path": ["monitoring", "stdout"], "values": [{"value": "\n", "step": null, "ts": 1658746263.3533049}]}, "version": 38}
{"obj": {"type": "LogFloats", "path": ["Val", "accu"], "values": [{"value": 0.9089200949367089, "step": null, "ts": 1658746263.3533049}]}, "version": 39}
{"obj": {"type": "LogFloats", "path": ["Val", "loss"], "values": [{"value": 1.5577290058135986, "step": null, "ts": 1658746263.3533049}]}, "version": 40}
{"obj": {"type": "LogFloats", "path": ["monitoring", "cpu"], "values": [{"value": 52.6, "step": null, "ts": 1658746263.7442968}]}, "version": 41}
{"obj": {"type": "LogFloats", "path": ["monitoring", "memory"], "values": [{"value": 9.152595520019531, "step": null, "ts": 1658746263.7442968}]}, "version": 42}
{"obj": {"type": "LogStrings", "path": ["monitoring", "stdout"], "values": [{"value": "Accuracy of epoch 4, is 0.9136669303797469", "step": null, "ts": 1658746270.0967457}]}, "version": 43}
{"obj": {"type": "LogStrings", "path": ["monitoring", "stdout"], "values": [{"value": "\n", "step": null, "ts": 1658746270.0967457}]}, "version": 44}
{"obj": {"type": "LogStrings", "path": ["monitoring", "stdout"], "values": [{"value": "Loss of epoch 4, is 1.548328161239624", "step": null, "ts": 1658746270.0967457}]}, "version": 45}
{"obj": {"type": "LogStrings", "path": ["monitoring", "stdout"], "values": [{"value": "\n", "step": null, "ts": 1658746270.0967457}]}, "version": 46}
{"obj": {"type": "LogFloats", "path": ["Val", "accu"], "values": [{"value": 0.9136669303797469, "step": null, "ts": 1658746270.0967457}]}, "version": 47}
{"obj": {"type": "LogFloats", "path": ["Val", "loss"], "values": [{"value": 1.548328161239624, "step": null, "ts": 1658746270.103773}]}, "version": 48}
{"obj": {"type": "LogFloats", "path": ["monitoring", "cpu"], "values": [{"value": 53.0, "step": null, "ts": 1658746273.7516897}]}, "version": 49}
{"obj": {"type": "LogFloats", "path": ["monitoring", "memory"], "values": [{"value": 9.180000305175781, "step": null, "ts": 1658746273.7516897}]}, "version": 50}
{"obj": {"type": "LogStrings", "path": ["monitoring", "stdout"], "values": [{"value": "Accuracy of epoch 5, is 0.9205893987341772", "step": null, "ts": 1658746276.9192047}]}, "version": 51}
{"obj": {"type": "LogStrings", "path": ["monitoring", "stdout"], "values": [{"value": "\n", "step": null, "ts": 1658746276.9192047}]}, "version": 52}
{"obj": {"type": "LogStrings", "path": ["monitoring", "stdout"], "values": [{"value": "Loss of epoch 5, is 1.542555332183838", "step": null, "ts": 1658746276.9192047}]}, "version": 53}
{"obj": {"type": "LogStrings", "path": ["monitoring", "stdout"], "values": [{"value": "\n", "step": null, "ts": 1658746276.9192047}]}, "version": 54}
{"obj": {"type": "LogFloats", "path": ["Val", "accu"], "values": [{"value": 0.9205893987341772, "step": null, "ts": 1658746276.9192047}]}, "version": 55}
{"obj": {"type": "LogFloats", "path": ["Val", "loss"], "values": [{"value": 1.542555332183838, "step": null, "ts": 1658746276.9192047}]}, "version": 56}
{"obj": {"type": "LogFloats", "path": ["monitoring", "cpu"], "values": [{"value": 20.6, "step": null, "ts": 1658746283.7728322}]}, "version": 57}
{"obj": {"type": "LogFloats", "path": ["monitoring", "memory"], "values": [{"value": 9.219825744628906, "step": null, "ts": 1658746283.7728322}]}, "version": 58}
{"obj": {"type": "LogFloats", "path": ["monitoring", "cpu"], "values": [{"value": 7.4, "step": null, "ts": 1658746293.7766342}]}, "version": 59}
{"obj": {"type": "LogFloats", "path": ["monitoring", "memory"], "values": [{"value": 9.263931274414062, "step": null, "ts": 1658746293.7766342}]}, "version": 60}
{"obj": {"type": "LogStrings", "path": ["monitoring", "traceback"], "values": [{"value": "An uncaught exception occurred while run was active on worker ALTAFKOP202.", "step": null, "ts": 1658746299.727819}, {"value": "Marking run as failed", "step": null, "ts": 1658746299.727819}, {"value": "Traceback:", "step": null, "ts": 1658746299.727819}, {"value": "  File \"C:\\Users\\RuturajMane\\Desktop\\public-projects\\mnist-ruturaj\\src\\train.py\", line 127, in <module>\n    accplt(da)\n", "step": null, "ts": 1658746299.727819}, {"value": "  File \"C:\\Users\\RuturajMane\\Desktop\\public-projects\\mnist-ruturaj\\src\\utils\\common.py\", line 9, in accplt\n    pl.savefig('../../Outputs/Accuracy vs Epochs')\n", "step": null, "ts": 1658746299.727819}, {"value": "  File \"C:\\Users\\RuturajMane\\AppData\\Local\\Programs\\Python\\Python310\\lib\\site-packages\\matplotlib\\pyplot.py\", line 979, in savefig\n    res = fig.savefig(*args, **kwargs)\n", "step": null, "ts": 1658746299.727819}, {"value": "  File \"C:\\Users\\RuturajMane\\AppData\\Local\\Programs\\Python\\Python310\\lib\\site-packages\\matplotlib\\figure.py\", line 3046, in savefig\n    self.canvas.print_figure(fname, **kwargs)\n", "step": null, "ts": 1658746299.727819}, {"value": "  File \"C:\\Users\\RuturajMane\\AppData\\Local\\Programs\\Python\\Python310\\lib\\site-packages\\matplotlib\\backend_bases.py\", line 2319, in print_figure\n    result = print_method(\n", "step": null, "ts": 1658746299.727819}, {"value": "  File \"C:\\Users\\RuturajMane\\AppData\\Local\\Programs\\Python\\Python310\\lib\\site-packages\\matplotlib\\backend_bases.py\", line 1648, in wrapper\n    return func(*args, **kwargs)\n", "step": null, "ts": 1658746299.727819}, {"value": "  File \"C:\\Users\\RuturajMane\\AppData\\Local\\Programs\\Python\\Python310\\lib\\site-packages\\matplotlib\\_api\\deprecation.py\", line 415, in wrapper\n    return func(*inner_args, **inner_kwargs)\n", "step": null, "ts": 1658746299.727819}]}, "version": 61}
{"obj": {"type": "LogStrings", "path": ["monitoring", "traceback"], "values": [{"value": "  File \"C:\\Users\\RuturajMane\\AppData\\Local\\Programs\\Python\\Python310\\lib\\site-packages\\matplotlib\\backends\\backend_agg.py\", line 541, in print_png\n    mpl.image.imsave(\n", "step": null, "ts": 1658746299.727819}, {"value": "  File \"C:\\Users\\RuturajMane\\AppData\\Local\\Programs\\Python\\Python310\\lib\\site-packages\\matplotlib\\image.py\", line 1675, in imsave\n    image.save(fname, **pil_kwargs)\n", "step": null, "ts": 1658746299.727819}, {"value": "  File \"C:\\Users\\RuturajMane\\AppData\\Local\\Programs\\Python\\Python310\\lib\\site-packages\\PIL\\Image.py\", line 2297, in save\n    fp = builtins.open(filename, \"w+b\")\n", "step": null, "ts": 1658746299.727819}, {"value": "[Errno 2] No such file or directory: '../../Outputs/Accuracy vs Epochs.png'", "step": null, "ts": 1658746299.727819}]}, "version": 62}
{"obj": {"type": "AssignBool", "path": ["sys", "failed"], "value": true}, "version": 63}
{"obj": {"type": "LogStrings", "path": ["monitoring", "stderr"], "values": [{"value": "Traceback (most recent call last):\n", "step": null, "ts": 1658746299.727819}]}, "version": 64}
{"obj": {"type": "LogStrings", "path": ["monitoring", "stderr"], "values": [{"value": "  File \"C:\\Users\\RuturajMane\\Desktop\\public-projects\\mnist-ruturaj\\src\\train.py\", line 127, in <module>\n", "step": null, "ts": 1658746299.727819}]}, "version": 65}
{"obj": {"type": "LogStrings", "path": ["monitoring", "stderr"], "values": [{"value": "    ", "step": null, "ts": 1658746299.727819}]}, "version": 66}
{"obj": {"type": "LogStrings", "path": ["monitoring", "stderr"], "values": [{"value": "accplt(da)", "step": null, "ts": 1658746299.727819}]}, "version": 67}
{"obj": {"type": "LogStrings", "path": ["monitoring", "stderr"], "values": [{"value": "\n", "step": null, "ts": 1658746299.727819}]}, "version": 68}
{"obj": {"type": "LogStrings", "path": ["monitoring", "stderr"], "values": [{"value": "  File \"C:\\Users\\RuturajMane\\Desktop\\public-projects\\mnist-ruturaj\\src\\utils\\common.py\", line 9, in accplt\n", "step": null, "ts": 1658746299.727819}]}, "version": 69}
{"obj": {"type": "LogStrings", "path": ["monitoring", "stderr"], "values": [{"value": "    ", "step": null, "ts": 1658746299.727819}]}, "version": 70}
{"obj": {"type": "LogStrings", "path": ["monitoring", "stderr"], "values": [{"value": "pl.savefig('../../Outputs/Accuracy vs Epochs')", "step": null, "ts": 1658746299.727819}]}, "version": 71}
{"obj": {"type": "LogStrings", "path": ["monitoring", "stderr"], "values": [{"value": "\n", "step": null, "ts": 1658746299.727819}]}, "version": 72}
{"obj": {"type": "LogStrings", "path": ["monitoring", "stderr"], "values": [{"value": "  File \"C:\\Users\\RuturajMane\\AppData\\Local\\Programs\\Python\\Python310\\lib\\site-packages\\matplotlib\\pyplot.py\", line 979, in savefig\n", "step": null, "ts": 1658746299.727819}]}, "version": 73}
{"obj": {"type": "LogStrings", "path": ["monitoring", "stderr"], "values": [{"value": "    ", "step": null, "ts": 1658746299.727819}]}, "version": 74}
{"obj": {"type": "LogStrings", "path": ["monitoring", "stderr"], "values": [{"value": "res = fig.savefig(*args, **kwargs)", "step": null, "ts": 1658746299.727819}]}, "version": 75}
{"obj": {"type": "LogStrings", "path": ["monitoring", "stderr"], "values": [{"value": "\n", "step": null, "ts": 1658746299.727819}]}, "version": 76}
{"obj": {"type": "LogStrings", "path": ["monitoring", "stderr"], "values": [{"value": "  File \"C:\\Users\\RuturajMane\\AppData\\Local\\Programs\\Python\\Python310\\lib\\site-packages\\matplotlib\\figure.py\", line 3046, in savefig\n", "step": null, "ts": 1658746299.727819}]}, "version": 77}
{"obj": {"type": "LogStrings", "path": ["monitoring", "stderr"], "values": [{"value": "    ", "step": null, "ts": 1658746299.727819}]}, "version": 78}
{"obj": {"type": "LogStrings", "path": ["monitoring", "stderr"], "values": [{"value": "self.canvas.print_figure(fname, **kwargs)", "step": null, "ts": 1658746299.727819}]}, "version": 79}
{"obj": {"type": "LogStrings", "path": ["monitoring", "stderr"], "values": [{"value": "\n", "step": null, "ts": 1658746299.727819}]}, "version": 80}
{"obj": {"type": "LogStrings", "path": ["monitoring", "stderr"], "values": [{"value": "  File \"C:\\Users\\RuturajMane\\AppData\\Local\\Programs\\Python\\Python310\\lib\\site-packages\\matplotlib\\backend_bases.py\", line 2319, in print_figure\n", "step": null, "ts": 1658746299.727819}]}, "version": 81}
{"obj": {"type": "LogStrings", "path": ["monitoring", "stderr"], "values": [{"value": "    ", "step": null, "ts": 1658746299.727819}]}, "version": 82}
{"obj": {"type": "LogStrings", "path": ["monitoring", "stderr"], "values": [{"value": "result = print_method(", "step": null, "ts": 1658746299.727819}]}, "version": 83}
{"obj": {"type": "LogStrings", "path": ["monitoring", "stderr"], "values": [{"value": "\n", "step": null, "ts": 1658746299.727819}]}, "version": 84}
{"obj": {"type": "LogStrings", "path": ["monitoring", "stderr"], "values": [{"value": "  File \"C:\\Users\\RuturajMane\\AppData\\Local\\Programs\\Python\\Python310\\lib\\site-packages\\matplotlib\\backend_bases.py\", line 1648, in wrapper\n", "step": null, "ts": 1658746299.727819}]}, "version": 85}
{"obj": {"type": "LogStrings", "path": ["monitoring", "stderr"], "values": [{"value": "    ", "step": null, "ts": 1658746299.727819}]}, "version": 86}
{"obj": {"type": "LogStrings", "path": ["monitoring", "stderr"], "values": [{"value": "return func(*args, **kwargs)", "step": null, "ts": 1658746299.727819}]}, "version": 87}
{"obj": {"type": "LogStrings", "path": ["monitoring", "stderr"], "values": [{"value": "\n", "step": null, "ts": 1658746299.727819}]}, "version": 88}
{"obj": {"type": "LogStrings", "path": ["monitoring", "stderr"], "values": [{"value": "  File \"C:\\Users\\RuturajMane\\AppData\\Local\\Programs\\Python\\Python310\\lib\\site-packages\\matplotlib\\_api\\deprecation.py\", line 415, in wrapper\n", "step": null, "ts": 1658746299.727819}]}, "version": 89}
{"obj": {"type": "LogStrings", "path": ["monitoring", "stderr"], "values": [{"value": "    ", "step": null, "ts": 1658746299.7434}]}, "version": 90}
{"obj": {"type": "LogStrings", "path": ["monitoring", "stderr"], "values": [{"value": "return func(*inner_args, **inner_kwargs)", "step": null, "ts": 1658746299.7434}]}, "version": 91}
{"obj": {"type": "LogStrings", "path": ["monitoring", "stderr"], "values": [{"value": "\n", "step": null, "ts": 1658746299.7434}]}, "version": 92}
{"obj": {"type": "LogStrings", "path": ["monitoring", "stderr"], "values": [{"value": "  File \"C:\\Users\\RuturajMane\\AppData\\Local\\Programs\\Python\\Python310\\lib\\site-packages\\matplotlib\\backends\\backend_agg.py\", line 541, in print_png\n", "step": null, "ts": 1658746299.7434}]}, "version": 93}
{"obj": {"type": "LogStrings", "path": ["monitoring", "stderr"], "values": [{"value": "    ", "step": null, "ts": 1658746299.7434}]}, "version": 94}
{"obj": {"type": "LogStrings", "path": ["monitoring", "stderr"], "values": [{"value": "mpl.image.imsave(", "step": null, "ts": 1658746299.7434}]}, "version": 95}
{"obj": {"type": "LogStrings", "path": ["monitoring", "stderr"], "values": [{"value": "\n", "step": null, "ts": 1658746299.7434}]}, "version": 96}
{"obj": {"type": "LogStrings", "path": ["monitoring", "stderr"], "values": [{"value": "  File \"C:\\Users\\RuturajMane\\AppData\\Local\\Programs\\Python\\Python310\\lib\\site-packages\\matplotlib\\image.py\", line 1675, in imsave\n", "step": null, "ts": 1658746299.7434}]}, "version": 97}
{"obj": {"type": "LogStrings", "path": ["monitoring", "stderr"], "values": [{"value": "    ", "step": null, "ts": 1658746299.7434}]}, "version": 98}
{"obj": {"type": "LogStrings", "path": ["monitoring", "stderr"], "values": [{"value": "image.save(fname, **pil_kwargs)", "step": null, "ts": 1658746299.7434}]}, "version": 99}
{"obj": {"type": "LogStrings", "path": ["monitoring", "stderr"], "values": [{"value": "\n", "step": null, "ts": 1658746299.7434}]}, "version": 100}
{"obj": {"type": "LogStrings", "path": ["monitoring", "stderr"], "values": [{"value": "  File \"C:\\Users\\RuturajMane\\AppData\\Local\\Programs\\Python\\Python310\\lib\\site-packages\\PIL\\Image.py\", line 2297, in save\n", "step": null, "ts": 1658746299.7434}]}, "version": 101}
{"obj": {"type": "LogStrings", "path": ["monitoring", "stderr"], "values": [{"value": "    ", "step": null, "ts": 1658746299.7434}]}, "version": 102}
{"obj": {"type": "LogStrings", "path": ["monitoring", "stderr"], "values": [{"value": "fp = builtins.open(filename, \"w+b\")", "step": null, "ts": 1658746299.7434}]}, "version": 103}
{"obj": {"type": "LogStrings", "path": ["monitoring", "stderr"], "values": [{"value": "\n", "step": null, "ts": 1658746299.7434}]}, "version": 104}
{"obj": {"type": "LogStrings", "path": ["monitoring", "stderr"], "values": [{"value": "FileNotFoundError", "step": null, "ts": 1658746299.7434}]}, "version": 105}
{"obj": {"type": "LogStrings", "path": ["monitoring", "stderr"], "values": [{"value": ": ", "step": null, "ts": 1658746299.7434}]}, "version": 106}
{"obj": {"type": "LogStrings", "path": ["monitoring", "stderr"], "values": [{"value": "[Errno 2] No such file or directory: '../../Outputs/Accuracy vs Epochs.png'", "step": null, "ts": 1658746299.7434}]}, "version": 107}
{"obj": {"type": "LogStrings", "path": ["monitoring", "stderr"], "values": [{"value": "\n", "step": null, "ts": 1658746299.7434}]}, "version": 108}
{"obj": {"type": "LogStrings", "path": ["monitoring", "stdout"], "values": [{"value": "Shutting down background jobs, please wait a moment...\n", "step": null, "ts": 1658746299.7434}]}, "version": 109}
